[2019-01-03 02:31:43.404] [exthost] [info] extension host started
[2019-01-03 02:31:43.651] [exthost] [info] ExtensionService#_doActivateExtension vscode.debug-auto-launch {"startup":true,"activationEvent":"*"}
[2019-01-03 02:31:43.651] [exthost] [info] ExtensionService#loadCommonJSModule /opt/visual-studio-code/resources/app/extensions/debug-auto-launch/dist/extension
[2019-01-03 02:31:43.700] [exthost] [info] ExtensionService#_doActivateExtension vscode.emmet {"startup":true,"activationEvent":"*"}
[2019-01-03 02:31:43.700] [exthost] [info] ExtensionService#loadCommonJSModule /opt/visual-studio-code/resources/app/extensions/emmet/dist/extension
[2019-01-03 02:31:43.738] [exthost] [info] ExtensionService#_doActivateExtension vscode.git {"startup":true,"activationEvent":"*"}
[2019-01-03 02:31:43.738] [exthost] [info] ExtensionService#loadCommonJSModule /opt/visual-studio-code/resources/app/extensions/git/dist/main
[2019-01-03 02:31:43.962] [exthost] [info] ExtensionService#_doActivateExtension vscode.merge-conflict {"startup":true,"activationEvent":"*"}
[2019-01-03 02:31:43.962] [exthost] [info] ExtensionService#loadCommonJSModule /opt/visual-studio-code/resources/app/extensions/merge-conflict/dist/extension
[2019-01-03 02:31:44.040] [exthost] [info] ExtensionService#_doActivateExtension christian-kohler.path-intellisense {"startup":true,"activationEvent":"*"}
[2019-01-03 02:31:44.040] [exthost] [info] ExtensionService#loadCommonJSModule /home/blackblex/.vscode/extensions/christian-kohler.path-intellisense-1.4.2/out/src/extension
[2019-01-03 02:31:44.410] [exthost] [info] ExtensionService#_doActivateExtension eamodio.gitlens {"startup":true,"activationEvent":"*"}
[2019-01-03 02:31:44.410] [exthost] [info] ExtensionService#loadCommonJSModule /home/blackblex/.vscode/extensions/eamodio.gitlens-9.3.0/dist/extension
[2019-01-03 02:31:44.588] [exthost] [info] ExtensionService#_doActivateExtension EditorConfig.EditorConfig {"startup":true,"activationEvent":"*"}
[2019-01-03 02:31:44.588] [exthost] [info] ExtensionService#loadCommonJSModule /home/blackblex/.vscode/extensions/editorconfig.editorconfig-0.12.6/out/src/editorConfigMain
[2019-01-03 02:31:45.766] [exthost] [info] ExtensionService#_doActivateExtension formulahendry.auto-rename-tag {"startup":true,"activationEvent":"*"}
[2019-01-03 02:31:45.766] [exthost] [info] ExtensionService#loadCommonJSModule /home/blackblex/.vscode/extensions/formulahendry.auto-rename-tag-0.0.15/out/src/extension
[2019-01-03 02:31:45.783] [exthost] [info] ExtensionService#_doActivateExtension PKief.material-icon-theme {"startup":true,"activationEvent":"*"}
[2019-01-03 02:31:45.783] [exthost] [info] ExtensionService#loadCommonJSModule /home/blackblex/.vscode/extensions/pkief.material-icon-theme-3.6.2/out/src/extension
[2019-01-03 02:31:46.357] [exthost] [info] ExtensionService#_doActivateExtension Zignd.html-css-class-completion {"startup":true,"activationEvent":"*"}
[2019-01-03 02:31:46.357] [exthost] [info] ExtensionService#loadCommonJSModule /home/blackblex/.vscode/extensions/zignd.html-css-class-completion-1.17.1/out/src/extension
[2019-01-03 02:31:51.812] [exthost] [info] eager extensions activated
[2019-01-03 02:32:02.539] [exthost] [info] ExtensionService#_doActivateExtension vscode.typescript-language-features {"startup":false,"activationEvent":"onLanguage:javascript"}
[2019-01-03 02:32:02.539] [exthost] [info] ExtensionService#loadCommonJSModule /opt/visual-studio-code/resources/app/extensions/typescript-language-features/dist/extension
[2019-01-03 02:32:02.621] [exthost] [info] ExtensionService#_doActivateExtension christian-kohler.npm-intellisense {"startup":false,"activationEvent":"onLanguage:javascript"}
[2019-01-03 02:32:02.621] [exthost] [info] ExtensionService#loadCommonJSModule /home/blackblex/.vscode/extensions/christian-kohler.npm-intellisense-1.3.0/out/src/extension
[2019-01-03 02:32:49.489] [exthost] [info] ExtensionService#_doActivateExtension vscode.extension-editing {"startup":false,"activationEvent":"onLanguage:typescript"}
[2019-01-03 02:32:49.489] [exthost] [info] ExtensionService#loadCommonJSModule /opt/visual-studio-code/resources/app/extensions/extension-editing/dist/extension
[2019-01-03 02:33:36.815] [exthost] [error] [vscode.typescript-language-features] provider FAILED
[2019-01-03 02:33:36.820] [exthost] [error] TypeError: Cannot read property 'displayParts' of undefined
    at w.resolveCompletionItem (/opt/visual-studio-code/resources/app/extensions/typescript-language-features/dist/extension.js:1:99110)
    at <anonymous>
[2019-01-03 02:33:38.787] [exthost] [error] [vscode.typescript-language-features] provider FAILED
[2019-01-03 02:33:38.787] [exthost] [error] {"seq":0,"type":"response","command":"signatureHelp","request_seq":189,"success":false,"message":"Error processing request. Cannot read property 'kind' of undefined\nTypeError: Cannot read property 'kind' of undefined\n    at hasContextSensitiveReturnExpression (/opt/visual-studio-code/resources/app/extensions/node_modules/typescript/lib/tsserver.js:40724:25)\n    at checkFunctionExpressionOrObjectLiteralMethod (/opt/visual-studio-code/resources/app/extensions/node_modules/typescript/lib/tsserver.js:50595:61)\n    at checkObjectLiteralMethod (/opt/visual-studio-code/resources/app/extensions/node_modules/typescript/lib/tsserver.js:51684:38)\n    at checkObjectLiteral (/opt/visual-studio-code/resources/app/extensions/node_modules/typescript/lib/tsserver.js:47345:29)\n    at checkExpressionWorker (/opt/visual-studio-code/resources/app/extensions/node_modules/typescript/lib/tsserver.js:51813:28)\n    at checkExpression (/opt/visual-studio-code/resources/app/extensions/node_modules/typescript/lib/tsserver.js:51758:42)\n    at checkExpressionForMutableLocation (/opt/visual-studio-code/resources/app/extensions/node_modules/typescript/lib/tsserver.js:51662:24)\n    at checkPropertyAssignment (/opt/visual-studio-code/resources/app/extensions/node_modules/typescript/lib/tsserver.js:51673:20)\n    at checkObjectLiteral (/opt/visual-studio-code/resources/app/extensions/node_modules/typescript/lib/tsserver.js:47343:83)\n    at checkExpressionWorker (/opt/visual-studio-code/resources/app/extensions/node_modules/typescript/lib/tsserver.js:51813:28)\n    at checkExpression (/opt/visual-studio-code/resources/app/extensions/node_modules/typescript/lib/tsserver.js:51758:42)\n    at checkExpressionWithContextualType (/opt/visual-studio-code/resources/app/extensions/node_modules/typescript/lib/tsserver.js:51588:26)\n    at inferTypeArguments (/opt/visual-studio-code/resources/app/extensions/node_modules/typescript/lib/tsserver.js:48791:35)\n    at chooseOverload (/opt/visual-studio-code/resources/app/extensions/node_modules/typescript/lib/tsserver.js:49250:49)\n    at resolveCall (/opt/visual-studio-code/resources/app/extensions/node_modules/typescript/lib/tsserver.js:49178:26)\n    at resolveNewExpression (/opt/visual-studio-code/resources/app/extensions/node_modules/typescript/lib/tsserver.js:49545:24)\n    at resolveSignature (/opt/visual-studio-code/resources/app/extensions/node_modules/typescript/lib/tsserver.js:49775:28)\n    at getResolvedSignature (/opt/visual-studio-code/resources/app/extensions/node_modules/typescript/lib/tsserver.js:49805:26)\n    at getContextualTypeForArgumentAtIndex (/opt/visual-studio-code/resources/app/extensions/node_modules/typescript/lib/tsserver.js:46618:118)\n    at getContextualTypeForArgument (/opt/visual-studio-code/resources/app/extensions/node_modules/typescript/lib/tsserver.js:46613:50)\n    at getContextualType (/opt/visual-studio-code/resources/app/extensions/node_modules/typescript/lib/tsserver.js:46906:28)\n    at getApparentTypeOfContextualType (/opt/visual-studio-code/resources/app/extensions/node_modules/typescript/lib/tsserver.js:46852:34)\n    at getContextualTypeForObjectLiteralElement (/opt/visual-studio-code/resources/app/extensions/node_modules/typescript/lib/tsserver.js:46761:24)\n    at getContextualType (/opt/visual-studio-code/resources/app/extensions/node_modules/typescript/lib/tsserver.js:46914:28)\n    at getApparentTypeOfContextualType (/opt/visual-studio-code/resources/app/extensions/node_modules/typescript/lib/tsserver.js:46852:34)\n    at getContextualTypeForObjectLiteralElement (/opt/visual-studio-code/resources/app/extensions/node_modules/typescript/lib/tsserver.js:46761:24)\n    at Object.getContextualTypeForObjectLiteralElement (/opt/visual-studio-code/resources/app/extensions/node_modules/typescript/lib/tsserver.js:30910:31)\n    at getContextualSignatureLocationInfo (/opt/visual-studio-code/resources/app/extensions/node_modules/typescript/lib/tsserver.js:103601:83)\n    at tryGetParameterInfo (/opt/visual-studio-code/resources/app/extensions/node_modules/typescript/lib/tsserver.js:103578:24)\n    at getImmediatelyContainingArgumentOrContextualParameterInfo (/opt/visual-studio-code/resources/app/extensions/node_modules/typescript/lib/tsserver.js:103569:20)\n    at _loop_6 (/opt/visual-studio-code/resources/app/extensions/node_modules/typescript/lib/tsserver.js:103740:36)\n    at getContainingArgumentInfo (/opt/visual-studio-code/resources/app/extensions/node_modules/typescript/lib/tsserver.js:103746:31)\n    at Object.getSignatureHelpItems (/opt/visual-studio-code/resources/app/extensions/node_modules/typescript/lib/tsserver.js:103361:32)\n    at Object.getSignatureHelpItems (/opt/visual-studio-code/resources/app/extensions/node_modules/typescript/lib/tsserver.js:117580:37)\n    at IOSession.Session.getSignatureHelpItems (/opt/visual-studio-code/resources/app/extensions/node_modules/typescript/lib/tsserver.js:125403:62)\n    at Session.handlers.ts.createMapFromTemplate._a.(anonymous function) (/opt/visual-studio-code/resources/app/extensions/node_modules/typescript/lib/tsserver.js:124358:61)\n    at /opt/visual-studio-code/resources/app/extensions/node_modules/typescript/lib/tsserver.js:125824:88\n    at IOSession.Session.executeWithRequestId (/opt/visual-studio-code/resources/app/extensions/node_modules/typescript/lib/tsserver.js:125815:28)\n    at IOSession.Session.executeCommand (/opt/visual-studio-code/resources/app/extensions/node_modules/typescript/lib/tsserver.js:125824:33)\n    at IOSession.Session.onMessage (/opt/visual-studio-code/resources/app/extensions/node_modules/typescript/lib/tsserver.js:125846:35)\n    at Interface.<anonymous> (/opt/visual-studio-code/resources/app/extensions/node_modules/typescript/lib/tsserver.js:127106:27)\n    at emitOne (events.js:116:13)\n    at Interface.emit (events.js:211:7)\n    at Interface._onLine (readline.js:282:10)\n    at Interface._normalWrite (readline.js:424:12)\n    at Socket.ondata (readline.js:141:10)\n    at emitOne (events.js:116:13)\n    at Socket.emit (events.js:211:7)\n    at addChunk (_stream_readable.js:263:12)\n    at readableAddChunk (_stream_readable.js:250:11)\n    at Socket.Readable.push (_stream_readable.js:208:10)\n    at Pipe.onread (net.js:594:20)"}
[2019-01-03 02:33:43.837] [exthost] [error] [vscode.typescript-language-features] provider FAILED
[2019-01-03 02:33:43.837] [exthost] [error] TypeError: Cannot read property 'displayParts' of undefined
    at w.resolveCompletionItem (/opt/visual-studio-code/resources/app/extensions/typescript-language-features/dist/extension.js:1:99110)
    at <anonymous>
[2019-01-03 02:33:45.836] [exthost] [error] [vscode.typescript-language-features] provider FAILED
[2019-01-03 02:33:45.837] [exthost] [error] TypeError: Cannot read property 'displayParts' of undefined
    at w.resolveCompletionItem (/opt/visual-studio-code/resources/app/extensions/typescript-language-features/dist/extension.js:1:99110)
    at <anonymous>
[2019-01-03 02:33:47.416] [exthost] [error] [vscode.typescript-language-features] provider FAILED
[2019-01-03 02:33:47.416] [exthost] [error] TypeError: Cannot read property 'displayParts' of undefined
    at w.resolveCompletionItem (/opt/visual-studio-code/resources/app/extensions/typescript-language-features/dist/extension.js:1:99110)
    at <anonymous>
[2019-01-03 02:33:49.579] [exthost] [error] [vscode.typescript-language-features] provider FAILED
[2019-01-03 02:33:49.580] [exthost] [error] TypeError: Cannot read property 'displayParts' of undefined
    at w.resolveCompletionItem (/opt/visual-studio-code/resources/app/extensions/typescript-language-features/dist/extension.js:1:99110)
    at <anonymous>
[2019-01-03 02:33:50.570] [exthost] [error] [vscode.typescript-language-features] provider FAILED
[2019-01-03 02:33:50.571] [exthost] [error] TypeError: Cannot read property 'displayParts' of undefined
    at w.resolveCompletionItem (/opt/visual-studio-code/resources/app/extensions/typescript-language-features/dist/extension.js:1:99110)
    at <anonymous>
[2019-01-03 02:33:51.593] [exthost] [error] [vscode.typescript-language-features] provider FAILED
[2019-01-03 02:33:51.595] [exthost] [error] TypeError: Cannot read property 'displayParts' of undefined
    at w.resolveCompletionItem (/opt/visual-studio-code/resources/app/extensions/typescript-language-features/dist/extension.js:1:99110)
    at <anonymous>
[2019-01-03 02:33:53.933] [exthost] [error] [vscode.typescript-language-features] provider FAILED
[2019-01-03 02:33:53.933] [exthost] [error] TypeError: Cannot read property 'displayParts' of undefined
    at w.resolveCompletionItem (/opt/visual-studio-code/resources/app/extensions/typescript-language-features/dist/extension.js:1:99110)
    at <anonymous>
[2019-01-03 02:33:55.546] [exthost] [error] [vscode.typescript-language-features] provider FAILED
[2019-01-03 02:33:55.547] [exthost] [error] TypeError: Cannot read property 'displayParts' of undefined
    at w.resolveCompletionItem (/opt/visual-studio-code/resources/app/extensions/typescript-language-features/dist/extension.js:1:99110)
    at <anonymous>
[2019-01-03 02:33:55.761] [exthost] [error] [vscode.typescript-language-features] provider FAILED
[2019-01-03 02:33:55.761] [exthost] [error] TypeError: Cannot read property 'displayParts' of undefined
    at w.resolveCompletionItem (/opt/visual-studio-code/resources/app/extensions/typescript-language-features/dist/extension.js:1:99110)
    at <anonymous>
[2019-01-03 02:35:15.741] [exthost] [error] [vscode.typescript-language-features] provider FAILED
[2019-01-03 02:35:15.741] [exthost] [error] TypeError: Cannot read property 'displayParts' of undefined
    at w.resolveCompletionItem (/opt/visual-studio-code/resources/app/extensions/typescript-language-features/dist/extension.js:1:99110)
    at <anonymous>
[2019-01-03 02:35:17.080] [exthost] [error] [vscode.typescript-language-features] provider FAILED
[2019-01-03 02:35:17.080] [exthost] [error] TypeError: Cannot read property 'displayParts' of undefined
    at w.resolveCompletionItem (/opt/visual-studio-code/resources/app/extensions/typescript-language-features/dist/extension.js:1:99110)
    at <anonymous>
[2019-01-03 02:35:21.787] [exthost] [error] [vscode.typescript-language-features] provider FAILED
[2019-01-03 02:35:21.787] [exthost] [error] TypeError: Cannot read property 'displayParts' of undefined
    at w.resolveCompletionItem (/opt/visual-studio-code/resources/app/extensions/typescript-language-features/dist/extension.js:1:99110)
    at <anonymous>
[2019-01-03 02:35:22.165] [exthost] [error] [vscode.typescript-language-features] provider FAILED
[2019-01-03 02:35:22.165] [exthost] [error] TypeError: Cannot read property 'displayParts' of undefined
    at w.resolveCompletionItem (/opt/visual-studio-code/resources/app/extensions/typescript-language-features/dist/extension.js:1:99110)
    at <anonymous>
[2019-01-03 02:35:28.409] [exthost] [error] [vscode.typescript-language-features] provider FAILED
[2019-01-03 02:35:28.409] [exthost] [error] TypeError: Cannot read property 'displayParts' of undefined
    at w.resolveCompletionItem (/opt/visual-studio-code/resources/app/extensions/typescript-language-features/dist/extension.js:1:99110)
    at <anonymous>
[2019-01-03 02:35:28.852] [exthost] [error] [vscode.typescript-language-features] provider FAILED
[2019-01-03 02:35:28.852] [exthost] [error] TypeError: Cannot read property 'displayParts' of undefined
    at w.resolveCompletionItem (/opt/visual-studio-code/resources/app/extensions/typescript-language-features/dist/extension.js:1:99110)
    at <anonymous>
[2019-01-03 02:35:29.188] [exthost] [error] [vscode.typescript-language-features] provider FAILED
[2019-01-03 02:35:29.188] [exthost] [error] TypeError: Cannot read property 'displayParts' of undefined
    at w.resolveCompletionItem (/opt/visual-studio-code/resources/app/extensions/typescript-language-features/dist/extension.js:1:99110)
    at <anonymous>
[2019-01-03 02:35:38.346] [exthost] [error] [vscode.typescript-language-features] provider FAILED
[2019-01-03 02:35:38.347] [exthost] [error] TypeError: Cannot read property 'displayParts' of undefined
    at w.resolveCompletionItem (/opt/visual-studio-code/resources/app/extensions/typescript-language-features/dist/extension.js:1:99110)
    at <anonymous>
[2019-01-03 02:36:35.109] [exthost] [error] [vscode.typescript-language-features] provider FAILED
[2019-01-03 02:36:35.109] [exthost] [error] TypeError: Cannot read property 'displayParts' of undefined
    at w.resolveCompletionItem (/opt/visual-studio-code/resources/app/extensions/typescript-language-features/dist/extension.js:1:99110)
    at <anonymous>
[2019-01-03 02:36:35.389] [exthost] [error] [vscode.typescript-language-features] provider FAILED
[2019-01-03 02:36:35.390] [exthost] [error] TypeError: Cannot read property 'displayParts' of undefined
    at w.resolveCompletionItem (/opt/visual-studio-code/resources/app/extensions/typescript-language-features/dist/extension.js:1:99110)
    at <anonymous>
[2019-01-03 02:36:37.356] [exthost] [error] [vscode.typescript-language-features] provider FAILED
[2019-01-03 02:36:37.356] [exthost] [error] TypeError: Cannot read property 'displayParts' of undefined
    at w.resolveCompletionItem (/opt/visual-studio-code/resources/app/extensions/typescript-language-features/dist/extension.js:1:99110)
    at <anonymous>
[2019-01-03 02:36:40.429] [exthost] [error] [vscode.typescript-language-features] provider FAILED
[2019-01-03 02:36:40.430] [exthost] [error] TypeError: Cannot read property 'displayParts' of undefined
    at w.resolveCompletionItem (/opt/visual-studio-code/resources/app/extensions/typescript-language-features/dist/extension.js:1:99110)
    at <anonymous>
[2019-01-03 02:36:42.045] [exthost] [error] [vscode.typescript-language-features] provider FAILED
[2019-01-03 02:36:42.045] [exthost] [error] TypeError: Cannot read property 'displayParts' of undefined
    at w.resolveCompletionItem (/opt/visual-studio-code/resources/app/extensions/typescript-language-features/dist/extension.js:1:99110)
    at <anonymous>
[2019-01-03 02:36:42.164] [exthost] [error] [vscode.typescript-language-features] provider FAILED
[2019-01-03 02:36:42.164] [exthost] [error] TypeError: Cannot read property 'displayParts' of undefined
    at w.resolveCompletionItem (/opt/visual-studio-code/resources/app/extensions/typescript-language-features/dist/extension.js:1:99110)
    at <anonymous>
[2019-01-03 02:36:46.299] [exthost] [error] [vscode.typescript-language-features] provider FAILED
[2019-01-03 02:36:46.299] [exthost] [error] TypeError: Cannot read property 'displayParts' of undefined
    at w.resolveCompletionItem (/opt/visual-studio-code/resources/app/extensions/typescript-language-features/dist/extension.js:1:99110)
    at <anonymous>
[2019-01-03 02:36:48.217] [exthost] [error] [vscode.typescript-language-features] provider FAILED
[2019-01-03 02:36:48.217] [exthost] [error] TypeError: Cannot read property 'displayParts' of undefined
    at w.resolveCompletionItem (/opt/visual-studio-code/resources/app/extensions/typescript-language-features/dist/extension.js:1:99110)
    at <anonymous>
[2019-01-03 02:36:50.638] [exthost] [error] [vscode.typescript-language-features] provider FAILED
[2019-01-03 02:36:50.639] [exthost] [error] TypeError: Cannot read property 'displayParts' of undefined
    at w.resolveCompletionItem (/opt/visual-studio-code/resources/app/extensions/typescript-language-features/dist/extension.js:1:99110)
    at <anonymous>
[2019-01-03 02:36:51.015] [exthost] [error] [vscode.typescript-language-features] provider FAILED
[2019-01-03 02:36:51.016] [exthost] [error] TypeError: Cannot read property 'displayParts' of undefined
    at w.resolveCompletionItem (/opt/visual-studio-code/resources/app/extensions/typescript-language-features/dist/extension.js:1:99110)
    at <anonymous>
[2019-01-03 02:36:51.122] [exthost] [error] [vscode.typescript-language-features] provider FAILED
[2019-01-03 02:36:51.122] [exthost] [error] TypeError: Cannot read property 'displayParts' of undefined
    at w.resolveCompletionItem (/opt/visual-studio-code/resources/app/extensions/typescript-language-features/dist/extension.js:1:99110)
    at <anonymous>
[2019-01-03 02:36:52.323] [exthost] [error] [vscode.typescript-language-features] provider FAILED
[2019-01-03 02:36:52.323] [exthost] [error] TypeError: Cannot read property 'displayParts' of undefined
    at w.resolveCompletionItem (/opt/visual-studio-code/resources/app/extensions/typescript-language-features/dist/extension.js:1:99110)
    at <anonymous>
[2019-01-03 02:36:53.679] [exthost] [error] [vscode.typescript-language-features] provider FAILED
[2019-01-03 02:36:53.680] [exthost] [error] TypeError: Cannot read property 'displayParts' of undefined
    at w.resolveCompletionItem (/opt/visual-studio-code/resources/app/extensions/typescript-language-features/dist/extension.js:1:99110)
    at <anonymous>
[2019-01-03 02:36:54.085] [exthost] [error] [vscode.typescript-language-features] provider FAILED
[2019-01-03 02:36:54.085] [exthost] [error] TypeError: Cannot read property 'displayParts' of undefined
    at w.resolveCompletionItem (/opt/visual-studio-code/resources/app/extensions/typescript-language-features/dist/extension.js:1:99110)
    at <anonymous>
[2019-01-03 02:37:12.228] [exthost] [error] [vscode.typescript-language-features] provider FAILED
[2019-01-03 02:37:12.228] [exthost] [error] TypeError: Cannot read property 'displayParts' of undefined
    at w.resolveCompletionItem (/opt/visual-studio-code/resources/app/extensions/typescript-language-features/dist/extension.js:1:99110)
    at <anonymous>
[2019-01-03 02:37:14.267] [exthost] [error] [vscode.typescript-language-features] provider FAILED
[2019-01-03 02:37:14.267] [exthost] [error] TypeError: Cannot read property 'displayParts' of undefined
    at w.resolveCompletionItem (/opt/visual-studio-code/resources/app/extensions/typescript-language-features/dist/extension.js:1:99110)
    at <anonymous>
[2019-01-03 02:37:46.648] [exthost] [error] [vscode.typescript-language-features] provider FAILED
[2019-01-03 02:37:46.648] [exthost] [error] TypeError: Cannot read property 'displayParts' of undefined
    at w.resolveCompletionItem (/opt/visual-studio-code/resources/app/extensions/typescript-language-features/dist/extension.js:1:99110)
    at <anonymous>
[2019-01-03 03:13:32.457] [exthost] [info] ExtensionService#_doActivateExtension octref.vetur {"startup":false,"activationEvent":"onLanguage:vue"}
[2019-01-03 03:13:32.457] [exthost] [info] ExtensionService#loadCommonJSModule /home/blackblex/.vscode/extensions/octref.vetur-0.14.5/dist/client/vueMain
[2019-01-03 03:33:22.537] [exthost] [error] [vscode.typescript-language-features] provider FAILED
[2019-01-03 03:33:22.538] [exthost] [error] TypeError: Cannot read property 'displayParts' of undefined
    at w.resolveCompletionItem (/opt/visual-studio-code/resources/app/extensions/typescript-language-features/dist/extension.js:1:99110)
    at <anonymous>
[2019-01-03 03:38:39.157] [exthost] [error] [vscode.typescript-language-features] provider FAILED
[2019-01-03 03:38:39.158] [exthost] [error] TypeError: Cannot read property 'displayParts' of undefined
    at w.resolveCompletionItem (/opt/visual-studio-code/resources/app/extensions/typescript-language-features/dist/extension.js:1:99110)
    at <anonymous>
[2019-01-03 04:24:46.132] [exthost] [info] ExtensionService#_doActivateExtension vscode.html-language-features {"startup":false,"activationEvent":"onLanguage:html"}
[2019-01-03 04:24:46.132] [exthost] [info] ExtensionService#loadCommonJSModule /opt/visual-studio-code/resources/app/extensions/html-language-features/client/dist/htmlMain
[2019-01-03 05:42:42.438] [exthost] [error] [vscode.typescript-language-features] provider FAILED
[2019-01-03 05:42:42.528] [exthost] [error] TypeError: Cannot read property 'displayParts' of undefined
    at w.resolveCompletionItem (/opt/visual-studio-code/resources/app/extensions/typescript-language-features/dist/extension.js:1:99110)
    at <anonymous>
[2019-01-03 05:42:42.549] [exthost] [error] [vscode.typescript-language-features] provider FAILED
[2019-01-03 05:42:42.550] [exthost] [error] TypeError: Cannot read property 'displayParts' of undefined
    at w.resolveCompletionItem (/opt/visual-studio-code/resources/app/extensions/typescript-language-features/dist/extension.js:1:99110)
    at <anonymous>
[2019-01-03 06:27:36.259] [exthost] [error] [vscode.typescript-language-features] provider FAILED
[2019-01-03 06:27:36.259] [exthost] [error] TypeError: Cannot read property 'displayParts' of undefined
    at w.resolveCompletionItem (/opt/visual-studio-code/resources/app/extensions/typescript-language-features/dist/extension.js:1:99110)
    at <anonymous>
[2019-01-03 06:27:37.032] [exthost] [error] [vscode.typescript-language-features] provider FAILED
[2019-01-03 06:27:37.033] [exthost] [error] TypeError: Cannot read property 'displayParts' of undefined
    at w.resolveCompletionItem (/opt/visual-studio-code/resources/app/extensions/typescript-language-features/dist/extension.js:1:99110)
    at <anonymous>
[2019-01-03 06:27:37.169] [exthost] [error] [vscode.typescript-language-features] provider FAILED
[2019-01-03 06:27:37.170] [exthost] [error] TypeError: Cannot read property 'displayParts' of undefined
    at w.resolveCompletionItem (/opt/visual-studio-code/resources/app/extensions/typescript-language-features/dist/extension.js:1:99110)
    at <anonymous>
[2019-01-03 06:28:12.457] [exthost] [error] [vscode.typescript-language-features] provider FAILED
[2019-01-03 06:28:12.458] [exthost] [error] TypeError: Cannot read property 'displayParts' of undefined
    at w.resolveCompletionItem (/opt/visual-studio-code/resources/app/extensions/typescript-language-features/dist/extension.js:1:99110)
    at <anonymous>
[2019-01-03 06:28:12.770] [exthost] [error] [vscode.typescript-language-features] provider FAILED
[2019-01-03 06:28:12.861] [exthost] [error] TypeError: Cannot read property 'displayParts' of undefined
    at w.resolveCompletionItem (/opt/visual-studio-code/resources/app/extensions/typescript-language-features/dist/extension.js:1:99110)
    at <anonymous>
[2019-01-03 06:28:12.875] [exthost] [error] [vscode.typescript-language-features] provider FAILED
[2019-01-03 06:28:12.876] [exthost] [error] TypeError: Cannot read property 'displayParts' of undefined
    at w.resolveCompletionItem (/opt/visual-studio-code/resources/app/extensions/typescript-language-features/dist/extension.js:1:99110)
    at <anonymous>
[2019-01-03 06:28:21.070] [exthost] [error] [vscode.typescript-language-features] provider FAILED
[2019-01-03 06:28:21.070] [exthost] [error] TypeError: Cannot read property 'displayParts' of undefined
    at w.resolveCompletionItem (/opt/visual-studio-code/resources/app/extensions/typescript-language-features/dist/extension.js:1:99110)
    at <anonymous>
[2019-01-03 06:30:13.868] [exthost] [error] [vscode.typescript-language-features] provider FAILED
[2019-01-03 06:30:13.868] [exthost] [error] TypeError: Cannot read property 'displayParts' of undefined
    at w.resolveCompletionItem (/opt/visual-studio-code/resources/app/extensions/typescript-language-features/dist/extension.js:1:99110)
    at <anonymous>
[2019-01-03 06:31:15.538] [exthost] [error] [vscode.typescript-language-features] provider FAILED
[2019-01-03 06:31:15.538] [exthost] [error] TypeError: Cannot read property 'displayParts' of undefined
    at w.resolveCompletionItem (/opt/visual-studio-code/resources/app/extensions/typescript-language-features/dist/extension.js:1:99110)
    at <anonymous>
[2019-01-03 06:32:17.650] [exthost] [error] [vscode.typescript-language-features] provider FAILED
[2019-01-03 06:32:17.650] [exthost] [error] TypeError: Cannot read property 'displayParts' of undefined
    at w.resolveCompletionItem (/opt/visual-studio-code/resources/app/extensions/typescript-language-features/dist/extension.js:1:99110)
    at <anonymous>
[2019-01-03 06:36:29.919] [exthost] [error] [vscode.typescript-language-features] provider FAILED
[2019-01-03 06:36:29.922] [exthost] [error] TypeError: Cannot read property 'displayParts' of undefined
    at w.resolveCompletionItem (/opt/visual-studio-code/resources/app/extensions/typescript-language-features/dist/extension.js:1:99110)
    at <anonymous>
[2019-01-03 06:43:41.917] [exthost] [error] [vscode.typescript-language-features] provider FAILED
[2019-01-03 06:43:41.917] [exthost] [error] TypeError: Cannot read property 'displayParts' of undefined
    at w.resolveCompletionItem (/opt/visual-studio-code/resources/app/extensions/typescript-language-features/dist/extension.js:1:99110)
    at <anonymous>
[2019-01-03 06:43:45.629] [exthost] [error] [vscode.typescript-language-features] provider FAILED
[2019-01-03 06:43:45.629] [exthost] [error] TypeError: Cannot read property 'displayParts' of undefined
    at w.resolveCompletionItem (/opt/visual-studio-code/resources/app/extensions/typescript-language-features/dist/extension.js:1:99110)
    at <anonymous>
[2019-01-03 06:43:46.518] [exthost] [error] [vscode.typescript-language-features] provider FAILED
[2019-01-03 06:43:46.518] [exthost] [error] TypeError: Cannot read property 'displayParts' of undefined
    at w.resolveCompletionItem (/opt/visual-studio-code/resources/app/extensions/typescript-language-features/dist/extension.js:1:99110)
    at <anonymous>
[2019-01-03 06:43:46.746] [exthost] [error] [vscode.typescript-language-features] provider FAILED
[2019-01-03 06:43:46.746] [exthost] [error] TypeError: Cannot read property 'displayParts' of undefined
    at w.resolveCompletionItem (/opt/visual-studio-code/resources/app/extensions/typescript-language-features/dist/extension.js:1:99110)
    at <anonymous>
[2019-01-03 06:52:40.152] [exthost] [error] [vscode.typescript-language-features] provider FAILED
[2019-01-03 06:52:40.152] [exthost] [error] TypeError: Cannot read property 'displayParts' of undefined
    at w.resolveCompletionItem (/opt/visual-studio-code/resources/app/extensions/typescript-language-features/dist/extension.js:1:99110)
    at <anonymous>
[2019-01-03 06:52:40.771] [exthost] [error] [vscode.typescript-language-features] provider FAILED
[2019-01-03 06:52:40.772] [exthost] [error] TypeError: Cannot read property 'displayParts' of undefined
    at w.resolveCompletionItem (/opt/visual-studio-code/resources/app/extensions/typescript-language-features/dist/extension.js:1:99110)
    at <anonymous>
[2019-01-03 06:52:40.894] [exthost] [error] [vscode.typescript-language-features] provider FAILED
[2019-01-03 06:52:40.895] [exthost] [error] TypeError: Cannot read property 'displayParts' of undefined
    at w.resolveCompletionItem (/opt/visual-studio-code/resources/app/extensions/typescript-language-features/dist/extension.js:1:99110)
    at <anonymous>
[2019-01-03 06:54:35.596] [exthost] [error] [vscode.typescript-language-features] provider FAILED
[2019-01-03 06:54:35.597] [exthost] [error] TypeError: Cannot read property 'displayParts' of undefined
    at w.resolveCompletionItem (/opt/visual-studio-code/resources/app/extensions/typescript-language-features/dist/extension.js:1:99110)
    at <anonymous>
[2019-01-03 06:54:36.326] [exthost] [error] [vscode.typescript-language-features] provider FAILED
[2019-01-03 06:54:36.326] [exthost] [error] TypeError: Cannot read property 'displayParts' of undefined
    at w.resolveCompletionItem (/opt/visual-studio-code/resources/app/extensions/typescript-language-features/dist/extension.js:1:99110)
    at <anonymous>
[2019-01-03 06:54:36.835] [exthost] [error] [vscode.typescript-language-features] provider FAILED
[2019-01-03 06:54:36.835] [exthost] [error] TypeError: Cannot read property 'displayParts' of undefined
    at w.resolveCompletionItem (/opt/visual-studio-code/resources/app/extensions/typescript-language-features/dist/extension.js:1:99110)
    at <anonymous>
[2019-01-03 06:54:43.057] [exthost] [error] [vscode.typescript-language-features] provider FAILED
[2019-01-03 06:54:43.057] [exthost] [error] TypeError: Cannot read property 'displayParts' of undefined
    at w.resolveCompletionItem (/opt/visual-studio-code/resources/app/extensions/typescript-language-features/dist/extension.js:1:99110)
    at <anonymous>
[2019-01-03 06:54:44.396] [exthost] [error] [vscode.typescript-language-features] provider FAILED
[2019-01-03 06:54:44.398] [exthost] [error] TypeError: Cannot read property 'displayParts' of undefined
    at w.resolveCompletionItem (/opt/visual-studio-code/resources/app/extensions/typescript-language-features/dist/extension.js:1:99110)
    at <anonymous>
[2019-01-03 06:54:44.439] [exthost] [error] [vscode.typescript-language-features] provider FAILED
[2019-01-03 06:54:44.439] [exthost] [error] TypeError: Cannot read property 'displayParts' of undefined
    at w.resolveCompletionItem (/opt/visual-studio-code/resources/app/extensions/typescript-language-features/dist/extension.js:1:99110)
    at <anonymous>
[2019-01-03 06:54:47.806] [exthost] [error] [vscode.typescript-language-features] provider FAILED
[2019-01-03 06:54:47.806] [exthost] [error] TypeError: Cannot read property 'displayParts' of undefined
    at w.resolveCompletionItem (/opt/visual-studio-code/resources/app/extensions/typescript-language-features/dist/extension.js:1:99110)
    at <anonymous>
[2019-01-03 06:54:50.360] [exthost] [error] [vscode.typescript-language-features] provider FAILED
[2019-01-03 06:54:50.360] [exthost] [error] TypeError: Cannot read property 'displayParts' of undefined
    at w.resolveCompletionItem (/opt/visual-studio-code/resources/app/extensions/typescript-language-features/dist/extension.js:1:99110)
    at <anonymous>
[2019-01-03 06:54:51.387] [exthost] [error] [vscode.typescript-language-features] provider FAILED
[2019-01-03 06:54:51.387] [exthost] [error] TypeError: Cannot read property 'displayParts' of undefined
    at w.resolveCompletionItem (/opt/visual-studio-code/resources/app/extensions/typescript-language-features/dist/extension.js:1:99110)
    at <anonymous>
[2019-01-03 06:54:51.912] [exthost] [error] [vscode.typescript-language-features] provider FAILED
[2019-01-03 06:54:51.947] [exthost] [error] TypeError: Cannot read property 'displayParts' of undefined
    at w.resolveCompletionItem (/opt/visual-studio-code/resources/app/extensions/typescript-language-features/dist/extension.js:1:99110)
    at <anonymous>
[2019-01-03 06:54:52.891] [exthost] [error] [vscode.typescript-language-features] provider FAILED
[2019-01-03 06:54:52.891] [exthost] [error] TypeError: Cannot read property 'displayParts' of undefined
    at w.resolveCompletionItem (/opt/visual-studio-code/resources/app/extensions/typescript-language-features/dist/extension.js:1:99110)
    at <anonymous>
[2019-01-03 06:54:57.401] [exthost] [error] [vscode.typescript-language-features] provider FAILED
[2019-01-03 06:54:57.402] [exthost] [error] TypeError: Cannot read property 'displayParts' of undefined
    at w.resolveCompletionItem (/opt/visual-studio-code/resources/app/extensions/typescript-language-features/dist/extension.js:1:99110)
    at <anonymous>
[2019-01-03 06:54:57.693] [exthost] [error] [vscode.typescript-language-features] provider FAILED
[2019-01-03 06:54:57.727] [exthost] [error] TypeError: Cannot read property 'displayParts' of undefined
    at w.resolveCompletionItem (/opt/visual-studio-code/resources/app/extensions/typescript-language-features/dist/extension.js:1:99110)
    at <anonymous>
[2019-01-03 06:54:57.834] [exthost] [error] [vscode.typescript-language-features] provider FAILED
[2019-01-03 06:54:57.835] [exthost] [error] TypeError: Cannot read property 'displayParts' of undefined
    at w.resolveCompletionItem (/opt/visual-studio-code/resources/app/extensions/typescript-language-features/dist/extension.js:1:99110)
    at <anonymous>
[2019-01-03 06:58:22.806] [exthost] [error] [vscode.typescript-language-features] provider FAILED
[2019-01-03 06:58:22.806] [exthost] [error] TypeError: Cannot read property 'displayParts' of undefined
    at w.resolveCompletionItem (/opt/visual-studio-code/resources/app/extensions/typescript-language-features/dist/extension.js:1:99110)
    at <anonymous>
[2019-01-03 06:58:23.075] [exthost] [error] [vscode.typescript-language-features] provider FAILED
[2019-01-03 06:58:23.075] [exthost] [error] TypeError: Cannot read property 'displayParts' of undefined
    at w.resolveCompletionItem (/opt/visual-studio-code/resources/app/extensions/typescript-language-features/dist/extension.js:1:99110)
    at <anonymous>
[2019-01-03 06:58:23.277] [exthost] [error] [vscode.typescript-language-features] provider FAILED
[2019-01-03 06:58:23.277] [exthost] [error] TypeError: Cannot read property 'displayParts' of undefined
    at w.resolveCompletionItem (/opt/visual-studio-code/resources/app/extensions/typescript-language-features/dist/extension.js:1:99110)
    at <anonymous>
[2019-01-03 06:58:46.391] [exthost] [error] [vscode.typescript-language-features] provider FAILED
[2019-01-03 06:58:46.391] [exthost] [error] TypeError: Cannot read property 'displayParts' of undefined
    at w.resolveCompletionItem (/opt/visual-studio-code/resources/app/extensions/typescript-language-features/dist/extension.js:1:99110)
    at <anonymous>
[2019-01-03 07:03:02.700] [exthost] [error] [vscode.typescript-language-features] provider FAILED
[2019-01-03 07:03:02.700] [exthost] [error] TypeError: Cannot read property 'displayParts' of undefined
    at w.resolveCompletionItem (/opt/visual-studio-code/resources/app/extensions/typescript-language-features/dist/extension.js:1:99110)
    at <anonymous>
