[2019-01-01 20:30:43.913] [sharedprocess] [info] main {"machineId":"2874dcb24bd3f95072508b49f859125c01294f3f743fdd1b4cb5fd767f080b33"}
[2019-01-01 20:30:44.352] [sharedprocess] [info] Scanned user extensions: 10
[2019-01-01 20:30:44.632] [sharedprocess] [info] Scanned system extensions: 71
[2019-01-01 20:30:45.354] [sharedprocess] [info] Scanned user extensions: 10
[2019-01-01 20:30:45.398] [sharedprocess] [info] Scanned system extensions: 71
[2019-01-01 20:30:45.894] [sharedprocess] [info] Scanned user extensions: 10
[2019-01-01 20:30:45.922] [sharedprocess] [info] Scanned system extensions: 71
[2019-01-01 20:30:47.097] [sharedprocess] [info] Scanned user extensions: 10
[2019-01-01 20:31:23.919] [sharedprocess] [info] Starting to clean up unused language packs.
[2019-01-01 20:35:47.334] [sharedprocess] [info] Scanned user extensions: 10
[2019-01-01 20:38:02.015] [sharedprocess] [info] Scanned user extensions: 10
[2019-01-01 20:38:02.015] [sharedprocess] [info] Scanned user extensions: 10
[2019-01-01 20:38:02.074] [sharedprocess] [info] Scanned user extensions: 10
[2019-01-01 20:38:02.399] [sharedprocess] [info] Scanned system extensions: 71
[2019-01-01 20:38:02.407] [sharedprocess] [info] Scanned system extensions: 71
[2019-01-01 20:38:38.080] [sharedprocess] [info] Scanned user extensions: 10
[2019-01-01 20:38:38.158] [sharedprocess] [info] Scanned system extensions: 71
[2019-01-01 20:38:38.740] [sharedprocess] [info] Scanned user extensions: 10
[2019-01-01 20:43:38.867] [sharedprocess] [info] Scanned user extensions: 10
[2019-01-01 20:48:38.901] [sharedprocess] [info] Scanned user extensions: 10
[2019-01-01 20:53:38.943] [sharedprocess] [info] Scanned user extensions: 10
[2019-01-01 20:58:39.228] [sharedprocess] [info] Scanned user extensions: 10
[2019-01-01 21:03:39.471] [sharedprocess] [info] Scanned user extensions: 10
[2019-01-01 21:08:39.711] [sharedprocess] [info] Scanned user extensions: 10
[2019-01-01 21:13:39.962] [sharedprocess] [info] Scanned user extensions: 10
[2019-01-01 21:18:40.191] [sharedprocess] [info] Scanned user extensions: 10
[2019-01-01 21:23:40.420] [sharedprocess] [info] Scanned user extensions: 10
[2019-01-01 21:28:40.738] [sharedprocess] [info] Scanned user extensions: 10
[2019-01-01 21:33:41.066] [sharedprocess] [info] Scanned user extensions: 10
[2019-01-01 21:38:41.451] [sharedprocess] [info] Scanned user extensions: 10
[2019-01-01 21:43:41.691] [sharedprocess] [info] Scanned user extensions: 10
[2019-01-01 21:48:41.921] [sharedprocess] [info] Scanned user extensions: 10
[2019-01-01 21:53:41.966] [sharedprocess] [info] Scanned user extensions: 10
[2019-01-01 21:58:42.654] [sharedprocess] [info] Scanned user extensions: 10
[2019-01-01 22:03:42.906] [sharedprocess] [info] Scanned user extensions: 10
[2019-01-01 22:08:43.422] [sharedprocess] [info] Scanned user extensions: 10
[2019-01-01 22:13:43.463] [sharedprocess] [info] Scanned user extensions: 10
[2019-01-01 22:18:43.690] [sharedprocess] [info] Scanned user extensions: 10
[2019-01-01 22:23:43.733] [sharedprocess] [info] Scanned user extensions: 10
[2019-01-01 22:28:43.980] [sharedprocess] [info] Scanned user extensions: 10
[2019-01-01 22:33:44.090] [sharedprocess] [info] Scanned user extensions: 10
[2019-01-01 22:38:44.134] [sharedprocess] [info] Scanned user extensions: 10
[2019-01-01 22:43:44.176] [sharedprocess] [info] Scanned user extensions: 10
[2019-01-01 22:48:44.783] [sharedprocess] [info] Scanned user extensions: 10
[2019-01-01 22:53:44.827] [sharedprocess] [info] Scanned user extensions: 10
[2019-01-01 22:58:45.630] [sharedprocess] [info] Scanned user extensions: 10
[2019-01-01 23:03:45.979] [sharedprocess] [info] Scanned user extensions: 10
[2019-01-01 23:08:46.196] [sharedprocess] [info] Scanned user extensions: 10
[2019-01-01 23:13:46.447] [sharedprocess] [info] Scanned user extensions: 10
[2019-01-01 23:18:46.489] [sharedprocess] [info] Scanned user extensions: 10
[2019-01-01 23:23:46.737] [sharedprocess] [info] Scanned user extensions: 10
[2019-01-01 23:28:47.052] [sharedprocess] [info] Scanned user extensions: 10
[2019-01-01 23:33:47.472] [sharedprocess] [info] Scanned user extensions: 10
[2019-01-01 23:38:47.722] [sharedprocess] [info] Scanned user extensions: 10
[2019-01-01 23:43:47.962] [sharedprocess] [info] Scanned user extensions: 10
[2019-01-01 23:48:48.009] [sharedprocess] [info] Scanned user extensions: 10
[2019-01-01 23:53:48.048] [sharedprocess] [info] Scanned user extensions: 10
[2019-01-01 23:58:48.347] [sharedprocess] [info] Scanned user extensions: 10
[2019-01-02 00:03:48.619] [sharedprocess] [info] Scanned user extensions: 10
[2019-01-02 00:08:49.159] [sharedprocess] [info] Scanned user extensions: 10
[2019-01-02 00:13:49.387] [sharedprocess] [info] Scanned user extensions: 10
[2019-01-02 00:18:49.616] [sharedprocess] [info] Scanned user extensions: 10
[2019-01-02 00:23:49.911] [sharedprocess] [info] Scanned user extensions: 10
[2019-01-02 00:28:50.153] [sharedprocess] [info] Scanned user extensions: 10
[2019-01-02 00:33:50.458] [sharedprocess] [info] Scanned user extensions: 10
[2019-01-02 00:38:51.065] [sharedprocess] [info] Scanned user extensions: 10
[2019-01-02 00:43:51.304] [sharedprocess] [info] Scanned user extensions: 10
[2019-01-02 14:27:22.858] [sharedprocess] [info] Scanned user extensions: 10
[2019-01-02 14:32:23.108] [sharedprocess] [info] Scanned user extensions: 10
[2019-01-02 14:37:23.357] [sharedprocess] [info] Scanned user extensions: 10
[2019-01-02 14:42:23.940] [sharedprocess] [info] Scanned user extensions: 10
[2019-01-02 14:47:24.191] [sharedprocess] [info] Scanned user extensions: 10
[2019-01-02 14:52:24.750] [sharedprocess] [info] Scanned user extensions: 10
[2019-01-02 14:57:24.989] [sharedprocess] [info] Scanned user extensions: 10
[2019-01-02 15:02:25.228] [sharedprocess] [info] Scanned user extensions: 10
[2019-01-02 15:07:25.467] [sharedprocess] [info] Scanned user extensions: 10
[2019-01-02 15:12:25.717] [sharedprocess] [info] Scanned user extensions: 10
[2019-01-02 15:17:26.689] [sharedprocess] [info] Scanned user extensions: 10
[2019-01-02 15:22:26.951] [sharedprocess] [info] Scanned user extensions: 10
[2019-01-02 15:27:27.591] [sharedprocess] [info] Scanned user extensions: 10
[2019-01-02 15:32:27.819] [sharedprocess] [info] Scanned user extensions: 10
[2019-01-02 15:37:28.058] [sharedprocess] [info] Scanned user extensions: 10
[2019-01-02 15:42:28.297] [sharedprocess] [info] Scanned user extensions: 10
[2019-01-02 15:47:28.959] [sharedprocess] [info] Scanned user extensions: 10
[2019-01-02 15:52:29.199] [sharedprocess] [info] Scanned user extensions: 10
[2019-01-02 15:57:29.438] [sharedprocess] [info] Scanned user extensions: 10
[2019-01-02 16:02:29.716] [sharedprocess] [info] Scanned user extensions: 10
[2019-01-02 16:07:29.951] [sharedprocess] [info] Scanned user extensions: 10
[2019-01-02 16:12:30.179] [sharedprocess] [info] Scanned user extensions: 10
[2019-01-02 16:17:30.419] [sharedprocess] [info] Scanned user extensions: 10
[2019-01-02 16:22:30.658] [sharedprocess] [info] Scanned user extensions: 10
[2019-01-02 16:27:30.855] [sharedprocess] [info] Scanned user extensions: 10
[2019-01-02 16:32:31.106] [sharedprocess] [info] Scanned user extensions: 10
[2019-01-02 16:37:31.644] [sharedprocess] [info] Scanned user extensions: 10
[2019-01-02 16:42:31.895] [sharedprocess] [info] Scanned user extensions: 10
[2019-01-02 16:47:32.134] [sharedprocess] [info] Scanned user extensions: 10
[2019-01-02 16:52:32.707] [sharedprocess] [info] Scanned user extensions: 10
[2019-01-02 16:57:32.947] [sharedprocess] [info] Scanned user extensions: 10
[2019-01-02 17:02:33.496] [sharedprocess] [info] Scanned user extensions: 10
[2019-01-02 17:07:34.361] [sharedprocess] [info] Scanned user extensions: 10
[2019-01-02 17:12:34.611] [sharedprocess] [info] Scanned user extensions: 10
[2019-01-02 17:17:35.140] [sharedprocess] [info] Scanned user extensions: 10
[2019-01-02 17:22:35.392] [sharedprocess] [info] Scanned user extensions: 10
[2019-01-02 17:27:36.621] [sharedprocess] [info] Scanned user extensions: 10
[2019-01-02 17:32:36.872] [sharedprocess] [info] Scanned user extensions: 10
[2019-01-02 17:37:37.242] [sharedprocess] [info] Scanned user extensions: 10
[2019-01-02 17:42:37.281] [sharedprocess] [info] Scanned user extensions: 10
[2019-01-02 17:47:37.527] [sharedprocess] [info] Scanned user extensions: 10
[2019-01-02 17:52:37.812] [sharedprocess] [info] Scanned user extensions: 10
[2019-01-02 17:57:38.108] [sharedprocess] [info] Scanned user extensions: 10
[2019-01-02 18:02:28.120] [sharedprocess] [info] Scanned user extensions: 10
[2019-01-02 18:02:28.779] [sharedprocess] [info] Scanned system extensions: 71
[2019-01-02 18:02:38.150] [sharedprocess] [info] Scanned user extensions: 10
[2019-01-02 18:07:38.378] [sharedprocess] [info] Scanned user extensions: 10
[2019-01-02 18:12:38.619] [sharedprocess] [info] Scanned user extensions: 10
[2019-01-02 18:17:39.527] [sharedprocess] [info] Scanned user extensions: 10
[2019-01-02 18:22:39.801] [sharedprocess] [info] Scanned user extensions: 10
[2019-01-02 18:27:40.408] [sharedprocess] [info] Scanned user extensions: 10
[2019-01-02 18:32:40.638] [sharedprocess] [info] Scanned user extensions: 10
[2019-01-02 18:37:40.856] [sharedprocess] [info] Scanned user extensions: 10
[2019-01-02 18:42:41.096] [sharedprocess] [info] Scanned user extensions: 10
[2019-01-02 18:47:41.138] [sharedprocess] [info] Scanned user extensions: 10
[2019-01-02 18:52:41.454] [sharedprocess] [info] Scanned user extensions: 10
[2019-01-02 18:57:41.694] [sharedprocess] [info] Scanned user extensions: 10
[2019-01-02 19:02:41.935] [sharedprocess] [info] Scanned user extensions: 10
[2019-01-02 19:07:42.253] [sharedprocess] [info] Scanned user extensions: 10
[2019-01-02 19:12:42.593] [sharedprocess] [info] Scanned user extensions: 10
[2019-01-02 19:14:49.032] [sharedprocess] [info] Scanned user extensions: 10
[2019-01-02 19:14:49.123] [sharedprocess] [info] Scanned user extensions: 10
[2019-01-02 19:14:49.228] [sharedprocess] [info] Scanned user extensions: 10
[2019-01-02 19:14:49.873] [sharedprocess] [info] Scanned system extensions: 71
[2019-01-02 19:14:49.880] [sharedprocess] [info] Scanned system extensions: 71
[2019-01-02 19:14:51.211] [sharedprocess] [info] Installing extension: gitlens
[2019-01-02 19:14:51.212] [sharedprocess] [info] Installing extension: vetur
[2019-01-02 19:14:51.231] [sharedprocess] [info] Scanned user extensions: 10
[2019-01-02 19:14:51.255] [sharedprocess] [info] Scanned user extensions: 10
[2019-01-02 19:14:52.215] [sharedprocess] [info] Downloaded extension: gitlens /tmp/f23fc0aa-be5c-4b72-8f76-77255cfccba1
[2019-01-02 19:14:52.957] [sharedprocess] [info] Extracted extension to /home/blackblex/.vscode/extensions/.eamodio.gitlens-9.3.0: eamodio.gitlens-9.3.0
[2019-01-02 19:14:52.957] [sharedprocess] [info] Renamed to /home/blackblex/.vscode/extensions/eamodio.gitlens-9.3.0
[2019-01-02 19:14:52.966] [sharedprocess] [info] Installation completed. eamodio.gitlens-9.3.0
[2019-01-02 19:14:53.061] [sharedprocess] [info] Extensions installed successfully: eamodio.gitlens
[2019-01-02 19:15:02.077] [sharedprocess] [info] Downloaded extension: vetur /tmp/3b5d43d5-54c1-4ca3-9429-b8738ce8311e
[2019-01-02 19:15:16.886] [sharedprocess] [info] Extracted extension to /home/blackblex/.vscode/extensions/.octref.vetur-0.14.5: octref.vetur-0.14.5
[2019-01-02 19:15:16.886] [sharedprocess] [info] Renamed to /home/blackblex/.vscode/extensions/octref.vetur-0.14.5
[2019-01-02 19:15:16.889] [sharedprocess] [info] Installation completed. octref.vetur-0.14.5
[2019-01-02 19:15:17.528] [sharedprocess] [info] Extensions installed successfully: octref.vetur
[2019-01-02 19:19:50.375] [sharedprocess] [info] Scanned user extensions: 10
[2019-01-02 19:20:59.636] [sharedprocess] [info] Scanned system extensions: 71
[2019-01-02 19:21:00.588] [sharedprocess] [info] Scanned user extensions: 10
[2019-01-02 19:21:10.571] [sharedprocess] [info] Scanned user extensions: 10
[2019-01-02 19:21:11.481] [sharedprocess] [info] Scanned user extensions: 10
[2019-01-02 19:21:12.041] [sharedprocess] [info] Scanned system extensions: 71
[2019-01-02 19:26:11.410] [sharedprocess] [info] Scanned user extensions: 10
[2019-01-02 19:31:12.382] [sharedprocess] [info] Scanned user extensions: 10
[2019-01-02 19:36:12.657] [sharedprocess] [info] Scanned user extensions: 10
[2019-01-02 19:41:12.920] [sharedprocess] [info] Scanned user extensions: 10
[2019-01-02 19:46:13.182] [sharedprocess] [info] Scanned user extensions: 10
[2019-01-02 19:51:13.456] [sharedprocess] [info] Scanned user extensions: 10
[2019-01-02 19:56:13.729] [sharedprocess] [info] Scanned user extensions: 10
[2019-01-02 20:01:14.002] [sharedprocess] [info] Scanned user extensions: 10
[2019-01-02 20:06:14.265] [sharedprocess] [info] Scanned user extensions: 10
[2019-01-02 20:11:14.527] [sharedprocess] [info] Scanned user extensions: 10
[2019-01-02 20:16:15.143] [sharedprocess] [info] Scanned user extensions: 10
[2019-01-02 20:21:15.356] [sharedprocess] [info] Scanned user extensions: 10
[2019-01-02 20:26:15.572] [sharedprocess] [info] Scanned user extensions: 10
[2019-01-02 20:31:16.076] [sharedprocess] [info] Scanned user extensions: 10
[2019-01-02 20:36:16.126] [sharedprocess] [info] Scanned user extensions: 10
[2019-01-02 20:41:16.337] [sharedprocess] [info] Scanned user extensions: 10
[2019-01-02 20:46:16.605] [sharedprocess] [info] Scanned user extensions: 10
[2019-01-02 20:51:17.184] [sharedprocess] [info] Scanned user extensions: 10
[2019-01-02 20:56:17.432] [sharedprocess] [info] Scanned user extensions: 10
[2019-01-02 21:01:17.652] [sharedprocess] [info] Scanned user extensions: 10
[2019-01-02 21:06:18.481] [sharedprocess] [info] Scanned user extensions: 10
[2019-01-02 21:11:18.688] [sharedprocess] [info] Scanned user extensions: 10
[2019-01-02 21:16:18.945] [sharedprocess] [info] Scanned user extensions: 10
[2019-01-02 21:21:19.213] [sharedprocess] [info] Scanned user extensions: 10
[2019-01-02 21:26:19.471] [sharedprocess] [info] Scanned user extensions: 10
[2019-01-02 21:31:19.824] [sharedprocess] [info] Scanned user extensions: 10
[2019-01-02 21:36:20.044] [sharedprocess] [info] Scanned user extensions: 10
[2019-01-02 21:41:20.262] [sharedprocess] [info] Scanned user extensions: 10
[2019-01-02 21:46:20.480] [sharedprocess] [info] Scanned user extensions: 10
[2019-01-02 21:51:20.718] [sharedprocess] [info] Scanned user extensions: 10
[2019-01-02 21:56:20.981] [sharedprocess] [info] Scanned user extensions: 10
[2019-01-02 22:01:21.488] [sharedprocess] [info] Scanned user extensions: 10
[2019-01-02 22:06:22.394] [sharedprocess] [info] Scanned user extensions: 10
