[2018-12-31 13:48:18.096] [sharedprocess] [info] main {"machineId":"2874dcb24bd3f95072508b49f859125c01294f3f743fdd1b4cb5fd767f080b33"}
[2018-12-31 13:48:18.798] [sharedprocess] [info] Scanned user extensions: 10
[2018-12-31 13:48:21.664] [sharedprocess] [info] Deleted from disk eamodio.gitlens-9.2.3
[2018-12-31 13:48:27.121] [sharedprocess] [info] Scanned system extensions: 71
[2018-12-31 13:48:27.750] [sharedprocess] [info] Scanned user extensions: 10
[2018-12-31 13:48:27.751] [sharedprocess] [info] Scanned user extensions: 10
[2018-12-31 13:48:28.206] [sharedprocess] [info] Scanned user extensions: 10
[2018-12-31 13:48:30.957] [sharedprocess] [info] Deleted from disk octref.vetur-0.14.3
[2018-12-31 13:48:30.959] [sharedprocess] [info] Scanned system extensions: 71
[2018-12-31 13:48:30.970] [sharedprocess] [info] Scanned system extensions: 71
[2018-12-31 13:48:58.109] [sharedprocess] [info] Starting to clean up unused language packs.
[2018-12-31 13:53:28.250] [sharedprocess] [info] Scanned user extensions: 10
[2018-12-31 13:58:28.295] [sharedprocess] [info] Scanned user extensions: 10
[2018-12-31 14:03:18.285] [sharedprocess] [info] Scanned user extensions: 10
[2018-12-31 14:03:18.344] [sharedprocess] [info] Scanned system extensions: 71
[2018-12-31 14:03:18.526] [sharedprocess] [info] Scanned user extensions: 10
[2018-12-31 14:03:18.593] [sharedprocess] [info] Scanned system extensions: 71
[2018-12-31 14:03:19.360] [sharedprocess] [info] Scanned user extensions: 10
[2018-12-31 14:08:19.723] [sharedprocess] [info] Scanned user extensions: 10
[2018-12-31 14:13:20.088] [sharedprocess] [info] Scanned user extensions: 10
[2018-12-31 14:18:20.414] [sharedprocess] [info] Scanned user extensions: 10
[2018-12-31 14:23:20.800] [sharedprocess] [info] Scanned user extensions: 10
[2018-12-31 14:28:21.167] [sharedprocess] [info] Scanned user extensions: 10
[2018-12-31 14:33:21.552] [sharedprocess] [info] Scanned user extensions: 10
[2018-12-31 14:38:22.247] [sharedprocess] [info] Scanned user extensions: 10
[2018-12-31 14:43:22.617] [sharedprocess] [info] Scanned user extensions: 10
[2018-12-31 14:48:23.493] [sharedprocess] [info] Scanned user extensions: 10
[2018-12-31 14:53:23.873] [sharedprocess] [info] Scanned user extensions: 10
[2018-12-31 14:58:24.291] [sharedprocess] [info] Scanned user extensions: 10
[2018-12-31 15:03:25.116] [sharedprocess] [info] Scanned user extensions: 10
[2018-12-31 15:08:26.075] [sharedprocess] [info] Scanned user extensions: 10
[2018-12-31 15:13:26.604] [sharedprocess] [info] Scanned user extensions: 10
[2018-12-31 15:18:27.054] [sharedprocess] [info] Scanned user extensions: 10
[2018-12-31 15:23:27.508] [sharedprocess] [info] Scanned user extensions: 10
[2018-12-31 15:28:27.857] [sharedprocess] [info] Scanned user extensions: 10
[2018-12-31 15:33:28.250] [sharedprocess] [info] Scanned user extensions: 10
[2018-12-31 15:38:29.280] [sharedprocess] [info] Scanned user extensions: 10
[2018-12-31 15:43:29.718] [sharedprocess] [info] Scanned user extensions: 10
[2018-12-31 15:48:30.579] [sharedprocess] [info] Scanned user extensions: 10
[2018-12-31 15:53:31.582] [sharedprocess] [info] Scanned user extensions: 10
[2018-12-31 15:58:31.992] [sharedprocess] [info] Scanned user extensions: 10
[2018-12-31 16:03:32.441] [sharedprocess] [info] Scanned user extensions: 10
[2018-12-31 16:08:32.817] [sharedprocess] [info] Scanned user extensions: 10
[2018-12-31 16:13:33.232] [sharedprocess] [info] Scanned user extensions: 10
[2018-12-31 16:18:33.637] [sharedprocess] [info] Scanned user extensions: 10
