Initializing document watcher...
Rebuilding config map...
plastimar-app/client/src/components/Popup.vue: Using EditorConfig core...
Detected change in configuration: {}
plastimar-app/client/src/components/Popup.vue: {"insertSpaces":true,"tabSize":2}
plastimar-app/client/src/components/firebaseConfig.js: Using EditorConfig core...
plastimar-app/client/src/components/firebaseConfig.js: {"insertSpaces":true,"tabSize":2}
plastimar-app/client/src/components/Popup.vue: Applying configuration map...
plastimar-app/client/src/components/Popup.vue: {"insertSpaces":true,"tabSize":2}
plastimar-app/client/src/views/Login.vue: Using EditorConfig core...
plastimar-app/client/src/views/Login.vue: {"insertSpaces":true,"tabSize":2}
plastimar-app/client/src/components/Navbar.vue: Using EditorConfig core...
plastimar-app/client/src/components/Navbar.vue: {"insertSpaces":true,"tabSize":2}
plastimar-app/client/src/components/Popup.vue: Applying configuration map...
plastimar-app/client/src/components/Popup.vue: {"insertSpaces":true,"tabSize":2}
plastimar-app/client/src/views/Login.vue: Applying configuration map...
plastimar-app/client/src/views/Login.vue: {"insertSpaces":true,"tabSize":2}
plastimar-app/client/src/views/Dashboard.vue: Using EditorConfig core...
plastimar-app/client/src/views/Dashboard.vue: {"insertSpaces":true,"tabSize":2}
plastimar-app/client/src/views/Login.vue: Applying configuration map...
plastimar-app/client/src/views/Login.vue: {"insertSpaces":true,"tabSize":2}
client/src/views/Login.vue: editor.action.trimTrailingWhitespace
client/src/views/Login.vue: editor.action.trimTrailingWhitespace
plastimar-app/client/src/views/Dashboard.vue: Applying configuration map...
plastimar-app/client/src/views/Dashboard.vue: {"insertSpaces":true,"tabSize":2}
plastimar-app/client/src/components/Popup.vue: Applying configuration map...
plastimar-app/client/src/components/Popup.vue: {"insertSpaces":true,"tabSize":2}
client/src/components/Popup.vue: editor.action.trimTrailingWhitespace
client/src/components/Popup.vue: editor.action.trimTrailingWhitespace
client/src/components/Popup.vue: editor.action.trimTrailingWhitespace
client/src/components/Popup.vue: editor.action.trimTrailingWhitespace
client/src/components/Popup.vue: editor.action.trimTrailingWhitespace
client/src/components/Popup.vue: editor.action.trimTrailingWhitespace
client/src/components/Popup.vue: editor.action.trimTrailingWhitespace
client/src/components/Popup.vue: editor.action.trimTrailingWhitespace
client/src/components/Popup.vue: editor.action.trimTrailingWhitespace
client/src/components/Popup.vue: editor.action.trimTrailingWhitespace
plastimar-app/client/src/views/Dashboard.vue: Applying configuration map...
plastimar-app/client/src/views/Dashboard.vue: {"insertSpaces":true,"tabSize":2}
plastimar-app/client/src/components/Popup.vue: Applying configuration map...
plastimar-app/client/src/components/Popup.vue: {"insertSpaces":true,"tabSize":2}
plastimar-app/client/src/views/Dashboard.vue: Applying configuration map...
plastimar-app/client/src/views/Dashboard.vue: {"insertSpaces":true,"tabSize":2}
plastimar-app/client/src/components/Popup.vue: Applying configuration map...
plastimar-app/client/src/components/Popup.vue: {"insertSpaces":true,"tabSize":2}
client/src/components/Popup.vue: editor.action.trimTrailingWhitespace
client/src/components/Popup.vue: editor.action.trimTrailingWhitespace
client/src/components/Popup.vue: editor.action.trimTrailingWhitespace
client/src/components/Popup.vue: editor.action.trimTrailingWhitespace
client/src/components/Popup.vue: editor.action.trimTrailingWhitespace
client/src/components/Popup.vue: editor.action.trimTrailingWhitespace
client/src/components/Popup.vue: editor.action.trimTrailingWhitespace
client/src/components/Popup.vue: editor.action.trimTrailingWhitespace
client/src/components/Popup.vue: editor.action.trimTrailingWhitespace
client/src/components/Popup.vue: editor.action.trimTrailingWhitespace
client/src/components/Popup.vue: editor.action.trimTrailingWhitespace
client/src/components/Popup.vue: editor.action.trimTrailingWhitespace
client/src/components/Popup.vue: editor.action.trimTrailingWhitespace
client/src/components/Popup.vue: editor.action.trimTrailingWhitespace
client/src/components/Popup.vue: editor.action.trimTrailingWhitespace
client/src/components/Popup.vue: editor.action.trimTrailingWhitespace
client/src/components/Popup.vue: editor.action.trimTrailingWhitespace
client/src/components/Popup.vue: editor.action.trimTrailingWhitespace
client/src/components/Popup.vue: editor.action.trimTrailingWhitespace
client/src/components/Popup.vue: editor.action.trimTrailingWhitespace
client/src/components/Popup.vue: editor.action.trimTrailingWhitespace
client/src/components/Popup.vue: editor.action.trimTrailingWhitespace
client/src/components/Popup.vue: editor.action.trimTrailingWhitespace
client/src/components/Popup.vue: editor.action.trimTrailingWhitespace
client/src/components/Popup.vue: editor.action.trimTrailingWhitespace
client/src/components/Popup.vue: editor.action.trimTrailingWhitespace
client/src/components/Popup.vue: editor.action.trimTrailingWhitespace
client/src/components/Popup.vue: editor.action.trimTrailingWhitespace
client/src/components/Popup.vue: editor.action.trimTrailingWhitespace
client/src/components/Popup.vue: editor.action.trimTrailingWhitespace
client/src/components/Popup.vue: editor.action.trimTrailingWhitespace
client/src/components/Popup.vue: editor.action.trimTrailingWhitespace
client/src/components/Popup.vue: editor.action.trimTrailingWhitespace
client/src/components/Popup.vue: editor.action.trimTrailingWhitespace
client/src/components/Popup.vue: editor.action.trimTrailingWhitespace
client/src/components/Popup.vue: editor.action.trimTrailingWhitespace
client/src/components/Popup.vue: editor.action.trimTrailingWhitespace
client/src/components/Popup.vue: editor.action.trimTrailingWhitespace
client/src/components/Popup.vue: editor.action.trimTrailingWhitespace
client/src/components/Popup.vue: editor.action.trimTrailingWhitespace
client/src/components/Popup.vue: editor.action.trimTrailingWhitespace
client/src/components/Popup.vue: editor.action.trimTrailingWhitespace
client/src/components/Popup.vue: editor.action.trimTrailingWhitespace
client/src/components/Popup.vue: editor.action.trimTrailingWhitespace
client/src/components/Popup.vue: editor.action.trimTrailingWhitespace
client/src/components/Popup.vue: editor.action.trimTrailingWhitespace
client/src/components/Popup.vue: editor.action.trimTrailingWhitespace
client/src/components/Popup.vue: editor.action.trimTrailingWhitespace
client/src/components/Popup.vue: editor.action.trimTrailingWhitespace
client/src/components/Popup.vue: editor.action.trimTrailingWhitespace
client/src/components/Popup.vue: editor.action.trimTrailingWhitespace
client/src/components/Popup.vue: editor.action.trimTrailingWhitespace
client/src/components/Popup.vue: editor.action.trimTrailingWhitespace
client/src/components/Popup.vue: editor.action.trimTrailingWhitespace
client/src/components/Popup.vue: editor.action.trimTrailingWhitespace
client/src/components/Popup.vue: editor.action.trimTrailingWhitespace
client/src/components/Popup.vue: editor.action.trimTrailingWhitespace
client/src/components/Popup.vue: editor.action.trimTrailingWhitespace
client/src/components/Popup.vue: editor.action.trimTrailingWhitespace
client/src/components/Popup.vue: editor.action.trimTrailingWhitespace
client/src/components/Popup.vue: editor.action.trimTrailingWhitespace
client/src/components/Popup.vue: editor.action.trimTrailingWhitespace
client/src/components/Popup.vue: editor.action.trimTrailingWhitespace
client/src/components/Popup.vue: editor.action.trimTrailingWhitespace
client/src/components/Popup.vue: editor.action.trimTrailingWhitespace
client/src/components/Popup.vue: editor.action.trimTrailingWhitespace
client/src/components/Popup.vue: editor.action.trimTrailingWhitespace
plastimar-app/client/src/components/firebaseInit.js: Using EditorConfig core...
plastimar-app/client/src/components/firebaseInit.js: {"insertSpaces":true,"tabSize":2}
plastimar-app/client/src/components/firebaseConfig.js: Applying configuration map...
plastimar-app/client/src/components/firebaseConfig.js: {"insertSpaces":true,"tabSize":2}
plastimar-app/client/src/main.js: Using EditorConfig core...
plastimar-app/client/src/main.js: {"insertSpaces":true,"tabSize":2}
plastimar-app/client/src/router.js: Using EditorConfig core...
plastimar-app/client/src/router.js: {"insertSpaces":true,"tabSize":2}
plastimar-app/client/src/store.js: Using EditorConfig core...
plastimar-app/client/src/store.js: {"insertSpaces":true,"tabSize":2}
plastimar-app/client/src/views/Dashboard.vue: Applying configuration map...
plastimar-app/client/src/views/Dashboard.vue: {"insertSpaces":true,"tabSize":2}
plastimar-app/client/src/firebaseConfig.js: Using EditorConfig core...
plastimar-app/client/src/firebaseConfig.js: {"insertSpaces":true,"tabSize":2}
plastimar-app/client/src/firebase.js: Using EditorConfig core...
plastimar-app/client/src/firebase.js: {"insertSpaces":true,"tabSize":2}
plastimar-app/client/src/components/firebaseInit.js: Applying configuration map...
plastimar-app/client/src/components/firebaseInit.js: {"insertSpaces":true,"tabSize":2}
plastimar-app/client/src/firebase.js: Applying configuration map...
plastimar-app/client/src/firebase.js: {"insertSpaces":true,"tabSize":2}
plastimar-app/client/src/components/Popup.vue: Applying configuration map...
plastimar-app/client/src/components/Popup.vue: {"insertSpaces":true,"tabSize":2}
plastimar-app/client/src/firebase.js: Applying configuration map...
plastimar-app/client/src/firebase.js: {"insertSpaces":true,"tabSize":2}
client/src/firebase.js: editor.action.trimTrailingWhitespace
client/src/firebase.js: editor.action.trimTrailingWhitespace
client/src/firebase.js: editor.action.trimTrailingWhitespace
client/src/firebase.js: editor.action.trimTrailingWhitespace
client/src/firebase.js: editor.action.trimTrailingWhitespace
client/src/firebase.js: editor.action.trimTrailingWhitespace
client/src/firebase.js: editor.action.trimTrailingWhitespace
client/src/firebase.js: editor.action.trimTrailingWhitespace
client/src/firebase.js: editor.action.trimTrailingWhitespace
client/src/firebase.js: editor.action.trimTrailingWhitespace
client/src/firebase.js: editor.action.trimTrailingWhitespace
client/src/firebase.js: editor.action.trimTrailingWhitespace
client/src/firebase.js: editor.action.trimTrailingWhitespace
client/src/firebase.js: editor.action.trimTrailingWhitespace
client/src/firebase.js: editor.action.trimTrailingWhitespace
client/src/firebase.js: editor.action.trimTrailingWhitespace
client/src/firebase.js: editor.action.trimTrailingWhitespace
plastimar-app/client/src/components/Popup.vue: Applying configuration map...
plastimar-app/client/src/components/Popup.vue: {"insertSpaces":true,"tabSize":2}
client/src/components/Popup.vue: editor.action.trimTrailingWhitespace
client/src/components/Popup.vue: editor.action.trimTrailingWhitespace
client/src/components/Popup.vue: editor.action.trimTrailingWhitespace
plastimar-app/client/src/firebase.js: Applying configuration map...
plastimar-app/client/src/firebase.js: {"insertSpaces":true,"tabSize":2}
client/src/firebase.js: editor.action.trimTrailingWhitespace
plastimar-app/client/src/components/Popup.vue: Applying configuration map...
plastimar-app/client/src/components/Popup.vue: {"insertSpaces":true,"tabSize":2}
client/src/components/Popup.vue: editor.action.trimTrailingWhitespace
client/src/components/Popup.vue: editor.action.trimTrailingWhitespace
client/src/components/Popup.vue: editor.action.trimTrailingWhitespace
client/src/components/Popup.vue: editor.action.trimTrailingWhitespace
client/src/components/Popup.vue: editor.action.trimTrailingWhitespace
client/src/components/Popup.vue: editor.action.trimTrailingWhitespace
client/src/components/Popup.vue: editor.action.trimTrailingWhitespace
client/src/components/Popup.vue: editor.action.trimTrailingWhitespace
client/src/components/Popup.vue: editor.action.trimTrailingWhitespace
client/src/components/Popup.vue: editor.action.trimTrailingWhitespace
client/src/components/Popup.vue: editor.action.trimTrailingWhitespace
client/src/components/Popup.vue: editor.action.trimTrailingWhitespace
client/src/components/Popup.vue: editor.action.trimTrailingWhitespace
client/src/components/Popup.vue: editor.action.trimTrailingWhitespace
client/src/components/Popup.vue: editor.action.trimTrailingWhitespace
client/src/components/Popup.vue: editor.action.trimTrailingWhitespace
client/src/components/Popup.vue: editor.action.trimTrailingWhitespace
client/src/components/Popup.vue: editor.action.trimTrailingWhitespace
client/src/components/Popup.vue: editor.action.trimTrailingWhitespace
client/src/components/Popup.vue: editor.action.trimTrailingWhitespace
client/src/components/Popup.vue: editor.action.trimTrailingWhitespace
client/src/components/Popup.vue: editor.action.trimTrailingWhitespace
client/src/components/Popup.vue: editor.action.trimTrailingWhitespace
client/src/components/Popup.vue: editor.action.trimTrailingWhitespace
client/src/components/Popup.vue: editor.action.trimTrailingWhitespace
client/src/components/Popup.vue: editor.action.trimTrailingWhitespace
client/src/components/Popup.vue: editor.action.trimTrailingWhitespace
plastimar-app/client/src/components/Navbar.vue: Applying configuration map...
plastimar-app/client/src/components/Navbar.vue: {"insertSpaces":true,"tabSize":2}
client/src/components/Navbar.vue: editor.action.trimTrailingWhitespace
client/src/components/Navbar.vue: editor.action.trimTrailingWhitespace
client/src/components/Navbar.vue: editor.action.trimTrailingWhitespace
client/src/components/Navbar.vue: editor.action.trimTrailingWhitespace
client/src/components/Navbar.vue: editor.action.trimTrailingWhitespace
client/src/components/Navbar.vue: editor.action.trimTrailingWhitespace
client/src/components/Navbar.vue: editor.action.trimTrailingWhitespace
client/src/components/Navbar.vue: editor.action.trimTrailingWhitespace
client/src/components/Navbar.vue: editor.action.trimTrailingWhitespace
client/src/components/Navbar.vue: editor.action.trimTrailingWhitespace
client/src/components/Navbar.vue: editor.action.trimTrailingWhitespace
client/src/components/Navbar.vue: editor.action.trimTrailingWhitespace
client/src/components/Navbar.vue: editor.action.trimTrailingWhitespace
client/src/components/Navbar.vue: editor.action.trimTrailingWhitespace
client/src/components/Navbar.vue: editor.action.trimTrailingWhitespace
client/src/components/Navbar.vue: editor.action.trimTrailingWhitespace
client/src/components/Navbar.vue: editor.action.trimTrailingWhitespace
client/src/components/Navbar.vue: editor.action.trimTrailingWhitespace
client/src/components/Navbar.vue: editor.action.trimTrailingWhitespace
client/src/components/Navbar.vue: editor.action.trimTrailingWhitespace
plastimar-app/client/src/components/Popup.vue: Applying configuration map...
plastimar-app/client/src/components/Popup.vue: {"insertSpaces":true,"tabSize":2}
client/src/components/Popup.vue: editor.action.trimTrailingWhitespace
client/src/components/Popup.vue: editor.action.trimTrailingWhitespace
client/src/components/Popup.vue: editor.action.trimTrailingWhitespace
plastimar-app/client/src/components/Navbar.vue: Applying configuration map...
plastimar-app/client/src/components/Navbar.vue: {"insertSpaces":true,"tabSize":2}
plastimar-app/client/src/views/Dashboard.vue: Applying configuration map...
plastimar-app/client/src/views/Dashboard.vue: {"insertSpaces":true,"tabSize":2}
client/src/views/Dashboard.vue: editor.action.trimTrailingWhitespace
client/src/views/Dashboard.vue: editor.action.trimTrailingWhitespace
client/src/views/Dashboard.vue: editor.action.trimTrailingWhitespace
plastimar-app/client/src/components/Navbar.vue: Applying configuration map...
plastimar-app/client/src/components/Navbar.vue: {"insertSpaces":true,"tabSize":2}
plastimar-app/client/src/views/Dashboard.vue: Applying configuration map...
plastimar-app/client/src/views/Dashboard.vue: {"insertSpaces":true,"tabSize":2}
plastimar-app/client/src/components/Navbar.vue: Applying configuration map...
plastimar-app/client/src/components/Navbar.vue: {"insertSpaces":true,"tabSize":2}
plastimar-app/client/src/views/Dashboard.vue: Applying configuration map...
plastimar-app/client/src/views/Dashboard.vue: {"insertSpaces":true,"tabSize":2}
client/src/components/Navbar.vue: trimTrailingWhitespace()
client/src/views/Dashboard.vue: editor.action.trimTrailingWhitespace
plastimar-app/client/src/components/Navbar.vue: Applying configuration map...
plastimar-app/client/src/components/Navbar.vue: {"insertSpaces":true,"tabSize":2}
plastimar-app/client/src/views/Dashboard.vue: Applying configuration map...
plastimar-app/client/src/views/Dashboard.vue: {"insertSpaces":true,"tabSize":2}
client/src/views/Dashboard.vue: editor.action.trimTrailingWhitespace
client/src/views/Dashboard.vue: editor.action.trimTrailingWhitespace
client/src/views/Dashboard.vue: editor.action.trimTrailingWhitespace
plastimar-app/client/src/components/Popup.vue: Applying configuration map...
plastimar-app/client/src/components/Popup.vue: {"insertSpaces":true,"tabSize":2}
client/src/components/Popup.vue: editor.action.trimTrailingWhitespace
client/src/views/Dashboard.vue: trimTrailingWhitespace()
plastimar-app/client/src/views/Dashboard.vue: Applying configuration map...
plastimar-app/client/src/views/Dashboard.vue: {"insertSpaces":true,"tabSize":2}
client/src/views/Dashboard.vue: editor.action.trimTrailingWhitespace
client/src/views/Dashboard.vue: editor.action.trimTrailingWhitespace
client/src/views/Dashboard.vue: editor.action.trimTrailingWhitespace
client/src/views/Dashboard.vue: editor.action.trimTrailingWhitespace
client/src/views/Dashboard.vue: editor.action.trimTrailingWhitespace
client/src/views/Dashboard.vue: editor.action.trimTrailingWhitespace
client/src/views/Dashboard.vue: editor.action.trimTrailingWhitespace
client/src/views/Dashboard.vue: editor.action.trimTrailingWhitespace
client/src/views/Dashboard.vue: editor.action.trimTrailingWhitespace
client/src/views/Dashboard.vue: editor.action.trimTrailingWhitespace
client/src/views/Dashboard.vue: editor.action.trimTrailingWhitespace
client/src/views/Dashboard.vue: editor.action.trimTrailingWhitespace
client/src/views/Dashboard.vue: editor.action.trimTrailingWhitespace
client/src/views/Dashboard.vue: editor.action.trimTrailingWhitespace
client/src/views/Dashboard.vue: editor.action.trimTrailingWhitespace
client/src/views/Dashboard.vue: editor.action.trimTrailingWhitespace
client/src/views/Dashboard.vue: editor.action.trimTrailingWhitespace
client/src/views/Dashboard.vue: editor.action.trimTrailingWhitespace
client/src/views/Dashboard.vue: editor.action.trimTrailingWhitespace
client/src/views/Dashboard.vue: editor.action.trimTrailingWhitespace
client/src/views/Dashboard.vue: editor.action.trimTrailingWhitespace
client/src/views/Dashboard.vue: editor.action.trimTrailingWhitespace
client/src/views/Dashboard.vue: editor.action.trimTrailingWhitespace
client/src/views/Dashboard.vue: editor.action.trimTrailingWhitespace
client/src/views/Dashboard.vue: editor.action.trimTrailingWhitespace
client/src/views/Dashboard.vue: editor.action.trimTrailingWhitespace
client/src/views/Dashboard.vue: editor.action.trimTrailingWhitespace
client/src/views/Dashboard.vue: editor.action.trimTrailingWhitespace
client/src/views/Dashboard.vue: editor.action.trimTrailingWhitespace
client/src/views/Dashboard.vue: editor.action.trimTrailingWhitespace
plastimar-app/client/src/views/Projects.vue: Using EditorConfig core...
plastimar-app/client/src/views/Projects.vue: {"insertSpaces":true,"tabSize":2}
client/src/views/Projects.vue: editor.action.trimTrailingWhitespace
client/src/views/Projects.vue: editor.action.trimTrailingWhitespace
client/src/views/Projects.vue: editor.action.trimTrailingWhitespace
client/src/views/Projects.vue: editor.action.trimTrailingWhitespace
plastimar-app/client/src/components/Popup.vue: Applying configuration map...
plastimar-app/client/src/components/Popup.vue: {"insertSpaces":true,"tabSize":2}
client/src/components/Popup.vue: editor.action.trimTrailingWhitespace
