[2019-01-03 01:22:54:701] git — -c, core.quotepath=false, -c, color.ui=false, blame, --root, --incremental, --, public/index.html,   cwd='/home/blackblex/Documentos/node-apps/plastimar-app/client'

  
Error: fatal: no such ref: HEAD

[2019-01-03 01:23:26:013] git — -c, core.quotepath=false, -c, color.ui=false, blame, --root, --incremental, --, public/index.html,   cwd='/home/blackblex/Documentos/node-apps/plastimar-app/client'

  
Error: fatal: no such ref: HEAD

[2019-01-03 01:25:20:598] git — -c, core.quotepath=false, -c, color.ui=false, blame, --root, --incremental, --, src/views/Home.vue,   cwd='/home/blackblex/Documentos/node-apps/plastimar-app/client'

  
Error: fatal: no such ref: HEAD

[2019-01-03 01:25:33:955] git — -c, core.quotepath=false, -c, color.ui=false, blame, --root, --incremental, --, src/views/Home.vue,   cwd='/home/blackblex/Documentos/node-apps/plastimar-app/client'

  
Error: fatal: no such ref: HEAD

[2019-01-03 01:26:06:573] git — -c, core.quotepath=false, -c, color.ui=false, blame, --root, --incremental, --, src/views/Home.vue,   cwd='/home/blackblex/Documentos/node-apps/plastimar-app/client'

  
Error: fatal: no such ref: HEAD

[2019-01-03 01:28:16:864] git — -c, core.quotepath=false, -c, color.ui=false, blame, --root, --incremental, --, src/components/HelloWorld.vue,   cwd='/home/blackblex/Documentos/node-apps/plastimar-app/client'

  
Error: fatal: no such ref: HEAD

[2019-01-03 01:28:24:914] git — -c, core.quotepath=false, -c, color.ui=false, blame, --root, --incremental, --, src/views/About.vue,   cwd='/home/blackblex/Documentos/node-apps/plastimar-app/client'

  
Error: fatal: no such ref: HEAD

[2019-01-03 01:28:35:639] git — -c, core.quotepath=false, -c, color.ui=false, blame, --root, --incremental, --contents, -, --, src/views/Home.vue,   cwd='/home/blackblex/Documentos/node-apps/plastimar-app/client'

  
Error: fatal: no such ref: HEAD

[2019-01-03 01:28:47:825] git — -c, core.quotepath=false, -c, color.ui=false, blame, --root, --incremental, --contents, -, --, src/views/Home.vue,   cwd='/home/blackblex/Documentos/node-apps/plastimar-app/client'

  
Error: fatal: no such ref: HEAD

[2019-01-03 01:28:51:976] git — -c, core.quotepath=false, -c, color.ui=false, blame, --root, --incremental, --contents, -, --, src/views/Home.vue,   cwd='/home/blackblex/Documentos/node-apps/plastimar-app/client'

  
Error: fatal: no such ref: HEAD

[2019-01-03 01:28:52:979] git — -c, core.quotepath=false, -c, color.ui=false, blame, --root, --incremental, --, src/views/Home.vue,   cwd='/home/blackblex/Documentos/node-apps/plastimar-app/client'

  
Error: fatal: no such ref: HEAD

[2019-01-03 01:29:05:576] git — -c, core.quotepath=false, -c, color.ui=false, blame, --root, --incremental, --, src/views/Home.vue,   cwd='/home/blackblex/Documentos/node-apps/plastimar-app/client'

  
Error: fatal: no such ref: HEAD

[2019-01-03 01:29:21:451] git — -c, core.quotepath=false, -c, color.ui=false, blame, --root, --incremental, --, src/views/Home.vue,   cwd='/home/blackblex/Documentos/node-apps/plastimar-app/client'

  
Error: fatal: no such ref: HEAD

[2019-01-03 01:29:37:672] git — -c, core.quotepath=false, -c, color.ui=false, blame, --root, --incremental, --contents, -, --, src/views/Home.vue,   cwd='/home/blackblex/Documentos/node-apps/plastimar-app/client'

  
Error: fatal: no such ref: HEAD

[2019-01-03 01:29:41:091] git — -c, core.quotepath=false, -c, color.ui=false, blame, --root, --incremental, --contents, -, --, src/views/Home.vue,   cwd='/home/blackblex/Documentos/node-apps/plastimar-app/client'

  
Error: fatal: no such ref: HEAD

[2019-01-03 01:29:44:139] git — -c, core.quotepath=false, -c, color.ui=false, blame, --root, --incremental, --, src/views/Home.vue,   cwd='/home/blackblex/Documentos/node-apps/plastimar-app/client'

  
Error: fatal: no such ref: HEAD

[2019-01-03 01:29:51:179] git — -c, core.quotepath=false, -c, color.ui=false, blame, --root, --incremental, --, src/views/Home.vue,   cwd='/home/blackblex/Documentos/node-apps/plastimar-app/client'

  
Error: fatal: no such ref: HEAD

[2019-01-03 01:33:41:917] git — -c, core.quotepath=false, -c, color.ui=false, blame, --root, --incremental, --, src/views/Home.vue,   cwd='/home/blackblex/Documentos/node-apps/plastimar-app/client'

  
Error: fatal: no such ref: HEAD

[2019-01-03 01:33:56:971] git — -c, core.quotepath=false, -c, color.ui=false, blame, --root, --incremental, --, src/App.vue,   cwd='/home/blackblex/Documentos/node-apps/plastimar-app/client'

  
Error: fatal: no such ref: HEAD

[2019-01-03 01:34:19:287] git — -c, core.quotepath=false, -c, color.ui=false, blame, --root, --incremental, --contents, -, --, src/App.vue,   cwd='/home/blackblex/Documentos/node-apps/plastimar-app/client'

  
Error: fatal: no such ref: HEAD

[2019-01-03 01:34:20:251] git — -c, core.quotepath=false, -c, color.ui=false, blame, --root, --incremental, --contents, -, --, src/App.vue,   cwd='/home/blackblex/Documentos/node-apps/plastimar-app/client'

  
Error: fatal: no such ref: HEAD

[2019-01-03 01:34:43:129] git — -c, core.quotepath=false, -c, color.ui=false, blame, --root, --incremental, --, src/views/Home.vue,   cwd='/home/blackblex/Documentos/node-apps/plastimar-app/client'

  
Error: fatal: no such ref: HEAD

[2019-01-03 01:34:46:552] git — -c, core.quotepath=false, -c, color.ui=false, blame, --root, --incremental, --, src/App.vue,   cwd='/home/blackblex/Documentos/node-apps/plastimar-app/client'

  
Error: fatal: no such ref: HEAD

[2019-01-03 01:34:54:127] git — -c, core.quotepath=false, -c, color.ui=false, blame, --root, --incremental, --, src/App.vue,   cwd='/home/blackblex/Documentos/node-apps/plastimar-app/client'

  
Error: fatal: no such ref: HEAD

[2019-01-03 01:35:07:779] git — -c, core.quotepath=false, -c, color.ui=false, blame, --root, --incremental, --, src/App.vue,   cwd='/home/blackblex/Documentos/node-apps/plastimar-app/client'

  
Error: fatal: no such ref: HEAD

[2019-01-03 01:35:14:135] git — -c, core.quotepath=false, -c, color.ui=false, blame, --root, --incremental, --, src/App.vue,   cwd='/home/blackblex/Documentos/node-apps/plastimar-app/client'

  
Error: fatal: no such ref: HEAD

[2019-01-03 01:35:19:228] git — -c, core.quotepath=false, -c, color.ui=false, blame, --root, --incremental, --, src/App.vue,   cwd='/home/blackblex/Documentos/node-apps/plastimar-app/client'

  
Error: fatal: no such ref: HEAD

[2019-01-03 01:37:29:732] git — -c, core.quotepath=false, -c, color.ui=false, blame, --root, --incremental, --, src/App.vue,   cwd='/home/blackblex/Documentos/node-apps/plastimar-app/client'

  
Error: fatal: no such ref: HEAD

[2019-01-03 01:37:38:512] git — -c, core.quotepath=false, -c, color.ui=false, blame, --root, --incremental, --, src/App.vue,   cwd='/home/blackblex/Documentos/node-apps/plastimar-app/client'

  
Error: fatal: no such ref: HEAD

[2019-01-03 01:38:21:560] git — -c, core.quotepath=false, -c, color.ui=false, blame, --root, --incremental, --, src/App.vue,   cwd='/home/blackblex/Documentos/node-apps/plastimar-app/client'

  
Error: fatal: no such ref: HEAD

[2019-01-03 01:38:47:203] git — -c, core.quotepath=false, -c, color.ui=false, blame, --root, --incremental, --, src/views/Home.vue,   cwd='/home/blackblex/Documentos/node-apps/plastimar-app/client'

  
Error: fatal: no such ref: HEAD

[2019-01-03 01:38:56:927] git — -c, core.quotepath=false, -c, color.ui=false, blame, --root, --incremental, --, src/views/Home.vue,   cwd='/home/blackblex/Documentos/node-apps/plastimar-app/client'

  
Error: fatal: no such ref: HEAD

[2019-01-03 01:39:04:121] git — -c, core.quotepath=false, -c, color.ui=false, blame, --root, --incremental, --, src/views/Home.vue,   cwd='/home/blackblex/Documentos/node-apps/plastimar-app/client'

  
Error: fatal: no such ref: HEAD

[2019-01-03 01:49:31:755] git — -c, core.quotepath=false, -c, color.ui=false, blame, --root, --incremental, --, src/App.vue,   cwd='/home/blackblex/Documentos/node-apps/plastimar-app/client'

  
Error: fatal: no such ref: HEAD

[2019-01-03 03:56:59:097] git — -c, core.quotepath=false, -c, color.ui=false, blame, --root, --incremental, --, src/router.js,   cwd='/home/blackblex/Documentos/node-apps/plastimar-app/client'

  
Error: fatal: no such ref: HEAD

[2019-01-03 03:57:10:621] git — -c, core.quotepath=false, -c, color.ui=false, blame, --root, --incremental, --contents, -, --, src/router.js,   cwd='/home/blackblex/Documentos/node-apps/plastimar-app/client'

  
Error: fatal: no such ref: HEAD

[2019-01-03 03:57:25:975] git — -c, core.quotepath=false, -c, color.ui=false, blame, --root, --incremental, --contents, -, --, src/router.js,   cwd='/home/blackblex/Documentos/node-apps/plastimar-app/client'

  
Error: fatal: no such ref: HEAD

[2019-01-03 03:57:33:764] git — -c, core.quotepath=false, -c, color.ui=false, blame, --root, --incremental, --contents, -, --, src/router.js,   cwd='/home/blackblex/Documentos/node-apps/plastimar-app/client'

  
Error: fatal: no such ref: HEAD

[2019-01-03 03:57:34:838] git — -c, core.quotepath=false, -c, color.ui=false, blame, --root, --incremental, --contents, -, --, src/router.js,   cwd='/home/blackblex/Documentos/node-apps/plastimar-app/client'

  
Error: fatal: no such ref: HEAD

[2019-01-03 03:57:54:528] git — -c, core.quotepath=false, -c, color.ui=false, blame, --root, --incremental, --, src/router.js,   cwd='/home/blackblex/Documentos/node-apps/plastimar-app/client'

  
Error: fatal: no such ref: HEAD

[2019-01-03 03:58:07:090] git — -c, core.quotepath=false, -c, color.ui=false, blame, --root, --incremental, --, src/router.js,   cwd='/home/blackblex/Documentos/node-apps/plastimar-app/client'

  
Error: fatal: no such ref: HEAD

[2019-01-03 03:58:45:638] git — -c, core.quotepath=false, -c, color.ui=false, blame, --root, --incremental, --contents, -, --, src/router.js,   cwd='/home/blackblex/Documentos/node-apps/plastimar-app/client'

  
Error: fatal: no such ref: HEAD

[2019-01-03 03:58:50:252] git — -c, core.quotepath=false, -c, color.ui=false, blame, --root, --incremental, --, src/views/About.vue,   cwd='/home/blackblex/Documentos/node-apps/plastimar-app/client'

  
Error: fatal: no such ref: HEAD

[2019-01-03 03:59:37:129] git — -c, core.quotepath=false, -c, color.ui=false, blame, --root, --incremental, --, src/router.js,   cwd='/home/blackblex/Documentos/node-apps/plastimar-app/client'

  
Error: fatal: no such ref: HEAD

[2019-01-03 03:59:50:696] git — -c, core.quotepath=false, -c, color.ui=false, blame, --root, --incremental, --, src/router.js,   cwd='/home/blackblex/Documentos/node-apps/plastimar-app/client'

  
Error: fatal: no such ref: HEAD

[2019-01-03 04:00:02:592] git — -c, core.quotepath=false, -c, color.ui=false, blame, --root, --incremental, --, src/views/Home.vue,   cwd='/home/blackblex/Documentos/node-apps/plastimar-app/client'

  
Error: fatal: no such ref: HEAD

