[2018-12-28 11:23:49.253] [sharedprocess] [info] main {"machineId":"2874dcb24bd3f95072508b49f859125c01294f3f743fdd1b4cb5fd767f080b33"}
[2018-12-28 11:23:50.523] [sharedprocess] [info] Scanned user extensions: 10
[2018-12-28 11:23:50.530] [sharedprocess] [info] Scanned user extensions: 10
[2018-12-28 11:23:50.533] [sharedprocess] [info] Scanned user extensions: 10
[2018-12-28 11:23:50.534] [sharedprocess] [info] Scanned user extensions: 10
[2018-12-28 11:23:50.816] [sharedprocess] [info] Scanned system extensions: 71
[2018-12-28 11:23:50.817] [sharedprocess] [info] Scanned system extensions: 71
[2018-12-28 11:23:50.831] [sharedprocess] [info] Scanned system extensions: 71
[2018-12-28 11:23:52.129] [sharedprocess] [info] Installing extension: gitlens
[2018-12-28 11:23:52.130] [sharedprocess] [info] Installing extension: vetur
[2018-12-28 11:23:52.151] [sharedprocess] [info] Scanned user extensions: 10
[2018-12-28 11:23:52.162] [sharedprocess] [info] Scanned user extensions: 10
[2018-12-28 11:23:52.929] [sharedprocess] [info] Downloaded extension: gitlens /tmp/9e275931-5b13-4d35-a007-4b9759d2947a
[2018-12-28 11:23:53.881] [sharedprocess] [info] Extracted extension to /home/blackblex/.vscode/extensions/.eamodio.gitlens-9.2.4: eamodio.gitlens-9.2.4
[2018-12-28 11:23:53.881] [sharedprocess] [info] Renamed to /home/blackblex/.vscode/extensions/eamodio.gitlens-9.2.4
[2018-12-28 11:23:53.890] [sharedprocess] [info] Installation completed. eamodio.gitlens-9.2.4
[2018-12-28 11:23:54.042] [sharedprocess] [info] Extensions installed successfully: eamodio.gitlens
[2018-12-28 11:23:55.532] [sharedprocess] [info] Scanned user extensions: 10
[2018-12-28 11:23:55.541] [sharedprocess] [info] Scanned user extensions: 10
[2018-12-28 11:23:55.547] [sharedprocess] [info] Scanned user extensions: 10
[2018-12-28 11:23:55.552] [sharedprocess] [info] Scanned user extensions: 10
[2018-12-28 11:23:55.620] [sharedprocess] [info] Scanned system extensions: 71
[2018-12-28 11:23:55.628] [sharedprocess] [info] Scanned system extensions: 71
[2018-12-28 11:23:55.635] [sharedprocess] [info] Scanned system extensions: 71
[2018-12-28 11:24:03.524] [sharedprocess] [info] Downloaded extension: vetur /tmp/f898e6bb-d1d4-4d84-a8bb-6f665212b755
[2018-12-28 11:24:20.727] [sharedprocess] [info] Extracted extension to /home/blackblex/.vscode/extensions/.octref.vetur-0.14.4: octref.vetur-0.14.4
[2018-12-28 11:24:20.728] [sharedprocess] [info] Renamed to /home/blackblex/.vscode/extensions/octref.vetur-0.14.4
[2018-12-28 11:24:20.730] [sharedprocess] [info] Installation completed. octref.vetur-0.14.4
[2018-12-28 11:24:21.265] [sharedprocess] [info] Extensions installed successfully: octref.vetur
[2018-12-28 11:24:29.259] [sharedprocess] [info] Starting to clean up unused language packs.
[2018-12-28 11:27:05.264] [sharedprocess] [info] Scanned user extensions: 10
[2018-12-28 11:27:05.268] [sharedprocess] [info] Scanned user extensions: 10
[2018-12-28 11:27:05.268] [sharedprocess] [info] Scanned user extensions: 10
[2018-12-28 11:27:05.369] [sharedprocess] [info] Scanned system extensions: 71
[2018-12-28 11:27:05.377] [sharedprocess] [info] Scanned system extensions: 71
[2018-12-28 11:27:05.385] [sharedprocess] [info] Scanned system extensions: 71
[2018-12-28 11:27:12.202] [sharedprocess] [info] Scanned user extensions: 10
[2018-12-28 11:27:12.215] [sharedprocess] [info] Scanned user extensions: 10
[2018-12-28 11:27:12.232] [sharedprocess] [info] Scanned user extensions: 10
[2018-12-28 11:27:12.243] [sharedprocess] [info] Scanned user extensions: 10
[2018-12-28 11:27:12.249] [sharedprocess] [info] Scanned user extensions: 10
[2018-12-28 11:27:12.336] [sharedprocess] [info] Scanned user extensions: 10
[2018-12-28 11:27:12.393] [sharedprocess] [info] Scanned system extensions: 71
[2018-12-28 11:27:12.405] [sharedprocess] [info] Scanned system extensions: 71
[2018-12-28 11:27:12.413] [sharedprocess] [info] Scanned system extensions: 71
[2018-12-28 11:27:12.420] [sharedprocess] [info] Scanned system extensions: 71
[2018-12-28 11:28:04.738] [sharedprocess] [info] Scanned user extensions: 10
[2018-12-28 11:28:04.773] [sharedprocess] [info] Scanned system extensions: 71
[2018-12-28 11:28:05.332] [sharedprocess] [info] Scanned user extensions: 10
[2018-12-28 11:28:05.376] [sharedprocess] [info] Scanned system extensions: 71
[2018-12-28 11:28:06.250] [sharedprocess] [info] Scanned user extensions: 10
[2018-12-28 11:33:06.325] [sharedprocess] [info] Scanned user extensions: 10
[2018-12-28 11:38:06.369] [sharedprocess] [info] Scanned user extensions: 10
[2018-12-28 11:43:06.764] [sharedprocess] [info] Scanned user extensions: 10
[2018-12-28 11:48:07.154] [sharedprocess] [info] Scanned user extensions: 10
[2018-12-28 11:53:07.529] [sharedprocess] [info] Scanned user extensions: 10
[2018-12-28 11:58:07.910] [sharedprocess] [info] Scanned user extensions: 10
[2018-12-28 12:03:08.783] [sharedprocess] [info] Scanned user extensions: 10
[2018-12-28 12:08:09.316] [sharedprocess] [info] Scanned user extensions: 10
[2018-12-28 12:13:09.936] [sharedprocess] [info] Scanned user extensions: 10
[2018-12-28 12:18:10.390] [sharedprocess] [info] Scanned user extensions: 10
[2018-12-28 12:23:10.887] [sharedprocess] [info] Scanned user extensions: 10
[2018-12-28 12:28:11.397] [sharedprocess] [info] Scanned user extensions: 10
[2018-12-28 12:33:11.923] [sharedprocess] [info] Scanned user extensions: 10
[2018-12-28 12:38:12.332] [sharedprocess] [info] Scanned user extensions: 10
[2018-12-28 12:43:12.604] [sharedprocess] [info] Scanned user extensions: 10
[2018-12-28 12:48:12.995] [sharedprocess] [info] Scanned user extensions: 10
[2018-12-28 12:53:13.388] [sharedprocess] [info] Scanned user extensions: 10
[2018-12-28 12:58:13.932] [sharedprocess] [info] Scanned user extensions: 10
[2018-12-28 13:03:14.355] [sharedprocess] [info] Scanned user extensions: 10
[2018-12-28 13:08:14.750] [sharedprocess] [info] Scanned user extensions: 10
[2018-12-28 13:13:15.179] [sharedprocess] [info] Scanned user extensions: 10
