[2019-01-02 02:54:23:377] git — -c, core.quotepath=false, -c, color.ui=false, remote, -v,   cwd='/home/blackblex/Documentos/node-apps/plastimar-app/back'

  
Error
[2019-01-02 02:54:23:904] module.exports.Error.Ke.Object
Error
[2019-01-02 02:54:23:921] git — -c, core.quotepath=false, -c, color.ui=false, blame, --root, --incremental, --, yarn.lock,   cwd='/home/blackblex/Documentos/node-apps/plastimar-app/client'

  
Error: fatal: no such ref: HEAD

[2019-01-02 02:54:28:960] git — -c, core.quotepath=false, -c, color.ui=false, blame, --root, --incremental, --, package.json,   cwd='/home/blackblex/Documentos/node-apps/plastimar-app/client'

  
Error: fatal: no such ref: HEAD

[2019-01-02 02:55:32:329] git — -c, core.quotepath=false, -c, color.ui=false, blame, --root, --incremental, --, public/index.html,   cwd='/home/blackblex/Documentos/node-apps/plastimar-app/client'

  
Error: fatal: no such ref: HEAD

[2019-01-02 02:56:01:787] git — -c, core.quotepath=false, -c, color.ui=false, blame, --root, --incremental, --, public/index.html,   cwd='/home/blackblex/Documentos/node-apps/plastimar-app/client'

  
Error: fatal: no such ref: HEAD

[2019-01-02 02:56:10:376] git — -c, core.quotepath=false, -c, color.ui=false, blame, --root, --incremental, --, public/index.html,   cwd='/home/blackblex/Documentos/node-apps/plastimar-app/client'

  
Error: fatal: no such ref: HEAD

[2019-01-02 02:58:24:001] git — -c, core.quotepath=false, -c, color.ui=false, blame, --root, --incremental, --contents, -, --, public/index.html,   cwd='/home/blackblex/Documentos/node-apps/plastimar-app/client'

  
Error: fatal: no such ref: HEAD

[2019-01-02 02:58:25:588] git — -c, core.quotepath=false, -c, color.ui=false, blame, --root, --incremental, --, public/index.html,   cwd='/home/blackblex/Documentos/node-apps/plastimar-app/client'

  
Error: fatal: no such ref: HEAD

[2019-01-02 03:00:19:385] git — -c, core.quotepath=false, -c, color.ui=false, blame, --root, --incremental, --, public/index.html,   cwd='/home/blackblex/Documentos/node-apps/plastimar-app/client'

  
Error: fatal: no such ref: HEAD

[2019-01-02 03:02:29:945] git — -c, core.quotepath=false, -c, color.ui=false, blame, --root, --incremental, --, package.json,   cwd='/home/blackblex/Documentos/node-apps/plastimar-app/client'

  
Error: fatal: no such ref: HEAD

[2019-01-02 03:02:36:233] git — -c, core.quotepath=false, -c, color.ui=false, blame, --root, --incremental, --, package.json,   cwd='/home/blackblex/Documentos/node-apps/plastimar-app/client'

  
Error: fatal: no such ref: HEAD

[2019-01-03 00:02:37:066] git — -c, core.quotepath=false, -c, color.ui=false, blame, --root, --incremental, --, src/views/About.vue,   cwd='/home/blackblex/Documentos/node-apps/plastimar-app/client'

  
Error: fatal: no such ref: HEAD

[2019-01-03 00:02:39:213] git — -c, core.quotepath=false, -c, color.ui=false, blame, --root, --incremental, --, src/App.vue,   cwd='/home/blackblex/Documentos/node-apps/plastimar-app/client'

  
Error: fatal: no such ref: HEAD

[2019-01-03 00:02:57:062] git — -c, core.quotepath=false, -c, color.ui=false, blame, --root, --incremental, --, src/components/HelloWorld.vue,   cwd='/home/blackblex/Documentos/node-apps/plastimar-app/client'

  
Error: fatal: no such ref: HEAD

[2019-01-03 00:03:09:242] git — -c, core.quotepath=false, -c, color.ui=false, blame, --root, --incremental, --contents, -, --, src/components/HelloWorld.vue,   cwd='/home/blackblex/Documentos/node-apps/plastimar-app/client'

  
Error: fatal: no such ref: HEAD

[2019-01-03 00:03:11:640] git — -c, core.quotepath=false, -c, color.ui=false, blame, --root, --incremental, --contents, -, --, src/components/HelloWorld.vue,   cwd='/home/blackblex/Documentos/node-apps/plastimar-app/client'

  
Error: fatal: no such ref: HEAD

[2019-01-03 00:03:19:148] git — -c, core.quotepath=false, -c, color.ui=false, blame, --root, --incremental, --, src/components/HelloWorld.vue,   cwd='/home/blackblex/Documentos/node-apps/plastimar-app/client'

  
Error: fatal: no such ref: HEAD

[2019-01-03 00:03:32:465] git — -c, core.quotepath=false, -c, color.ui=false, blame, --root, --incremental, --, src/components/HelloWorld.vue,   cwd='/home/blackblex/Documentos/node-apps/plastimar-app/client'

  
Error: fatal: no such ref: HEAD

[2019-01-03 00:03:39:321] git — -c, core.quotepath=false, -c, color.ui=false, blame, --root, --incremental, --, src/router.js,   cwd='/home/blackblex/Documentos/node-apps/plastimar-app/client'

  
Error: fatal: no such ref: HEAD

[2019-01-03 00:03:46:151] git — -c, core.quotepath=false, -c, color.ui=false, blame, --root, --incremental, --, src/router.js,   cwd='/home/blackblex/Documentos/node-apps/plastimar-app/client'

  
Error: fatal: no such ref: HEAD

[2019-01-03 00:03:54:183] git — -c, core.quotepath=false, -c, color.ui=false, blame, --root, --incremental, --, src/components/HelloWorld.vue,   cwd='/home/blackblex/Documentos/node-apps/plastimar-app/client'

  
Error: fatal: no such ref: HEAD

[2019-01-03 00:04:00:987] git — -c, core.quotepath=false, -c, color.ui=false, blame, --root, --incremental, --, src/components/HelloWorld.vue,   cwd='/home/blackblex/Documentos/node-apps/plastimar-app/client'

  
Error: fatal: no such ref: HEAD

[2019-01-03 00:04:22:679] git — -c, core.quotepath=false, -c, color.ui=false, blame, --root, --incremental, --, src/components/HelloWorld.vue,   cwd='/home/blackblex/Documentos/node-apps/plastimar-app/client'

  
Error: fatal: no such ref: HEAD

[2019-01-03 00:05:56:244] git — -c, core.quotepath=false, -c, color.ui=false, -c, color.status=false, status, --porcelain=v2, --branch, -u,   cwd='/home/blackblex/Documentos/node-apps/plastimar-app/back'

  
Error
[2019-01-03 00:05:56:266] git — -c, core.quotepath=false, -c, color.ui=false, -c, color.status=false, status, --porcelain=v2, --branch, -u,   cwd='/home/blackblex/Documentos/node-apps/plastimar-app/back'

  
Error
[2019-01-03 00:05:56:267] git — status, --porcelain=v2, --branch, -u,   cwd='/home/blackblex/Documentos/node-apps/plastimar-app/back'

  
Error
[2019-01-03 00:06:19:387] git — -c, core.quotepath=false, -c, color.ui=false, blame, --root, --incremental, --, src/components/HelloWorld.vue,   cwd='/home/blackblex/Documentos/node-apps/plastimar-app/client'

  
Error: fatal: no such ref: HEAD

[2019-01-03 00:06:26:401] git — -c, core.quotepath=false, -c, color.ui=false, blame, --root, --incremental, --, src/components/HelloWorld.vue,   cwd='/home/blackblex/Documentos/node-apps/plastimar-app/client'

  
Error: fatal: no such ref: HEAD

[2019-01-03 00:07:29:279] git — -c, core.quotepath=false, -c, color.ui=false, blame, --root, --incremental, --, src/views/Home.vue,   cwd='/home/blackblex/Documentos/node-apps/plastimar-app/client'

  
Error: fatal: no such ref: HEAD

[2019-01-03 00:07:52:620] git — -c, core.quotepath=false, -c, color.ui=false, blame, --root, --incremental, --, src/views/Home.vue,   cwd='/home/blackblex/Documentos/node-apps/plastimar-app/client'

  
Error: fatal: no such ref: HEAD

[2019-01-03 00:08:04:359] git — -c, core.quotepath=false, -c, color.ui=false, blame, --root, --incremental, --, src/views/Home.vue,   cwd='/home/blackblex/Documentos/node-apps/plastimar-app/client'

  
Error: fatal: no such ref: HEAD

[2019-01-03 00:08:22:722] git — -c, core.quotepath=false, -c, color.ui=false, blame, --root, --incremental, --contents, -, --, src/views/Home.vue,   cwd='/home/blackblex/Documentos/node-apps/plastimar-app/client'

  
Error: fatal: no such ref: HEAD

[2019-01-03 00:08:24:921] git — -c, core.quotepath=false, -c, color.ui=false, blame, --root, --incremental, --contents, -, --, src/views/Home.vue,   cwd='/home/blackblex/Documentos/node-apps/plastimar-app/client'

  
Error: fatal: no such ref: HEAD

[2019-01-03 00:08:32:118] git — -c, core.quotepath=false, -c, color.ui=false, blame, --root, --incremental, --, src/views/Home.vue,   cwd='/home/blackblex/Documentos/node-apps/plastimar-app/client'

  
Error: fatal: no such ref: HEAD

[2019-01-03 00:08:56:394] git — -c, core.quotepath=false, -c, color.ui=false, blame, --root, --incremental, --, src/views/Home.vue,   cwd='/home/blackblex/Documentos/node-apps/plastimar-app/client'

  
Error: fatal: no such ref: HEAD

[2019-01-03 00:09:05:093] git — -c, core.quotepath=false, -c, color.ui=false, blame, --root, --incremental, --, src/views/Home.vue,   cwd='/home/blackblex/Documentos/node-apps/plastimar-app/client'

  
Error: fatal: no such ref: HEAD

[2019-01-03 00:09:15:075] git — -c, core.quotepath=false, -c, color.ui=false, blame, --root, --incremental, --, src/views/Home.vue,   cwd='/home/blackblex/Documentos/node-apps/plastimar-app/client'

  
Error: fatal: no such ref: HEAD

[2019-01-03 00:09:18:180] git — -c, core.quotepath=false, -c, color.ui=false, blame, --root, --incremental, --, src/views/Home.vue,   cwd='/home/blackblex/Documentos/node-apps/plastimar-app/client'

  
Error: fatal: no such ref: HEAD

[2019-01-03 00:10:55:183] git — -c, core.quotepath=false, -c, color.ui=false, blame, --root, --incremental, --, src/App.vue,   cwd='/home/blackblex/Documentos/node-apps/plastimar-app/client'

  
Error: fatal: no such ref: HEAD

[2019-01-03 00:10:58:163] git — -c, core.quotepath=false, -c, color.ui=false, blame, --root, --incremental, --contents, -, --, src/App.vue,   cwd='/home/blackblex/Documentos/node-apps/plastimar-app/client'

  
Error: fatal: no such ref: HEAD

[2019-01-03 00:10:59:610] git — -c, core.quotepath=false, -c, color.ui=false, blame, --root, --incremental, --, src/App.vue,   cwd='/home/blackblex/Documentos/node-apps/plastimar-app/client'

  
Error: fatal: no such ref: HEAD

[2019-01-03 00:11:09:507] git — -c, core.quotepath=false, -c, color.ui=false, blame, --root, --incremental, --, src/App.vue,   cwd='/home/blackblex/Documentos/node-apps/plastimar-app/client'

  
Error: fatal: no such ref: HEAD

[2019-01-03 00:11:14:851] git — -c, core.quotepath=false, -c, color.ui=false, blame, --root, --incremental, --, src/App.vue,   cwd='/home/blackblex/Documentos/node-apps/plastimar-app/client'

  
Error: fatal: no such ref: HEAD

[2019-01-03 00:11:41:331] git — -c, core.quotepath=false, -c, color.ui=false, blame, --root, --incremental, --, src/App.vue,   cwd='/home/blackblex/Documentos/node-apps/plastimar-app/client'

  
Error: fatal: no such ref: HEAD

[2019-01-03 00:12:17:697] git — -c, core.quotepath=false, -c, color.ui=false, blame, --root, --incremental, --, src/App.vue,   cwd='/home/blackblex/Documentos/node-apps/plastimar-app/client'

  
Error: fatal: no such ref: HEAD

[2019-01-03 00:13:32:388] git — -c, core.quotepath=false, -c, color.ui=false, blame, --root, --incremental, --, src/App.vue,   cwd='/home/blackblex/Documentos/node-apps/plastimar-app/client'

  
Error: fatal: no such ref: HEAD

[2019-01-03 00:53:02:828] git — -c, core.quotepath=false, -c, color.ui=false, -c, color.status=false, status, --porcelain=v2, --branch, -u,   cwd='/home/blackblex/Documentos/node-apps/plastimar-app/back'

  
Error
[2019-01-03 00:53:02:828] git — status, --porcelain=v2, --branch, -u,   cwd='/home/blackblex/Documentos/node-apps/plastimar-app/back'

  
Error
[2019-01-03 00:53:03:043] git — -c, core.quotepath=false, -c, color.ui=false, remote, -v,   cwd='/home/blackblex/Documentos/node-apps/plastimar-app/back'

  
Error
[2019-01-03 00:53:03:046] module.exports.Error.Ke.Object
Error
[2019-01-03 00:53:05:084] git — -c, core.quotepath=false, -c, color.ui=false, -c, color.status=false, status, --porcelain=v2, --branch, -u,   cwd='/home/blackblex/Documentos/node-apps/plastimar-app/back'

  
Error
[2019-01-03 00:53:05:084] git — status, --porcelain=v2, --branch, -u,   cwd='/home/blackblex/Documentos/node-apps/plastimar-app/back'

  
Error
[2019-01-03 00:54:49:900] git — -c, core.quotepath=false, -c, color.ui=false, blame, --root, --incremental, --, public/index.html,   cwd='/home/blackblex/Documentos/node-apps/plastimar-app/client'

  
Error: fatal: no such ref: HEAD

[2019-01-03 00:55:27:083] git — -c, core.quotepath=false, -c, color.ui=false, blame, --root, --incremental, --, public/index.html,   cwd='/home/blackblex/Documentos/node-apps/plastimar-app/client'

  
Error: fatal: no such ref: HEAD

[2019-01-03 00:56:09:349] git — -c, core.quotepath=false, -c, color.ui=false, blame, --root, --incremental, --, public/index.html,   cwd='/home/blackblex/Documentos/node-apps/plastimar-app/client'

  
Error: fatal: no such ref: HEAD

[2019-01-03 00:58:45:055] git — -c, core.quotepath=false, -c, color.ui=false, blame, --root, --incremental, --, public/index.html,   cwd='/home/blackblex/Documentos/node-apps/plastimar-app/client'

  
Error: fatal: no such ref: HEAD

[2019-01-03 00:59:33:647] git — -c, core.quotepath=false, -c, color.ui=false, blame, --root, --incremental, --contents, -, --, public/index.html,   cwd='/home/blackblex/Documentos/node-apps/plastimar-app/client'

  
Error: fatal: no such ref: HEAD

[2019-01-03 00:59:40:311] git — -c, core.quotepath=false, -c, color.ui=false, blame, --root, --incremental, --contents, -, --, public/index.html,   cwd='/home/blackblex/Documentos/node-apps/plastimar-app/client'

  
Error: fatal: no such ref: HEAD

[2019-01-03 00:59:43:420] git — -c, core.quotepath=false, -c, color.ui=false, blame, --root, --incremental, --, public/index.html,   cwd='/home/blackblex/Documentos/node-apps/plastimar-app/client'

  
Error: fatal: no such ref: HEAD

[2019-01-03 00:59:50:342] git — -c, core.quotepath=false, -c, color.ui=false, blame, --root, --incremental, --, src/App.vue,   cwd='/home/blackblex/Documentos/node-apps/plastimar-app/client'

  
Error: fatal: no such ref: HEAD

[2019-01-03 00:59:52:117] git — -c, core.quotepath=false, -c, color.ui=false, blame, --root, --incremental, --, src/views/Home.vue,   cwd='/home/blackblex/Documentos/node-apps/plastimar-app/client'

  
Error: fatal: no such ref: HEAD

[2019-01-03 00:59:57:747] git — -c, core.quotepath=false, -c, color.ui=false, blame, --root, --incremental, --, src/views/Home.vue,   cwd='/home/blackblex/Documentos/node-apps/plastimar-app/client'

  
Error: fatal: no such ref: HEAD

[2019-01-03 01:00:23:506] git — -c, core.quotepath=false, -c, color.ui=false, blame, --root, --incremental, --, src/views/Home.vue,   cwd='/home/blackblex/Documentos/node-apps/plastimar-app/client'

  
Error: fatal: no such ref: HEAD

[2019-01-03 01:00:46:913] git — -c, core.quotepath=false, -c, color.ui=false, blame, --root, --incremental, --contents, -, --, src/views/Home.vue,   cwd='/home/blackblex/Documentos/node-apps/plastimar-app/client'

  
Error: fatal: no such ref: HEAD

[2019-01-03 01:00:50:726] git — -c, core.quotepath=false, -c, color.ui=false, blame, --root, --incremental, --, src/views/Home.vue,   cwd='/home/blackblex/Documentos/node-apps/plastimar-app/client'

  
Error: fatal: no such ref: HEAD

[2019-01-03 01:01:55:566] git — -c, core.quotepath=false, -c, color.ui=false, blame, --root, --incremental, --, src/views/Home.vue,   cwd='/home/blackblex/Documentos/node-apps/plastimar-app/client'

  
Error: fatal: no such ref: HEAD

[2019-01-03 01:04:53:321] git — -c, core.quotepath=false, -c, color.ui=false, blame, --root, --incremental, --, src/main.js,   cwd='/home/blackblex/Documentos/node-apps/plastimar-app/client'

  
Error: fatal: no such ref: HEAD

[2019-01-03 01:05:01:222] git — -c, core.quotepath=false, -c, color.ui=false, blame, --root, --incremental, --, src/main.js,   cwd='/home/blackblex/Documentos/node-apps/plastimar-app/client'

  
Error: fatal: no such ref: HEAD

[2019-01-03 01:05:23:224] git — -c, core.quotepath=false, -c, color.ui=false, blame, --root, --incremental, --, src/main.js,   cwd='/home/blackblex/Documentos/node-apps/plastimar-app/client'

  
Error: fatal: no such ref: HEAD

[2019-01-03 01:05:25:328] git — -c, core.quotepath=false, -c, color.ui=false, blame, --root, --incremental, --, src/main.js,   cwd='/home/blackblex/Documentos/node-apps/plastimar-app/client'

  
Error: fatal: no such ref: HEAD

[2019-01-03 01:06:56:473] git — -c, core.quotepath=false, -c, color.ui=false, blame, --root, --incremental, --, src/main.js,   cwd='/home/blackblex/Documentos/node-apps/plastimar-app/client'

  
Error: fatal: no such ref: HEAD

[2019-01-03 01:07:11:052] git — -c, core.quotepath=false, -c, color.ui=false, blame, --root, --incremental, --, src/App.vue,   cwd='/home/blackblex/Documentos/node-apps/plastimar-app/client'

  
Error: fatal: no such ref: HEAD

[2019-01-03 01:07:13:537] git — -c, core.quotepath=false, -c, color.ui=false, blame, --root, --incremental, --contents, -, --, src/main.js,   cwd='/home/blackblex/Documentos/node-apps/plastimar-app/client'

  
Error: fatal: no such ref: HEAD

[2019-01-03 01:07:18:338] git — -c, core.quotepath=false, -c, color.ui=false, blame, --root, --incremental, --, src/store.js,   cwd='/home/blackblex/Documentos/node-apps/plastimar-app/client'

  
Error: fatal: no such ref: HEAD

[2019-01-03 01:07:21:131] git — -c, core.quotepath=false, -c, color.ui=false, blame, --root, --incremental, --contents, -, --, src/main.js,   cwd='/home/blackblex/Documentos/node-apps/plastimar-app/client'

  
Error: fatal: no such ref: HEAD

[2019-01-03 01:07:23:677] git — -c, core.quotepath=false, -c, color.ui=false, blame, --root, --incremental, --, src/main.js,   cwd='/home/blackblex/Documentos/node-apps/plastimar-app/client'

  
Error: fatal: no such ref: HEAD

[2019-01-03 01:13:01:661] git — -c, core.quotepath=false, -c, color.ui=false, blame, --root, --incremental, --, public/index.html,   cwd='/home/blackblex/Documentos/node-apps/plastimar-app/client'

  
Error: fatal: no such ref: HEAD

