Initializing document watcher...
Rebuilding config map...
Detected change in configuration: {}
plastimar-app/client/yarn.lock: Using EditorConfig core...
plastimar-app/client/yarn.lock: {}
plastimar-app/client/package.json: Using EditorConfig core...
plastimar-app/client/package.json: {}
plastimar-app/client/public/index.html: Using EditorConfig core...
plastimar-app/client/public/index.html: {}
plastimar-app/client/src/plugins/vuetify.js: Using EditorConfig core...
plastimar-app/client/src/plugins/vuetify.js: {"insertSpaces":true,"tabSize":2}
client/src/plugins/vuetify.js: editor.action.trimTrailingWhitespace
plastimar-app/client/public/index.html: Applying configuration map...
plastimar-app/client/public/index.html: {}
plastimar-app/client/src/plugins/vuetify.js: Applying configuration map...
plastimar-app/client/src/plugins/vuetify.js: {"insertSpaces":true,"tabSize":2}
plastimar-app/client/public/index.html: Applying configuration map...
plastimar-app/client/public/index.html: {}
plastimar-app/client/src/plugins/vuetify.js: Applying configuration map...
plastimar-app/client/src/plugins/vuetify.js: {"insertSpaces":true,"tabSize":2}
client/src/plugins/vuetify.js: editor.action.trimTrailingWhitespace
plastimar-app/client/public/index.html: Applying configuration map...
plastimar-app/client/public/index.html: {}
plastimar-app/client/package.json: Applying configuration map...
plastimar-app/client/package.json: {}
plastimar-app/client/public/index.html: Applying configuration map...
plastimar-app/client/public/index.html: {}
plastimar-app/client/src/views/About.vue: Using EditorConfig core...
No more open editors.
plastimar-app/client/src/App.vue: Using EditorConfig core...
plastimar-app/client/src/App.vue: {"insertSpaces":true,"tabSize":2}
plastimar-app/client/src/components/HelloWorld.vue: Using EditorConfig core...
plastimar-app/client/src/components/HelloWorld.vue: {"insertSpaces":true,"tabSize":2}
client/src/App.vue: trimTrailingWhitespace()
client/src/components/HelloWorld.vue: editor.action.trimTrailingWhitespace
client/src/components/HelloWorld.vue: editor.action.trimTrailingWhitespace
plastimar-app/client/src/router.js: Using EditorConfig core...
plastimar-app/client/src/router.js: {"insertSpaces":true,"tabSize":2}
client/src/router.js: editor.action.trimTrailingWhitespace
plastimar-app/client/src/components/HelloWorld.vue: Applying configuration map...
plastimar-app/client/src/components/HelloWorld.vue: {"insertSpaces":true,"tabSize":2}
client/src/components/HelloWorld.vue: editor.action.trimTrailingWhitespace
client/src/components/HelloWorld.vue: editor.action.trimTrailingWhitespace
client/src/components/HelloWorld.vue: editor.action.trimTrailingWhitespace
client/src/components/HelloWorld.vue: editor.action.trimTrailingWhitespace
client/src/components/HelloWorld.vue: editor.action.trimTrailingWhitespace
plastimar-app/client/src/views/Home.vue: Using EditorConfig core...
plastimar-app/client/src/views/Home.vue: {"insertSpaces":true,"tabSize":2}
plastimar-app/client/src/components/HelloWorld.vue: Applying configuration map...
plastimar-app/client/src/components/HelloWorld.vue: {"insertSpaces":true,"tabSize":2}
plastimar-app/client/src/views/Home.vue: Applying configuration map...
plastimar-app/client/src/views/Home.vue: {"insertSpaces":true,"tabSize":2}
client/src/views/Home.vue: editor.action.trimTrailingWhitespace
client/src/views/Home.vue: editor.action.trimTrailingWhitespace
client/src/views/Home.vue: editor.action.trimTrailingWhitespace
client/src/views/Home.vue: editor.action.trimTrailingWhitespace
client/src/views/Home.vue: editor.action.trimTrailingWhitespace
client/src/views/Home.vue: editor.action.trimTrailingWhitespace
client/src/views/Home.vue: editor.action.trimTrailingWhitespace
plastimar-app/client/src/components/HelloWorld.vue: Applying configuration map...
plastimar-app/client/src/components/HelloWorld.vue: {"insertSpaces":true,"tabSize":2}
plastimar-app/client/src/components/Navbar.vue: Using EditorConfig core...
plastimar-app/client/src/components/Navbar.vue: {"insertSpaces":true,"tabSize":2}
plastimar-app/client/src/App.vue: Applying configuration map...
plastimar-app/client/src/App.vue: {"insertSpaces":true,"tabSize":2}
client/src/App.vue: editor.action.trimTrailingWhitespace
client/src/App.vue: editor.action.trimTrailingWhitespace
client/src/App.vue: editor.action.trimTrailingWhitespace
client/src/App.vue: editor.action.trimTrailingWhitespace
plastimar-app/client/src/components/Navbar.vue: Applying configuration map...
plastimar-app/client/src/components/Navbar.vue: {"insertSpaces":true,"tabSize":2}
client/src/components/Navbar.vue: editor.action.trimTrailingWhitespace
plastimar-app/client/src/App.vue: Applying configuration map...
plastimar-app/client/src/App.vue: {"insertSpaces":true,"tabSize":2}
client/src/App.vue: editor.action.trimTrailingWhitespace
plastimar-app/client/src/components/Navbar.vue: Applying configuration map...
plastimar-app/client/src/components/Navbar.vue: {"insertSpaces":true,"tabSize":2}
client/src/components/Navbar.vue: editor.action.trimTrailingWhitespace
plastimar-app/client/src/App.vue: Applying configuration map...
plastimar-app/client/src/App.vue: {"insertSpaces":true,"tabSize":2}
plastimar-app/client/src/components/Navbar.vue: Applying configuration map...
plastimar-app/client/src/components/Navbar.vue: {"insertSpaces":true,"tabSize":2}
client/src/components/Navbar.vue: editor.action.trimTrailingWhitespace
client/src/components/Navbar.vue: editor.action.trimTrailingWhitespace
client/src/components/Navbar.vue: editor.action.trimTrailingWhitespace
client/src/components/Navbar.vue: editor.action.trimTrailingWhitespace
client/src/components/Navbar.vue: editor.action.trimTrailingWhitespace
client/src/components/Navbar.vue: editor.action.trimTrailingWhitespace
client/src/components/Navbar.vue: editor.action.trimTrailingWhitespace
client/src/components/Navbar.vue: editor.action.trimTrailingWhitespace
client/src/components/Navbar.vue: editor.action.trimTrailingWhitespace
client/src/components/Navbar.vue: editor.action.trimTrailingWhitespace
client/src/components/Navbar.vue: editor.action.trimTrailingWhitespace
client/src/components/Navbar.vue: editor.action.trimTrailingWhitespace
client/src/components/Navbar.vue: editor.action.trimTrailingWhitespace
client/src/components/Navbar.vue: editor.action.trimTrailingWhitespace
client/src/components/Navbar.vue: editor.action.trimTrailingWhitespace
client/src/components/Navbar.vue: editor.action.trimTrailingWhitespace
client/src/components/Navbar.vue: editor.action.trimTrailingWhitespace
client/src/components/Navbar.vue: editor.action.trimTrailingWhitespace
client/src/components/Navbar.vue: editor.action.trimTrailingWhitespace
client/src/components/Navbar.vue: editor.action.trimTrailingWhitespace
client/src/components/Navbar.vue: editor.action.trimTrailingWhitespace
client/src/components/Navbar.vue: editor.action.trimTrailingWhitespace
client/src/components/Navbar.vue: editor.action.trimTrailingWhitespace
client/src/components/Navbar.vue: editor.action.trimTrailingWhitespace
client/src/components/Navbar.vue: editor.action.trimTrailingWhitespace
client/src/components/Navbar.vue: editor.action.trimTrailingWhitespace
client/src/components/Navbar.vue: editor.action.trimTrailingWhitespace
client/src/components/Navbar.vue: editor.action.trimTrailingWhitespace
client/src/components/Navbar.vue: editor.action.trimTrailingWhitespace
client/src/components/Navbar.vue: editor.action.trimTrailingWhitespace
client/src/components/Navbar.vue: editor.action.trimTrailingWhitespace
client/src/components/Navbar.vue: editor.action.trimTrailingWhitespace
client/src/components/Navbar.vue: editor.action.trimTrailingWhitespace
client/src/components/Navbar.vue: editor.action.trimTrailingWhitespace
client/src/components/Navbar.vue: editor.action.trimTrailingWhitespace
plastimar-app/client/src/plugins/vuetify.js: Applying configuration map...
plastimar-app/client/src/plugins/vuetify.js: {"insertSpaces":true,"tabSize":2}
client/src/plugins/vuetify.js: editor.action.trimTrailingWhitespace
client/src/plugins/vuetify.js: editor.action.trimTrailingWhitespace
client/src/plugins/vuetify.js: editor.action.trimTrailingWhitespace
client/src/plugins/vuetify.js: editor.action.trimTrailingWhitespace
plastimar-app/client/src/components/Navbar.vue: Applying configuration map...
plastimar-app/client/src/components/Navbar.vue: {"insertSpaces":true,"tabSize":2}
client/src/components/Navbar.vue: editor.action.trimTrailingWhitespace
client/src/components/Navbar.vue: editor.action.trimTrailingWhitespace
client/src/components/Navbar.vue: editor.action.trimTrailingWhitespace
client/src/components/Navbar.vue: editor.action.trimTrailingWhitespace
client/src/components/Navbar.vue: editor.action.trimTrailingWhitespace
client/src/components/Navbar.vue: editor.action.trimTrailingWhitespace
client/src/components/Navbar.vue: editor.action.trimTrailingWhitespace
client/src/components/Navbar.vue: editor.action.trimTrailingWhitespace
client/src/components/Navbar.vue: editor.action.trimTrailingWhitespace
client/src/components/Navbar.vue: editor.action.trimTrailingWhitespace
client/src/components/Navbar.vue: editor.action.trimTrailingWhitespace
client/src/components/Navbar.vue: editor.action.trimTrailingWhitespace
client/src/components/Navbar.vue: editor.action.trimTrailingWhitespace
client/src/components/Navbar.vue: editor.action.trimTrailingWhitespace
client/src/components/Navbar.vue: editor.action.trimTrailingWhitespace
client/src/components/Navbar.vue: editor.action.trimTrailingWhitespace
client/src/components/Navbar.vue: editor.action.trimTrailingWhitespace
client/src/components/Navbar.vue: editor.action.trimTrailingWhitespace
client/src/components/Navbar.vue: editor.action.trimTrailingWhitespace
client/src/components/Navbar.vue: editor.action.trimTrailingWhitespace
client/src/components/Navbar.vue: editor.action.trimTrailingWhitespace
client/src/components/Navbar.vue: editor.action.trimTrailingWhitespace
client/src/components/Navbar.vue: editor.action.trimTrailingWhitespace
client/src/components/Navbar.vue: editor.action.trimTrailingWhitespace
plastimar-app/client/src/App.vue: Applying configuration map...
plastimar-app/client/src/App.vue: {"insertSpaces":true,"tabSize":2}
plastimar-app/client/public/index.html: Applying configuration map...
plastimar-app/client/public/index.html: {}
plastimar-app/client/src/App.vue: Applying configuration map...
plastimar-app/client/src/App.vue: {"insertSpaces":true,"tabSize":2}
plastimar-app/client/src/views/Home.vue: Applying configuration map...
plastimar-app/client/src/views/Home.vue: {"insertSpaces":true,"tabSize":2}
client/src/views/Home.vue: editor.action.trimTrailingWhitespace
client/src/views/Home.vue: editor.action.trimTrailingWhitespace
client/src/views/Home.vue: editor.action.trimTrailingWhitespace
client/src/views/Home.vue: editor.action.trimTrailingWhitespace
plastimar-app/client/src/main.js: Using EditorConfig core...
plastimar-app/client/src/main.js: {"insertSpaces":true,"tabSize":2}
client/src/main.js: editor.action.trimTrailingWhitespace
client/src/main.js: editor.action.trimTrailingWhitespace
client/src/main.js: editor.action.trimTrailingWhitespace
client/src/main.js: editor.action.trimTrailingWhitespace
plastimar-app/client/src/App.vue: Applying configuration map...
plastimar-app/client/src/App.vue: {"insertSpaces":true,"tabSize":2}
plastimar-app/client/src/main.js: Applying configuration map...
plastimar-app/client/src/main.js: {"insertSpaces":true,"tabSize":2}
plastimar-app/client/src/store.js: Using EditorConfig core...
plastimar-app/client/src/store.js: {"insertSpaces":true,"tabSize":2}
plastimar-app/client/src/main.js: Applying configuration map...
plastimar-app/client/src/main.js: {"insertSpaces":true,"tabSize":2}
client/src/main.js: editor.action.trimTrailingWhitespace
plastimar-app/client/public/index.html: Applying configuration map...
plastimar-app/client/public/index.html: {}
plastimar-app/package.json: Using EditorConfig core...
plastimar-app/package.json: {}
plastimar-app/.gitignore: Using EditorConfig core...
plastimar-app/.gitignore: {}
