[2019-01-03 08:32:15:334] git — -c, core.quotepath=false, -c, color.ui=false, blame, --root, --incremental, --, src/main.js,   cwd='/home/blackblex/Documentos/node-apps/plastimar-app/client'

  
Error: fatal: no such ref: HEAD

[2019-01-03 08:32:27:196] git — -c, core.quotepath=false, -c, color.ui=false, blame, --root, --incremental, --, src/main.js,   cwd='/home/blackblex/Documentos/node-apps/plastimar-app/client'

  
Error: fatal: no such ref: HEAD

[2019-01-03 08:32:38:287] git — -c, core.quotepath=false, -c, color.ui=false, blame, --root, --incremental, --, src/main.js,   cwd='/home/blackblex/Documentos/node-apps/plastimar-app/client'

  
Error: fatal: no such ref: HEAD

[2019-01-03 08:34:53:456] git — -c, core.quotepath=false, -c, color.ui=false, blame, --root, --incremental, --, src/router.js,   cwd='/home/blackblex/Documentos/node-apps/plastimar-app/client'

  
Error: fatal: no such ref: HEAD

[2019-01-03 08:35:08:078] git — -c, core.quotepath=false, -c, color.ui=false, blame, --root, --incremental, --contents, -, --, src/router.js,   cwd='/home/blackblex/Documentos/node-apps/plastimar-app/client'

  
Error: fatal: no such ref: HEAD

[2019-01-03 08:35:34:089] git — -c, core.quotepath=false, -c, color.ui=false, blame, --root, --incremental, --contents, -, --, src/router.js,   cwd='/home/blackblex/Documentos/node-apps/plastimar-app/client'

  
Error: fatal: no such ref: HEAD

[2019-01-03 08:35:35:506] git — -c, core.quotepath=false, -c, color.ui=false, blame, --root, --incremental, --contents, -, --, src/router.js,   cwd='/home/blackblex/Documentos/node-apps/plastimar-app/client'

  
Error: fatal: no such ref: HEAD

[2019-01-03 08:35:45:021] git — -c, core.quotepath=false, -c, color.ui=false, blame, --root, --incremental, --, src/router.js,   cwd='/home/blackblex/Documentos/node-apps/plastimar-app/client'

  
Error: fatal: no such ref: HEAD

[2019-01-03 08:36:55:937] git — -c, core.quotepath=false, -c, color.ui=false, blame, --root, --incremental, --, src/router.js,   cwd='/home/blackblex/Documentos/node-apps/plastimar-app/client'

  
Error: fatal: no such ref: HEAD

[2019-01-03 08:37:19:939] git — -c, core.quotepath=false, -c, color.ui=false, blame, --root, --incremental, --, src/router.js,   cwd='/home/blackblex/Documentos/node-apps/plastimar-app/client'

  
Error: fatal: no such ref: HEAD

[2019-01-03 08:37:52:469] git — -c, core.quotepath=false, -c, color.ui=false, blame, --root, --incremental, --, src/router.js,   cwd='/home/blackblex/Documentos/node-apps/plastimar-app/client'

  
Error: fatal: no such ref: HEAD

[2019-01-03 08:38:17:654] git — -c, core.quotepath=false, -c, color.ui=false, blame, --root, --incremental, --, src/router.js,   cwd='/home/blackblex/Documentos/node-apps/plastimar-app/client'

  
Error: fatal: no such ref: HEAD

[2019-01-03 08:39:42:905] git — -c, core.quotepath=false, -c, color.ui=false, blame, --root, --incremental, --, src/router.js,   cwd='/home/blackblex/Documentos/node-apps/plastimar-app/client'

  
Error: fatal: no such ref: HEAD

[2019-01-03 08:51:24:089] git — -c, core.quotepath=false, -c, color.ui=false, blame, --root, --incremental, --, src/main.js,   cwd='/home/blackblex/Documentos/node-apps/plastimar-app/client'

  
Error: fatal: no such ref: HEAD

[2019-01-03 08:52:17:546] git — -c, core.quotepath=false, -c, color.ui=false, blame, --root, --incremental, --, src/router.js,   cwd='/home/blackblex/Documentos/node-apps/plastimar-app/client'

  
Error: fatal: no such ref: HEAD

[2019-01-03 08:52:53:924] git — -c, core.quotepath=false, -c, color.ui=false, blame, --root, --incremental, --, src/router.js,   cwd='/home/blackblex/Documentos/node-apps/plastimar-app/client'

  
Error: fatal: no such ref: HEAD

[2019-01-03 09:12:25:383] git — -c, core.quotepath=false, -c, color.ui=false, blame, --root, --incremental, --, src/router.js,   cwd='/home/blackblex/Documentos/node-apps/plastimar-app/client'

  
Error: fatal: no such ref: HEAD

[2019-01-03 09:12:48:353] git — -c, core.quotepath=false, -c, color.ui=false, blame, --root, --incremental, --, src/router.js,   cwd='/home/blackblex/Documentos/node-apps/plastimar-app/client'

  
Error: fatal: no such ref: HEAD

[2019-01-03 09:12:57:900] git — -c, core.quotepath=false, -c, color.ui=false, blame, --root, --incremental, --, src/router.js,   cwd='/home/blackblex/Documentos/node-apps/plastimar-app/client'

  
Error: fatal: no such ref: HEAD

[2019-01-03 09:13:15:183] git — -c, core.quotepath=false, -c, color.ui=false, blame, --root, --incremental, --contents, -, --, src/router.js,   cwd='/home/blackblex/Documentos/node-apps/plastimar-app/client'

  
Error: fatal: no such ref: HEAD

[2019-01-03 09:13:17:573] git — -c, core.quotepath=false, -c, color.ui=false, blame, --root, --incremental, --contents, -, --, src/router.js,   cwd='/home/blackblex/Documentos/node-apps/plastimar-app/client'

  
Error: fatal: no such ref: HEAD

[2019-01-03 09:13:18:667] git — -c, core.quotepath=false, -c, color.ui=false, blame, --root, --incremental, --contents, -, --, src/router.js,   cwd='/home/blackblex/Documentos/node-apps/plastimar-app/client'

  
Error: fatal: no such ref: HEAD

[2019-01-03 09:13:26:033] git — -c, core.quotepath=false, -c, color.ui=false, blame, --root, --incremental, --contents, -, --, src/router.js,   cwd='/home/blackblex/Documentos/node-apps/plastimar-app/client'

  
Error: fatal: no such ref: HEAD

[2019-01-03 09:14:29:947] git — -c, core.quotepath=false, -c, color.ui=false, blame, --root, --incremental, --contents, -, --, src/router.js,   cwd='/home/blackblex/Documentos/node-apps/plastimar-app/client'

  
Error: fatal: no such ref: HEAD

[2019-01-03 09:14:31:524] git — -c, core.quotepath=false, -c, color.ui=false, blame, --root, --incremental, --, src/router.js,   cwd='/home/blackblex/Documentos/node-apps/plastimar-app/client'

  
Error: fatal: no such ref: HEAD

[2019-01-03 09:24:58:409] git — -c, core.quotepath=false, -c, color.ui=false, blame, --root, --incremental, --, src/main.js,   cwd='/home/blackblex/Documentos/node-apps/plastimar-app/client'

  
Error: fatal: no such ref: HEAD

[2019-01-03 09:25:15:114] git — -c, core.quotepath=false, -c, color.ui=false, blame, --root, --incremental, --contents, -, --, src/main.js,   cwd='/home/blackblex/Documentos/node-apps/plastimar-app/client'

  
Error: fatal: no such ref: HEAD

[2019-01-03 09:25:20:008] git — -c, core.quotepath=false, -c, color.ui=false, blame, --root, --incremental, --, src/main.js,   cwd='/home/blackblex/Documentos/node-apps/plastimar-app/client'

  
Error: fatal: no such ref: HEAD

[2019-01-03 09:34:53:784] git — -c, core.quotepath=false, -c, color.ui=false, blame, --root, --incremental, --, src/main.js,   cwd='/home/blackblex/Documentos/node-apps/plastimar-app/client'

  
Error: fatal: no such ref: HEAD

[2019-01-03 09:35:16:695] git — -c, core.quotepath=false, -c, color.ui=false, blame, --root, --incremental, --contents, -, --, src/main.js,   cwd='/home/blackblex/Documentos/node-apps/plastimar-app/client'

  
Error: fatal: no such ref: HEAD

[2019-01-03 09:35:17:158] git — -c, core.quotepath=false, -c, color.ui=false, blame, --root, --incremental, --, src/main.js,   cwd='/home/blackblex/Documentos/node-apps/plastimar-app/client'

  
Error: fatal: no such ref: HEAD

[2019-01-03 09:35:47:513] git — -c, core.quotepath=false, -c, color.ui=false, blame, --root, --incremental, --, src/router.js,   cwd='/home/blackblex/Documentos/node-apps/plastimar-app/client'

  
Error: fatal: no such ref: HEAD

[2019-01-03 09:56:22:455] git — -c, core.quotepath=false, -c, color.ui=false, blame, --root, --incremental, --, src/router.js,   cwd='/home/blackblex/Documentos/node-apps/plastimar-app/client'

  
Error: fatal: no such ref: HEAD

[2019-01-03 10:46:54:124] git — -c, core.quotepath=false, -c, color.ui=false, blame, --root, --incremental, --, src/router.js,   cwd='/home/blackblex/Documentos/node-apps/plastimar-app/client'

  
Error: fatal: no such ref: HEAD

[2019-01-03 11:47:21:195] git — -c, core.quotepath=false, -c, color.ui=false, blame, --root, --incremental, --, src/router.js,   cwd='/home/blackblex/Documentos/node-apps/plastimar-app/client'

  
Error: fatal: no such ref: HEAD

[2019-01-03 11:47:50:091] git — -c, core.quotepath=false, -c, color.ui=false, blame, --root, --incremental, --contents, -, --, src/router.js,   cwd='/home/blackblex/Documentos/node-apps/plastimar-app/client'

  
Error: fatal: no such ref: HEAD

