Initializing document watcher...
Rebuilding config map...
Detected change in configuration: {}
plastimar-app/client/src/auth.js: Using EditorConfig core...
plastimar-app/client/src/auth.js: {"insertSpaces":true,"tabSize":2}
plastimar-app/client/src/main.js: Using EditorConfig core...
plastimar-app/client/src/main.js: {"insertSpaces":true,"tabSize":2}
client/src/main.js: editor.action.trimTrailingWhitespace
client/src/main.js: editor.action.trimTrailingWhitespace
plastimar-app/client/src/store/auth.js: Using EditorConfig core...
plastimar-app/client/src/store/auth.js: {"insertSpaces":true,"tabSize":2}
plastimar-app/client/src/store/store.js: Using EditorConfig core...
plastimar-app/client/src/store/store.js: {"insertSpaces":true,"tabSize":2}
client/src/store/auth.js: trimTrailingWhitespace()
client/src/store/store.js: editor.action.trimTrailingWhitespace
/home/blackblex/Documentos/node-apps/back/src/store.js: Using EditorConfig core...
/home/blackblex/Documentos/node-apps/back/src/store.js: {"insertSpaces":true,"tabSize":2}
plastimar-app/client/src/store/store.js: Applying configuration map...
plastimar-app/client/src/store/store.js: {"insertSpaces":true,"tabSize":2}
/home/blackblex/Documentos/node-apps/back/src/store.js: Applying configuration map...
/home/blackblex/Documentos/node-apps/back/src/store.js: {"insertSpaces":true,"tabSize":2}
plastimar-app/client/src/store/store.js: Applying configuration map...
plastimar-app/client/src/store/store.js: {"insertSpaces":true,"tabSize":2}
plastimar-app/client/src/store/auth.js: Applying configuration map...
plastimar-app/client/src/store/auth.js: {"insertSpaces":true,"tabSize":2}
plastimar-app/client/src/store/store.js: Applying configuration map...
plastimar-app/client/src/store/store.js: {"insertSpaces":true,"tabSize":2}
plastimar-app/client/src/router.js: Using EditorConfig core...
plastimar-app/client/src/router.js: {"insertSpaces":true,"tabSize":2}
client/src/store/store.js: trimTrailingWhitespace()
client/src/router.js: editor.action.trimTrailingWhitespace
plastimar-app/client/src/store/store.js: Applying configuration map...
plastimar-app/client/src/store/store.js: {"insertSpaces":true,"tabSize":2}
client/src/store/store.js: editor.action.trimTrailingWhitespace
plastimar-app/client/src/router.js: Applying configuration map...
plastimar-app/client/src/router.js: {"insertSpaces":true,"tabSize":2}
client/src/store/store.js: trimTrailingWhitespace()
client/src/router.js: editor.action.trimTrailingWhitespace
client/src/router.js: editor.action.trimTrailingWhitespace
client/src/router.js: editor.action.trimTrailingWhitespace
client/src/router.js: editor.action.trimTrailingWhitespace
client/src/router.js: editor.action.trimTrailingWhitespace
plastimar-app/client/src/store/store.js: Applying configuration map...
plastimar-app/client/src/store/store.js: {"insertSpaces":true,"tabSize":2}
plastimar-app/client/src/main.js: Applying configuration map...
plastimar-app/client/src/main.js: {"insertSpaces":true,"tabSize":2}
Untitled-1.txt: Using EditorConfig core...
Untitled-1: {}
plastimar-app/client/src/main.js: Applying configuration map...
plastimar-app/client/src/main.js: {"insertSpaces":true,"tabSize":2}
Untitled-1.txt: Applying configuration map...
Untitled-1: {}
plastimar-app/client/src/store/store.js: Applying configuration map...
plastimar-app/client/src/store/store.js: {"insertSpaces":true,"tabSize":2}
plastimar-app/client/src/router.js: Applying configuration map...
plastimar-app/client/src/router.js: {"insertSpaces":true,"tabSize":2}
client/src/router.js: editor.action.trimTrailingWhitespace
client/src/router.js: editor.action.trimTrailingWhitespace
plastimar-app/client/src/store/store.js: Applying configuration map...
plastimar-app/client/src/store/store.js: {"insertSpaces":true,"tabSize":2}
plastimar-app/client/src/router.js: Applying configuration map...
plastimar-app/client/src/router.js: {"insertSpaces":true,"tabSize":2}
plastimar-app/client/src/views/Projects.1.vue: Using EditorConfig core...
plastimar-app/client/src/views/Projects.1.vue: {"insertSpaces":true,"tabSize":2}
plastimar-app/client/src/views/Products.vue: Using EditorConfig core...
plastimar-app/client/src/views/Products.vue: {"insertSpaces":true,"tabSize":2}
client/src/router.js: trimTrailingWhitespace()
client/src/views/Products.vue: editor.action.trimTrailingWhitespace
plastimar-app/client/src/router.js: Applying configuration map...
plastimar-app/client/src/router.js: {"insertSpaces":true,"tabSize":2}
client/src/router.js: editor.action.trimTrailingWhitespace
plastimar-app/client/src/components/Navbar.vue: Using EditorConfig core...
plastimar-app/client/src/components/Navbar.vue: {"insertSpaces":true,"tabSize":2}
client/src/components/Navbar.vue: editor.action.trimTrailingWhitespace
client/src/components/Navbar.vue: editor.action.trimTrailingWhitespace
client/src/components/Navbar.vue: editor.action.trimTrailingWhitespace
client/src/components/Navbar.vue: editor.action.trimTrailingWhitespace
plastimar-app/client/src/views/Products.vue: Applying configuration map...
plastimar-app/client/src/views/Products.vue: {"insertSpaces":true,"tabSize":2}
plastimar-app/client/src/router.js: Applying configuration map...
plastimar-app/client/src/router.js: {"insertSpaces":true,"tabSize":2}
plastimar-app/client/src/main.js: Applying configuration map...
plastimar-app/client/src/main.js: {"insertSpaces":true,"tabSize":2}
client/src/main.js: editor.action.trimTrailingWhitespace
plastimar-app/client/src/store/auth.js: Applying configuration map...
plastimar-app/client/src/store/auth.js: {"insertSpaces":true,"tabSize":2}
plastimar-app/client/src/store/index.js: Using EditorConfig core...
plastimar-app/client/src/store/index.js: {"insertSpaces":true,"tabSize":2}
client/src/store/index.js: editor.action.trimTrailingWhitespace
client/src/store/index.js: editor.action.trimTrailingWhitespace
client/src/store/index.js: editor.action.trimTrailingWhitespace
client/src/store/index.js: editor.action.trimTrailingWhitespace
client/src/store/index.js: editor.action.trimTrailingWhitespace
plastimar-app/client/src/store/products.js: Using EditorConfig core...
plastimar-app/client/src/store/products.js: {"insertSpaces":true,"tabSize":2}
plastimar-app/client/src/store/index.js: Applying configuration map...
plastimar-app/client/src/store/index.js: {"insertSpaces":true,"tabSize":2}
plastimar-app/client/src/store/products.js: Applying configuration map...
plastimar-app/client/src/store/products.js: {"insertSpaces":true,"tabSize":2}
plastimar-app/client/src/main.js: Applying configuration map...
plastimar-app/client/src/main.js: {"insertSpaces":true,"tabSize":2}
plastimar-app/client/src/store/products.js: Applying configuration map...
plastimar-app/client/src/store/products.js: {"insertSpaces":true,"tabSize":2}
plastimar-app/client/src/components/Navbar.vue: Applying configuration map...
plastimar-app/client/src/components/Navbar.vue: {"insertSpaces":true,"tabSize":2}
plastimar-app/client/src/store/products.js: Applying configuration map...
plastimar-app/client/src/store/products.js: {"insertSpaces":true,"tabSize":2}
client/src/store/products.js: editor.action.trimTrailingWhitespace
client/src/store/products.js: insertFinalNewline(LF)
client/src/store/products.js: editor.action.trimTrailingWhitespace
client/src/store/products.js: editor.action.trimTrailingWhitespace
plastimar-app/client/src/store/index.js: Applying configuration map...
plastimar-app/client/src/store/index.js: {"insertSpaces":true,"tabSize":2}
plastimar-app/client/src/store/products.js: Applying configuration map...
plastimar-app/client/src/store/products.js: {"insertSpaces":true,"tabSize":2}
client/src/store/products.js: editor.action.trimTrailingWhitespace
client/src/store/products.js: editor.action.trimTrailingWhitespace
client/src/store/products.js: editor.action.trimTrailingWhitespace
client/src/store/products.js: editor.action.trimTrailingWhitespace
client/src/store/products.js: editor.action.trimTrailingWhitespace
client/src/store/products.js: editor.action.trimTrailingWhitespace
client/src/store/products.js: editor.action.trimTrailingWhitespace
client/src/store/products.js: editor.action.trimTrailingWhitespace
client/src/store/products.js: editor.action.trimTrailingWhitespace
client/src/store/products.js: editor.action.trimTrailingWhitespace
client/src/store/products.js: editor.action.trimTrailingWhitespace
client/src/store/products.js: editor.action.trimTrailingWhitespace
client/src/store/products.js: editor.action.trimTrailingWhitespace
client/src/store/products.js: editor.action.trimTrailingWhitespace
client/src/store/products.js: editor.action.trimTrailingWhitespace
client/src/store/products.js: editor.action.trimTrailingWhitespace
client/src/store/products.js: editor.action.trimTrailingWhitespace
client/src/store/products.js: editor.action.trimTrailingWhitespace
client/src/store/products.js: editor.action.trimTrailingWhitespace
client/src/store/products.js: editor.action.trimTrailingWhitespace
client/src/store/products.js: editor.action.trimTrailingWhitespace
client/src/store/products.js: editor.action.trimTrailingWhitespace
plastimar-app/client/src/store/index.js: Applying configuration map...
plastimar-app/client/src/store/index.js: {"insertSpaces":true,"tabSize":2}
plastimar-app/client/src/store/auth.js: Applying configuration map...
plastimar-app/client/src/store/auth.js: {"insertSpaces":true,"tabSize":2}
plastimar-app/client/src/main.js: Applying configuration map...
plastimar-app/client/src/main.js: {"insertSpaces":true,"tabSize":2}
plastimar-app/client/src/store/auth.js: Applying configuration map...
plastimar-app/client/src/store/auth.js: {"insertSpaces":true,"tabSize":2}
client/src/store/auth.js: editor.action.trimTrailingWhitespace
plastimar-app/client/src/main.js: Applying configuration map...
plastimar-app/client/src/main.js: {"insertSpaces":true,"tabSize":2}
client/src/main.js: editor.action.trimTrailingWhitespace
plastimar-app/client/src/store/products.js: Applying configuration map...
plastimar-app/client/src/store/products.js: {"insertSpaces":true,"tabSize":2}
plastimar-app/client/src/router.js: Applying configuration map...
plastimar-app/client/src/router.js: {"insertSpaces":true,"tabSize":2}
client/src/router.js: editor.action.trimTrailingWhitespace
plastimar-app/client/src/store/products.js: Applying configuration map...
plastimar-app/client/src/store/products.js: {"insertSpaces":true,"tabSize":2}
plastimar-app/client/src/components/Navbar.vue: Applying configuration map...
plastimar-app/client/src/components/Navbar.vue: {"insertSpaces":true,"tabSize":2}
plastimar-app/client/src/store/products.js: Applying configuration map...
plastimar-app/client/src/store/products.js: {"insertSpaces":true,"tabSize":2}
plastimar-app/client/src/components/Navbar.vue: Applying configuration map...
plastimar-app/client/src/components/Navbar.vue: {"insertSpaces":true,"tabSize":2}
plastimar-app/client/src/store/products.js: Applying configuration map...
plastimar-app/client/src/store/products.js: {"insertSpaces":true,"tabSize":2}
plastimar-app/client/src/components/Navbar.vue: Applying configuration map...
plastimar-app/client/src/components/Navbar.vue: {"insertSpaces":true,"tabSize":2}
plastimar-app/client/src/views/Products.vue: Applying configuration map...
plastimar-app/client/src/views/Products.vue: {"insertSpaces":true,"tabSize":2}
plastimar-app/client/src/components/Navbar.vue: Applying configuration map...
plastimar-app/client/src/components/Navbar.vue: {"insertSpaces":true,"tabSize":2}
plastimar-app/client/src/views/Products.vue: Applying configuration map...
plastimar-app/client/src/views/Products.vue: {"insertSpaces":true,"tabSize":2}
client/src/views/Products.vue: editor.action.trimTrailingWhitespace
client/src/views/Products.vue: editor.action.trimTrailingWhitespace
client/src/views/Products.vue: editor.action.trimTrailingWhitespace
client/src/views/Products.vue: editor.action.trimTrailingWhitespace
client/src/views/Products.vue: editor.action.trimTrailingWhitespace
client/src/views/Products.vue: editor.action.trimTrailingWhitespace
client/src/views/Products.vue: editor.action.trimTrailingWhitespace
client/src/views/Products.vue: editor.action.trimTrailingWhitespace
plastimar-app/client/src/store/index.js: Applying configuration map...
plastimar-app/client/src/store/index.js: {"insertSpaces":true,"tabSize":2}
client/src/store/index.js: editor.action.trimTrailingWhitespace
plastimar-app/client/src/views/Products.vue: Applying configuration map...
plastimar-app/client/src/views/Products.vue: {"insertSpaces":true,"tabSize":2}
client/src/views/Products.vue: editor.action.trimTrailingWhitespace
plastimar-app/client/src/firebase/db.js: Using EditorConfig core...
plastimar-app/client/src/firebase/db.js: {"insertSpaces":true,"tabSize":2}
client/src/firebase/db.js: editor.action.trimTrailingWhitespace
plastimar-app/client/src/views/Products.vue: Applying configuration map...
plastimar-app/client/src/views/Products.vue: {"insertSpaces":true,"tabSize":2}
plastimar-app/client/src/store/index.js: Applying configuration map...
plastimar-app/client/src/store/index.js: {"insertSpaces":true,"tabSize":2}
plastimar-app/client/src/views/Products.vue: Applying configuration map...
plastimar-app/client/src/views/Products.vue: {"insertSpaces":true,"tabSize":2}
client/src/views/Products.vue: editor.action.trimTrailingWhitespace
client/src/views/Products.vue: editor.action.trimTrailingWhitespace
client/src/views/Products.vue: editor.action.trimTrailingWhitespace
client/src/views/Products.vue: editor.action.trimTrailingWhitespace
client/src/views/Products.vue: editor.action.trimTrailingWhitespace
client/src/views/Products.vue: editor.action.trimTrailingWhitespace
plastimar-app/client/src/firebase/db.js: Applying configuration map...
plastimar-app/client/src/firebase/db.js: {"insertSpaces":true,"tabSize":2}
client/src/firebase/db.js: editor.action.trimTrailingWhitespace
plastimar-app/client/src/components/Navbar.vue: Applying configuration map...
plastimar-app/client/src/components/Navbar.vue: {"insertSpaces":true,"tabSize":2}
plastimar-app/client/src/views/Products.vue: Applying configuration map...
plastimar-app/client/src/views/Products.vue: {"insertSpaces":true,"tabSize":2}
plastimar-app/client/src/firebase/db.js: Applying configuration map...
plastimar-app/client/src/firebase/db.js: {"insertSpaces":true,"tabSize":2}
plastimar-app/client/src/views/Products.vue: Applying configuration map...
plastimar-app/client/src/views/Products.vue: {"insertSpaces":true,"tabSize":2}
plastimar-app/client/src/store/products.js: Applying configuration map...
plastimar-app/client/src/store/products.js: {"insertSpaces":true,"tabSize":2}
plastimar-app/client/src/components/Navbar.vue: Applying configuration map...
plastimar-app/client/src/components/Navbar.vue: {"insertSpaces":true,"tabSize":2}
plastimar-app/client/src/views/Products.vue: Applying configuration map...
plastimar-app/client/src/views/Products.vue: {"insertSpaces":true,"tabSize":2}
client/src/store/products.js: trimTrailingWhitespace()
plastimar-app/client/src/store/products.js: Applying configuration map...
plastimar-app/client/src/store/products.js: {"insertSpaces":true,"tabSize":2}
plastimar-app/client/src/components/Navbar.vue: Applying configuration map...
plastimar-app/client/src/components/Navbar.vue: {"insertSpaces":true,"tabSize":2}
plastimar-app/client/src/store/products.js: Applying configuration map...
plastimar-app/client/src/store/products.js: {"insertSpaces":true,"tabSize":2}
plastimar-app/client/src/store/index.js: Applying configuration map...
plastimar-app/client/src/store/index.js: {"insertSpaces":true,"tabSize":2}
plastimar-app/client/src/components/Navbar.vue: Applying configuration map...
plastimar-app/client/src/components/Navbar.vue: {"insertSpaces":true,"tabSize":2}
plastimar-app/client/src/views/Products.vue: Applying configuration map...
plastimar-app/client/src/views/Products.vue: {"insertSpaces":true,"tabSize":2}
plastimar-app/client/src/store/products.js: Applying configuration map...
plastimar-app/client/src/store/products.js: {"insertSpaces":true,"tabSize":2}
plastimar-app/client/src/store/index.js: Applying configuration map...
plastimar-app/client/src/store/index.js: {"insertSpaces":true,"tabSize":2}
plastimar-app/client/src/store/products.js: Applying configuration map...
plastimar-app/client/src/store/products.js: {"insertSpaces":true,"tabSize":2}
plastimar-app/client/src/store/index.js: Applying configuration map...
plastimar-app/client/src/store/index.js: {"insertSpaces":true,"tabSize":2}
plastimar-app/client/src/store/products.js: Applying configuration map...
plastimar-app/client/src/store/products.js: {"insertSpaces":true,"tabSize":2}
plastimar-app/client/src/store/index.js: Applying configuration map...
plastimar-app/client/src/store/index.js: {"insertSpaces":true,"tabSize":2}
plastimar-app/client/src/store/products.js: Applying configuration map...
plastimar-app/client/src/store/products.js: {"insertSpaces":true,"tabSize":2}
plastimar-app/client/src/store/index.js: Applying configuration map...
plastimar-app/client/src/store/index.js: {"insertSpaces":true,"tabSize":2}
plastimar-app/client/src/components/Navbar.vue: Applying configuration map...
plastimar-app/client/src/components/Navbar.vue: {"insertSpaces":true,"tabSize":2}
plastimar-app/client/src/views/Products.vue: Applying configuration map...
plastimar-app/client/src/views/Products.vue: {"insertSpaces":true,"tabSize":2}
client/src/store/products.js: trimTrailingWhitespace()
plastimar-app/client/src/router.js: Applying configuration map...
plastimar-app/client/src/router.js: {"insertSpaces":true,"tabSize":2}
plastimar-app/client/src/components/Navbar.vue: Applying configuration map...
plastimar-app/client/src/components/Navbar.vue: {"insertSpaces":true,"tabSize":2}
client/src/components/Navbar.vue: editor.action.trimTrailingWhitespace
client/src/router.js: trimTrailingWhitespace()
plastimar-app/client/src/views/Products.vue: Applying configuration map...
plastimar-app/client/src/views/Products.vue: {"insertSpaces":true,"tabSize":2}
client/src/views/Products.vue: editor.action.trimTrailingWhitespace
client/src/views/Products.vue: editor.action.trimTrailingWhitespace
client/src/views/Products.vue: editor.action.trimTrailingWhitespace
client/src/views/Products.vue: editor.action.trimTrailingWhitespace
client/src/views/Products.vue: editor.action.trimTrailingWhitespace
client/src/views/Products.vue: editor.action.trimTrailingWhitespace
client/src/views/Products.vue: editor.action.trimTrailingWhitespace
client/src/views/Products.vue: editor.action.trimTrailingWhitespace
client/src/views/Products.vue: editor.action.trimTrailingWhitespace
client/src/views/Products.vue: editor.action.trimTrailingWhitespace
client/src/views/Products.vue: editor.action.trimTrailingWhitespace
client/src/views/Products.vue: editor.action.trimTrailingWhitespace
client/src/views/Products.vue: editor.action.trimTrailingWhitespace
client/src/views/Products.vue: editor.action.trimTrailingWhitespace
client/src/views/Products.vue: editor.action.trimTrailingWhitespace
client/src/views/Products.vue: editor.action.trimTrailingWhitespace
client/src/views/Products.vue: editor.action.trimTrailingWhitespace
client/src/views/Products.vue: editor.action.trimTrailingWhitespace
client/src/views/Products.vue: editor.action.trimTrailingWhitespace
client/src/views/Products.vue: editor.action.trimTrailingWhitespace
client/src/views/Products.vue: editor.action.trimTrailingWhitespace
client/src/views/Products.vue: editor.action.trimTrailingWhitespace
client/src/views/Products.vue: editor.action.trimTrailingWhitespace
client/src/views/Products.vue: editor.action.trimTrailingWhitespace
client/src/views/Products.vue: editor.action.trimTrailingWhitespace
client/src/views/Products.vue: editor.action.trimTrailingWhitespace
client/src/views/Products.vue: editor.action.trimTrailingWhitespace
client/src/views/Products.vue: editor.action.trimTrailingWhitespace
client/src/views/Products.vue: editor.action.trimTrailingWhitespace
client/src/views/Products.vue: editor.action.trimTrailingWhitespace
client/src/views/Products.vue: editor.action.trimTrailingWhitespace
client/src/views/Products.vue: editor.action.trimTrailingWhitespace
client/src/views/Products.vue: editor.action.trimTrailingWhitespace
client/src/views/Products.vue: editor.action.trimTrailingWhitespace
client/src/views/Products.vue: editor.action.trimTrailingWhitespace
client/src/views/Products.vue: editor.action.trimTrailingWhitespace
client/src/views/Products.vue: editor.action.trimTrailingWhitespace
client/src/views/Products.vue: editor.action.trimTrailingWhitespace
client/src/views/Products.vue: editor.action.trimTrailingWhitespace
client/src/views/Products.vue: editor.action.trimTrailingWhitespace
client/src/views/Products.vue: editor.action.trimTrailingWhitespace
client/src/views/Products.vue: editor.action.trimTrailingWhitespace
client/src/views/Products.vue: editor.action.trimTrailingWhitespace
client/src/views/Products.vue: editor.action.trimTrailingWhitespace
client/src/views/Products.vue: editor.action.trimTrailingWhitespace
client/src/views/Products.vue: editor.action.trimTrailingWhitespace
client/src/views/Products.vue: editor.action.trimTrailingWhitespace
client/src/views/Products.vue: editor.action.trimTrailingWhitespace
client/src/views/Products.vue: editor.action.trimTrailingWhitespace
client/src/views/Products.vue: editor.action.trimTrailingWhitespace
client/src/views/Products.vue: editor.action.trimTrailingWhitespace
client/src/views/Products.vue: editor.action.trimTrailingWhitespace
client/src/views/Products.vue: editor.action.trimTrailingWhitespace
client/src/views/Products.vue: editor.action.trimTrailingWhitespace
client/src/views/Products.vue: editor.action.trimTrailingWhitespace
client/src/views/Products.vue: editor.action.trimTrailingWhitespace
client/src/views/Products.vue: editor.action.trimTrailingWhitespace
client/src/views/Products.vue: editor.action.trimTrailingWhitespace
client/src/views/Products.vue: editor.action.trimTrailingWhitespace
client/src/views/Products.vue: editor.action.trimTrailingWhitespace
client/src/views/Products.vue: editor.action.trimTrailingWhitespace
client/src/views/Products.vue: editor.action.trimTrailingWhitespace
client/src/views/Products.vue: editor.action.trimTrailingWhitespace
client/src/views/Products.vue: editor.action.trimTrailingWhitespace
client/src/views/Products.vue: editor.action.trimTrailingWhitespace
client/src/views/Products.vue: editor.action.trimTrailingWhitespace
client/src/views/Products.vue: editor.action.trimTrailingWhitespace
client/src/views/Products.vue: editor.action.trimTrailingWhitespace
client/src/views/Products.vue: editor.action.trimTrailingWhitespace
client/src/views/Products.vue: editor.action.trimTrailingWhitespace
client/src/views/Products.vue: editor.action.trimTrailingWhitespace
client/src/views/Products.vue: editor.action.trimTrailingWhitespace
client/src/views/Products.vue: editor.action.trimTrailingWhitespace
client/src/views/Products.vue: editor.action.trimTrailingWhitespace
client/src/views/Products.vue: editor.action.trimTrailingWhitespace
client/src/views/Products.vue: editor.action.trimTrailingWhitespace
client/src/views/Products.vue: editor.action.trimTrailingWhitespace
client/src/views/Products.vue: editor.action.trimTrailingWhitespace
client/src/views/Products.vue: editor.action.trimTrailingWhitespace
client/src/views/Products.vue: editor.action.trimTrailingWhitespace
client/src/views/Products.vue: editor.action.trimTrailingWhitespace
client/src/views/Products.vue: editor.action.trimTrailingWhitespace
client/src/views/Products.vue: editor.action.trimTrailingWhitespace
client/src/views/Products.vue: editor.action.trimTrailingWhitespace
client/src/views/Products.vue: editor.action.trimTrailingWhitespace
client/src/views/Products.vue: editor.action.trimTrailingWhitespace
client/src/views/Products.vue: editor.action.trimTrailingWhitespace
client/src/views/Products.vue: editor.action.trimTrailingWhitespace
client/src/views/Products.vue: editor.action.trimTrailingWhitespace
client/src/views/Products.vue: editor.action.trimTrailingWhitespace
client/src/views/Products.vue: editor.action.trimTrailingWhitespace
client/src/views/Products.vue: editor.action.trimTrailingWhitespace
client/src/views/Products.vue: editor.action.trimTrailingWhitespace
client/src/views/Products.vue: editor.action.trimTrailingWhitespace
client/src/views/Products.vue: editor.action.trimTrailingWhitespace
client/src/views/Products.vue: editor.action.trimTrailingWhitespace
client/src/views/Products.vue: editor.action.trimTrailingWhitespace
client/src/views/Products.vue: editor.action.trimTrailingWhitespace
client/src/views/Products.vue: editor.action.trimTrailingWhitespace
client/src/views/Products.vue: editor.action.trimTrailingWhitespace
client/src/views/Products.vue: editor.action.trimTrailingWhitespace
client/src/views/Products.vue: editor.action.trimTrailingWhitespace
client/src/views/Products.vue: editor.action.trimTrailingWhitespace
client/src/views/Products.vue: editor.action.trimTrailingWhitespace
client/src/views/Products.vue: editor.action.trimTrailingWhitespace
client/src/views/Products.vue: editor.action.trimTrailingWhitespace
client/src/views/Products.vue: editor.action.trimTrailingWhitespace
plastimar-app/client/src/components/Navbar.vue: Applying configuration map...
plastimar-app/client/src/components/Navbar.vue: {"insertSpaces":true,"tabSize":2}
plastimar-app/client/src/router.js: Applying configuration map...
plastimar-app/client/src/router.js: {"insertSpaces":true,"tabSize":2}
plastimar-app/client/src/views/Dashboard.vue: Using EditorConfig core...
plastimar-app/client/src/views/Dashboard.vue: {"insertSpaces":true,"tabSize":2}
client/src/components/Navbar.vue: trimTrailingWhitespace()
client/src/views/Dashboard.vue: editor.action.trimTrailingWhitespace
plastimar-app/client/src/router.js: Applying configuration map...
plastimar-app/client/src/router.js: {"insertSpaces":true,"tabSize":2}
plastimar-app/client/src/components/Navbar.vue: Applying configuration map...
plastimar-app/client/src/components/Navbar.vue: {"insertSpaces":true,"tabSize":2}
Untitled-1.txt: Applying configuration map...
Untitled-1: {}
plastimar-app/client/src/views/Login.vue: Using EditorConfig core...
plastimar-app/client/src/views/Login.vue: {"insertSpaces":true,"tabSize":2}
plastimar-app/client/src/views/Projects.vue: Using EditorConfig core...
plastimar-app/client/src/views/Projects.vue: {"insertSpaces":true,"tabSize":2}
plastimar-app/client/src/views/Team.vue: Using EditorConfig core...
plastimar-app/client/src/views/Team.vue: {"insertSpaces":true,"tabSize":2}
plastimar-app/client/src/views/Login.vue: Applying configuration map...
plastimar-app/client/src/views/Login.vue: {"insertSpaces":true,"tabSize":2}
client/src/views/Login.vue: editor.action.trimTrailingWhitespace
Untitled-1.txt: Applying configuration map...
Untitled-1: {}
plastimar-app/client/src/views/Login.vue: Applying configuration map...
plastimar-app/client/src/views/Login.vue: {"insertSpaces":true,"tabSize":2}
plastimar-app/client/src/components/Navbar.vue: Applying configuration map...
plastimar-app/client/src/components/Navbar.vue: {"insertSpaces":true,"tabSize":2}
plastimar-app/client/src/views/Projects.vue: Applying configuration map...
plastimar-app/client/src/views/Projects.vue: {"insertSpaces":true,"tabSize":2}
plastimar-app/client/src/views/Team.vue: Applying configuration map...
plastimar-app/client/src/views/Team.vue: {"insertSpaces":true,"tabSize":2}
client/src/views/Team.vue: editor.action.trimTrailingWhitespace
plastimar-app/client/src/views/Projects.vue: Applying configuration map...
plastimar-app/client/src/views/Projects.vue: {"insertSpaces":true,"tabSize":2}
client/src/views/Projects.vue: editor.action.trimTrailingWhitespace
plastimar-app/client/src/views/Team.vue: Applying configuration map...
plastimar-app/client/src/views/Team.vue: {"insertSpaces":true,"tabSize":2}
plastimar-app/client/src/views/Products.vue: Applying configuration map...
plastimar-app/client/src/views/Products.vue: {"insertSpaces":true,"tabSize":2}
plastimar-app/client/src/views/Team.vue: Applying configuration map...
plastimar-app/client/src/views/Team.vue: {"insertSpaces":true,"tabSize":2}
plastimar-app/client/src/views/Products.vue: Applying configuration map...
plastimar-app/client/src/views/Products.vue: {"insertSpaces":true,"tabSize":2}
plastimar-app/client/src/components/Navbar.vue: Applying configuration map...
plastimar-app/client/src/components/Navbar.vue: {"insertSpaces":true,"tabSize":2}
plastimar-app/client/src/views/Products.vue: Applying configuration map...
plastimar-app/client/src/views/Products.vue: {"insertSpaces":true,"tabSize":2}
client/src/views/Products.vue: editor.action.trimTrailingWhitespace
client/src/views/Products.vue: editor.action.trimTrailingWhitespace
client/src/views/Products.vue: editor.action.trimTrailingWhitespace
client/src/views/Products.vue: editor.action.trimTrailingWhitespace
client/src/views/Products.vue: editor.action.trimTrailingWhitespace
client/src/views/Products.vue: editor.action.trimTrailingWhitespace
client/src/views/Products.vue: editor.action.trimTrailingWhitespace
client/src/views/Products.vue: editor.action.trimTrailingWhitespace
client/src/views/Products.vue: editor.action.trimTrailingWhitespace
client/src/views/Products.vue: editor.action.trimTrailingWhitespace
client/src/views/Products.vue: editor.action.trimTrailingWhitespace
client/src/views/Products.vue: editor.action.trimTrailingWhitespace
client/src/views/Products.vue: editor.action.trimTrailingWhitespace
plastimar-app/client/src/views/Dashboard.vue: Applying configuration map...
plastimar-app/client/src/views/Dashboard.vue: {"insertSpaces":true,"tabSize":2}
plastimar-app/client/src/views/Login.vue: Applying configuration map...
plastimar-app/client/src/views/Login.vue: {"insertSpaces":true,"tabSize":2}
plastimar-app/client/src/views/Products.vue: Applying configuration map...
plastimar-app/client/src/views/Products.vue: {"insertSpaces":true,"tabSize":2}
plastimar-app/client/src/views/Projects.vue: Applying configuration map...
plastimar-app/client/src/views/Projects.vue: {"insertSpaces":true,"tabSize":2}
plastimar-app/client/src/views/Team.vue: Applying configuration map...
plastimar-app/client/src/views/Team.vue: {"insertSpaces":true,"tabSize":2}
plastimar-app/client/src/views/Login.vue: Applying configuration map...
plastimar-app/client/src/views/Login.vue: {"insertSpaces":true,"tabSize":2}
plastimar-app/client/src/views/Team.vue: Applying configuration map...
plastimar-app/client/src/views/Team.vue: {"insertSpaces":true,"tabSize":2}
plastimar-app/client/src/views/Login.vue: Applying configuration map...
plastimar-app/client/src/views/Login.vue: {"insertSpaces":true,"tabSize":2}
plastimar-app/client/src/views/Team.vue: Applying configuration map...
plastimar-app/client/src/views/Team.vue: {"insertSpaces":true,"tabSize":2}
client/src/views/Team.vue: editor.action.trimTrailingWhitespace
client/src/views/Team.vue: editor.action.trimTrailingWhitespace
client/src/views/Team.vue: editor.action.trimTrailingWhitespace
client/src/views/Team.vue: editor.action.trimTrailingWhitespace
client/src/views/Team.vue: editor.action.trimTrailingWhitespace
client/src/views/Team.vue: editor.action.trimTrailingWhitespace
client/src/views/Team.vue: editor.action.trimTrailingWhitespace
client/src/views/Team.vue: editor.action.trimTrailingWhitespace
client/src/views/Team.vue: editor.action.trimTrailingWhitespace
client/src/views/Team.vue: editor.action.trimTrailingWhitespace
client/src/views/Team.vue: editor.action.trimTrailingWhitespace
client/src/views/Team.vue: editor.action.trimTrailingWhitespace
client/src/views/Team.vue: editor.action.trimTrailingWhitespace
client/src/views/Team.vue: editor.action.trimTrailingWhitespace
client/src/views/Team.vue: editor.action.trimTrailingWhitespace
client/src/views/Team.vue: editor.action.trimTrailingWhitespace
client/src/views/Team.vue: editor.action.trimTrailingWhitespace
client/src/views/Team.vue: editor.action.trimTrailingWhitespace
client/src/views/Team.vue: editor.action.trimTrailingWhitespace
client/src/views/Team.vue: editor.action.trimTrailingWhitespace
client/src/views/Team.vue: editor.action.trimTrailingWhitespace
client/src/views/Team.vue: editor.action.trimTrailingWhitespace
client/src/views/Team.vue: editor.action.trimTrailingWhitespace
client/src/views/Team.vue: editor.action.trimTrailingWhitespace
client/src/views/Team.vue: editor.action.trimTrailingWhitespace
client/src/views/Team.vue: editor.action.trimTrailingWhitespace
client/src/views/Team.vue: editor.action.trimTrailingWhitespace
client/src/views/Team.vue: editor.action.trimTrailingWhitespace
client/src/views/Team.vue: editor.action.trimTrailingWhitespace
client/src/views/Team.vue: editor.action.trimTrailingWhitespace
client/src/views/Team.vue: editor.action.trimTrailingWhitespace
client/src/views/Team.vue: editor.action.trimTrailingWhitespace
client/src/views/Team.vue: editor.action.trimTrailingWhitespace
client/src/views/Team.vue: editor.action.trimTrailingWhitespace
client/src/views/Team.vue: editor.action.trimTrailingWhitespace
/home/blackblex/Documentos/node-apps/back/src/views/Team.vue: Using EditorConfig core...
/home/blackblex/Documentos/node-apps/back/src/views/Team.vue: {"insertSpaces":true,"tabSize":2}
plastimar-app/client/src/views/Team.vue: Applying configuration map...
plastimar-app/client/src/views/Team.vue: {"insertSpaces":true,"tabSize":2}
client/src/views/Team.vue: editor.action.trimTrailingWhitespace
client/src/views/Team.vue: editor.action.trimTrailingWhitespace
client/src/views/Team.vue: editor.action.trimTrailingWhitespace
client/src/views/Team.vue: editor.action.trimTrailingWhitespace
client/src/views/Team.vue: editor.action.trimTrailingWhitespace
client/src/views/Team.vue: editor.action.trimTrailingWhitespace
client/src/views/Team.vue: editor.action.trimTrailingWhitespace
client/src/views/Team.vue: editor.action.trimTrailingWhitespace
client/src/views/Team.vue: editor.action.trimTrailingWhitespace
client/src/views/Team.vue: editor.action.trimTrailingWhitespace
client/src/views/Team.vue: editor.action.trimTrailingWhitespace
plastimar-app/client/src/components/Navbar.vue: Applying configuration map...
plastimar-app/client/src/components/Navbar.vue: {"insertSpaces":true,"tabSize":2}
client/src/components/Navbar.vue: editor.action.trimTrailingWhitespace
client/src/components/Navbar.vue: editor.action.trimTrailingWhitespace
client/src/components/Navbar.vue: editor.action.trimTrailingWhitespace
client/src/components/Navbar.vue: editor.action.trimTrailingWhitespace
client/src/components/Navbar.vue: editor.action.trimTrailingWhitespace
client/src/components/Navbar.vue: editor.action.trimTrailingWhitespace
client/src/components/Navbar.vue: editor.action.trimTrailingWhitespace
client/src/components/Navbar.vue: editor.action.trimTrailingWhitespace
client/src/components/Navbar.vue: editor.action.trimTrailingWhitespace
client/src/components/Navbar.vue: editor.action.trimTrailingWhitespace
client/src/components/Navbar.vue: editor.action.trimTrailingWhitespace
client/src/components/Navbar.vue: editor.action.trimTrailingWhitespace
plastimar-app/client/src/views/Products.vue: Applying configuration map...
plastimar-app/client/src/views/Products.vue: {"insertSpaces":true,"tabSize":2}
plastimar-app/client/src/components/Navbar.vue: Applying configuration map...
plastimar-app/client/src/components/Navbar.vue: {"insertSpaces":true,"tabSize":2}
plastimar-app/client/src/views/Products.vue: Applying configuration map...
plastimar-app/client/src/views/Products.vue: {"insertSpaces":true,"tabSize":2}
plastimar-app/client/src/views/Team.vue: Applying configuration map...
plastimar-app/client/src/views/Team.vue: {"insertSpaces":true,"tabSize":2}
plastimar-app/client/src/components/Navbar.vue: Applying configuration map...
plastimar-app/client/src/components/Navbar.vue: {"insertSpaces":true,"tabSize":2}
client/src/components/Navbar.vue: editor.action.trimTrailingWhitespace
client/src/components/Navbar.vue: editor.action.trimTrailingWhitespace
client/src/components/Navbar.vue: editor.action.trimTrailingWhitespace
client/src/components/Navbar.vue: editor.action.trimTrailingWhitespace
client/src/components/Navbar.vue: editor.action.trimTrailingWhitespace
client/src/components/Navbar.vue: editor.action.trimTrailingWhitespace
client/src/components/Navbar.vue: editor.action.trimTrailingWhitespace
client/src/components/Navbar.vue: editor.action.trimTrailingWhitespace
client/src/components/Navbar.vue: editor.action.trimTrailingWhitespace
client/src/components/Navbar.vue: editor.action.trimTrailingWhitespace
client/src/components/Navbar.vue: editor.action.trimTrailingWhitespace
client/src/components/Navbar.vue: editor.action.trimTrailingWhitespace
client/src/components/Navbar.vue: editor.action.trimTrailingWhitespace
client/src/components/Navbar.vue: editor.action.trimTrailingWhitespace
client/src/components/Navbar.vue: editor.action.trimTrailingWhitespace
client/src/components/Navbar.vue: editor.action.trimTrailingWhitespace
client/src/components/Navbar.vue: editor.action.trimTrailingWhitespace
client/src/components/Navbar.vue: editor.action.trimTrailingWhitespace
client/src/components/Navbar.vue: editor.action.trimTrailingWhitespace
client/src/components/Navbar.vue: editor.action.trimTrailingWhitespace
client/src/components/Navbar.vue: editor.action.trimTrailingWhitespace
client/src/components/Navbar.vue: editor.action.trimTrailingWhitespace
client/src/components/Navbar.vue: editor.action.trimTrailingWhitespace
client/src/components/Navbar.vue: editor.action.trimTrailingWhitespace
client/src/components/Navbar.vue: editor.action.trimTrailingWhitespace
plastimar-app/client/src/components/Popup.vue: Using EditorConfig core...
plastimar-app/client/src/components/Popup.vue: {"insertSpaces":true,"tabSize":2}
client/src/components/Popup.vue: editor.action.trimTrailingWhitespace
client/src/components/Popup.vue: editor.action.trimTrailingWhitespace
client/src/components/Popup.vue: editor.action.trimTrailingWhitespace
client/src/components/Popup.vue: editor.action.trimTrailingWhitespace
client/src/components/Popup.vue: editor.action.trimTrailingWhitespace
client/src/components/Popup.vue: editor.action.trimTrailingWhitespace
client/src/components/Popup.vue: editor.action.trimTrailingWhitespace
client/src/components/Popup.vue: editor.action.trimTrailingWhitespace
client/src/components/Popup.vue: editor.action.trimTrailingWhitespace
client/src/components/Popup.vue: editor.action.trimTrailingWhitespace
client/src/components/Popup.vue: editor.action.trimTrailingWhitespace
client/src/components/Popup.vue: editor.action.trimTrailingWhitespace
client/src/components/Popup.vue: editor.action.trimTrailingWhitespace
client/src/components/Popup.vue: editor.action.trimTrailingWhitespace
plastimar-app/client/src/views/Products.vue: Applying configuration map...
plastimar-app/client/src/views/Products.vue: {"insertSpaces":true,"tabSize":2}
client/src/views/Products.vue: editor.action.trimTrailingWhitespace
client/src/views/Products.vue: editor.action.trimTrailingWhitespace
client/src/views/Products.vue: editor.action.trimTrailingWhitespace
client/src/views/Products.vue: editor.action.trimTrailingWhitespace
client/src/views/Products.vue: editor.action.trimTrailingWhitespace
client/src/views/Products.vue: editor.action.trimTrailingWhitespace
/home/blackblex/Documentos/node-apps/back/src/components/Popup.vue: Using EditorConfig core...
/home/blackblex/Documentos/node-apps/back/src/components/Popup.vue: {"insertSpaces":true,"tabSize":2}
plastimar-app/client/src/views/Products.vue: Applying configuration map...
plastimar-app/client/src/views/Products.vue: {"insertSpaces":true,"tabSize":2}
plastimar-app/client/src/components/Popup.vue: Applying configuration map...
plastimar-app/client/src/components/Popup.vue: {"insertSpaces":true,"tabSize":2}
/home/blackblex/Documentos/node-apps/back/src/components/Popup.vue: Applying configuration map...
/home/blackblex/Documentos/node-apps/back/src/components/Popup.vue: {"insertSpaces":true,"tabSize":2}
plastimar-app/client/src/components/Popup.vue: Applying configuration map...
plastimar-app/client/src/components/Popup.vue: {"insertSpaces":true,"tabSize":2}
client/src/components/Popup.vue: editor.action.trimTrailingWhitespace
/home/blackblex/Documentos/node-apps/back/src/components/Popup.vue: Applying configuration map...
/home/blackblex/Documentos/node-apps/back/src/components/Popup.vue: {"insertSpaces":true,"tabSize":2}
plastimar-app/client/src/components/Popup.vue: Applying configuration map...
plastimar-app/client/src/components/Popup.vue: {"insertSpaces":true,"tabSize":2}
plastimar-app/client/src/views/Products.vue: Applying configuration map...
plastimar-app/client/src/views/Products.vue: {"insertSpaces":true,"tabSize":2}
plastimar-app/client/src/components/Popup.vue: Applying configuration map...
plastimar-app/client/src/components/Popup.vue: {"insertSpaces":true,"tabSize":2}
plastimar-app/client/src/views/Products.vue: Applying configuration map...
plastimar-app/client/src/views/Products.vue: {"insertSpaces":true,"tabSize":2}
plastimar-app/client/src/views/Dashboard.vue: Applying configuration map...
plastimar-app/client/src/views/Dashboard.vue: {"insertSpaces":true,"tabSize":2}
plastimar-app/client/src/views/Login.vue: Applying configuration map...
plastimar-app/client/src/views/Login.vue: {"insertSpaces":true,"tabSize":2}
plastimar-app/client/src/components/Popup.vue: Applying configuration map...
plastimar-app/client/src/components/Popup.vue: {"insertSpaces":true,"tabSize":2}
plastimar-app/client/src/views/Login.vue: Applying configuration map...
plastimar-app/client/src/views/Login.vue: {"insertSpaces":true,"tabSize":2}
plastimar-app/client/src/components/Popup.vue: Applying configuration map...
plastimar-app/client/src/components/Popup.vue: {"insertSpaces":true,"tabSize":2}
/home/blackblex/Documentos/node-apps/back/src/components/Popup.vue: Applying configuration map...
/home/blackblex/Documentos/node-apps/back/src/components/Popup.vue: {"insertSpaces":true,"tabSize":2}
plastimar-app/client/src/components/Popup.vue: Applying configuration map...
plastimar-app/client/src/components/Popup.vue: {"insertSpaces":true,"tabSize":2}
/home/blackblex/Documentos/node-apps/back/src/components/Popup.vue: Applying configuration map...
/home/blackblex/Documentos/node-apps/back/src/components/Popup.vue: {"insertSpaces":true,"tabSize":2}
plastimar-app/client/src/components/Popup.vue: Applying configuration map...
plastimar-app/client/src/components/Popup.vue: {"insertSpaces":true,"tabSize":2}
client/src/components/Popup.vue: editor.action.trimTrailingWhitespace
/home/blackblex/Documentos/node-apps/back/src/components/Popup.vue: Applying configuration map...
/home/blackblex/Documentos/node-apps/back/src/components/Popup.vue: {"insertSpaces":true,"tabSize":2}
plastimar-app/client/src/components/Popup.vue: Applying configuration map...
plastimar-app/client/src/components/Popup.vue: {"insertSpaces":true,"tabSize":2}
client/src/components/Popup.vue: editor.action.trimTrailingWhitespace
plastimar-app/client/src/views/Products.vue: Applying configuration map...
plastimar-app/client/src/views/Products.vue: {"insertSpaces":true,"tabSize":2}
/home/blackblex/Documentos/node-apps/back/src/components/Popup.vue: Applying configuration map...
/home/blackblex/Documentos/node-apps/back/src/components/Popup.vue: {"insertSpaces":true,"tabSize":2}
plastimar-app/client/src/components/Popup.vue: Applying configuration map...
plastimar-app/client/src/components/Popup.vue: {"insertSpaces":true,"tabSize":2}
client/src/components/Popup.vue: editor.action.trimTrailingWhitespace
client/src/components/Popup.vue: editor.action.trimTrailingWhitespace
client/src/components/Popup.vue: editor.action.trimTrailingWhitespace
/home/blackblex/Documentos/node-apps/back/src/components/Popup.vue: Applying configuration map...
/home/blackblex/Documentos/node-apps/back/src/components/Popup.vue: {"insertSpaces":true,"tabSize":2}
plastimar-app/client/src/views/Products.vue: Applying configuration map...
plastimar-app/client/src/views/Products.vue: {"insertSpaces":true,"tabSize":2}
plastimar-app/client/src/components/Popup.vue: Applying configuration map...
plastimar-app/client/src/components/Popup.vue: {"insertSpaces":true,"tabSize":2}
client/src/components/Popup.vue: editor.action.trimTrailingWhitespace
client/src/components/Popup.vue: editor.action.trimTrailingWhitespace
client/src/components/Popup.vue: editor.action.trimTrailingWhitespace
client/src/components/Popup.vue: editor.action.trimTrailingWhitespace
client/src/components/Popup.vue: editor.action.trimTrailingWhitespace
client/src/components/Popup.vue: editor.action.trimTrailingWhitespace
client/src/components/Popup.vue: editor.action.trimTrailingWhitespace
client/src/components/Popup.vue: editor.action.trimTrailingWhitespace
plastimar-app/client/src/views/Products.vue: Applying configuration map...
plastimar-app/client/src/views/Products.vue: {"insertSpaces":true,"tabSize":2}
plastimar-app/client/src/store/products.js: Applying configuration map...
plastimar-app/client/src/store/products.js: {"insertSpaces":true,"tabSize":2}
plastimar-app/client/src/store/orders.js: Using EditorConfig core...
plastimar-app/client/src/store/orders.js: {"insertSpaces":true,"tabSize":2}
plastimar-app/client/src/store/index.js: Applying configuration map...
plastimar-app/client/src/store/index.js: {"insertSpaces":true,"tabSize":2}
plastimar-app/client/src/store/orders.js: Applying configuration map...
plastimar-app/client/src/store/orders.js: {"insertSpaces":true,"tabSize":2}
client/src/store/orders.js: editor.action.trimTrailingWhitespace
client/src/store/index.js: trimTrailingWhitespace()
plastimar-app/client/src/store/index.js: Applying configuration map...
plastimar-app/client/src/store/index.js: {"insertSpaces":true,"tabSize":2}
plastimar-app/client/src/store/orders.js: Applying configuration map...
plastimar-app/client/src/store/orders.js: {"insertSpaces":true,"tabSize":2}
plastimar-app/client/src/store/index.js: Applying configuration map...
plastimar-app/client/src/store/index.js: {"insertSpaces":true,"tabSize":2}
plastimar-app/client/src/views/Products.vue: Applying configuration map...
plastimar-app/client/src/views/Products.vue: {"insertSpaces":true,"tabSize":2}
plastimar-app/client/src/views/Orders.vue: Using EditorConfig core...
plastimar-app/client/src/views/Orders.vue: {"insertSpaces":true,"tabSize":2}
plastimar-app/client/src/router.js: Applying configuration map...
plastimar-app/client/src/router.js: {"insertSpaces":true,"tabSize":2}
plastimar-app/client/src/store/index.js: Applying configuration map...
plastimar-app/client/src/store/index.js: {"insertSpaces":true,"tabSize":2}
plastimar-app/client/src/views/Orders.vue: Applying configuration map...
plastimar-app/client/src/views/Orders.vue: {"insertSpaces":true,"tabSize":2}
plastimar-app/client/src/store/orders.js: Applying configuration map...
plastimar-app/client/src/store/orders.js: {"insertSpaces":true,"tabSize":2}
client/src/views/Orders.vue: trimTrailingWhitespace()
client/src/router.js: trimTrailingWhitespace()
plastimar-app/client/src/components/Navbar.vue: Applying configuration map...
plastimar-app/client/src/components/Navbar.vue: {"insertSpaces":true,"tabSize":2}
client/src/components/Navbar.vue: editor.action.trimTrailingWhitespace
plastimar-app/client/src/components/Popup.vue: Applying configuration map...
plastimar-app/client/src/components/Popup.vue: {"insertSpaces":true,"tabSize":2}
plastimar-app/client/src/views/Orders.vue: Applying configuration map...
plastimar-app/client/src/views/Orders.vue: {"insertSpaces":true,"tabSize":2}
client/src/views/Orders.vue: editor.action.trimTrailingWhitespace
plastimar-app/client/src/components/Navbar.vue: Applying configuration map...
plastimar-app/client/src/components/Navbar.vue: {"insertSpaces":true,"tabSize":2}
plastimar-app/client/src/views/Orders.vue: Applying configuration map...
plastimar-app/client/src/views/Orders.vue: {"insertSpaces":true,"tabSize":2}
plastimar-app/client/src/components/Popup.vue: Applying configuration map...
plastimar-app/client/src/components/Popup.vue: {"insertSpaces":true,"tabSize":2}
plastimar-app/client/src/views/Orders.vue: Applying configuration map...
plastimar-app/client/src/views/Orders.vue: {"insertSpaces":true,"tabSize":2}
client/src/views/Orders.vue: editor.action.trimTrailingWhitespace
client/src/views/Orders.vue: editor.action.trimTrailingWhitespace
plastimar-app/client/src/components/Popup.vue: Applying configuration map...
plastimar-app/client/src/components/Popup.vue: {"insertSpaces":true,"tabSize":2}
client/src/components/Popup.vue: editor.action.trimTrailingWhitespace
client/src/components/Popup.vue: editor.action.trimTrailingWhitespace
client/src/components/Popup.vue: editor.action.trimTrailingWhitespace
client/src/components/Popup.vue: editor.action.trimTrailingWhitespace
client/src/components/Popup.vue: editor.action.trimTrailingWhitespace
client/src/components/Popup.vue: editor.action.trimTrailingWhitespace
client/src/components/Popup.vue: editor.action.trimTrailingWhitespace
client/src/components/Popup.vue: editor.action.trimTrailingWhitespace
client/src/components/Popup.vue: editor.action.trimTrailingWhitespace
plastimar-app/client/src/views/Orders.vue: Applying configuration map...
plastimar-app/client/src/views/Orders.vue: {"insertSpaces":true,"tabSize":2}
plastimar-app/client/src/components/Popup.vue: Applying configuration map...
plastimar-app/client/src/components/Popup.vue: {"insertSpaces":true,"tabSize":2}
plastimar-app/client/src/views/Orders.vue: Applying configuration map...
plastimar-app/client/src/views/Orders.vue: {"insertSpaces":true,"tabSize":2}
plastimar-app/client/src/components/Popup.vue: Applying configuration map...
plastimar-app/client/src/components/Popup.vue: {"insertSpaces":true,"tabSize":2}
/home/blackblex/Documentos/node-apps/back/src/components/Popup.vue: Applying configuration map...
/home/blackblex/Documentos/node-apps/back/src/components/Popup.vue: {"insertSpaces":true,"tabSize":2}
plastimar-app/client/src/components/Popup.vue: Applying configuration map...
plastimar-app/client/src/components/Popup.vue: {"insertSpaces":true,"tabSize":2}
plastimar-app/client/src/store/orders.js: Applying configuration map...
plastimar-app/client/src/store/orders.js: {"insertSpaces":true,"tabSize":2}
client/src/store/orders.js: editor.action.trimTrailingWhitespace
client/src/store/orders.js: editor.action.trimTrailingWhitespace
client/src/store/orders.js: editor.action.trimTrailingWhitespace
client/src/store/orders.js: editor.action.trimTrailingWhitespace
client/src/store/orders.js: editor.action.trimTrailingWhitespace
client/src/store/orders.js: editor.action.trimTrailingWhitespace
client/src/store/orders.js: editor.action.trimTrailingWhitespace
client/src/store/orders.js: editor.action.trimTrailingWhitespace
client/src/store/orders.js: editor.action.trimTrailingWhitespace
client/src/store/orders.js: editor.action.trimTrailingWhitespace
client/src/store/orders.js: editor.action.trimTrailingWhitespace
client/src/store/orders.js: editor.action.trimTrailingWhitespace
client/src/store/orders.js: editor.action.trimTrailingWhitespace
client/src/store/orders.js: editor.action.trimTrailingWhitespace
client/src/store/orders.js: editor.action.trimTrailingWhitespace
client/src/store/orders.js: editor.action.trimTrailingWhitespace
client/src/store/orders.js: editor.action.trimTrailingWhitespace
client/src/store/orders.js: editor.action.trimTrailingWhitespace
client/src/store/orders.js: editor.action.trimTrailingWhitespace
client/src/store/orders.js: editor.action.trimTrailingWhitespace
client/src/store/orders.js: editor.action.trimTrailingWhitespace
client/src/store/orders.js: editor.action.trimTrailingWhitespace
client/src/store/orders.js: editor.action.trimTrailingWhitespace
client/src/store/orders.js: editor.action.trimTrailingWhitespace
client/src/store/orders.js: editor.action.trimTrailingWhitespace
plastimar-app/client/src/components/Popup.vue: Applying configuration map...
plastimar-app/client/src/components/Popup.vue: {"insertSpaces":true,"tabSize":2}
client/src/components/Popup.vue: editor.action.trimTrailingWhitespace
client/src/components/Popup.vue: editor.action.trimTrailingWhitespace
client/src/components/Popup.vue: editor.action.trimTrailingWhitespace
client/src/components/Popup.vue: editor.action.trimTrailingWhitespace
plastimar-app/client/src/store/orders.js: Applying configuration map...
plastimar-app/client/src/store/orders.js: {"insertSpaces":true,"tabSize":2}
client/src/store/orders.js: editor.action.trimTrailingWhitespace
client/src/store/orders.js: editor.action.trimTrailingWhitespace
client/src/store/orders.js: editor.action.trimTrailingWhitespace
client/src/store/orders.js: editor.action.trimTrailingWhitespace
client/src/store/orders.js: editor.action.trimTrailingWhitespace
client/src/store/orders.js: editor.action.trimTrailingWhitespace
client/src/store/orders.js: editor.action.trimTrailingWhitespace
plastimar-app/client/src/components/Popup.vue: Applying configuration map...
plastimar-app/client/src/components/Popup.vue: {"insertSpaces":true,"tabSize":2}
client/src/components/Popup.vue: editor.action.trimTrailingWhitespace
client/src/components/Popup.vue: editor.action.trimTrailingWhitespace
client/src/components/Popup.vue: editor.action.trimTrailingWhitespace
client/src/components/Popup.vue: editor.action.trimTrailingWhitespace
client/src/components/Popup.vue: editor.action.trimTrailingWhitespace
plastimar-app/client/src/store/orders.js: Applying configuration map...
plastimar-app/client/src/store/orders.js: {"insertSpaces":true,"tabSize":2}
client/src/components/Popup.vue: trimTrailingWhitespace()
plastimar-app/client/src/components/Popup.vue: Applying configuration map...
plastimar-app/client/src/components/Popup.vue: {"insertSpaces":true,"tabSize":2}
client/src/components/Popup.vue: editor.action.trimTrailingWhitespace
plastimar-app/client/src/store/orders.js: Applying configuration map...
plastimar-app/client/src/store/orders.js: {"insertSpaces":true,"tabSize":2}
client/src/store/orders.js: editor.action.trimTrailingWhitespace
client/src/store/orders.js: editor.action.trimTrailingWhitespace
client/src/store/orders.js: editor.action.trimTrailingWhitespace
client/src/store/orders.js: editor.action.trimTrailingWhitespace
plastimar-app/client/src/components/Popup.vue: Applying configuration map...
plastimar-app/client/src/components/Popup.vue: {"insertSpaces":true,"tabSize":2}
client/src/components/Popup.vue: editor.action.trimTrailingWhitespace
plastimar-app/client/src/store/orders.js: Applying configuration map...
plastimar-app/client/src/store/orders.js: {"insertSpaces":true,"tabSize":2}
client/src/store/orders.js: editor.action.trimTrailingWhitespace
client/src/store/orders.js: editor.action.trimTrailingWhitespace
client/src/store/orders.js: editor.action.trimTrailingWhitespace
client/src/store/orders.js: editor.action.trimTrailingWhitespace
client/src/store/orders.js: editor.action.trimTrailingWhitespace
client/src/store/orders.js: editor.action.trimTrailingWhitespace
client/src/store/orders.js: editor.action.trimTrailingWhitespace
client/src/store/orders.js: editor.action.trimTrailingWhitespace
client/src/store/orders.js: editor.action.trimTrailingWhitespace
client/src/store/orders.js: editor.action.trimTrailingWhitespace
client/src/store/orders.js: editor.action.trimTrailingWhitespace
plastimar-app/client/src/components/Popup.vue: Applying configuration map...
plastimar-app/client/src/components/Popup.vue: {"insertSpaces":true,"tabSize":2}
plastimar-app/client/src/store/orders.js: Applying configuration map...
plastimar-app/client/src/store/orders.js: {"insertSpaces":true,"tabSize":2}
plastimar-app/client/src/components/Popup.vue: Applying configuration map...
plastimar-app/client/src/components/Popup.vue: {"insertSpaces":true,"tabSize":2}
client/src/components/Popup.vue: editor.action.trimTrailingWhitespace
client/src/components/Popup.vue: editor.action.trimTrailingWhitespace
plastimar-app/client/src/store/orders.js: Applying configuration map...
plastimar-app/client/src/store/orders.js: {"insertSpaces":true,"tabSize":2}
client/src/store/orders.js: editor.action.trimTrailingWhitespace
plastimar-app/client/src/components/Popup.vue: Applying configuration map...
plastimar-app/client/src/components/Popup.vue: {"insertSpaces":true,"tabSize":2}
client/src/components/Popup.vue: editor.action.trimTrailingWhitespace
client/src/components/Popup.vue: editor.action.trimTrailingWhitespace
client/src/components/Popup.vue: editor.action.trimTrailingWhitespace
plastimar-app/client/src/store/orders.js: Applying configuration map...
plastimar-app/client/src/store/orders.js: {"insertSpaces":true,"tabSize":2}
client/src/store/orders.js: editor.action.trimTrailingWhitespace
client/src/store/orders.js: editor.action.trimTrailingWhitespace
client/src/store/orders.js: editor.action.trimTrailingWhitespace
/home/blackblex/Documentos/node-apps/back/src/store.js: Applying configuration map...
/home/blackblex/Documentos/node-apps/back/src/store.js: {"insertSpaces":true,"tabSize":2}
plastimar-app/client/src/store/orders.js: Applying configuration map...
plastimar-app/client/src/store/orders.js: {"insertSpaces":true,"tabSize":2}
/home/blackblex/Documentos/node-apps/back/src/store.js: Applying configuration map...
/home/blackblex/Documentos/node-apps/back/src/store.js: {"insertSpaces":true,"tabSize":2}
plastimar-app/client/src/store/orders.js: Applying configuration map...
plastimar-app/client/src/store/orders.js: {"insertSpaces":true,"tabSize":2}
client/src/store/orders.js: editor.action.trimTrailingWhitespace
/home/blackblex/Documentos/node-apps/back/src/store.js: Applying configuration map...
/home/blackblex/Documentos/node-apps/back/src/store.js: {"insertSpaces":true,"tabSize":2}
plastimar-app/client/src/store/orders.js: Applying configuration map...
plastimar-app/client/src/store/orders.js: {"insertSpaces":true,"tabSize":2}
/home/blackblex/Documentos/node-apps/back/src/store.js: Applying configuration map...
/home/blackblex/Documentos/node-apps/back/src/store.js: {"insertSpaces":true,"tabSize":2}
plastimar-app/client/src/store/orders.js: Applying configuration map...
plastimar-app/client/src/store/orders.js: {"insertSpaces":true,"tabSize":2}
client/src/store/orders.js: editor.action.trimTrailingWhitespace
client/src/store/orders.js: editor.action.trimTrailingWhitespace
client/src/store/orders.js: editor.action.trimTrailingWhitespace
client/src/store/orders.js: editor.action.trimTrailingWhitespace
client/src/store/orders.js: editor.action.trimTrailingWhitespace
client/src/store/orders.js: editor.action.trimTrailingWhitespace
client/src/store/orders.js: editor.action.trimTrailingWhitespace
client/src/store/orders.js: editor.action.trimTrailingWhitespace
client/src/store/orders.js: editor.action.trimTrailingWhitespace
/home/blackblex/Documentos/node-apps/back/src/store.js: Applying configuration map...
/home/blackblex/Documentos/node-apps/back/src/store.js: {"insertSpaces":true,"tabSize":2}
plastimar-app/client/src/store/orders.js: Applying configuration map...
plastimar-app/client/src/store/orders.js: {"insertSpaces":true,"tabSize":2}
/home/blackblex/Documentos/node-apps/back/src/store.js: Applying configuration map...
/home/blackblex/Documentos/node-apps/back/src/store.js: {"insertSpaces":true,"tabSize":2}
