[Info  - 2:32:03] Using tsserver from: /opt/visual-studio-code/resources/app/extensions/node_modules/typescript/lib
[Info  - 2:32:03] Forking TSServer
[Info  - 2:32:03] Started TSServer
[Error  - 2:33:38] 'signatureHelp' request failed with error.
Error processing request. Cannot read property 'kind' of undefined
TypeError: Cannot read property 'kind' of undefined
    at hasContextSensitiveReturnExpression (/opt/visual-studio-code/resources/app/extensions/node_modules/typescript/lib/tsserver.js:40724:25)
    at checkFunctionExpressionOrObjectLiteralMethod (/opt/visual-studio-code/resources/app/extensions/node_modules/typescript/lib/tsserver.js:50595:61)
    at checkObjectLiteralMethod (/opt/visual-studio-code/resources/app/extensions/node_modules/typescript/lib/tsserver.js:51684:38)
    at checkObjectLiteral (/opt/visual-studio-code/resources/app/extensions/node_modules/typescript/lib/tsserver.js:47345:29)
    at checkExpressionWorker (/opt/visual-studio-code/resources/app/extensions/node_modules/typescript/lib/tsserver.js:51813:28)
    at checkExpression (/opt/visual-studio-code/resources/app/extensions/node_modules/typescript/lib/tsserver.js:51758:42)
    at checkExpressionForMutableLocation (/opt/visual-studio-code/resources/app/extensions/node_modules/typescript/lib/tsserver.js:51662:24)
    at checkPropertyAssignment (/opt/visual-studio-code/resources/app/extensions/node_modules/typescript/lib/tsserver.js:51673:20)
    at checkObjectLiteral (/opt/visual-studio-code/resources/app/extensions/node_modules/typescript/lib/tsserver.js:47343:83)
    at checkExpressionWorker (/opt/visual-studio-code/resources/app/extensions/node_modules/typescript/lib/tsserver.js:51813:28)
    at checkExpression (/opt/visual-studio-code/resources/app/extensions/node_modules/typescript/lib/tsserver.js:51758:42)
    at checkExpressionWithContextualType (/opt/visual-studio-code/resources/app/extensions/node_modules/typescript/lib/tsserver.js:51588:26)
    at inferTypeArguments (/opt/visual-studio-code/resources/app/extensions/node_modules/typescript/lib/tsserver.js:48791:35)
    at chooseOverload (/opt/visual-studio-code/resources/app/extensions/node_modules/typescript/lib/tsserver.js:49250:49)
    at resolveCall (/opt/visual-studio-code/resources/app/extensions/node_modules/typescript/lib/tsserver.js:49178:26)
    at resolveNewExpression (/opt/visual-studio-code/resources/app/extensions/node_modules/typescript/lib/tsserver.js:49545:24)
    at resolveSignature (/opt/visual-studio-code/resources/app/extensions/node_modules/typescript/lib/tsserver.js:49775:28)
    at getResolvedSignature (/opt/visual-studio-code/resources/app/extensions/node_modules/typescript/lib/tsserver.js:49805:26)
    at getContextualTypeForArgumentAtIndex (/opt/visual-studio-code/resources/app/extensions/node_modules/typescript/lib/tsserver.js:46618:118)
    at getContextualTypeForArgument (/opt/visual-studio-code/resources/app/extensions/node_modules/typescript/lib/tsserver.js:46613:50)
    at getContextualType (/opt/visual-studio-code/resources/app/extensions/node_modules/typescript/lib/tsserver.js:46906:28)
    at getApparentTypeOfContextualType (/opt/visual-studio-code/resources/app/extensions/node_modules/typescript/lib/tsserver.js:46852:34)
    at getContextualTypeForObjectLiteralElement (/opt/visual-studio-code/resources/app/extensions/node_modules/typescript/lib/tsserver.js:46761:24)
    at getContextualType (/opt/visual-studio-code/resources/app/extensions/node_modules/typescript/lib/tsserver.js:46914:28)
    at getApparentTypeOfContextualType (/opt/visual-studio-code/resources/app/extensions/node_modules/typescript/lib/tsserver.js:46852:34)
    at getContextualTypeForObjectLiteralElement (/opt/visual-studio-code/resources/app/extensions/node_modules/typescript/lib/tsserver.js:46761:24)
    at Object.getContextualTypeForObjectLiteralElement (/opt/visual-studio-code/resources/app/extensions/node_modules/typescript/lib/tsserver.js:30910:31)
    at getContextualSignatureLocationInfo (/opt/visual-studio-code/resources/app/extensions/node_modules/typescript/lib/tsserver.js:103601:83)
    at tryGetParameterInfo (/opt/visual-studio-code/resources/app/extensions/node_modules/typescript/lib/tsserver.js:103578:24)
    at getImmediatelyContainingArgumentOrContextualParameterInfo (/opt/visual-studio-code/resources/app/extensions/node_modules/typescript/lib/tsserver.js:103569:20)
    at _loop_6 (/opt/visual-studio-code/resources/app/extensions/node_modules/typescript/lib/tsserver.js:103740:36)
    at getContainingArgumentInfo (/opt/visual-studio-code/resources/app/extensions/node_modules/typescript/lib/tsserver.js:103746:31)
    at Object.getSignatureHelpItems (/opt/visual-studio-code/resources/app/extensions/node_modules/typescript/lib/tsserver.js:103361:32)
    at Object.getSignatureHelpItems (/opt/visual-studio-code/resources/app/extensions/node_modules/typescript/lib/tsserver.js:117580:37)
    at IOSession.Session.getSignatureHelpItems (/opt/visual-studio-code/resources/app/extensions/node_modules/typescript/lib/tsserver.js:125403:62)
    at Session.handlers.ts.createMapFromTemplate._a.(anonymous function) (/opt/visual-studio-code/resources/app/extensions/node_modules/typescript/lib/tsserver.js:124358:61)
    at /opt/visual-studio-code/resources/app/extensions/node_modules/typescript/lib/tsserver.js:125824:88
    at IOSession.Session.executeWithRequestId (/opt/visual-studio-code/resources/app/extensions/node_modules/typescript/lib/tsserver.js:125815:28)
    at IOSession.Session.executeCommand (/opt/visual-studio-code/resources/app/extensions/node_modules/typescript/lib/tsserver.js:125824:33)
    at IOSession.Session.onMessage (/opt/visual-studio-code/resources/app/extensions/node_modules/typescript/lib/tsserver.js:125846:35)
    at Interface.<anonymous> (/opt/visual-studio-code/resources/app/extensions/node_modules/typescript/lib/tsserver.js:127106:27)
    at emitOne (events.js:116:13)
    at Interface.emit (events.js:211:7)
    at Interface._onLine (readline.js:282:10)
    at Interface._normalWrite (readline.js:424:12)
    at Socket.ondata (readline.js:141:10)
    at emitOne (events.js:116:13)
    at Socket.emit (events.js:211:7)
    at addChunk (_stream_readable.js:263:12)
    at readableAddChunk (_stream_readable.js:250:11)
    at Socket.Readable.push (_stream_readable.js:208:10)
    at Pipe.onread (net.js:594:20)
