[2019-01-01 03:28:29:886] git — -c, core.quotepath=false, -c, color.ui=false, blame, --root, --incremental, --, src/store.js,   cwd='/home/blackblex/Documentos/node-apps/plastimar-app/client'

  
Error: fatal: no such ref: HEAD

[2019-01-01 03:29:12:956] git — -c, core.quotepath=false, -c, color.ui=false, blame, --root, --incremental, --, src/store.js,   cwd='/home/blackblex/Documentos/node-apps/plastimar-app/client'

  
Error: fatal: no such ref: HEAD

[2019-01-01 03:29:22:454] git — -c, core.quotepath=false, -c, color.ui=false, blame, --root, --incremental, --, src/store.js,   cwd='/home/blackblex/Documentos/node-apps/plastimar-app/client'

  
Error: fatal: no such ref: HEAD

[2019-01-01 03:29:52:532] git — -c, core.quotepath=false, -c, color.ui=false, blame, --root, --incremental, --contents, -, --, src/store.js,   cwd='/home/blackblex/Documentos/node-apps/plastimar-app/client'

  
Error: fatal: no such ref: HEAD

[2019-01-01 03:29:59:747] git — -c, core.quotepath=false, -c, color.ui=false, blame, --root, --incremental, --contents, -, --, src/store.js,   cwd='/home/blackblex/Documentos/node-apps/plastimar-app/client'

  
Error: fatal: no such ref: HEAD

[2019-01-01 03:30:00:600] git — -c, core.quotepath=false, -c, color.ui=false, blame, --root, --incremental, --, src/store.js,   cwd='/home/blackblex/Documentos/node-apps/plastimar-app/client'

  
Error: fatal: no such ref: HEAD

[2019-01-01 03:30:10:294] git — -c, core.quotepath=false, -c, color.ui=false, blame, --root, --incremental, --, src/store.js,   cwd='/home/blackblex/Documentos/node-apps/plastimar-app/client'

  
Error: fatal: no such ref: HEAD

[2019-01-01 03:30:26:339] git — -c, core.quotepath=false, -c, color.ui=false, blame, --root, --incremental, --, src/store.js,   cwd='/home/blackblex/Documentos/node-apps/plastimar-app/client'

  
Error: fatal: no such ref: HEAD

[2019-01-01 03:36:49:263] git — -c, core.quotepath=false, -c, color.ui=false, blame, --root, --incremental, --, src/store.js,   cwd='/home/blackblex/Documentos/node-apps/plastimar-app/client'

  
Error: fatal: no such ref: HEAD

[2019-01-01 03:43:17:638] git — -c, core.quotepath=false, -c, color.ui=false, blame, --root, --incremental, --, src/store.js,   cwd='/home/blackblex/Documentos/node-apps/plastimar-app/client'

  
Error: fatal: no such ref: HEAD

[2019-01-01 03:44:16:254] git — -c, core.quotepath=false, -c, color.ui=false, blame, --root, --incremental, --contents, -, --, src/store.js,   cwd='/home/blackblex/Documentos/node-apps/plastimar-app/client'

  
Error: fatal: no such ref: HEAD

[2019-01-01 03:44:37:786] git — -c, core.quotepath=false, -c, color.ui=false, blame, --root, --incremental, --contents, -, --, src/store.js,   cwd='/home/blackblex/Documentos/node-apps/plastimar-app/client'

  
Error: fatal: no such ref: HEAD

[2019-01-01 03:44:40:442] git — -c, core.quotepath=false, -c, color.ui=false, blame, --root, --incremental, --contents, -, --, src/store.js,   cwd='/home/blackblex/Documentos/node-apps/plastimar-app/client'

  
Error: fatal: no such ref: HEAD

[2019-01-01 03:44:40:876] git — -c, core.quotepath=false, -c, color.ui=false, blame, --root, --incremental, --contents, -, --, src/store.js,   cwd='/home/blackblex/Documentos/node-apps/plastimar-app/client'

  
Error: fatal: no such ref: HEAD

[2019-01-01 03:44:59:776] git — -c, core.quotepath=false, -c, color.ui=false, blame, --root, --incremental, --contents, -, --, src/store.js,   cwd='/home/blackblex/Documentos/node-apps/plastimar-app/client'

  
Error: fatal: no such ref: HEAD

[2019-01-01 03:45:00:043] git — -c, core.quotepath=false, -c, color.ui=false, blame, --root, --incremental, --contents, -, --, src/store.js,   cwd='/home/blackblex/Documentos/node-apps/plastimar-app/client'

  
Error: fatal: no such ref: HEAD

[2019-01-01 03:45:06:224] git — -c, core.quotepath=false, -c, color.ui=false, blame, --root, --incremental, --contents, -, --, src/store.js,   cwd='/home/blackblex/Documentos/node-apps/plastimar-app/client'

  
Error: fatal: no such ref: HEAD

[2019-01-01 03:45:08:191] git — -c, core.quotepath=false, -c, color.ui=false, blame, --root, --incremental, --contents, -, --, src/store.js,   cwd='/home/blackblex/Documentos/node-apps/plastimar-app/client'

  
Error: fatal: no such ref: HEAD

[2019-01-01 03:45:09:139] git — -c, core.quotepath=false, -c, color.ui=false, blame, --root, --incremental, --, src/store.js,   cwd='/home/blackblex/Documentos/node-apps/plastimar-app/client'

  
Error: fatal: no such ref: HEAD

[2019-01-01 03:45:20:615] git — -c, core.quotepath=false, -c, color.ui=false, blame, --root, --incremental, --, src/store.js,   cwd='/home/blackblex/Documentos/node-apps/plastimar-app/client'

  
Error: fatal: no such ref: HEAD

[2019-01-01 03:45:29:996] git — -c, core.quotepath=false, -c, color.ui=false, blame, --root, --incremental, --, src/store.js,   cwd='/home/blackblex/Documentos/node-apps/plastimar-app/client'

  
Error: fatal: no such ref: HEAD

[2019-01-01 03:46:03:728] git — -c, core.quotepath=false, -c, color.ui=false, blame, --root, --incremental, --contents, -, --, src/store.js,   cwd='/home/blackblex/Documentos/node-apps/plastimar-app/client'

  
Error: fatal: no such ref: HEAD

[2019-01-01 03:46:16:754] git — -c, core.quotepath=false, -c, color.ui=false, blame, --root, --incremental, --, src/store.js,   cwd='/home/blackblex/Documentos/node-apps/plastimar-app/client'

  
Error: fatal: no such ref: HEAD

[2019-01-01 03:50:16:165] git — -c, core.quotepath=false, -c, color.ui=false, blame, --root, --incremental, --, src/store.js,   cwd='/home/blackblex/Documentos/node-apps/plastimar-app/client'

  
Error: fatal: no such ref: HEAD

[2019-01-01 03:50:45:205] git — -c, core.quotepath=false, -c, color.ui=false, blame, --root, --incremental, --, src/store.js,   cwd='/home/blackblex/Documentos/node-apps/plastimar-app/client'

  
Error: fatal: no such ref: HEAD

[2019-01-01 03:50:54:486] git — -c, core.quotepath=false, -c, color.ui=false, blame, --root, --incremental, --, src/store.js,   cwd='/home/blackblex/Documentos/node-apps/plastimar-app/client'

  
Error: fatal: no such ref: HEAD

[2019-01-01 03:51:24:535] git — -c, core.quotepath=false, -c, color.ui=false, blame, --root, --incremental, --, src/store.js,   cwd='/home/blackblex/Documentos/node-apps/plastimar-app/client'

  
Error: fatal: no such ref: HEAD

[2019-01-01 03:51:29:059] git — -c, core.quotepath=false, -c, color.ui=false, blame, --root, --incremental, --, src/store.js,   cwd='/home/blackblex/Documentos/node-apps/plastimar-app/client'

  
Error: fatal: no such ref: HEAD

[2019-01-01 03:51:35:184] git — -c, core.quotepath=false, -c, color.ui=false, blame, --root, --incremental, --, src/store.js,   cwd='/home/blackblex/Documentos/node-apps/plastimar-app/client'

  
Error: fatal: no such ref: HEAD

[2019-01-01 03:52:01:420] git — -c, core.quotepath=false, -c, color.ui=false, blame, --root, --incremental, --, src/store.js,   cwd='/home/blackblex/Documentos/node-apps/plastimar-app/client'

  
Error: fatal: no such ref: HEAD

[2019-01-01 03:52:07:221] git — -c, core.quotepath=false, -c, color.ui=false, blame, --root, --incremental, --, src/store.js,   cwd='/home/blackblex/Documentos/node-apps/plastimar-app/client'

  
Error: fatal: no such ref: HEAD

[2019-01-01 03:57:02:192] git — -c, core.quotepath=false, -c, color.ui=false, blame, --root, --incremental, --, src/store.js,   cwd='/home/blackblex/Documentos/node-apps/plastimar-app/client'

  
Error: fatal: no such ref: HEAD

[2019-01-01 03:59:41:173] git — -c, core.quotepath=false, -c, color.ui=false, blame, --root, --incremental, --contents, -, --, src/store.js,   cwd='/home/blackblex/Documentos/node-apps/plastimar-app/client'

  
Error: fatal: no such ref: HEAD

[2019-01-01 03:59:48:182] git — -c, core.quotepath=false, -c, color.ui=false, blame, --root, --incremental, --contents, -, --, src/store.js,   cwd='/home/blackblex/Documentos/node-apps/plastimar-app/client'

  
Error: fatal: no such ref: HEAD

[2019-01-01 03:59:53:562] git — -c, core.quotepath=false, -c, color.ui=false, blame, --root, --incremental, --contents, -, --, src/store.js,   cwd='/home/blackblex/Documentos/node-apps/plastimar-app/client'

  
Error: fatal: no such ref: HEAD

[2019-01-01 03:59:56:394] git — -c, core.quotepath=false, -c, color.ui=false, blame, --root, --incremental, --contents, -, --, src/store.js,   cwd='/home/blackblex/Documentos/node-apps/plastimar-app/client'

  
Error: fatal: no such ref: HEAD

[2019-01-01 04:00:25:789] git — -c, core.quotepath=false, -c, color.ui=false, blame, --root, --incremental, --contents, -, --, src/store.js,   cwd='/home/blackblex/Documentos/node-apps/plastimar-app/client'

  
Error: fatal: no such ref: HEAD

[2019-01-01 04:00:40:508] git — -c, core.quotepath=false, -c, color.ui=false, blame, --root, --incremental, --contents, -, --, src/store.js,   cwd='/home/blackblex/Documentos/node-apps/plastimar-app/client'

  
Error: fatal: no such ref: HEAD

[2019-01-01 04:00:42:943] git — -c, core.quotepath=false, -c, color.ui=false, blame, --root, --incremental, --contents, -, --, src/store.js,   cwd='/home/blackblex/Documentos/node-apps/plastimar-app/client'

  
Error: fatal: no such ref: HEAD

[2019-01-01 04:00:44:343] git — -c, core.quotepath=false, -c, color.ui=false, blame, --root, --incremental, --contents, -, --, src/store.js,   cwd='/home/blackblex/Documentos/node-apps/plastimar-app/client'

  
Error: fatal: no such ref: HEAD

[2019-01-01 04:00:44:608] git — -c, core.quotepath=false, -c, color.ui=false, blame, --root, --incremental, --contents, -, --, src/store.js,   cwd='/home/blackblex/Documentos/node-apps/plastimar-app/client'

  
Error: fatal: no such ref: HEAD

[2019-01-01 04:01:10:303] git — -c, core.quotepath=false, -c, color.ui=false, blame, --root, --incremental, --, src/store.js,   cwd='/home/blackblex/Documentos/node-apps/plastimar-app/client'

  
Error: fatal: no such ref: HEAD

[2019-01-01 04:01:17:016] git — -c, core.quotepath=false, -c, color.ui=false, blame, --root, --incremental, --, src/store.js,   cwd='/home/blackblex/Documentos/node-apps/plastimar-app/client'

  
Error: fatal: no such ref: HEAD

[2019-01-01 04:05:07:093] git — -c, core.quotepath=false, -c, color.ui=false, blame, --root, --incremental, --, src/store.js,   cwd='/home/blackblex/Documentos/node-apps/plastimar-app/client'

  
Error: fatal: no such ref: HEAD

[2019-01-01 04:10:23:797] git — -c, core.quotepath=false, -c, color.ui=false, blame, --root, --incremental, --, src/store.js,   cwd='/home/blackblex/Documentos/node-apps/plastimar-app/client'

  
Error: fatal: no such ref: HEAD

[2019-01-01 04:16:30:802] git — -c, core.quotepath=false, -c, color.ui=false, blame, --root, --incremental, --contents, -, --, src/store.js,   cwd='/home/blackblex/Documentos/node-apps/plastimar-app/client'

  
Error: fatal: no such ref: HEAD

[2019-01-01 04:16:43:384] git — -c, core.quotepath=false, -c, color.ui=false, blame, --root, --incremental, --contents, -, --, src/store.js,   cwd='/home/blackblex/Documentos/node-apps/plastimar-app/client'

  
Error: fatal: no such ref: HEAD

[2019-01-01 04:16:43:649] git — -c, core.quotepath=false, -c, color.ui=false, blame, --root, --incremental, --contents, -, --, src/store.js,   cwd='/home/blackblex/Documentos/node-apps/plastimar-app/client'

  
Error: fatal: no such ref: HEAD

[2019-01-01 04:16:43:917] git — -c, core.quotepath=false, -c, color.ui=false, blame, --root, --incremental, --contents, -, --, src/store.js,   cwd='/home/blackblex/Documentos/node-apps/plastimar-app/client'

  
Error: fatal: no such ref: HEAD

[2019-01-01 04:16:44:181] git — -c, core.quotepath=false, -c, color.ui=false, blame, --root, --incremental, --contents, -, --, src/store.js,   cwd='/home/blackblex/Documentos/node-apps/plastimar-app/client'

  
Error: fatal: no such ref: HEAD

[2019-01-01 04:16:50:952] git — -c, core.quotepath=false, -c, color.ui=false, blame, --root, --incremental, --contents, -, --, src/store.js,   cwd='/home/blackblex/Documentos/node-apps/plastimar-app/client'

  
Error: fatal: no such ref: HEAD

[2019-01-01 04:16:57:116] git — -c, core.quotepath=false, -c, color.ui=false, blame, --root, --incremental, --contents, -, --, src/store.js,   cwd='/home/blackblex/Documentos/node-apps/plastimar-app/client'

  
Error: fatal: no such ref: HEAD

[2019-01-01 04:17:07:720] git — -c, core.quotepath=false, -c, color.ui=false, blame, --root, --incremental, --contents, -, --, src/store.js,   cwd='/home/blackblex/Documentos/node-apps/plastimar-app/client'

  
Error: fatal: no such ref: HEAD

[2019-01-01 04:17:10:944] git — -c, core.quotepath=false, -c, color.ui=false, blame, --root, --incremental, --contents, -, --, src/store.js,   cwd='/home/blackblex/Documentos/node-apps/plastimar-app/client'

  
Error: fatal: no such ref: HEAD

[2019-01-01 04:17:11:215] git — -c, core.quotepath=false, -c, color.ui=false, blame, --root, --incremental, --contents, -, --, src/store.js,   cwd='/home/blackblex/Documentos/node-apps/plastimar-app/client'

  
Error: fatal: no such ref: HEAD

[2019-01-01 04:17:15:258] git — -c, core.quotepath=false, -c, color.ui=false, blame, --root, --incremental, --contents, -, --, src/store.js,   cwd='/home/blackblex/Documentos/node-apps/plastimar-app/client'

  
Error: fatal: no such ref: HEAD

[2019-01-01 04:17:29:811] git — -c, core.quotepath=false, -c, color.ui=false, blame, --root, --incremental, --contents, -, --, src/store.js,   cwd='/home/blackblex/Documentos/node-apps/plastimar-app/client'

  
Error: fatal: no such ref: HEAD

[2019-01-01 04:17:30:364] git — -c, core.quotepath=false, -c, color.ui=false, blame, --root, --incremental, --contents, -, --, src/store.js,   cwd='/home/blackblex/Documentos/node-apps/plastimar-app/client'

  
Error: fatal: no such ref: HEAD

[2019-01-01 04:17:32:738] git — -c, core.quotepath=false, -c, color.ui=false, blame, --root, --incremental, --contents, -, --, src/store.js,   cwd='/home/blackblex/Documentos/node-apps/plastimar-app/client'

  
Error: fatal: no such ref: HEAD

[2019-01-01 04:17:35:540] git — -c, core.quotepath=false, -c, color.ui=false, blame, --root, --incremental, --contents, -, --, src/store.js,   cwd='/home/blackblex/Documentos/node-apps/plastimar-app/client'

  
Error: fatal: no such ref: HEAD

[2019-01-01 04:17:38:788] git — -c, core.quotepath=false, -c, color.ui=false, blame, --root, --incremental, --, src/store.js,   cwd='/home/blackblex/Documentos/node-apps/plastimar-app/client'

  
Error: fatal: no such ref: HEAD

[2019-01-01 04:18:38:375] git — -c, core.quotepath=false, -c, color.ui=false, blame, --root, --incremental, --, src/store.js,   cwd='/home/blackblex/Documentos/node-apps/plastimar-app/client'

  
Error: fatal: no such ref: HEAD

[2019-01-01 04:25:05:020] git — -c, core.quotepath=false, -c, color.ui=false, blame, --root, --incremental, --contents, -, --, src/store.js,   cwd='/home/blackblex/Documentos/node-apps/plastimar-app/client'

  
Error: fatal: no such ref: HEAD

[2019-01-01 04:25:30:733] git — -c, core.quotepath=false, -c, color.ui=false, blame, --root, --incremental, --contents, -, --, src/store.js,   cwd='/home/blackblex/Documentos/node-apps/plastimar-app/client'

  
Error: fatal: no such ref: HEAD

[2019-01-01 04:25:34:732] git — -c, core.quotepath=false, -c, color.ui=false, blame, --root, --incremental, --, src/store.js,   cwd='/home/blackblex/Documentos/node-apps/plastimar-app/client'

  
Error: fatal: no such ref: HEAD

[2019-01-01 04:27:34:443] git — -c, core.quotepath=false, -c, color.ui=false, blame, --root, --incremental, --contents, -, --, src/store.js,   cwd='/home/blackblex/Documentos/node-apps/plastimar-app/client'

  
Error: fatal: no such ref: HEAD

[2019-01-01 04:27:38:227] git — -c, core.quotepath=false, -c, color.ui=false, blame, --root, --incremental, --contents, -, --, src/store.js,   cwd='/home/blackblex/Documentos/node-apps/plastimar-app/client'

  
Error: fatal: no such ref: HEAD

[2019-01-01 04:27:38:493] git — -c, core.quotepath=false, -c, color.ui=false, blame, --root, --incremental, --contents, -, --, src/store.js,   cwd='/home/blackblex/Documentos/node-apps/plastimar-app/client'

  
Error: fatal: no such ref: HEAD

[2019-01-01 04:27:54:410] git — -c, core.quotepath=false, -c, color.ui=false, blame, --root, --incremental, --contents, -, --, src/store.js,   cwd='/home/blackblex/Documentos/node-apps/plastimar-app/client'

  
Error: fatal: no such ref: HEAD

[2019-01-01 04:27:55:716] git — -c, core.quotepath=false, -c, color.ui=false, blame, --root, --incremental, --, src/store.js,   cwd='/home/blackblex/Documentos/node-apps/plastimar-app/client'

  
Error: fatal: no such ref: HEAD

[2019-01-01 04:28:55:643] git — -c, core.quotepath=false, -c, color.ui=false, blame, --root, --incremental, --contents, -, --, src/store.js,   cwd='/home/blackblex/Documentos/node-apps/plastimar-app/client'

  
Error: fatal: no such ref: HEAD

[2019-01-01 04:30:58:568] git — -c, core.quotepath=false, -c, color.ui=false, blame, --root, --incremental, --contents, -, --, src/store.js,   cwd='/home/blackblex/Documentos/node-apps/plastimar-app/client'

  
Error: fatal: no such ref: HEAD

[2019-01-01 04:41:41:624] git — -c, core.quotepath=false, -c, color.ui=false, blame, --root, --incremental, --, src/store.js,   cwd='/home/blackblex/Documentos/node-apps/plastimar-app/client'

  
Error: fatal: no such ref: HEAD

[2019-01-01 04:45:49:109] git — -c, core.quotepath=false, -c, color.ui=false, blame, --root, --incremental, --contents, -, --, src/store.js,   cwd='/home/blackblex/Documentos/node-apps/plastimar-app/client'

  
Error: fatal: no such ref: HEAD

[2019-01-01 04:45:56:128] git — -c, core.quotepath=false, -c, color.ui=false, blame, --root, --incremental, --contents, -, --, src/store.js,   cwd='/home/blackblex/Documentos/node-apps/plastimar-app/client'

  
Error: fatal: no such ref: HEAD

[2019-01-01 04:46:00:884] git — -c, core.quotepath=false, -c, color.ui=false, blame, --root, --incremental, --contents, -, --, src/store.js,   cwd='/home/blackblex/Documentos/node-apps/plastimar-app/client'

  
Error: fatal: no such ref: HEAD

[2019-01-01 04:46:12:541] git — -c, core.quotepath=false, -c, color.ui=false, blame, --root, --incremental, --contents, -, --, src/store.js,   cwd='/home/blackblex/Documentos/node-apps/plastimar-app/client'

  
Error: fatal: no such ref: HEAD

[2019-01-01 04:46:15:123] git — -c, core.quotepath=false, -c, color.ui=false, blame, --root, --incremental, --contents, -, --, src/store.js,   cwd='/home/blackblex/Documentos/node-apps/plastimar-app/client'

  
Error: fatal: no such ref: HEAD

[2019-01-01 04:46:15:769] git — -c, core.quotepath=false, -c, color.ui=false, blame, --root, --incremental, --contents, -, --, src/store.js,   cwd='/home/blackblex/Documentos/node-apps/plastimar-app/client'

  
Error: fatal: no such ref: HEAD

[2019-01-01 04:46:19:601] git — -c, core.quotepath=false, -c, color.ui=false, blame, --root, --incremental, --contents, -, --, src/store.js,   cwd='/home/blackblex/Documentos/node-apps/plastimar-app/client'

  
Error: fatal: no such ref: HEAD

[2019-01-01 04:46:20:634] git — -c, core.quotepath=false, -c, color.ui=false, blame, --root, --incremental, --, src/store.js,   cwd='/home/blackblex/Documentos/node-apps/plastimar-app/client'

  
Error: fatal: no such ref: HEAD

[2019-01-01 04:46:29:384] git — -c, core.quotepath=false, -c, color.ui=false, blame, --root, --incremental, --contents, -, --, src/store.js,   cwd='/home/blackblex/Documentos/node-apps/plastimar-app/client'

  
Error: fatal: no such ref: HEAD

[2019-01-01 04:46:33:424] git — -c, core.quotepath=false, -c, color.ui=false, blame, --root, --incremental, --contents, -, --, src/store.js,   cwd='/home/blackblex/Documentos/node-apps/plastimar-app/client'

  
Error: fatal: no such ref: HEAD

[2019-01-01 04:46:40:814] git — -c, core.quotepath=false, -c, color.ui=false, blame, --root, --incremental, --contents, -, --, src/store.js,   cwd='/home/blackblex/Documentos/node-apps/plastimar-app/client'

  
Error: fatal: no such ref: HEAD

[2019-01-01 04:47:26:951] git — -c, core.quotepath=false, -c, color.ui=false, blame, --root, --incremental, --contents, -, --, src/store.js,   cwd='/home/blackblex/Documentos/node-apps/plastimar-app/client'

  
Error: fatal: no such ref: HEAD

[2019-01-01 04:47:27:217] git — -c, core.quotepath=false, -c, color.ui=false, blame, --root, --incremental, --contents, -, --, src/store.js,   cwd='/home/blackblex/Documentos/node-apps/plastimar-app/client'

  
Error: fatal: no such ref: HEAD

[2019-01-01 04:47:27:948] git — -c, core.quotepath=false, -c, color.ui=false, blame, --root, --incremental, --, src/store.js,   cwd='/home/blackblex/Documentos/node-apps/plastimar-app/client'

  
Error: fatal: no such ref: HEAD

[2019-01-01 04:47:39:678] git — -c, core.quotepath=false, -c, color.ui=false, blame, --root, --incremental, --, src/store.js,   cwd='/home/blackblex/Documentos/node-apps/plastimar-app/client'

  
Error: fatal: no such ref: HEAD

[2019-01-01 04:47:48:386] git — -c, core.quotepath=false, -c, color.ui=false, blame, --root, --incremental, --, src/store.js,   cwd='/home/blackblex/Documentos/node-apps/plastimar-app/client'

  
Error: fatal: no such ref: HEAD

[2019-01-01 04:47:53:732] git — -c, core.quotepath=false, -c, color.ui=false, blame, --root, --incremental, --, src/store.js,   cwd='/home/blackblex/Documentos/node-apps/plastimar-app/client'

  
Error: fatal: no such ref: HEAD

[2019-01-01 04:48:15:547] git — -c, core.quotepath=false, -c, color.ui=false, blame, --root, --incremental, --contents, -, --, src/store.js,   cwd='/home/blackblex/Documentos/node-apps/plastimar-app/client'

  
Error: fatal: no such ref: HEAD

[2019-01-01 04:48:15:815] git — -c, core.quotepath=false, -c, color.ui=false, blame, --root, --incremental, --contents, -, --, src/store.js,   cwd='/home/blackblex/Documentos/node-apps/plastimar-app/client'

  
Error: fatal: no such ref: HEAD

[2019-01-01 04:48:22:843] git — -c, core.quotepath=false, -c, color.ui=false, blame, --root, --incremental, --contents, -, --, src/store.js,   cwd='/home/blackblex/Documentos/node-apps/plastimar-app/client'

  
Error: fatal: no such ref: HEAD

[2019-01-01 04:48:30:079] git — -c, core.quotepath=false, -c, color.ui=false, blame, --root, --incremental, --contents, -, --, src/store.js,   cwd='/home/blackblex/Documentos/node-apps/plastimar-app/client'

  
Error: fatal: no such ref: HEAD

[2019-01-01 04:57:46:867] git — -c, core.quotepath=false, -c, color.ui=false, blame, --root, --incremental, --, src/store.js,   cwd='/home/blackblex/Documentos/node-apps/plastimar-app/client'

  
Error: fatal: no such ref: HEAD

[2019-01-01 05:03:49:561] git — -c, core.quotepath=false, -c, color.ui=false, blame, --root, --incremental, --contents, -, --, src/store.js,   cwd='/home/blackblex/Documentos/node-apps/plastimar-app/client'

  
Error: fatal: no such ref: HEAD

[2019-01-01 05:03:52:751] git — -c, core.quotepath=false, -c, color.ui=false, blame, --root, --incremental, --contents, -, --, src/store.js,   cwd='/home/blackblex/Documentos/node-apps/plastimar-app/client'

  
Error: fatal: no such ref: HEAD

[2019-01-01 05:04:52:184] git — -c, core.quotepath=false, -c, color.ui=false, blame, --root, --incremental, --, src/store.js,   cwd='/home/blackblex/Documentos/node-apps/plastimar-app/client'

  
Error: fatal: no such ref: HEAD

[2019-01-01 05:15:40:019] git — -c, core.quotepath=false, -c, color.ui=false, blame, --root, --incremental, --contents, -, --, src/store.js,   cwd='/home/blackblex/Documentos/node-apps/plastimar-app/client'

  
Error: fatal: no such ref: HEAD

[2019-01-01 05:15:42:920] git — -c, core.quotepath=false, -c, color.ui=false, blame, --root, --incremental, --contents, -, --, src/store.js,   cwd='/home/blackblex/Documentos/node-apps/plastimar-app/client'

  
Error: fatal: no such ref: HEAD

[2019-01-01 05:15:46:391] git — -c, core.quotepath=false, -c, color.ui=false, blame, --root, --incremental, --contents, -, --, src/store.js,   cwd='/home/blackblex/Documentos/node-apps/plastimar-app/client'

  
Error: fatal: no such ref: HEAD

[2019-01-01 05:15:46:657] git — -c, core.quotepath=false, -c, color.ui=false, blame, --root, --incremental, --contents, -, --, src/store.js,   cwd='/home/blackblex/Documentos/node-apps/plastimar-app/client'

  
Error: fatal: no such ref: HEAD

[2019-01-01 05:15:52:863] git — -c, core.quotepath=false, -c, color.ui=false, blame, --root, --incremental, --contents, -, --, src/store.js,   cwd='/home/blackblex/Documentos/node-apps/plastimar-app/client'

  
Error: fatal: no such ref: HEAD

[2019-01-01 05:15:56:708] git — -c, core.quotepath=false, -c, color.ui=false, blame, --root, --incremental, --contents, -, --, src/store.js,   cwd='/home/blackblex/Documentos/node-apps/plastimar-app/client'

  
Error: fatal: no such ref: HEAD

[2019-01-01 05:16:01:789] git — -c, core.quotepath=false, -c, color.ui=false, blame, --root, --incremental, --, src/store.js,   cwd='/home/blackblex/Documentos/node-apps/plastimar-app/client'

  
Error: fatal: no such ref: HEAD

[2019-01-01 05:37:55:150] git — -c, core.quotepath=false, -c, color.ui=false, blame, --root, --incremental, --, src/store.js,   cwd='/home/blackblex/Documentos/node-apps/plastimar-app/client'

  
Error: fatal: no such ref: HEAD

[2019-01-01 05:38:20:164] git — -c, core.quotepath=false, -c, color.ui=false, blame, --root, --incremental, --, src/store.js,   cwd='/home/blackblex/Documentos/node-apps/plastimar-app/client'

  
Error: fatal: no such ref: HEAD

[2019-01-01 05:38:48:337] git — -c, core.quotepath=false, -c, color.ui=false, blame, --root, --incremental, --, src/store.js,   cwd='/home/blackblex/Documentos/node-apps/plastimar-app/client'

  
Error: fatal: no such ref: HEAD

[2019-01-01 05:39:20:110] git — -c, core.quotepath=false, -c, color.ui=false, blame, --root, --incremental, --, src/store.js,   cwd='/home/blackblex/Documentos/node-apps/plastimar-app/client'

  
Error: fatal: no such ref: HEAD

[2019-01-01 05:39:30:518] git — -c, core.quotepath=false, -c, color.ui=false, blame, --root, --incremental, --, src/store.js,   cwd='/home/blackblex/Documentos/node-apps/plastimar-app/client'

  
Error: fatal: no such ref: HEAD

[2019-01-01 05:40:56:843] git — -c, core.quotepath=false, -c, color.ui=false, blame, --root, --incremental, --, src/store.js,   cwd='/home/blackblex/Documentos/node-apps/plastimar-app/client'

  
Error: fatal: no such ref: HEAD

[2019-01-01 05:41:20:826] git — -c, core.quotepath=false, -c, color.ui=false, blame, --root, --incremental, --, src/store.js,   cwd='/home/blackblex/Documentos/node-apps/plastimar-app/client'

  
Error: fatal: no such ref: HEAD

[2019-01-01 05:43:28:146] git — -c, core.quotepath=false, -c, color.ui=false, blame, --root, --incremental, --contents, -, --, src/store.js,   cwd='/home/blackblex/Documentos/node-apps/plastimar-app/client'

  
Error: fatal: no such ref: HEAD

[2019-01-01 05:43:32:759] git — -c, core.quotepath=false, -c, color.ui=false, blame, --root, --incremental, --contents, -, --, src/store.js,   cwd='/home/blackblex/Documentos/node-apps/plastimar-app/client'

  
Error: fatal: no such ref: HEAD

[2019-01-01 05:43:38:681] git — -c, core.quotepath=false, -c, color.ui=false, blame, --root, --incremental, --contents, -, --, src/store.js,   cwd='/home/blackblex/Documentos/node-apps/plastimar-app/client'

  
Error: fatal: no such ref: HEAD

[2019-01-01 05:43:40:016] git — -c, core.quotepath=false, -c, color.ui=false, blame, --root, --incremental, --, src/store.js,   cwd='/home/blackblex/Documentos/node-apps/plastimar-app/client'

  
Error: fatal: no such ref: HEAD

[2019-01-01 07:21:31:412] git — -c, core.quotepath=false, -c, color.ui=false, blame, --root, --incremental, --, src/router.js,   cwd='/home/blackblex/Documentos/node-apps/plastimar-app/client'

  
Error: fatal: no such ref: HEAD

[2019-01-01 07:22:33:001] git — -c, core.quotepath=false, -c, color.ui=false, blame, --root, --incremental, --, src/router.js,   cwd='/home/blackblex/Documentos/node-apps/plastimar-app/client'

  
Error: fatal: no such ref: HEAD

[2019-01-01 07:22:43:681] git — -c, core.quotepath=false, -c, color.ui=false, blame, --root, --incremental, --, src/router.js,   cwd='/home/blackblex/Documentos/node-apps/plastimar-app/client'

  
Error: fatal: no such ref: HEAD

[2019-01-01 07:22:51:188] git — -c, core.quotepath=false, -c, color.ui=false, blame, --root, --incremental, --, src/router.js,   cwd='/home/blackblex/Documentos/node-apps/plastimar-app/client'

  
Error: fatal: no such ref: HEAD

[2019-01-01 07:23:12:153] git — -c, core.quotepath=false, -c, color.ui=false, blame, --root, --incremental, --, src/router.js,   cwd='/home/blackblex/Documentos/node-apps/plastimar-app/client'

  
Error: fatal: no such ref: HEAD

[2019-01-01 07:23:22:343] git — -c, core.quotepath=false, -c, color.ui=false, blame, --root, --incremental, --, src/router.js,   cwd='/home/blackblex/Documentos/node-apps/plastimar-app/client'

  
Error: fatal: no such ref: HEAD

[2019-01-01 07:23:36:561] git — -c, core.quotepath=false, -c, color.ui=false, blame, --root, --incremental, --, src/router.js,   cwd='/home/blackblex/Documentos/node-apps/plastimar-app/client'

  
Error: fatal: no such ref: HEAD

[2019-01-01 07:24:06:403] git — -c, core.quotepath=false, -c, color.ui=false, blame, --root, --incremental, --contents, -, --, src/router.js,   cwd='/home/blackblex/Documentos/node-apps/plastimar-app/client'

  
Error: fatal: no such ref: HEAD

[2019-01-01 07:24:19:713] git — -c, core.quotepath=false, -c, color.ui=false, blame, --root, --incremental, --, src/router.js,   cwd='/home/blackblex/Documentos/node-apps/plastimar-app/client'

  
Error: fatal: no such ref: HEAD

[2019-01-01 07:25:24:616] git — -c, core.quotepath=false, -c, color.ui=false, blame, --root, --incremental, --, src/store.js,   cwd='/home/blackblex/Documentos/node-apps/plastimar-app/client'

  
Error: fatal: no such ref: HEAD

[2019-01-01 07:25:28:533] git — -c, core.quotepath=false, -c, color.ui=false, blame, --root, --incremental, --, src/store.js,   cwd='/home/blackblex/Documentos/node-apps/plastimar-app/client'

  
Error: fatal: no such ref: HEAD

[2019-01-01 07:28:33:014] git — -c, core.quotepath=false, -c, color.ui=false, blame, --root, --incremental, --contents, -, --, src/store.js,   cwd='/home/blackblex/Documentos/node-apps/plastimar-app/client'

  
Error: fatal: no such ref: HEAD

[2019-01-01 07:28:49:707] git — -c, core.quotepath=false, -c, color.ui=false, blame, --root, --incremental, --, src/store.js,   cwd='/home/blackblex/Documentos/node-apps/plastimar-app/client'

  
Error: fatal: no such ref: HEAD

[2019-01-01 07:31:38:271] git — -c, core.quotepath=false, -c, color.ui=false, blame, --root, --incremental, --, src/main.js,   cwd='/home/blackblex/Documentos/node-apps/plastimar-app/client'

  
Error: fatal: no such ref: HEAD

[2019-01-01 07:31:53:717] git — -c, core.quotepath=false, -c, color.ui=false, blame, --root, --incremental, --, src/main.js,   cwd='/home/blackblex/Documentos/node-apps/plastimar-app/client'

  
Error: fatal: no such ref: HEAD

[2019-01-01 07:32:02:591] git — -c, core.quotepath=false, -c, color.ui=false, blame, --root, --incremental, --contents, -, --, src/main.js,   cwd='/home/blackblex/Documentos/node-apps/plastimar-app/client'

  
Error: fatal: no such ref: HEAD

[2019-01-01 07:32:10:443] git — -c, core.quotepath=false, -c, color.ui=false, blame, --root, --incremental, --, src/main.js,   cwd='/home/blackblex/Documentos/node-apps/plastimar-app/client'

  
Error: fatal: no such ref: HEAD

[2019-01-01 07:32:23:737] git — -c, core.quotepath=false, -c, color.ui=false, blame, --root, --incremental, --, src/main.js,   cwd='/home/blackblex/Documentos/node-apps/plastimar-app/client'

  
Error: fatal: no such ref: HEAD

[2019-01-01 07:32:27:004] git — -c, core.quotepath=false, -c, color.ui=false, blame, --root, --incremental, --, src/main.js,   cwd='/home/blackblex/Documentos/node-apps/plastimar-app/client'

  
Error: fatal: no such ref: HEAD

[2019-01-01 07:32:34:006] git — -c, core.quotepath=false, -c, color.ui=false, blame, --root, --incremental, --, src/main.js,   cwd='/home/blackblex/Documentos/node-apps/plastimar-app/client'

  
Error: fatal: no such ref: HEAD

[2019-01-01 07:32:40:456] git — -c, core.quotepath=false, -c, color.ui=false, blame, --root, --incremental, --, src/main.js,   cwd='/home/blackblex/Documentos/node-apps/plastimar-app/client'

  
Error: fatal: no such ref: HEAD

[2019-01-01 07:32:44:893] git — -c, core.quotepath=false, -c, color.ui=false, blame, --root, --incremental, --, src/main.js,   cwd='/home/blackblex/Documentos/node-apps/plastimar-app/client'

  
Error: fatal: no such ref: HEAD

[2019-01-01 07:32:59:076] git — -c, core.quotepath=false, -c, color.ui=false, blame, --root, --incremental, --, src/main.js,   cwd='/home/blackblex/Documentos/node-apps/plastimar-app/client'

  
Error: fatal: no such ref: HEAD

[2019-01-01 07:33:10:366] git — -c, core.quotepath=false, -c, color.ui=false, blame, --root, --incremental, --, src/main.js,   cwd='/home/blackblex/Documentos/node-apps/plastimar-app/client'

  
Error: fatal: no such ref: HEAD

[2019-01-01 07:33:16:252] git — -c, core.quotepath=false, -c, color.ui=false, blame, --root, --incremental, --, src/main.js,   cwd='/home/blackblex/Documentos/node-apps/plastimar-app/client'

  
Error: fatal: no such ref: HEAD

[2019-01-01 07:34:53:201] git — -c, core.quotepath=false, -c, color.ui=false, blame, --root, --incremental, --, src/main.js,   cwd='/home/blackblex/Documentos/node-apps/plastimar-app/client'

  
Error: fatal: no such ref: HEAD

[2019-01-01 07:34:58:756] git — -c, core.quotepath=false, -c, color.ui=false, blame, --root, --incremental, --, src/main.js,   cwd='/home/blackblex/Documentos/node-apps/plastimar-app/client'

  
Error: fatal: no such ref: HEAD

[2019-01-01 07:35:23:021] git — -c, core.quotepath=false, -c, color.ui=false, blame, --root, --incremental, --, src/main.js,   cwd='/home/blackblex/Documentos/node-apps/plastimar-app/client'

  
Error: fatal: no such ref: HEAD

[2019-01-01 07:35:28:455] git — -c, core.quotepath=false, -c, color.ui=false, blame, --root, --incremental, --, src/main.js,   cwd='/home/blackblex/Documentos/node-apps/plastimar-app/client'

  
Error: fatal: no such ref: HEAD

[2019-01-01 07:35:33:375] git — -c, core.quotepath=false, -c, color.ui=false, blame, --root, --incremental, --, src/main.js,   cwd='/home/blackblex/Documentos/node-apps/plastimar-app/client'

  
Error: fatal: no such ref: HEAD

[2019-01-01 07:35:59:422] git — -c, core.quotepath=false, -c, color.ui=false, blame, --root, --incremental, --, src/main.js,   cwd='/home/blackblex/Documentos/node-apps/plastimar-app/client'

  
Error: fatal: no such ref: HEAD

[2019-01-01 07:36:11:868] git — -c, core.quotepath=false, -c, color.ui=false, blame, --root, --incremental, --, src/main.js,   cwd='/home/blackblex/Documentos/node-apps/plastimar-app/client'

  
Error: fatal: no such ref: HEAD

[2019-01-01 07:36:30:968] git — -c, core.quotepath=false, -c, color.ui=false, blame, --root, --incremental, --, src/store.js,   cwd='/home/blackblex/Documentos/node-apps/plastimar-app/client'

  
Error: fatal: no such ref: HEAD

[2019-01-01 07:36:46:891] git — -c, core.quotepath=false, -c, color.ui=false, blame, --root, --incremental, --, src/store.js,   cwd='/home/blackblex/Documentos/node-apps/plastimar-app/client'

  
Error: fatal: no such ref: HEAD

[2019-01-01 07:37:00:762] git — -c, core.quotepath=false, -c, color.ui=false, blame, --root, --incremental, --, src/store.js,   cwd='/home/blackblex/Documentos/node-apps/plastimar-app/client'

  
Error: fatal: no such ref: HEAD

[2019-01-01 07:37:05:647] git — -c, core.quotepath=false, -c, color.ui=false, blame, --root, --incremental, --, src/store.js,   cwd='/home/blackblex/Documentos/node-apps/plastimar-app/client'

  
Error: fatal: no such ref: HEAD

[2019-01-01 07:38:33:921] git — -c, core.quotepath=false, -c, color.ui=false, blame, --root, --incremental, --, src/store.js,   cwd='/home/blackblex/Documentos/node-apps/plastimar-app/client'

  
Error: fatal: no such ref: HEAD

[2019-01-01 07:38:58:221] git — -c, core.quotepath=false, -c, color.ui=false, blame, --root, --incremental, --, src/store.js,   cwd='/home/blackblex/Documentos/node-apps/plastimar-app/client'

  
Error: fatal: no such ref: HEAD

[2019-01-01 07:39:02:821] git — -c, core.quotepath=false, -c, color.ui=false, blame, --root, --incremental, --, src/store.js,   cwd='/home/blackblex/Documentos/node-apps/plastimar-app/client'

  
Error: fatal: no such ref: HEAD

[2019-01-01 07:39:09:369] git — -c, core.quotepath=false, -c, color.ui=false, blame, --root, --incremental, --, src/store.js,   cwd='/home/blackblex/Documentos/node-apps/plastimar-app/client'

  
Error: fatal: no such ref: HEAD

[2019-01-01 07:39:14:596] git — -c, core.quotepath=false, -c, color.ui=false, blame, --root, --incremental, --, src/store.js,   cwd='/home/blackblex/Documentos/node-apps/plastimar-app/client'

  
Error: fatal: no such ref: HEAD

[2019-01-01 07:39:22:950] git — -c, core.quotepath=false, -c, color.ui=false, blame, --root, --incremental, --, src/store.js,   cwd='/home/blackblex/Documentos/node-apps/plastimar-app/client'

  
Error: fatal: no such ref: HEAD

[2019-01-01 07:39:30:545] git — -c, core.quotepath=false, -c, color.ui=false, blame, --root, --incremental, --contents, -, --, src/store.js,   cwd='/home/blackblex/Documentos/node-apps/plastimar-app/client'

  
Error: fatal: no such ref: HEAD

[2019-01-01 07:39:55:222] git — -c, core.quotepath=false, -c, color.ui=false, blame, --root, --incremental, --, src/store.js,   cwd='/home/blackblex/Documentos/node-apps/plastimar-app/client'

  
Error: fatal: no such ref: HEAD

[2019-01-01 07:40:16:305] git — -c, core.quotepath=false, -c, color.ui=false, blame, --root, --incremental, --, src/store.js,   cwd='/home/blackblex/Documentos/node-apps/plastimar-app/client'

  
Error: fatal: no such ref: HEAD

[2019-01-01 07:43:39:588] git — -c, core.quotepath=false, -c, color.ui=false, blame, --root, --incremental, --contents, -, --, src/store.js,   cwd='/home/blackblex/Documentos/node-apps/plastimar-app/client'

  
Error: fatal: no such ref: HEAD

[2019-01-01 07:43:59:796] git — -c, core.quotepath=false, -c, color.ui=false, blame, --root, --incremental, --contents, -, --, src/store.js,   cwd='/home/blackblex/Documentos/node-apps/plastimar-app/client'

  
Error: fatal: no such ref: HEAD

[2019-01-01 07:44:02:965] git — -c, core.quotepath=false, -c, color.ui=false, blame, --root, --incremental, --contents, -, --, src/store.js,   cwd='/home/blackblex/Documentos/node-apps/plastimar-app/client'

  
Error: fatal: no such ref: HEAD

[2019-01-01 07:44:04:082] git — -c, core.quotepath=false, -c, color.ui=false, blame, --root, --incremental, --, src/store.js,   cwd='/home/blackblex/Documentos/node-apps/plastimar-app/client'

  
Error: fatal: no such ref: HEAD

[2019-01-01 07:44:20:665] git — -c, core.quotepath=false, -c, color.ui=false, blame, --root, --incremental, --, src/store.js,   cwd='/home/blackblex/Documentos/node-apps/plastimar-app/client'

  
Error: fatal: no such ref: HEAD

[2019-01-01 07:44:32:957] git — -c, core.quotepath=false, -c, color.ui=false, blame, --root, --incremental, --, src/store.js,   cwd='/home/blackblex/Documentos/node-apps/plastimar-app/client'

  
Error: fatal: no such ref: HEAD

[2019-01-01 07:44:38:787] git — -c, core.quotepath=false, -c, color.ui=false, blame, --root, --incremental, --, src/store.js,   cwd='/home/blackblex/Documentos/node-apps/plastimar-app/client'

  
Error: fatal: no such ref: HEAD

[2019-01-01 07:44:45:689] git — -c, core.quotepath=false, -c, color.ui=false, blame, --root, --incremental, --, src/store.js,   cwd='/home/blackblex/Documentos/node-apps/plastimar-app/client'

  
Error: fatal: no such ref: HEAD

[2019-01-01 07:44:53:228] git — -c, core.quotepath=false, -c, color.ui=false, blame, --root, --incremental, --, src/store.js,   cwd='/home/blackblex/Documentos/node-apps/plastimar-app/client'

  
Error: fatal: no such ref: HEAD

[2019-01-01 07:46:52:453] git — -c, core.quotepath=false, -c, color.ui=false, blame, --root, --incremental, --contents, -, --, src/store.js,   cwd='/home/blackblex/Documentos/node-apps/plastimar-app/client'

  
Error: fatal: no such ref: HEAD

[2019-01-01 07:47:40:388] git — -c, core.quotepath=false, -c, color.ui=false, blame, --root, --incremental, --, src/store.js,   cwd='/home/blackblex/Documentos/node-apps/plastimar-app/client'

  
Error: fatal: no such ref: HEAD

[2019-01-01 07:48:07:812] git — -c, core.quotepath=false, -c, color.ui=false, blame, --root, --incremental, --, src/store.js,   cwd='/home/blackblex/Documentos/node-apps/plastimar-app/client'

  
Error: fatal: no such ref: HEAD

[2019-01-01 07:48:21:702] git — -c, core.quotepath=false, -c, color.ui=false, blame, --root, --incremental, --, src/store.js,   cwd='/home/blackblex/Documentos/node-apps/plastimar-app/client'

  
Error: fatal: no such ref: HEAD

[2019-01-01 07:54:14:421] git — -c, core.quotepath=false, -c, color.ui=false, blame, --root, --incremental, --, src/store.js,   cwd='/home/blackblex/Documentos/node-apps/plastimar-app/client'

  
Error: fatal: no such ref: HEAD

[2019-01-01 07:54:33:870] git — -c, core.quotepath=false, -c, color.ui=false, blame, --root, --incremental, --, src/store.js,   cwd='/home/blackblex/Documentos/node-apps/plastimar-app/client'

  
Error: fatal: no such ref: HEAD

[2019-01-01 07:55:44:946] git — -c, core.quotepath=false, -c, color.ui=false, blame, --root, --incremental, --contents, -, --, src/store.js,   cwd='/home/blackblex/Documentos/node-apps/plastimar-app/client'

  
Error: fatal: no such ref: HEAD

[2019-01-01 07:55:46:951] git — -c, core.quotepath=false, -c, color.ui=false, blame, --root, --incremental, --, src/store.js,   cwd='/home/blackblex/Documentos/node-apps/plastimar-app/client'

  
Error: fatal: no such ref: HEAD

[2019-01-01 08:14:23:162] git — -c, core.quotepath=false, -c, color.ui=false, blame, --root, --incremental, --contents, -, --, src/router.js,   cwd='/home/blackblex/Documentos/node-apps/plastimar-app/client'

  
Error: fatal: no such ref: HEAD

[2019-01-01 08:14:27:752] git — -c, core.quotepath=false, -c, color.ui=false, blame, --root, --incremental, --contents, -, --, src/router.js,   cwd='/home/blackblex/Documentos/node-apps/plastimar-app/client'

  
Error: fatal: no such ref: HEAD

[2019-01-01 08:14:28:015] git — -c, core.quotepath=false, -c, color.ui=false, blame, --root, --incremental, --contents, -, --, src/router.js,   cwd='/home/blackblex/Documentos/node-apps/plastimar-app/client'

  
Error: fatal: no such ref: HEAD

[2019-01-01 08:14:30:273] git — -c, core.quotepath=false, -c, color.ui=false, blame, --root, --incremental, --contents, -, --, src/router.js,   cwd='/home/blackblex/Documentos/node-apps/plastimar-app/client'

  
Error: fatal: no such ref: HEAD

[2019-01-01 08:14:31:439] git — -c, core.quotepath=false, -c, color.ui=false, blame, --root, --incremental, --contents, -, --, src/router.js,   cwd='/home/blackblex/Documentos/node-apps/plastimar-app/client'

  
Error: fatal: no such ref: HEAD

[2019-01-01 08:14:38:214] git — -c, core.quotepath=false, -c, color.ui=false, blame, --root, --incremental, --contents, -, --, src/router.js,   cwd='/home/blackblex/Documentos/node-apps/plastimar-app/client'

  
Error: fatal: no such ref: HEAD

[2019-01-01 08:14:38:773] git — -c, core.quotepath=false, -c, color.ui=false, blame, --root, --incremental, --, src/router.js,   cwd='/home/blackblex/Documentos/node-apps/plastimar-app/client'

  
Error: fatal: no such ref: HEAD

[2019-01-01 08:14:54:340] git — -c, core.quotepath=false, -c, color.ui=false, blame, --root, --incremental, --, src/router.js,   cwd='/home/blackblex/Documentos/node-apps/plastimar-app/client'

  
Error: fatal: no such ref: HEAD

[2019-01-01 08:14:59:468] git — -c, core.quotepath=false, -c, color.ui=false, blame, --root, --incremental, --, src/router.js,   cwd='/home/blackblex/Documentos/node-apps/plastimar-app/client'

  
Error: fatal: no such ref: HEAD

[2019-01-01 08:15:11:983] git — -c, core.quotepath=false, -c, color.ui=false, blame, --root, --incremental, --, src/router.js,   cwd='/home/blackblex/Documentos/node-apps/plastimar-app/client'

  
Error: fatal: no such ref: HEAD

[2019-01-01 08:15:38:418] git — -c, core.quotepath=false, -c, color.ui=false, blame, --root, --incremental, --, src/router.js,   cwd='/home/blackblex/Documentos/node-apps/plastimar-app/client'

  
Error: fatal: no such ref: HEAD

[2019-01-01 08:15:51:938] git — -c, core.quotepath=false, -c, color.ui=false, blame, --root, --incremental, --contents, -, --, src/router.js,   cwd='/home/blackblex/Documentos/node-apps/plastimar-app/client'

  
Error: fatal: no such ref: HEAD

[2019-01-01 08:15:59:030] git — -c, core.quotepath=false, -c, color.ui=false, blame, --root, --incremental, --contents, -, --, src/router.js,   cwd='/home/blackblex/Documentos/node-apps/plastimar-app/client'

  
Error: fatal: no such ref: HEAD

[2019-01-01 08:16:04:107] git — -c, core.quotepath=false, -c, color.ui=false, blame, --root, --incremental, --contents, -, --, src/router.js,   cwd='/home/blackblex/Documentos/node-apps/plastimar-app/client'

  
Error: fatal: no such ref: HEAD

[2019-01-01 08:16:09:944] git — -c, core.quotepath=false, -c, color.ui=false, blame, --root, --incremental, --contents, -, --, src/router.js,   cwd='/home/blackblex/Documentos/node-apps/plastimar-app/client'

  
Error: fatal: no such ref: HEAD

[2019-01-01 08:16:11:914] git — -c, core.quotepath=false, -c, color.ui=false, blame, --root, --incremental, --contents, -, --, src/router.js,   cwd='/home/blackblex/Documentos/node-apps/plastimar-app/client'

  
Error: fatal: no such ref: HEAD

[2019-01-01 08:16:14:582] git — -c, core.quotepath=false, -c, color.ui=false, blame, --root, --incremental, --, src/router.js,   cwd='/home/blackblex/Documentos/node-apps/plastimar-app/client'

  
Error: fatal: no such ref: HEAD

[2019-01-01 08:16:27:646] git — -c, core.quotepath=false, -c, color.ui=false, blame, --root, --incremental, --contents, -, --, src/router.js,   cwd='/home/blackblex/Documentos/node-apps/plastimar-app/client'

  
Error: fatal: no such ref: HEAD

[2019-01-01 08:16:30:011] git — -c, core.quotepath=false, -c, color.ui=false, blame, --root, --incremental, --contents, -, --, src/router.js,   cwd='/home/blackblex/Documentos/node-apps/plastimar-app/client'

  
Error: fatal: no such ref: HEAD

[2019-01-01 08:16:38:040] git — -c, core.quotepath=false, -c, color.ui=false, blame, --root, --incremental, --contents, -, --, src/router.js,   cwd='/home/blackblex/Documentos/node-apps/plastimar-app/client'

  
Error: fatal: no such ref: HEAD

[2019-01-01 08:16:38:930] git — -c, core.quotepath=false, -c, color.ui=false, blame, --root, --incremental, --, src/router.js,   cwd='/home/blackblex/Documentos/node-apps/plastimar-app/client'

  
Error: fatal: no such ref: HEAD

[2019-01-01 08:18:06:475] git — -c, core.quotepath=false, -c, color.ui=false, blame, --root, --incremental, --, src/router.js,   cwd='/home/blackblex/Documentos/node-apps/plastimar-app/client'

  
Error: fatal: no such ref: HEAD

[2019-01-01 08:18:22:609] git — -c, core.quotepath=false, -c, color.ui=false, blame, --root, --incremental, --, src/router.js,   cwd='/home/blackblex/Documentos/node-apps/plastimar-app/client'

  
Error: fatal: no such ref: HEAD

[2019-01-01 08:18:30:670] git — -c, core.quotepath=false, -c, color.ui=false, blame, --root, --incremental, --, src/router.js,   cwd='/home/blackblex/Documentos/node-apps/plastimar-app/client'

  
Error: fatal: no such ref: HEAD

[2019-01-01 08:18:51:184] git — -c, core.quotepath=false, -c, color.ui=false, blame, --root, --incremental, --, src/router.js,   cwd='/home/blackblex/Documentos/node-apps/plastimar-app/client'

  
Error: fatal: no such ref: HEAD

[2019-01-01 08:19:08:912] git — -c, core.quotepath=false, -c, color.ui=false, blame, --root, --incremental, --, src/router.js,   cwd='/home/blackblex/Documentos/node-apps/plastimar-app/client'

  
Error: fatal: no such ref: HEAD

[2019-01-01 08:19:14:316] git — -c, core.quotepath=false, -c, color.ui=false, blame, --root, --incremental, --, src/router.js,   cwd='/home/blackblex/Documentos/node-apps/plastimar-app/client'

  
Error: fatal: no such ref: HEAD

[2019-01-01 08:19:21:511] git — -c, core.quotepath=false, -c, color.ui=false, blame, --root, --incremental, --, src/router.js,   cwd='/home/blackblex/Documentos/node-apps/plastimar-app/client'

  
Error: fatal: no such ref: HEAD

[2019-01-01 08:19:25:164] git — -c, core.quotepath=false, -c, color.ui=false, blame, --root, --incremental, --, src/router.js,   cwd='/home/blackblex/Documentos/node-apps/plastimar-app/client'

  
Error: fatal: no such ref: HEAD

[2019-01-01 08:19:30:659] git — -c, core.quotepath=false, -c, color.ui=false, blame, --root, --incremental, --, src/router.js,   cwd='/home/blackblex/Documentos/node-apps/plastimar-app/client'

  
Error: fatal: no such ref: HEAD

[2019-01-01 08:19:38:675] git — -c, core.quotepath=false, -c, color.ui=false, blame, --root, --incremental, --, src/router.js,   cwd='/home/blackblex/Documentos/node-apps/plastimar-app/client'

  
Error: fatal: no such ref: HEAD

[2019-01-01 08:19:57:299] git — -c, core.quotepath=false, -c, color.ui=false, blame, --root, --incremental, --, src/router.js,   cwd='/home/blackblex/Documentos/node-apps/plastimar-app/client'

  
Error: fatal: no such ref: HEAD

[2019-01-01 08:20:07:281] git — -c, core.quotepath=false, -c, color.ui=false, blame, --root, --incremental, --, src/router.js,   cwd='/home/blackblex/Documentos/node-apps/plastimar-app/client'

  
Error: fatal: no such ref: HEAD

[2019-01-01 08:21:25:761] git — -c, core.quotepath=false, -c, color.ui=false, blame, --root, --incremental, --, src/router.js,   cwd='/home/blackblex/Documentos/node-apps/plastimar-app/client'

  
Error: fatal: no such ref: HEAD

[2019-01-01 08:21:46:362] git — -c, core.quotepath=false, -c, color.ui=false, blame, --root, --incremental, --, src/router.js,   cwd='/home/blackblex/Documentos/node-apps/plastimar-app/client'

  
Error: fatal: no such ref: HEAD

[2019-01-01 08:22:08:889] git — -c, core.quotepath=false, -c, color.ui=false, blame, --root, --incremental, --, src/router.js,   cwd='/home/blackblex/Documentos/node-apps/plastimar-app/client'

  
Error: fatal: no such ref: HEAD

[2019-01-01 08:23:24:580] git — -c, core.quotepath=false, -c, color.ui=false, blame, --root, --incremental, --, src/router.js,   cwd='/home/blackblex/Documentos/node-apps/plastimar-app/client'

  
Error: fatal: no such ref: HEAD

[2019-01-01 08:23:38:486] git — -c, core.quotepath=false, -c, color.ui=false, blame, --root, --incremental, --, src/router.js,   cwd='/home/blackblex/Documentos/node-apps/plastimar-app/client'

  
Error: fatal: no such ref: HEAD

[2019-01-01 08:23:46:325] git — -c, core.quotepath=false, -c, color.ui=false, blame, --root, --incremental, --, src/router.js,   cwd='/home/blackblex/Documentos/node-apps/plastimar-app/client'

  
Error: fatal: no such ref: HEAD

[2019-01-01 08:23:55:848] git — -c, core.quotepath=false, -c, color.ui=false, blame, --root, --incremental, --, src/router.js,   cwd='/home/blackblex/Documentos/node-apps/plastimar-app/client'

  
Error: fatal: no such ref: HEAD

[2019-01-01 08:24:12:484] git — -c, core.quotepath=false, -c, color.ui=false, blame, --root, --incremental, --, src/router.js,   cwd='/home/blackblex/Documentos/node-apps/plastimar-app/client'

  
Error: fatal: no such ref: HEAD

[2019-01-01 08:24:17:434] git — -c, core.quotepath=false, -c, color.ui=false, blame, --root, --incremental, --, src/router.js,   cwd='/home/blackblex/Documentos/node-apps/plastimar-app/client'

  
Error: fatal: no such ref: HEAD

[2019-01-01 08:24:25:931] git — -c, core.quotepath=false, -c, color.ui=false, blame, --root, --incremental, --contents, -, --, src/router.js,   cwd='/home/blackblex/Documentos/node-apps/plastimar-app/client'

  
Error: fatal: no such ref: HEAD

[2019-01-01 08:24:26:562] git — -c, core.quotepath=false, -c, color.ui=false, blame, --root, --incremental, --contents, -, --, src/router.js,   cwd='/home/blackblex/Documentos/node-apps/plastimar-app/client'

  
Error: fatal: no such ref: HEAD

[2019-01-01 08:24:26:828] git — -c, core.quotepath=false, -c, color.ui=false, blame, --root, --incremental, --contents, -, --, src/router.js,   cwd='/home/blackblex/Documentos/node-apps/plastimar-app/client'

  
Error: fatal: no such ref: HEAD

[2019-01-01 08:24:27:095] git — -c, core.quotepath=false, -c, color.ui=false, blame, --root, --incremental, --contents, -, --, src/router.js,   cwd='/home/blackblex/Documentos/node-apps/plastimar-app/client'

  
Error: fatal: no such ref: HEAD

[2019-01-01 08:24:27:523] git — -c, core.quotepath=false, -c, color.ui=false, blame, --root, --incremental, --contents, -, --, src/router.js,   cwd='/home/blackblex/Documentos/node-apps/plastimar-app/client'

  
Error: fatal: no such ref: HEAD

[2019-01-01 08:24:27:791] git — -c, core.quotepath=false, -c, color.ui=false, blame, --root, --incremental, --contents, -, --, src/router.js,   cwd='/home/blackblex/Documentos/node-apps/plastimar-app/client'

  
Error: fatal: no such ref: HEAD

[2019-01-01 08:24:28:057] git — -c, core.quotepath=false, -c, color.ui=false, blame, --root, --incremental, --contents, -, --, src/router.js,   cwd='/home/blackblex/Documentos/node-apps/plastimar-app/client'

  
Error: fatal: no such ref: HEAD

[2019-01-01 08:24:30:581] git — -c, core.quotepath=false, -c, color.ui=false, blame, --root, --incremental, --, src/router.js,   cwd='/home/blackblex/Documentos/node-apps/plastimar-app/client'

  
Error: fatal: no such ref: HEAD

[2019-01-01 08:24:36:054] git — -c, core.quotepath=false, -c, color.ui=false, blame, --root, --incremental, --, src/router.js,   cwd='/home/blackblex/Documentos/node-apps/plastimar-app/client'

  
Error: fatal: no such ref: HEAD

[2019-01-01 08:25:10:132] git — -c, core.quotepath=false, -c, color.ui=false, blame, --root, --incremental, --, src/router.js,   cwd='/home/blackblex/Documentos/node-apps/plastimar-app/client'

  
Error: fatal: no such ref: HEAD

[2019-01-01 08:26:47:263] git — -c, core.quotepath=false, -c, color.ui=false, blame, --root, --incremental, --, src/router.js,   cwd='/home/blackblex/Documentos/node-apps/plastimar-app/client'

  
Error: fatal: no such ref: HEAD

[2019-01-01 08:28:01:228] git — -c, core.quotepath=false, -c, color.ui=false, blame, --root, --incremental, --, src/router.js,   cwd='/home/blackblex/Documentos/node-apps/plastimar-app/client'

  
Error: fatal: no such ref: HEAD

[2019-01-01 08:29:32:431] git — -c, core.quotepath=false, -c, color.ui=false, blame, --root, --incremental, --, src/router.js,   cwd='/home/blackblex/Documentos/node-apps/plastimar-app/client'

  
Error: fatal: no such ref: HEAD

[2019-01-01 08:29:40:619] git — -c, core.quotepath=false, -c, color.ui=false, blame, --root, --incremental, --, src/router.js,   cwd='/home/blackblex/Documentos/node-apps/plastimar-app/client'

  
Error: fatal: no such ref: HEAD

[2019-01-01 08:29:48:856] git — -c, core.quotepath=false, -c, color.ui=false, blame, --root, --incremental, --, src/router.js,   cwd='/home/blackblex/Documentos/node-apps/plastimar-app/client'

  
Error: fatal: no such ref: HEAD

[2019-01-01 08:29:57:418] git — -c, core.quotepath=false, -c, color.ui=false, blame, --root, --incremental, --, src/router.js,   cwd='/home/blackblex/Documentos/node-apps/plastimar-app/client'

  
Error: fatal: no such ref: HEAD

[2019-01-01 08:30:09:687] git — -c, core.quotepath=false, -c, color.ui=false, blame, --root, --incremental, --, src/router.js,   cwd='/home/blackblex/Documentos/node-apps/plastimar-app/client'

  
Error: fatal: no such ref: HEAD

[2019-01-01 08:30:15:445] git — -c, core.quotepath=false, -c, color.ui=false, blame, --root, --incremental, --, src/router.js,   cwd='/home/blackblex/Documentos/node-apps/plastimar-app/client'

  
Error: fatal: no such ref: HEAD

[2019-01-01 08:30:22:935] git — -c, core.quotepath=false, -c, color.ui=false, blame, --root, --incremental, --, src/router.js,   cwd='/home/blackblex/Documentos/node-apps/plastimar-app/client'

  
Error: fatal: no such ref: HEAD

[2019-01-01 08:30:33:935] git — -c, core.quotepath=false, -c, color.ui=false, blame, --root, --incremental, --contents, -, --, src/router.js,   cwd='/home/blackblex/Documentos/node-apps/plastimar-app/client'

  
Error: fatal: no such ref: HEAD

[2019-01-01 08:30:46:699] git — -c, core.quotepath=false, -c, color.ui=false, blame, --root, --incremental, --, src/router.js,   cwd='/home/blackblex/Documentos/node-apps/plastimar-app/client'

  
Error: fatal: no such ref: HEAD

[2019-01-01 08:31:01:952] git — -c, core.quotepath=false, -c, color.ui=false, blame, --root, --incremental, --, src/router.js,   cwd='/home/blackblex/Documentos/node-apps/plastimar-app/client'

  
Error: fatal: no such ref: HEAD

