Initializing document watcher...
Rebuilding config map...
plastimar-app/client/src/components/Popup.vue: Using EditorConfig core...
plastimar-app/client/src/views/Projects.vue: Using EditorConfig core...
plastimar-app/client/src/store.js: Using EditorConfig core...
Detected change in configuration: {}
plastimar-app/client/src/store.js: {"insertSpaces":true,"tabSize":2}
plastimar-app/client/src/store.js: {"insertSpaces":true,"tabSize":2}
plastimar-app/client/src/store.js: {"insertSpaces":true,"tabSize":2}
client/src/store.js: editor.action.trimTrailingWhitespace
client/src/store.js: editor.action.trimTrailingWhitespace
client/src/store.js: editor.action.trimTrailingWhitespace
client/src/store.js: editor.action.trimTrailingWhitespace
client/src/store.js: editor.action.trimTrailingWhitespace
plastimar-app/client/src/components/Popup.vue: Applying configuration map...
plastimar-app/client/src/components/Popup.vue: {"insertSpaces":true,"tabSize":2}
plastimar-app/client/src/store.js: Applying configuration map...
plastimar-app/client/src/store.js: {"insertSpaces":true,"tabSize":2}
plastimar-app/client/src/components/Popup.vue: Applying configuration map...
plastimar-app/client/src/components/Popup.vue: {"insertSpaces":true,"tabSize":2}
client/src/store.js: trimTrailingWhitespace()
client/src/components/Popup.vue: editor.action.trimTrailingWhitespace
client/src/components/Popup.vue: editor.action.trimTrailingWhitespace
plastimar-app/client/src/store.js: Applying configuration map...
plastimar-app/client/src/store.js: {"insertSpaces":true,"tabSize":2}
plastimar-app/client/src/components/Popup.vue: Applying configuration map...
plastimar-app/client/src/components/Popup.vue: {"insertSpaces":true,"tabSize":2}
client/src/components/Popup.vue: editor.action.trimTrailingWhitespace
client/src/components/Popup.vue: editor.action.trimTrailingWhitespace
client/src/components/Popup.vue: editor.action.trimTrailingWhitespace
client/src/components/Popup.vue: editor.action.trimTrailingWhitespace
client/src/components/Popup.vue: editor.action.trimTrailingWhitespace
plastimar-app/client/src/store.js: Applying configuration map...
plastimar-app/client/src/store.js: {"insertSpaces":true,"tabSize":2}
client/src/store.js: editor.action.trimTrailingWhitespace
plastimar-app/client/src/views/Projects.vue: Applying configuration map...
plastimar-app/client/src/views/Projects.vue: {"insertSpaces":true,"tabSize":2}
plastimar-app/client/src/components/Popup.vue: Applying configuration map...
plastimar-app/client/src/components/Popup.vue: {"insertSpaces":true,"tabSize":2}
plastimar-app/client/src/store.js: Applying configuration map...
plastimar-app/client/src/store.js: {"insertSpaces":true,"tabSize":2}
plastimar-app/client/src/components/Popup.vue: Applying configuration map...
plastimar-app/client/src/components/Popup.vue: {"insertSpaces":true,"tabSize":2}
plastimar-app/client/src/store.js: Applying configuration map...
plastimar-app/client/src/store.js: {"insertSpaces":true,"tabSize":2}
client/src/store.js: editor.action.trimTrailingWhitespace
client/src/store.js: editor.action.trimTrailingWhitespace
client/src/store.js: editor.action.trimTrailingWhitespace
plastimar-app/client/src/firebase.js: Using EditorConfig core...
plastimar-app/client/src/firebase.js: {"insertSpaces":true,"tabSize":2}
plastimar-app/client/src/store.js: Applying configuration map...
plastimar-app/client/src/store.js: {"insertSpaces":true,"tabSize":2}
plastimar-app/client/src/firebase.js: Applying configuration map...
plastimar-app/client/src/firebase.js: {"insertSpaces":true,"tabSize":2}
plastimar-app/client/src/store.js: Applying configuration map...
plastimar-app/client/src/store.js: {"insertSpaces":true,"tabSize":2}
client/src/store.js: editor.action.trimTrailingWhitespace
plastimar-app/client/src/firebase.js: Applying configuration map...
plastimar-app/client/src/firebase.js: {"insertSpaces":true,"tabSize":2}
plastimar-app/client/src/components/Popup.vue: Applying configuration map...
plastimar-app/client/src/components/Popup.vue: {"insertSpaces":true,"tabSize":2}
client/src/components/Popup.vue: editor.action.trimTrailingWhitespace
plastimar-app/client/src/views/Projects.vue: Applying configuration map...
plastimar-app/client/src/views/Projects.vue: {"insertSpaces":true,"tabSize":2}
plastimar-app/client/src/store.js: Applying configuration map...
plastimar-app/client/src/store.js: {"insertSpaces":true,"tabSize":2}
client/src/store.js: editor.action.trimTrailingWhitespace
client/src/store.js: editor.action.trimTrailingWhitespace
client/src/store.js: editor.action.trimTrailingWhitespace
client/src/store.js: editor.action.trimTrailingWhitespace
client/src/store.js: editor.action.trimTrailingWhitespace
client/src/store.js: editor.action.trimTrailingWhitespace
client/src/store.js: editor.action.trimTrailingWhitespace
client/src/store.js: editor.action.trimTrailingWhitespace
plastimar-app/client/src/components/Popup.vue: Applying configuration map...
plastimar-app/client/src/components/Popup.vue: {"insertSpaces":true,"tabSize":2}
client/src/components/Popup.vue: editor.action.trimTrailingWhitespace
client/src/components/Popup.vue: editor.action.trimTrailingWhitespace
client/src/components/Popup.vue: editor.action.trimTrailingWhitespace
plastimar-app/client/src/store.js: Applying configuration map...
plastimar-app/client/src/store.js: {"insertSpaces":true,"tabSize":2}
client/src/store.js: editor.action.trimTrailingWhitespace
plastimar-app/client/src/components/Popup.vue: Applying configuration map...
plastimar-app/client/src/components/Popup.vue: {"insertSpaces":true,"tabSize":2}
plastimar-app/client/src/store.js: Applying configuration map...
plastimar-app/client/src/store.js: {"insertSpaces":true,"tabSize":2}
plastimar-app/client/src/components/Popup.vue: Applying configuration map...
plastimar-app/client/src/components/Popup.vue: {"insertSpaces":true,"tabSize":2}
client/src/components/Popup.vue: editor.action.trimTrailingWhitespace
plastimar-app/client/src/store.js: Applying configuration map...
plastimar-app/client/src/store.js: {"insertSpaces":true,"tabSize":2}
plastimar-app/client/src/components/Popup.vue: Applying configuration map...
plastimar-app/client/src/components/Popup.vue: {"insertSpaces":true,"tabSize":2}
plastimar-app/client/src/store.js: Applying configuration map...
plastimar-app/client/src/store.js: {"insertSpaces":true,"tabSize":2}
plastimar-app/client/src/components/Popup.vue: Applying configuration map...
plastimar-app/client/src/components/Popup.vue: {"insertSpaces":true,"tabSize":2}
client/src/components/Popup.vue: editor.action.trimTrailingWhitespace
client/src/store.js: trimTrailingWhitespace()
plastimar-app/client/src/views/Projects.vue: Applying configuration map...
plastimar-app/client/src/views/Projects.vue: {"insertSpaces":true,"tabSize":2}
plastimar-app/client/src/store.js: Applying configuration map...
plastimar-app/client/src/store.js: {"insertSpaces":true,"tabSize":2}
client/src/store.js: editor.action.trimTrailingWhitespace
plastimar-app/client/src/components/Popup.vue: Applying configuration map...
plastimar-app/client/src/components/Popup.vue: {"insertSpaces":true,"tabSize":2}
client/src/components/Popup.vue: editor.action.trimTrailingWhitespace
plastimar-app/client/src/store.js: Applying configuration map...
plastimar-app/client/src/store.js: {"insertSpaces":true,"tabSize":2}
plastimar-app/client/src/components/Popup.vue: Applying configuration map...
plastimar-app/client/src/components/Popup.vue: {"insertSpaces":true,"tabSize":2}
plastimar-app/client/src/views/Projects.vue: Applying configuration map...
plastimar-app/client/src/views/Projects.vue: {"insertSpaces":true,"tabSize":2}
plastimar-app/client/src/store.js: Applying configuration map...
plastimar-app/client/src/store.js: {"insertSpaces":true,"tabSize":2}
plastimar-app/client/src/components/Popup.vue: Applying configuration map...
plastimar-app/client/src/components/Popup.vue: {"insertSpaces":true,"tabSize":2}
plastimar-app/client/src/store.js: Applying configuration map...
plastimar-app/client/src/store.js: {"insertSpaces":true,"tabSize":2}
client/src/store.js: editor.action.trimTrailingWhitespace
plastimar-app/client/src/components/Popup.vue: Applying configuration map...
plastimar-app/client/src/components/Popup.vue: {"insertSpaces":true,"tabSize":2}
client/src/components/Popup.vue: editor.action.trimTrailingWhitespace
client/src/components/Popup.vue: editor.action.trimTrailingWhitespace
plastimar-app/client/src/store.js: Applying configuration map...
plastimar-app/client/src/store.js: {"insertSpaces":true,"tabSize":2}
client/src/store.js: editor.action.trimTrailingWhitespace
plastimar-app/client/src/components/Popup.vue: Applying configuration map...
plastimar-app/client/src/components/Popup.vue: {"insertSpaces":true,"tabSize":2}
client/src/components/Popup.vue: editor.action.trimTrailingWhitespace
client/src/components/Popup.vue: editor.action.trimTrailingWhitespace
client/src/components/Popup.vue: editor.action.trimTrailingWhitespace
client/src/components/Popup.vue: editor.action.trimTrailingWhitespace
client/src/components/Popup.vue: editor.action.trimTrailingWhitespace
plastimar-app/client/src/store.js: Applying configuration map...
plastimar-app/client/src/store.js: {"insertSpaces":true,"tabSize":2}
client/src/components/Popup.vue: trimTrailingWhitespace()
client/src/store.js: editor.action.trimTrailingWhitespace
client/src/store.js: editor.action.trimTrailingWhitespace
plastimar-app/client/src/components/Popup.vue: Applying configuration map...
plastimar-app/client/src/components/Popup.vue: {"insertSpaces":true,"tabSize":2}
plastimar-app/client/src/store.js: Applying configuration map...
plastimar-app/client/src/store.js: {"insertSpaces":true,"tabSize":2}
client/src/store.js: editor.action.trimTrailingWhitespace
client/src/store.js: editor.action.trimTrailingWhitespace
plastimar-app/client/src/components/Popup.vue: Applying configuration map...
plastimar-app/client/src/components/Popup.vue: {"insertSpaces":true,"tabSize":2}
plastimar-app/client/src/store.js: Applying configuration map...
plastimar-app/client/src/store.js: {"insertSpaces":true,"tabSize":2}
plastimar-app/client/src/components/Popup.vue: Applying configuration map...
plastimar-app/client/src/components/Popup.vue: {"insertSpaces":true,"tabSize":2}
client/src/store.js: trimTrailingWhitespace()
client/src/components/Popup.vue: editor.action.trimTrailingWhitespace
client/src/components/Popup.vue: editor.action.trimTrailingWhitespace
client/src/components/Popup.vue: editor.action.trimTrailingWhitespace
client/src/components/Popup.vue: editor.action.trimTrailingWhitespace
client/src/components/Popup.vue: editor.action.trimTrailingWhitespace
client/src/components/Popup.vue: editor.action.trimTrailingWhitespace
plastimar-app/client/src/views/Projects.vue: Applying configuration map...
plastimar-app/client/src/views/Projects.vue: {"insertSpaces":true,"tabSize":2}
plastimar-app/client/src/store.js: Applying configuration map...
plastimar-app/client/src/store.js: {"insertSpaces":true,"tabSize":2}
plastimar-app/client/src/views/Projects.vue: Applying configuration map...
plastimar-app/client/src/views/Projects.vue: {"insertSpaces":true,"tabSize":2}
plastimar-app/client/src/store.js: Applying configuration map...
plastimar-app/client/src/store.js: {"insertSpaces":true,"tabSize":2}
plastimar-app/client/src/components/Popup.vue: Applying configuration map...
plastimar-app/client/src/components/Popup.vue: {"insertSpaces":true,"tabSize":2}
client/src/components/Popup.vue: editor.action.trimTrailingWhitespace
plastimar-app/client/src/store.js: Applying configuration map...
plastimar-app/client/src/store.js: {"insertSpaces":true,"tabSize":2}
plastimar-app/client/src/components/Popup.vue: Applying configuration map...
plastimar-app/client/src/components/Popup.vue: {"insertSpaces":true,"tabSize":2}
client/src/components/Popup.vue: editor.action.trimTrailingWhitespace
client/src/components/Popup.vue: editor.action.trimTrailingWhitespace
client/src/components/Popup.vue: editor.action.trimTrailingWhitespace
client/src/components/Popup.vue: editor.action.trimTrailingWhitespace
client/src/components/Popup.vue: editor.action.trimTrailingWhitespace
plastimar-app/client/src/views/Projects.vue: Applying configuration map...
plastimar-app/client/src/views/Projects.vue: {"insertSpaces":true,"tabSize":2}
plastimar-app/client/src/store.js: Applying configuration map...
plastimar-app/client/src/store.js: {"insertSpaces":true,"tabSize":2}
client/src/store.js: editor.action.trimTrailingWhitespace
client/src/components/Popup.vue: trimTrailingWhitespace()
client/src/store.js: editor.action.trimTrailingWhitespace
client/src/store.js: editor.action.trimTrailingWhitespace
client/src/store.js: editor.action.trimTrailingWhitespace
plastimar-app/client/src/components/Popup.vue: Applying configuration map...
plastimar-app/client/src/components/Popup.vue: {"insertSpaces":true,"tabSize":2}
client/src/components/Popup.vue: editor.action.trimTrailingWhitespace
client/src/components/Popup.vue: editor.action.trimTrailingWhitespace
client/src/components/Popup.vue: editor.action.trimTrailingWhitespace
plastimar-app/client/src/store.js: Applying configuration map...
plastimar-app/client/src/store.js: {"insertSpaces":true,"tabSize":2}
plastimar-app/client/src/views/Projects.vue: Applying configuration map...
plastimar-app/client/src/views/Projects.vue: {"insertSpaces":true,"tabSize":2}
plastimar-app/client/src/store.js: Applying configuration map...
plastimar-app/client/src/store.js: {"insertSpaces":true,"tabSize":2}
plastimar-app/client/src/components/Popup.vue: Applying configuration map...
plastimar-app/client/src/components/Popup.vue: {"insertSpaces":true,"tabSize":2}
client/src/store.js: trimTrailingWhitespace()
client/src/components/Popup.vue: editor.action.trimTrailingWhitespace
plastimar-app/client/src/store.js: Applying configuration map...
plastimar-app/client/src/store.js: {"insertSpaces":true,"tabSize":2}
plastimar-app/client/src/components/Popup.vue: Applying configuration map...
plastimar-app/client/src/components/Popup.vue: {"insertSpaces":true,"tabSize":2}
client/src/components/Popup.vue: editor.action.trimTrailingWhitespace
plastimar-app/client/src/views/Projects.vue: Applying configuration map...
plastimar-app/client/src/views/Projects.vue: {"insertSpaces":true,"tabSize":2}
plastimar-app/client/src/store.js: Applying configuration map...
plastimar-app/client/src/store.js: {"insertSpaces":true,"tabSize":2}
plastimar-app/client/src/components/Popup.vue: Applying configuration map...
plastimar-app/client/src/components/Popup.vue: {"insertSpaces":true,"tabSize":2}
client/src/components/Popup.vue: editor.action.trimTrailingWhitespace
plastimar-app/client/src/store.js: Applying configuration map...
plastimar-app/client/src/store.js: {"insertSpaces":true,"tabSize":2}
plastimar-app/client/src/components/Popup.vue: Applying configuration map...
plastimar-app/client/src/components/Popup.vue: {"insertSpaces":true,"tabSize":2}
plastimar-app/client/src/store.js: Applying configuration map...
plastimar-app/client/src/store.js: {"insertSpaces":true,"tabSize":2}
plastimar-app/client/src/components/Popup.vue: Applying configuration map...
plastimar-app/client/src/components/Popup.vue: {"insertSpaces":true,"tabSize":2}
client/src/components/Popup.vue: editor.action.trimTrailingWhitespace
client/src/components/Popup.vue: editor.action.trimTrailingWhitespace
plastimar-app/client/src/views/Projects.vue: Applying configuration map...
plastimar-app/client/src/views/Projects.vue: {"insertSpaces":true,"tabSize":2}
plastimar-app/client/src/store.js: Applying configuration map...
plastimar-app/client/src/store.js: {"insertSpaces":true,"tabSize":2}
client/src/store.js: editor.action.trimTrailingWhitespace
client/src/components/Popup.vue: trimTrailingWhitespace()
plastimar-app/client/src/components/Popup.vue: Applying configuration map...
plastimar-app/client/src/components/Popup.vue: {"insertSpaces":true,"tabSize":2}
client/src/components/Popup.vue: editor.action.trimTrailingWhitespace
client/src/components/Popup.vue: editor.action.trimTrailingWhitespace
client/src/components/Popup.vue: editor.action.trimTrailingWhitespace
client/src/components/Popup.vue: editor.action.trimTrailingWhitespace
client/src/components/Popup.vue: editor.action.trimTrailingWhitespace
client/src/components/Popup.vue: editor.action.trimTrailingWhitespace
client/src/components/Popup.vue: editor.action.trimTrailingWhitespace
client/src/components/Popup.vue: editor.action.trimTrailingWhitespace
client/src/components/Popup.vue: editor.action.trimTrailingWhitespace
client/src/components/Popup.vue: editor.action.trimTrailingWhitespace
client/src/components/Popup.vue: editor.action.trimTrailingWhitespace
client/src/components/Popup.vue: editor.action.trimTrailingWhitespace
client/src/components/Popup.vue: editor.action.trimTrailingWhitespace
client/src/components/Popup.vue: editor.action.trimTrailingWhitespace
plastimar-app/client/src/views/Projects.vue: Applying configuration map...
plastimar-app/client/src/views/Projects.vue: {"insertSpaces":true,"tabSize":2}
plastimar-app/client/src/components/Popup.vue: Applying configuration map...
plastimar-app/client/src/components/Popup.vue: {"insertSpaces":true,"tabSize":2}
plastimar-app/client/src/store.js: Applying configuration map...
plastimar-app/client/src/store.js: {"insertSpaces":true,"tabSize":2}
plastimar-app/client/src/components/Popup.vue: Applying configuration map...
plastimar-app/client/src/components/Popup.vue: {"insertSpaces":true,"tabSize":2}
client/src/components/Popup.vue: editor.action.trimTrailingWhitespace
client/src/components/Popup.vue: editor.action.trimTrailingWhitespace
client/src/components/Popup.vue: editor.action.trimTrailingWhitespace
plastimar-app/client/src/views/Projects.vue: Applying configuration map...
plastimar-app/client/src/views/Projects.vue: {"insertSpaces":true,"tabSize":2}
plastimar-app/client/src/store.js: Applying configuration map...
plastimar-app/client/src/store.js: {"insertSpaces":true,"tabSize":2}
client/src/store.js: editor.action.trimTrailingWhitespace
plastimar-app/client/src/components/Popup.vue: Applying configuration map...
plastimar-app/client/src/components/Popup.vue: {"insertSpaces":true,"tabSize":2}
client/src/store.js: trimTrailingWhitespace()
plastimar-app/client/src/store.js: Applying configuration map...
plastimar-app/client/src/store.js: {"insertSpaces":true,"tabSize":2}
client/src/store.js: editor.action.trimTrailingWhitespace
client/src/store.js: editor.action.trimTrailingWhitespace
client/src/store.js: editor.action.trimTrailingWhitespace
plastimar-app/client/src/components/Popup.vue: Applying configuration map...
plastimar-app/client/src/components/Popup.vue: {"insertSpaces":true,"tabSize":2}
client/src/store.js: trimTrailingWhitespace()
client/src/components/Popup.vue: editor.action.trimTrailingWhitespace
client/src/components/Popup.vue: editor.action.trimTrailingWhitespace
plastimar-app/client/src/store.js: Applying configuration map...
plastimar-app/client/src/store.js: {"insertSpaces":true,"tabSize":2}
client/src/store.js: editor.action.trimTrailingWhitespace
plastimar-app/client/src/components/Popup.vue: Applying configuration map...
plastimar-app/client/src/components/Popup.vue: {"insertSpaces":true,"tabSize":2}
client/src/components/Popup.vue: editor.action.trimTrailingWhitespace
plastimar-app/client/src/store.js: Applying configuration map...
plastimar-app/client/src/store.js: {"insertSpaces":true,"tabSize":2}
client/src/store.js: editor.action.trimTrailingWhitespace
client/src/components/Popup.vue: trimTrailingWhitespace()
plastimar-app/client/src/auth-guard.js: Using EditorConfig core...
plastimar-app/client/src/auth-guard.js: {"insertSpaces":true,"tabSize":2}
client/src/auth-guard.js: editor.action.trimTrailingWhitespace
client/src/auth-guard.js: insertFinalNewline(LF)
client/src/auth-guard.js: editor.action.trimTrailingWhitespace
client/src/auth-guard.js: editor.action.trimTrailingWhitespace
client/src/auth-guard.js: editor.action.trimTrailingWhitespace
client/src/auth-guard.js: editor.action.trimTrailingWhitespace
client/src/auth-guard.js: editor.action.trimTrailingWhitespace
client/src/auth-guard.js: editor.action.trimTrailingWhitespace
client/src/auth-guard.js: editor.action.trimTrailingWhitespace
client/src/auth-guard.js: editor.action.trimTrailingWhitespace
plastimar-app/client/src/router.js: Using EditorConfig core...
plastimar-app/client/src/router.js: {"insertSpaces":true,"tabSize":2}
plastimar-app/client/src/auth-guard.js: Applying configuration map...
plastimar-app/client/src/auth-guard.js: {"insertSpaces":true,"tabSize":2}
client/src/auth-guard.js: editor.action.trimTrailingWhitespace
plastimar-app/client/src/router.js: Applying configuration map...
plastimar-app/client/src/router.js: {"insertSpaces":true,"tabSize":2}
client/src/router.js: editor.action.trimTrailingWhitespace
client/src/router.js: editor.action.trimTrailingWhitespace
client/src/router.js: editor.action.trimTrailingWhitespace
client/src/router.js: editor.action.trimTrailingWhitespace
client/src/router.js: editor.action.trimTrailingWhitespace
client/src/router.js: editor.action.trimTrailingWhitespace
plastimar-app/client/src/store.js: Applying configuration map...
plastimar-app/client/src/store.js: {"insertSpaces":true,"tabSize":2}
client/src/store.js: editor.action.trimTrailingWhitespace
client/src/store.js: editor.action.trimTrailingWhitespace
plastimar-app/client/src/auth-guard.js: Applying configuration map...
plastimar-app/client/src/auth-guard.js: {"insertSpaces":true,"tabSize":2}
plastimar-app/client/src/store.js: Applying configuration map...
plastimar-app/client/src/store.js: {"insertSpaces":true,"tabSize":2}
plastimar-app/client/src/auth-guard.js: Applying configuration map...
plastimar-app/client/src/auth-guard.js: {"insertSpaces":true,"tabSize":2}
client/src/auth-guard.js: editor.action.trimTrailingWhitespace
plastimar-app/client/src/views/Projects.vue: Applying configuration map...
plastimar-app/client/src/views/Projects.vue: {"insertSpaces":true,"tabSize":2}
plastimar-app/client/src/store.js: Applying configuration map...
plastimar-app/client/src/store.js: {"insertSpaces":true,"tabSize":2}
client/src/store.js: editor.action.trimTrailingWhitespace
plastimar-app/client/src/auth-guard.js: Applying configuration map...
plastimar-app/client/src/auth-guard.js: {"insertSpaces":true,"tabSize":2}
client/src/auth-guard.js: editor.action.trimTrailingWhitespace
plastimar-app/client/src/main.js: Using EditorConfig core...
plastimar-app/client/src/main.js: {"insertSpaces":true,"tabSize":2}
client/src/main.js: editor.action.trimTrailingWhitespace
client/src/main.js: editor.action.trimTrailingWhitespace
client/src/main.js: editor.action.trimTrailingWhitespace
client/src/main.js: editor.action.trimTrailingWhitespace
client/src/main.js: editor.action.trimTrailingWhitespace
client/src/main.js: editor.action.trimTrailingWhitespace
client/src/main.js: editor.action.trimTrailingWhitespace
client/src/main.js: editor.action.trimTrailingWhitespace
client/src/main.js: editor.action.trimTrailingWhitespace
client/src/main.js: editor.action.trimTrailingWhitespace
client/src/main.js: editor.action.trimTrailingWhitespace
client/src/main.js: editor.action.trimTrailingWhitespace
client/src/main.js: editor.action.trimTrailingWhitespace
client/src/main.js: editor.action.trimTrailingWhitespace
client/src/main.js: editor.action.trimTrailingWhitespace
plastimar-app/client/src/auth-guard.js: Applying configuration map...
plastimar-app/client/src/auth-guard.js: {"insertSpaces":true,"tabSize":2}
plastimar-app/client/src/store.js: Applying configuration map...
plastimar-app/client/src/store.js: {"insertSpaces":true,"tabSize":2}
plastimar-app/client/src/main.js: Applying configuration map...
plastimar-app/client/src/main.js: {"insertSpaces":true,"tabSize":2}
client/src/main.js: editor.action.trimTrailingWhitespace
plastimar-app/client/src/store.js: Applying configuration map...
plastimar-app/client/src/store.js: {"insertSpaces":true,"tabSize":2}
client/src/store.js: editor.action.trimTrailingWhitespace
client/src/store.js: editor.action.trimTrailingWhitespace
client/src/store.js: editor.action.trimTrailingWhitespace
client/src/store.js: editor.action.trimTrailingWhitespace
client/src/store.js: editor.action.trimTrailingWhitespace
client/src/store.js: editor.action.trimTrailingWhitespace
client/src/store.js: editor.action.trimTrailingWhitespace
client/src/store.js: editor.action.trimTrailingWhitespace
client/src/store.js: editor.action.trimTrailingWhitespace
client/src/store.js: editor.action.trimTrailingWhitespace
client/src/store.js: editor.action.trimTrailingWhitespace
client/src/store.js: editor.action.trimTrailingWhitespace
plastimar-app/client/src/components/Navbar.vue: Using EditorConfig core...
plastimar-app/client/src/components/Navbar.vue: {"insertSpaces":true,"tabSize":2}
client/src/components/Navbar.vue: editor.action.trimTrailingWhitespace
client/src/components/Navbar.vue: editor.action.trimTrailingWhitespace
client/src/components/Navbar.vue: editor.action.trimTrailingWhitespace
client/src/components/Navbar.vue: editor.action.trimTrailingWhitespace
client/src/components/Navbar.vue: editor.action.trimTrailingWhitespace
client/src/components/Navbar.vue: editor.action.trimTrailingWhitespace
plastimar-app/client/src/store.js: Applying configuration map...
plastimar-app/client/src/store.js: {"insertSpaces":true,"tabSize":2}
client/src/store.js: editor.action.trimTrailingWhitespace
client/src/store.js: editor.action.trimTrailingWhitespace
client/src/store.js: editor.action.trimTrailingWhitespace
client/src/store.js: editor.action.trimTrailingWhitespace
client/src/store.js: editor.action.trimTrailingWhitespace
client/src/store.js: editor.action.trimTrailingWhitespace
plastimar-app/client/src/components/Navbar.vue: Applying configuration map...
plastimar-app/client/src/components/Navbar.vue: {"insertSpaces":true,"tabSize":2}
client/src/components/Navbar.vue: editor.action.trimTrailingWhitespace
plastimar-app/client/src/store.js: Applying configuration map...
plastimar-app/client/src/store.js: {"insertSpaces":true,"tabSize":2}
plastimar-app/client/src/components/Navbar.vue: Applying configuration map...
plastimar-app/client/src/components/Navbar.vue: {"insertSpaces":true,"tabSize":2}
plastimar-app/client/src/views/Team.vue: Using EditorConfig core...
plastimar-app/client/src/views/Team.vue: {"insertSpaces":true,"tabSize":2}
plastimar-app/client/src/views/Register.vue: Using EditorConfig core...
plastimar-app/client/src/views/Register.vue: {"insertSpaces":true,"tabSize":2}
plastimar-app/client/src/components/Navbar.vue: Applying configuration map...
plastimar-app/client/src/components/Navbar.vue: {"insertSpaces":true,"tabSize":2}
plastimar-app/client/src/views/Register.vue: Applying configuration map...
plastimar-app/client/src/views/Register.vue: {"insertSpaces":true,"tabSize":2}
plastimar-app/client/src/components/Navbar.vue: Applying configuration map...
plastimar-app/client/src/components/Navbar.vue: {"insertSpaces":true,"tabSize":2}
plastimar-app/client/src/store.js: Applying configuration map...
plastimar-app/client/src/store.js: {"insertSpaces":true,"tabSize":2}
client/src/store.js: editor.action.trimTrailingWhitespace
client/src/components/Navbar.vue: trimTrailingWhitespace()
client/src/store.js: editor.action.trimTrailingWhitespace
client/src/store.js: editor.action.trimTrailingWhitespace
client/src/store.js: editor.action.trimTrailingWhitespace
client/src/store.js: editor.action.trimTrailingWhitespace
client/src/store.js: editor.action.trimTrailingWhitespace
plastimar-app/client/src/auth-guard.js: Applying configuration map...
plastimar-app/client/src/auth-guard.js: {"insertSpaces":true,"tabSize":2}
client/src/auth-guard.js: editor.action.trimTrailingWhitespace
plastimar-app/client/src/store.js: Applying configuration map...
plastimar-app/client/src/store.js: {"insertSpaces":true,"tabSize":2}
plastimar-app/client/src/router.js: Applying configuration map...
plastimar-app/client/src/router.js: {"insertSpaces":true,"tabSize":2}
client/src/router.js: editor.action.trimTrailingWhitespace
client/src/router.js: editor.action.trimTrailingWhitespace
client/src/router.js: editor.action.trimTrailingWhitespace
client/src/router.js: editor.action.trimTrailingWhitespace
client/src/router.js: editor.action.trimTrailingWhitespace
client/src/router.js: editor.action.trimTrailingWhitespace
client/src/router.js: editor.action.trimTrailingWhitespace
plastimar-app/client/src/store.js: Applying configuration map...
plastimar-app/client/src/store.js: {"insertSpaces":true,"tabSize":2}
plastimar-app/client/src/auth-guard.js: Applying configuration map...
plastimar-app/client/src/auth-guard.js: {"insertSpaces":true,"tabSize":2}
plastimar-app/client/src/store.js: Applying configuration map...
plastimar-app/client/src/store.js: {"insertSpaces":true,"tabSize":2}
plastimar-app/client/src/router.js: Applying configuration map...
plastimar-app/client/src/router.js: {"insertSpaces":true,"tabSize":2}
client/src/router.js: editor.action.trimTrailingWhitespace
client/src/router.js: editor.action.trimTrailingWhitespace
client/src/router.js: editor.action.trimTrailingWhitespace
client/src/router.js: editor.action.trimTrailingWhitespace
client/src/router.js: editor.action.trimTrailingWhitespace
client/src/router.js: editor.action.trimTrailingWhitespace
client/src/router.js: editor.action.trimTrailingWhitespace
client/src/router.js: editor.action.trimTrailingWhitespace
client/src/router.js: editor.action.trimTrailingWhitespace
client/src/router.js: editor.action.trimTrailingWhitespace
client/src/router.js: editor.action.trimTrailingWhitespace
client/src/router.js: editor.action.trimTrailingWhitespace
client/src/router.js: editor.action.trimTrailingWhitespace
client/src/router.js: editor.action.trimTrailingWhitespace
client/src/router.js: editor.action.trimTrailingWhitespace
plastimar-app/client/src/store.js: Applying configuration map...
plastimar-app/client/src/store.js: {"insertSpaces":true,"tabSize":2}
plastimar-app/client/src/views/Register.vue: Applying configuration map...
plastimar-app/client/src/views/Register.vue: {"insertSpaces":true,"tabSize":2}
plastimar-app/client/src/router.js: Applying configuration map...
plastimar-app/client/src/router.js: {"insertSpaces":true,"tabSize":2}
client/src/router.js: editor.action.trimTrailingWhitespace
client/src/router.js: editor.action.trimTrailingWhitespace
client/src/router.js: editor.action.trimTrailingWhitespace
client/src/router.js: editor.action.trimTrailingWhitespace
client/src/router.js: editor.action.trimTrailingWhitespace
client/src/router.js: editor.action.trimTrailingWhitespace
client/src/router.js: editor.action.trimTrailingWhitespace
client/src/router.js: editor.action.trimTrailingWhitespace
client/src/router.js: editor.action.trimTrailingWhitespace
client/src/router.js: editor.action.trimTrailingWhitespace
client/src/router.js: editor.action.trimTrailingWhitespace
client/src/router.js: editor.action.trimTrailingWhitespace
client/src/router.js: editor.action.trimTrailingWhitespace
client/src/router.js: editor.action.trimTrailingWhitespace
client/src/router.js: editor.action.trimTrailingWhitespace
client/src/router.js: editor.action.trimTrailingWhitespace
client/src/router.js: editor.action.trimTrailingWhitespace
client/src/router.js: editor.action.trimTrailingWhitespace
client/src/router.js: editor.action.trimTrailingWhitespace
