[Info  - 21:28:28] Using tsserver from: /opt/visual-studio-code/resources/app/extensions/node_modules/typescript/lib
[Info  - 21:28:28] Forking TSServer
[Info  - 21:28:28] Started TSServer
[Error  - 21:50:36] 'signatureHelp' request failed with error.
Error processing request. Cannot read property 'kind' of undefined
TypeError: Cannot read property 'kind' of undefined
    at hasContextSensitiveReturnExpression (/opt/visual-studio-code/resources/app/extensions/node_modules/typescript/lib/tsserver.js:40724:25)
    at checkFunctionExpressionOrObjectLiteralMethod (/opt/visual-studio-code/resources/app/extensions/node_modules/typescript/lib/tsserver.js:50595:61)
    at checkObjectLiteralMethod (/opt/visual-studio-code/resources/app/extensions/node_modules/typescript/lib/tsserver.js:51684:38)
    at checkObjectLiteral (/opt/visual-studio-code/resources/app/extensions/node_modules/typescript/lib/tsserver.js:47345:29)
    at checkExpressionWorker (/opt/visual-studio-code/resources/app/extensions/node_modules/typescript/lib/tsserver.js:51813:28)
    at checkExpression (/opt/visual-studio-code/resources/app/extensions/node_modules/typescript/lib/tsserver.js:51758:42)
    at checkExpressionForMutableLocation (/opt/visual-studio-code/resources/app/extensions/node_modules/typescript/lib/tsserver.js:51662:24)
    at checkPropertyAssignment (/opt/visual-studio-code/resources/app/extensions/node_modules/typescript/lib/tsserver.js:51673:20)
    at checkObjectLiteral (/opt/visual-studio-code/resources/app/extensions/node_modules/typescript/lib/tsserver.js:47343:83)
    at checkExpressionWorker (/opt/visual-studio-code/resources/app/extensions/node_modules/typescript/lib/tsserver.js:51813:28)
    at checkExpression (/opt/visual-studio-code/resources/app/extensions/node_modules/typescript/lib/tsserver.js:51758:42)
    at checkExpressionWithContextualType (/opt/visual-studio-code/resources/app/extensions/node_modules/typescript/lib/tsserver.js:51588:26)
    at inferTypeArguments (/opt/visual-studio-code/resources/app/extensions/node_modules/typescript/lib/tsserver.js:48791:35)
    at chooseOverload (/opt/visual-studio-code/resources/app/extensions/node_modules/typescript/lib/tsserver.js:49250:49)
    at resolveCall (/opt/visual-studio-code/resources/app/extensions/node_modules/typescript/lib/tsserver.js:49178:26)
    at resolveNewExpression (/opt/visual-studio-code/resources/app/extensions/node_modules/typescript/lib/tsserver.js:49545:24)
    at resolveSignature (/opt/visual-studio-code/resources/app/extensions/node_modules/typescript/lib/tsserver.js:49775:28)
    at getResolvedSignature (/opt/visual-studio-code/resources/app/extensions/node_modules/typescript/lib/tsserver.js:49805:26)
    at getContextualTypeForArgumentAtIndex (/opt/visual-studio-code/resources/app/extensions/node_modules/typescript/lib/tsserver.js:46618:118)
    at getContextualTypeForArgument (/opt/visual-studio-code/resources/app/extensions/node_modules/typescript/lib/tsserver.js:46613:50)
    at getContextualType (/opt/visual-studio-code/resources/app/extensions/node_modules/typescript/lib/tsserver.js:46906:28)
    at getApparentTypeOfContextualType (/opt/visual-studio-code/resources/app/extensions/node_modules/typescript/lib/tsserver.js:46852:34)
    at getContextualTypeForObjectLiteralElement (/opt/visual-studio-code/resources/app/extensions/node_modules/typescript/lib/tsserver.js:46761:24)
    at getContextualType (/opt/visual-studio-code/resources/app/extensions/node_modules/typescript/lib/tsserver.js:46914:28)
    at getApparentTypeOfContextualType (/opt/visual-studio-code/resources/app/extensions/node_modules/typescript/lib/tsserver.js:46852:34)
    at getContextualTypeForObjectLiteralElement (/opt/visual-studio-code/resources/app/extensions/node_modules/typescript/lib/tsserver.js:46761:24)
    at Object.getContextualTypeForObjectLiteralElement (/opt/visual-studio-code/resources/app/extensions/node_modules/typescript/lib/tsserver.js:30910:31)
    at getContextualSignatureLocationInfo (/opt/visual-studio-code/resources/app/extensions/node_modules/typescript/lib/tsserver.js:103601:83)
    at tryGetParameterInfo (/opt/visual-studio-code/resources/app/extensions/node_modules/typescript/lib/tsserver.js:103578:24)
    at getImmediatelyContainingArgumentOrContextualParameterInfo (/opt/visual-studio-code/resources/app/extensions/node_modules/typescript/lib/tsserver.js:103569:20)
    at _loop_6 (/opt/visual-studio-code/resources/app/extensions/node_modules/typescript/lib/tsserver.js:103740:36)
    at getContainingArgumentInfo (/opt/visual-studio-code/resources/app/extensions/node_modules/typescript/lib/tsserver.js:103746:31)
    at Object.getSignatureHelpItems (/opt/visual-studio-code/resources/app/extensions/node_modules/typescript/lib/tsserver.js:103361:32)
    at Object.getSignatureHelpItems (/opt/visual-studio-code/resources/app/extensions/node_modules/typescript/lib/tsserver.js:117580:37)
    at IOSession.Session.getSignatureHelpItems (/opt/visual-studio-code/resources/app/extensions/node_modules/typescript/lib/tsserver.js:125403:62)
    at Session.handlers.ts.createMapFromTemplate._a.(anonymous function) (/opt/visual-studio-code/resources/app/extensions/node_modules/typescript/lib/tsserver.js:124358:61)
    at /opt/visual-studio-code/resources/app/extensions/node_modules/typescript/lib/tsserver.js:125824:88
    at IOSession.Session.executeWithRequestId (/opt/visual-studio-code/resources/app/extensions/node_modules/typescript/lib/tsserver.js:125815:28)
    at IOSession.Session.executeCommand (/opt/visual-studio-code/resources/app/extensions/node_modules/typescript/lib/tsserver.js:125824:33)
    at IOSession.Session.onMessage (/opt/visual-studio-code/resources/app/extensions/node_modules/typescript/lib/tsserver.js:125846:35)
    at Interface.<anonymous> (/opt/visual-studio-code/resources/app/extensions/node_modules/typescript/lib/tsserver.js:127106:27)
    at emitOne (events.js:116:13)
    at Interface.emit (events.js:211:7)
    at Interface._onLine (readline.js:282:10)
    at Interface._normalWrite (readline.js:424:12)
    at Socket.ondata (readline.js:141:10)
    at emitOne (events.js:116:13)
    at Socket.emit (events.js:211:7)
    at addChunk (_stream_readable.js:263:12)
    at readableAddChunk (_stream_readable.js:250:11)
    at Socket.Readable.push (_stream_readable.js:208:10)
    at Pipe.onread (net.js:594:20)
[Error  - 21:50:40] 'signatureHelp' request failed with error.
Error processing request. Cannot read property 'kind' of undefined
TypeError: Cannot read property 'kind' of undefined
    at hasContextSensitiveReturnExpression (/opt/visual-studio-code/resources/app/extensions/node_modules/typescript/lib/tsserver.js:40724:25)
    at checkFunctionExpressionOrObjectLiteralMethod (/opt/visual-studio-code/resources/app/extensions/node_modules/typescript/lib/tsserver.js:50595:61)
    at checkObjectLiteralMethod (/opt/visual-studio-code/resources/app/extensions/node_modules/typescript/lib/tsserver.js:51684:38)
    at checkObjectLiteral (/opt/visual-studio-code/resources/app/extensions/node_modules/typescript/lib/tsserver.js:47345:29)
    at checkExpressionWorker (/opt/visual-studio-code/resources/app/extensions/node_modules/typescript/lib/tsserver.js:51813:28)
    at checkExpression (/opt/visual-studio-code/resources/app/extensions/node_modules/typescript/lib/tsserver.js:51758:42)
    at checkExpressionForMutableLocation (/opt/visual-studio-code/resources/app/extensions/node_modules/typescript/lib/tsserver.js:51662:24)
    at checkPropertyAssignment (/opt/visual-studio-code/resources/app/extensions/node_modules/typescript/lib/tsserver.js:51673:20)
    at checkObjectLiteral (/opt/visual-studio-code/resources/app/extensions/node_modules/typescript/lib/tsserver.js:47343:83)
    at checkExpressionWorker (/opt/visual-studio-code/resources/app/extensions/node_modules/typescript/lib/tsserver.js:51813:28)
    at checkExpression (/opt/visual-studio-code/resources/app/extensions/node_modules/typescript/lib/tsserver.js:51758:42)
    at checkExpressionWithContextualType (/opt/visual-studio-code/resources/app/extensions/node_modules/typescript/lib/tsserver.js:51588:26)
    at inferTypeArguments (/opt/visual-studio-code/resources/app/extensions/node_modules/typescript/lib/tsserver.js:48791:35)
    at chooseOverload (/opt/visual-studio-code/resources/app/extensions/node_modules/typescript/lib/tsserver.js:49250:49)
    at resolveCall (/opt/visual-studio-code/resources/app/extensions/node_modules/typescript/lib/tsserver.js:49178:26)
    at resolveNewExpression (/opt/visual-studio-code/resources/app/extensions/node_modules/typescript/lib/tsserver.js:49545:24)
    at resolveSignature (/opt/visual-studio-code/resources/app/extensions/node_modules/typescript/lib/tsserver.js:49775:28)
    at getResolvedSignature (/opt/visual-studio-code/resources/app/extensions/node_modules/typescript/lib/tsserver.js:49805:26)
    at getContextualTypeForArgumentAtIndex (/opt/visual-studio-code/resources/app/extensions/node_modules/typescript/lib/tsserver.js:46618:118)
    at getContextualTypeForArgument (/opt/visual-studio-code/resources/app/extensions/node_modules/typescript/lib/tsserver.js:46613:50)
    at getContextualType (/opt/visual-studio-code/resources/app/extensions/node_modules/typescript/lib/tsserver.js:46906:28)
    at getApparentTypeOfContextualType (/opt/visual-studio-code/resources/app/extensions/node_modules/typescript/lib/tsserver.js:46852:34)
    at getContextualTypeForObjectLiteralElement (/opt/visual-studio-code/resources/app/extensions/node_modules/typescript/lib/tsserver.js:46761:24)
    at getContextualType (/opt/visual-studio-code/resources/app/extensions/node_modules/typescript/lib/tsserver.js:46914:28)
    at getApparentTypeOfContextualType (/opt/visual-studio-code/resources/app/extensions/node_modules/typescript/lib/tsserver.js:46852:34)
    at getContextualTypeForObjectLiteralElement (/opt/visual-studio-code/resources/app/extensions/node_modules/typescript/lib/tsserver.js:46761:24)
    at Object.getContextualTypeForObjectLiteralElement (/opt/visual-studio-code/resources/app/extensions/node_modules/typescript/lib/tsserver.js:30910:31)
    at getContextualSignatureLocationInfo (/opt/visual-studio-code/resources/app/extensions/node_modules/typescript/lib/tsserver.js:103601:83)
    at tryGetParameterInfo (/opt/visual-studio-code/resources/app/extensions/node_modules/typescript/lib/tsserver.js:103578:24)
    at getImmediatelyContainingArgumentOrContextualParameterInfo (/opt/visual-studio-code/resources/app/extensions/node_modules/typescript/lib/tsserver.js:103569:20)
    at _loop_6 (/opt/visual-studio-code/resources/app/extensions/node_modules/typescript/lib/tsserver.js:103740:36)
    at getContainingArgumentInfo (/opt/visual-studio-code/resources/app/extensions/node_modules/typescript/lib/tsserver.js:103746:31)
    at Object.getSignatureHelpItems (/opt/visual-studio-code/resources/app/extensions/node_modules/typescript/lib/tsserver.js:103361:32)
    at Object.getSignatureHelpItems (/opt/visual-studio-code/resources/app/extensions/node_modules/typescript/lib/tsserver.js:117580:37)
    at IOSession.Session.getSignatureHelpItems (/opt/visual-studio-code/resources/app/extensions/node_modules/typescript/lib/tsserver.js:125403:62)
    at Session.handlers.ts.createMapFromTemplate._a.(anonymous function) (/opt/visual-studio-code/resources/app/extensions/node_modules/typescript/lib/tsserver.js:124358:61)
    at /opt/visual-studio-code/resources/app/extensions/node_modules/typescript/lib/tsserver.js:125824:88
    at IOSession.Session.executeWithRequestId (/opt/visual-studio-code/resources/app/extensions/node_modules/typescript/lib/tsserver.js:125815:28)
    at IOSession.Session.executeCommand (/opt/visual-studio-code/resources/app/extensions/node_modules/typescript/lib/tsserver.js:125824:33)
    at IOSession.Session.onMessage (/opt/visual-studio-code/resources/app/extensions/node_modules/typescript/lib/tsserver.js:125846:35)
    at Interface.<anonymous> (/opt/visual-studio-code/resources/app/extensions/node_modules/typescript/lib/tsserver.js:127106:27)
    at emitOne (events.js:116:13)
    at Interface.emit (events.js:211:7)
    at Interface._onLine (readline.js:282:10)
    at Interface._normalWrite (readline.js:424:12)
    at Socket.ondata (readline.js:141:10)
    at emitOne (events.js:116:13)
    at Socket.emit (events.js:211:7)
    at addChunk (_stream_readable.js:263:12)
    at readableAddChunk (_stream_readable.js:250:11)
    at Socket.Readable.push (_stream_readable.js:208:10)
    at Pipe.onread (net.js:594:20)
[Error  - 21:51:22] 'signatureHelp' request failed with error.
Error processing request. Cannot read property 'emitNode' of undefined
TypeError: Cannot read property 'emitNode' of undefined
    at Object.getCommentRange (/opt/visual-studio-code/resources/app/extensions/node_modules/typescript/lib/tsserver.js:61694:29)
    at emitNodeList (/opt/visual-studio-code/resources/app/extensions/node_modules/typescript/lib/tsserver.js:84239:51)
    at emitList (/opt/visual-studio-code/resources/app/extensions/node_modules/typescript/lib/tsserver.js:84121:13)
    at Object.writeList (/opt/visual-studio-code/resources/app/extensions/node_modules/typescript/lib/tsserver.js:81801:13)
    at /opt/visual-studio-code/resources/app/extensions/node_modules/typescript/lib/tsserver.js:103834:29
    at Object.mapToDisplayParts (/opt/visual-studio-code/resources/app/extensions/node_modules/typescript/lib/tsserver.js:93989:13)
    at itemInfoForParameters (/opt/visual-studio-code/resources/app/extensions/node_modules/typescript/lib/tsserver.js:103831:41)
    at getSignatureHelpItem (/opt/visual-studio-code/resources/app/extensions/node_modules/typescript/lib/tsserver.js:103797:95)
    at /opt/visual-studio-code/resources/app/extensions/node_modules/typescript/lib/tsserver.js:103770:79
    at Array.map (<anonymous>)
    at createSignatureHelpItems (/opt/visual-studio-code/resources/app/extensions/node_modules/typescript/lib/tsserver.js:103770:36)
    at /opt/visual-studio-code/resources/app/extensions/node_modules/typescript/lib/tsserver.js:103375:23
    at Object.runWithCancellationToken (/opt/visual-studio-code/resources/app/extensions/node_modules/typescript/lib/tsserver.js:31045:28)
    at Object.getSignatureHelpItems (/opt/visual-studio-code/resources/app/extensions/node_modules/typescript/lib/tsserver.js:103373:32)
    at Object.getSignatureHelpItems (/opt/visual-studio-code/resources/app/extensions/node_modules/typescript/lib/tsserver.js:117580:37)
    at IOSession.Session.getSignatureHelpItems (/opt/visual-studio-code/resources/app/extensions/node_modules/typescript/lib/tsserver.js:125403:62)
    at Session.handlers.ts.createMapFromTemplate._a.(anonymous function) (/opt/visual-studio-code/resources/app/extensions/node_modules/typescript/lib/tsserver.js:124358:61)
    at /opt/visual-studio-code/resources/app/extensions/node_modules/typescript/lib/tsserver.js:125824:88
    at IOSession.Session.executeWithRequestId (/opt/visual-studio-code/resources/app/extensions/node_modules/typescript/lib/tsserver.js:125815:28)
    at IOSession.Session.executeCommand (/opt/visual-studio-code/resources/app/extensions/node_modules/typescript/lib/tsserver.js:125824:33)
    at IOSession.Session.onMessage (/opt/visual-studio-code/resources/app/extensions/node_modules/typescript/lib/tsserver.js:125846:35)
    at Interface.<anonymous> (/opt/visual-studio-code/resources/app/extensions/node_modules/typescript/lib/tsserver.js:127106:27)
    at emitOne (events.js:116:13)
    at Interface.emit (events.js:211:7)
    at Interface._onLine (readline.js:282:10)
    at Interface._normalWrite (readline.js:424:12)
    at Socket.ondata (readline.js:141:10)
    at emitOne (events.js:116:13)
    at Socket.emit (events.js:211:7)
    at addChunk (_stream_readable.js:263:12)
    at readableAddChunk (_stream_readable.js:250:11)
    at Socket.Readable.push (_stream_readable.js:208:10)
    at Pipe.onread (net.js:594:20)
[Error  - 21:51:31] 'signatureHelp' request failed with error.
Error processing request. Cannot read property 'emitNode' of undefined
TypeError: Cannot read property 'emitNode' of undefined
    at Object.getCommentRange (/opt/visual-studio-code/resources/app/extensions/node_modules/typescript/lib/tsserver.js:61694:29)
    at emitNodeList (/opt/visual-studio-code/resources/app/extensions/node_modules/typescript/lib/tsserver.js:84239:51)
    at emitList (/opt/visual-studio-code/resources/app/extensions/node_modules/typescript/lib/tsserver.js:84121:13)
    at Object.writeList (/opt/visual-studio-code/resources/app/extensions/node_modules/typescript/lib/tsserver.js:81801:13)
    at /opt/visual-studio-code/resources/app/extensions/node_modules/typescript/lib/tsserver.js:103834:29
    at Object.mapToDisplayParts (/opt/visual-studio-code/resources/app/extensions/node_modules/typescript/lib/tsserver.js:93989:13)
    at itemInfoForParameters (/opt/visual-studio-code/resources/app/extensions/node_modules/typescript/lib/tsserver.js:103831:41)
    at getSignatureHelpItem (/opt/visual-studio-code/resources/app/extensions/node_modules/typescript/lib/tsserver.js:103797:95)
    at /opt/visual-studio-code/resources/app/extensions/node_modules/typescript/lib/tsserver.js:103770:79
    at Array.map (<anonymous>)
    at createSignatureHelpItems (/opt/visual-studio-code/resources/app/extensions/node_modules/typescript/lib/tsserver.js:103770:36)
    at /opt/visual-studio-code/resources/app/extensions/node_modules/typescript/lib/tsserver.js:103375:23
    at Object.runWithCancellationToken (/opt/visual-studio-code/resources/app/extensions/node_modules/typescript/lib/tsserver.js:31045:28)
    at Object.getSignatureHelpItems (/opt/visual-studio-code/resources/app/extensions/node_modules/typescript/lib/tsserver.js:103373:32)
    at Object.getSignatureHelpItems (/opt/visual-studio-code/resources/app/extensions/node_modules/typescript/lib/tsserver.js:117580:37)
    at IOSession.Session.getSignatureHelpItems (/opt/visual-studio-code/resources/app/extensions/node_modules/typescript/lib/tsserver.js:125403:62)
    at Session.handlers.ts.createMapFromTemplate._a.(anonymous function) (/opt/visual-studio-code/resources/app/extensions/node_modules/typescript/lib/tsserver.js:124358:61)
    at /opt/visual-studio-code/resources/app/extensions/node_modules/typescript/lib/tsserver.js:125824:88
    at IOSession.Session.executeWithRequestId (/opt/visual-studio-code/resources/app/extensions/node_modules/typescript/lib/tsserver.js:125815:28)
    at IOSession.Session.executeCommand (/opt/visual-studio-code/resources/app/extensions/node_modules/typescript/lib/tsserver.js:125824:33)
    at IOSession.Session.onMessage (/opt/visual-studio-code/resources/app/extensions/node_modules/typescript/lib/tsserver.js:125846:35)
    at Interface.<anonymous> (/opt/visual-studio-code/resources/app/extensions/node_modules/typescript/lib/tsserver.js:127106:27)
    at emitOne (events.js:116:13)
    at Interface.emit (events.js:211:7)
    at Interface._onLine (readline.js:282:10)
    at Interface._normalWrite (readline.js:424:12)
    at Socket.ondata (readline.js:141:10)
    at emitOne (events.js:116:13)
    at Socket.emit (events.js:211:7)
    at addChunk (_stream_readable.js:263:12)
    at readableAddChunk (_stream_readable.js:250:11)
    at Socket.Readable.push (_stream_readable.js:208:10)
    at Pipe.onread (net.js:594:20)
[Error  - 21:56:39] 'signatureHelp' request failed with error.
Error processing request. Cannot read property 'kind' of undefined
TypeError: Cannot read property 'kind' of undefined
    at hasContextSensitiveReturnExpression (/opt/visual-studio-code/resources/app/extensions/node_modules/typescript/lib/tsserver.js:40724:25)
    at checkFunctionExpressionOrObjectLiteralMethod (/opt/visual-studio-code/resources/app/extensions/node_modules/typescript/lib/tsserver.js:50595:61)
    at checkObjectLiteralMethod (/opt/visual-studio-code/resources/app/extensions/node_modules/typescript/lib/tsserver.js:51684:38)
    at checkObjectLiteral (/opt/visual-studio-code/resources/app/extensions/node_modules/typescript/lib/tsserver.js:47345:29)
    at checkExpressionWorker (/opt/visual-studio-code/resources/app/extensions/node_modules/typescript/lib/tsserver.js:51813:28)
    at checkExpression (/opt/visual-studio-code/resources/app/extensions/node_modules/typescript/lib/tsserver.js:51758:42)
    at checkExpressionForMutableLocation (/opt/visual-studio-code/resources/app/extensions/node_modules/typescript/lib/tsserver.js:51662:24)
    at checkPropertyAssignment (/opt/visual-studio-code/resources/app/extensions/node_modules/typescript/lib/tsserver.js:51673:20)
    at checkObjectLiteral (/opt/visual-studio-code/resources/app/extensions/node_modules/typescript/lib/tsserver.js:47343:83)
    at checkExpressionWorker (/opt/visual-studio-code/resources/app/extensions/node_modules/typescript/lib/tsserver.js:51813:28)
    at checkExpression (/opt/visual-studio-code/resources/app/extensions/node_modules/typescript/lib/tsserver.js:51758:42)
    at checkExpressionWithContextualType (/opt/visual-studio-code/resources/app/extensions/node_modules/typescript/lib/tsserver.js:51588:26)
    at inferTypeArguments (/opt/visual-studio-code/resources/app/extensions/node_modules/typescript/lib/tsserver.js:48791:35)
    at chooseOverload (/opt/visual-studio-code/resources/app/extensions/node_modules/typescript/lib/tsserver.js:49250:49)
    at resolveCall (/opt/visual-studio-code/resources/app/extensions/node_modules/typescript/lib/tsserver.js:49178:26)
    at resolveNewExpression (/opt/visual-studio-code/resources/app/extensions/node_modules/typescript/lib/tsserver.js:49545:24)
    at resolveSignature (/opt/visual-studio-code/resources/app/extensions/node_modules/typescript/lib/tsserver.js:49775:28)
    at getResolvedSignature (/opt/visual-studio-code/resources/app/extensions/node_modules/typescript/lib/tsserver.js:49805:26)
    at getContextualTypeForArgumentAtIndex (/opt/visual-studio-code/resources/app/extensions/node_modules/typescript/lib/tsserver.js:46618:118)
    at getContextualTypeForArgument (/opt/visual-studio-code/resources/app/extensions/node_modules/typescript/lib/tsserver.js:46613:50)
    at getContextualType (/opt/visual-studio-code/resources/app/extensions/node_modules/typescript/lib/tsserver.js:46906:28)
    at getApparentTypeOfContextualType (/opt/visual-studio-code/resources/app/extensions/node_modules/typescript/lib/tsserver.js:46852:34)
    at getContextualTypeForObjectLiteralElement (/opt/visual-studio-code/resources/app/extensions/node_modules/typescript/lib/tsserver.js:46761:24)
    at getContextualType (/opt/visual-studio-code/resources/app/extensions/node_modules/typescript/lib/tsserver.js:46914:28)
    at getApparentTypeOfContextualType (/opt/visual-studio-code/resources/app/extensions/node_modules/typescript/lib/tsserver.js:46852:34)
    at getContextualTypeForObjectLiteralElement (/opt/visual-studio-code/resources/app/extensions/node_modules/typescript/lib/tsserver.js:46761:24)
    at Object.getContextualTypeForObjectLiteralElement (/opt/visual-studio-code/resources/app/extensions/node_modules/typescript/lib/tsserver.js:30910:31)
    at getContextualSignatureLocationInfo (/opt/visual-studio-code/resources/app/extensions/node_modules/typescript/lib/tsserver.js:103601:83)
    at tryGetParameterInfo (/opt/visual-studio-code/resources/app/extensions/node_modules/typescript/lib/tsserver.js:103578:24)
    at getImmediatelyContainingArgumentOrContextualParameterInfo (/opt/visual-studio-code/resources/app/extensions/node_modules/typescript/lib/tsserver.js:103569:20)
    at _loop_6 (/opt/visual-studio-code/resources/app/extensions/node_modules/typescript/lib/tsserver.js:103740:36)
    at getContainingArgumentInfo (/opt/visual-studio-code/resources/app/extensions/node_modules/typescript/lib/tsserver.js:103746:31)
    at Object.getSignatureHelpItems (/opt/visual-studio-code/resources/app/extensions/node_modules/typescript/lib/tsserver.js:103361:32)
    at Object.getSignatureHelpItems (/opt/visual-studio-code/resources/app/extensions/node_modules/typescript/lib/tsserver.js:117580:37)
    at IOSession.Session.getSignatureHelpItems (/opt/visual-studio-code/resources/app/extensions/node_modules/typescript/lib/tsserver.js:125403:62)
    at Session.handlers.ts.createMapFromTemplate._a.(anonymous function) (/opt/visual-studio-code/resources/app/extensions/node_modules/typescript/lib/tsserver.js:124358:61)
    at /opt/visual-studio-code/resources/app/extensions/node_modules/typescript/lib/tsserver.js:125824:88
    at IOSession.Session.executeWithRequestId (/opt/visual-studio-code/resources/app/extensions/node_modules/typescript/lib/tsserver.js:125815:28)
    at IOSession.Session.executeCommand (/opt/visual-studio-code/resources/app/extensions/node_modules/typescript/lib/tsserver.js:125824:33)
    at IOSession.Session.onMessage (/opt/visual-studio-code/resources/app/extensions/node_modules/typescript/lib/tsserver.js:125846:35)
    at Interface.<anonymous> (/opt/visual-studio-code/resources/app/extensions/node_modules/typescript/lib/tsserver.js:127106:27)
    at emitOne (events.js:116:13)
    at Interface.emit (events.js:211:7)
    at Interface._onLine (readline.js:282:10)
    at Interface._normalWrite (readline.js:424:12)
    at Socket.ondata (readline.js:141:10)
    at emitOne (events.js:116:13)
    at Socket.emit (events.js:211:7)
    at addChunk (_stream_readable.js:263:12)
    at readableAddChunk (_stream_readable.js:250:11)
    at Socket.Readable.push (_stream_readable.js:208:10)
    at Pipe.onread (net.js:594:20)
[Error  - 21:56:46] 'references' request failed with error.
Error processing request. Cannot read property 'kind' of undefined
TypeError: Cannot read property 'kind' of undefined
    at hasContextSensitiveReturnExpression (/opt/visual-studio-code/resources/app/extensions/node_modules/typescript/lib/tsserver.js:40724:25)
    at checkFunctionExpressionOrObjectLiteralMethod (/opt/visual-studio-code/resources/app/extensions/node_modules/typescript/lib/tsserver.js:50595:61)
    at checkObjectLiteralMethod (/opt/visual-studio-code/resources/app/extensions/node_modules/typescript/lib/tsserver.js:51684:38)
    at checkObjectLiteral (/opt/visual-studio-code/resources/app/extensions/node_modules/typescript/lib/tsserver.js:47345:29)
    at checkExpressionWorker (/opt/visual-studio-code/resources/app/extensions/node_modules/typescript/lib/tsserver.js:51813:28)
    at checkExpression (/opt/visual-studio-code/resources/app/extensions/node_modules/typescript/lib/tsserver.js:51758:42)
    at checkExpressionForMutableLocation (/opt/visual-studio-code/resources/app/extensions/node_modules/typescript/lib/tsserver.js:51662:24)
    at checkPropertyAssignment (/opt/visual-studio-code/resources/app/extensions/node_modules/typescript/lib/tsserver.js:51673:20)
    at checkObjectLiteral (/opt/visual-studio-code/resources/app/extensions/node_modules/typescript/lib/tsserver.js:47343:83)
    at checkExpressionWorker (/opt/visual-studio-code/resources/app/extensions/node_modules/typescript/lib/tsserver.js:51813:28)
    at checkExpression (/opt/visual-studio-code/resources/app/extensions/node_modules/typescript/lib/tsserver.js:51758:42)
    at checkExpressionWithContextualType (/opt/visual-studio-code/resources/app/extensions/node_modules/typescript/lib/tsserver.js:51588:26)
    at inferTypeArguments (/opt/visual-studio-code/resources/app/extensions/node_modules/typescript/lib/tsserver.js:48791:35)
    at chooseOverload (/opt/visual-studio-code/resources/app/extensions/node_modules/typescript/lib/tsserver.js:49250:49)
    at resolveCall (/opt/visual-studio-code/resources/app/extensions/node_modules/typescript/lib/tsserver.js:49178:26)
    at resolveNewExpression (/opt/visual-studio-code/resources/app/extensions/node_modules/typescript/lib/tsserver.js:49545:24)
    at resolveSignature (/opt/visual-studio-code/resources/app/extensions/node_modules/typescript/lib/tsserver.js:49775:28)
    at getResolvedSignature (/opt/visual-studio-code/resources/app/extensions/node_modules/typescript/lib/tsserver.js:49805:26)
    at getContextualTypeForArgumentAtIndex (/opt/visual-studio-code/resources/app/extensions/node_modules/typescript/lib/tsserver.js:46618:118)
    at getContextualTypeForArgument (/opt/visual-studio-code/resources/app/extensions/node_modules/typescript/lib/tsserver.js:46613:50)
    at getContextualType (/opt/visual-studio-code/resources/app/extensions/node_modules/typescript/lib/tsserver.js:46906:28)
    at getApparentTypeOfContextualType (/opt/visual-studio-code/resources/app/extensions/node_modules/typescript/lib/tsserver.js:46852:34)
    at getContextualTypeForObjectLiteralElement (/opt/visual-studio-code/resources/app/extensions/node_modules/typescript/lib/tsserver.js:46761:24)
    at getContextualType (/opt/visual-studio-code/resources/app/extensions/node_modules/typescript/lib/tsserver.js:46914:28)
    at getApparentTypeOfContextualType (/opt/visual-studio-code/resources/app/extensions/node_modules/typescript/lib/tsserver.js:46852:34)
    at getContextualTypeForObjectLiteralElement (/opt/visual-studio-code/resources/app/extensions/node_modules/typescript/lib/tsserver.js:46761:24)
    at getContextualTypeForObjectLiteralMethod (/opt/visual-studio-code/resources/app/extensions/node_modules/typescript/lib/tsserver.js:46757:20)
    at getContextualTypeForFunctionLikeDeclaration (/opt/visual-studio-code/resources/app/extensions/node_modules/typescript/lib/tsserver.js:47082:17)
    at getContextualSignature (/opt/visual-studio-code/resources/app/extensions/node_modules/typescript/lib/tsserver.js:47096:24)
    at getContextuallyTypedParameterType (/opt/visual-studio-code/resources/app/extensions/node_modules/typescript/lib/tsserver.js:46494:39)
    at getTypeForVariableLikeDeclaration (/opt/visual-studio-code/resources/app/extensions/node_modules/typescript/lib/tsserver.js:35247:122)
    at getWidenedTypeForVariableLikeDeclaration (/opt/visual-studio-code/resources/app/extensions/node_modules/typescript/lib/tsserver.js:35544:56)
    at getTypeOfVariableOrParameterOrPropertyWorker (/opt/visual-studio-code/resources/app/extensions/node_modules/typescript/lib/tsserver.js:35658:24)
    at getTypeOfVariableOrParameterOrProperty (/opt/visual-studio-code/resources/app/extensions/node_modules/typescript/lib/tsserver.js:35580:48)
    at getTypeOfSymbol (/opt/visual-studio-code/resources/app/extensions/node_modules/typescript/lib/tsserver.js:35869:24)
    at getTypeOfSymbolAtLocation (/opt/visual-studio-code/resources/app/extensions/node_modules/typescript/lib/tsserver.js:45665:20)
    at Object.getTypeOfSymbolAtLocation (/opt/visual-studio-code/resources/app/extensions/node_modules/typescript/lib/tsserver.js:30816:35)
    at Object.getSymbolDisplayPartsDocumentationAndSymbolKind (/opt/visual-studio-code/resources/app/extensions/node_modules/typescript/lib/tsserver.js:104310:97)
    at getDefinitionKindAndDisplayParts (/opt/visual-studio-code/resources/app/extensions/node_modules/typescript/lib/tsserver.js:98874:39)
    at /opt/visual-studio-code/resources/app/extensions/node_modules/typescript/lib/tsserver.js:98840:34
    at definitionToReferencedSymbolDefinitionInfo (/opt/visual-studio-code/resources/app/extensions/node_modules/typescript/lib/tsserver.js:98866:15)
    at /opt/visual-studio-code/resources/app/extensions/node_modules/typescript/lib/tsserver.js:98786:113
    at Object.runWithCancellationToken (/opt/visual-studio-code/resources/app/extensions/node_modules/typescript/lib/tsserver.js:31045:28)
    at /opt/visual-studio-code/resources/app/extensions/node_modules/typescript/lib/tsserver.js:98786:41
    at Object.mapDefined (/opt/visual-studio-code/resources/app/extensions/node_modules/typescript/lib/tsserver.js:601:30)
    at Object.findReferencedSymbols (/opt/visual-studio-code/resources/app/extensions/node_modules/typescript/lib/tsserver.js:98782:85)
    at Object.findReferences (/opt/visual-studio-code/resources/app/extensions/node_modules/typescript/lib/tsserver.js:117557:41)
    at /opt/visual-studio-code/resources/app/extensions/node_modules/typescript/lib/tsserver.js:124107:68
    at callbackProjectAndLocation (/opt/visual-studio-code/resources/app/extensions/node_modules/typescript/lib/tsserver.js:124160:13)
    at /opt/visual-studio-code/resources/app/extensions/node_modules/typescript/lib/tsserver.js:124134:24
    at forEachProjectInProjects (/opt/visual-studio-code/resources/app/extensions/node_modules/typescript/lib/tsserver.js:124117:17)
    at combineProjectOutputWorker (/opt/visual-studio-code/resources/app/extensions/node_modules/typescript/lib/tsserver.js:124132:13)
    at combineProjectOutputForReferences (/opt/visual-studio-code/resources/app/extensions/node_modules/typescript/lib/tsserver.js:124090:13)
    at IOSession.Session.getReferences (/opt/visual-studio-code/resources/app/extensions/node_modules/typescript/lib/tsserver.js:125124:34)
    at Session.handlers.ts.createMapFromTemplate._a.(anonymous function) (/opt/visual-studio-code/resources/app/extensions/node_modules/typescript/lib/tsserver.js:124270:61)
    at /opt/visual-studio-code/resources/app/extensions/node_modules/typescript/lib/tsserver.js:125824:88
    at IOSession.Session.executeWithRequestId (/opt/visual-studio-code/resources/app/extensions/node_modules/typescript/lib/tsserver.js:125815:28)
    at IOSession.Session.executeCommand (/opt/visual-studio-code/resources/app/extensions/node_modules/typescript/lib/tsserver.js:125824:33)
    at IOSession.Session.onMessage (/opt/visual-studio-code/resources/app/extensions/node_modules/typescript/lib/tsserver.js:125846:35)
    at Interface.<anonymous> (/opt/visual-studio-code/resources/app/extensions/node_modules/typescript/lib/tsserver.js:127106:27)
    at emitOne (events.js:116:13)
    at Interface.emit (events.js:211:7)
    at Interface._onLine (readline.js:282:10)
    at Interface._normalWrite (readline.js:424:12)
    at Socket.ondata (readline.js:141:10)
    at emitOne (events.js:116:13)
    at Socket.emit (events.js:211:7)
    at addChunk (_stream_readable.js:263:12)
    at readableAddChunk (_stream_readable.js:250:11)
    at Socket.Readable.push (_stream_readable.js:208:10)
    at Pipe.onread (net.js:594:20)
[Error  - 21:59:19] 'signatureHelp' request failed with error.
Error processing request. Cannot read property 'kind' of undefined
TypeError: Cannot read property 'kind' of undefined
    at hasContextSensitiveReturnExpression (/opt/visual-studio-code/resources/app/extensions/node_modules/typescript/lib/tsserver.js:40724:25)
    at checkFunctionExpressionOrObjectLiteralMethod (/opt/visual-studio-code/resources/app/extensions/node_modules/typescript/lib/tsserver.js:50595:61)
    at checkObjectLiteralMethod (/opt/visual-studio-code/resources/app/extensions/node_modules/typescript/lib/tsserver.js:51684:38)
    at checkObjectLiteral (/opt/visual-studio-code/resources/app/extensions/node_modules/typescript/lib/tsserver.js:47345:29)
    at checkExpressionWorker (/opt/visual-studio-code/resources/app/extensions/node_modules/typescript/lib/tsserver.js:51813:28)
    at checkExpression (/opt/visual-studio-code/resources/app/extensions/node_modules/typescript/lib/tsserver.js:51758:42)
    at checkExpressionForMutableLocation (/opt/visual-studio-code/resources/app/extensions/node_modules/typescript/lib/tsserver.js:51662:24)
    at checkPropertyAssignment (/opt/visual-studio-code/resources/app/extensions/node_modules/typescript/lib/tsserver.js:51673:20)
    at checkObjectLiteral (/opt/visual-studio-code/resources/app/extensions/node_modules/typescript/lib/tsserver.js:47343:83)
    at checkExpressionWorker (/opt/visual-studio-code/resources/app/extensions/node_modules/typescript/lib/tsserver.js:51813:28)
    at checkExpression (/opt/visual-studio-code/resources/app/extensions/node_modules/typescript/lib/tsserver.js:51758:42)
    at checkExpressionWithContextualType (/opt/visual-studio-code/resources/app/extensions/node_modules/typescript/lib/tsserver.js:51588:26)
    at inferTypeArguments (/opt/visual-studio-code/resources/app/extensions/node_modules/typescript/lib/tsserver.js:48791:35)
    at chooseOverload (/opt/visual-studio-code/resources/app/extensions/node_modules/typescript/lib/tsserver.js:49250:49)
    at resolveCall (/opt/visual-studio-code/resources/app/extensions/node_modules/typescript/lib/tsserver.js:49178:26)
    at resolveNewExpression (/opt/visual-studio-code/resources/app/extensions/node_modules/typescript/lib/tsserver.js:49545:24)
    at resolveSignature (/opt/visual-studio-code/resources/app/extensions/node_modules/typescript/lib/tsserver.js:49775:28)
    at getResolvedSignature (/opt/visual-studio-code/resources/app/extensions/node_modules/typescript/lib/tsserver.js:49805:26)
    at getContextualTypeForArgumentAtIndex (/opt/visual-studio-code/resources/app/extensions/node_modules/typescript/lib/tsserver.js:46618:118)
    at getContextualTypeForArgument (/opt/visual-studio-code/resources/app/extensions/node_modules/typescript/lib/tsserver.js:46613:50)
    at getContextualType (/opt/visual-studio-code/resources/app/extensions/node_modules/typescript/lib/tsserver.js:46906:28)
    at getApparentTypeOfContextualType (/opt/visual-studio-code/resources/app/extensions/node_modules/typescript/lib/tsserver.js:46852:34)
    at getContextualTypeForObjectLiteralElement (/opt/visual-studio-code/resources/app/extensions/node_modules/typescript/lib/tsserver.js:46761:24)
    at getContextualType (/opt/visual-studio-code/resources/app/extensions/node_modules/typescript/lib/tsserver.js:46914:28)
    at getApparentTypeOfContextualType (/opt/visual-studio-code/resources/app/extensions/node_modules/typescript/lib/tsserver.js:46852:34)
    at getContextualTypeForObjectLiteralElement (/opt/visual-studio-code/resources/app/extensions/node_modules/typescript/lib/tsserver.js:46761:24)
    at Object.getContextualTypeForObjectLiteralElement (/opt/visual-studio-code/resources/app/extensions/node_modules/typescript/lib/tsserver.js:30910:31)
    at getContextualSignatureLocationInfo (/opt/visual-studio-code/resources/app/extensions/node_modules/typescript/lib/tsserver.js:103601:83)
    at tryGetParameterInfo (/opt/visual-studio-code/resources/app/extensions/node_modules/typescript/lib/tsserver.js:103578:24)
    at getImmediatelyContainingArgumentOrContextualParameterInfo (/opt/visual-studio-code/resources/app/extensions/node_modules/typescript/lib/tsserver.js:103569:20)
    at _loop_6 (/opt/visual-studio-code/resources/app/extensions/node_modules/typescript/lib/tsserver.js:103740:36)
    at getContainingArgumentInfo (/opt/visual-studio-code/resources/app/extensions/node_modules/typescript/lib/tsserver.js:103746:31)
    at Object.getSignatureHelpItems (/opt/visual-studio-code/resources/app/extensions/node_modules/typescript/lib/tsserver.js:103361:32)
    at Object.getSignatureHelpItems (/opt/visual-studio-code/resources/app/extensions/node_modules/typescript/lib/tsserver.js:117580:37)
    at IOSession.Session.getSignatureHelpItems (/opt/visual-studio-code/resources/app/extensions/node_modules/typescript/lib/tsserver.js:125403:62)
    at Session.handlers.ts.createMapFromTemplate._a.(anonymous function) (/opt/visual-studio-code/resources/app/extensions/node_modules/typescript/lib/tsserver.js:124358:61)
    at /opt/visual-studio-code/resources/app/extensions/node_modules/typescript/lib/tsserver.js:125824:88
    at IOSession.Session.executeWithRequestId (/opt/visual-studio-code/resources/app/extensions/node_modules/typescript/lib/tsserver.js:125815:28)
    at IOSession.Session.executeCommand (/opt/visual-studio-code/resources/app/extensions/node_modules/typescript/lib/tsserver.js:125824:33)
    at IOSession.Session.onMessage (/opt/visual-studio-code/resources/app/extensions/node_modules/typescript/lib/tsserver.js:125846:35)
    at Interface.<anonymous> (/opt/visual-studio-code/resources/app/extensions/node_modules/typescript/lib/tsserver.js:127106:27)
    at emitOne (events.js:116:13)
    at Interface.emit (events.js:211:7)
    at Interface._onLine (readline.js:282:10)
    at Interface._normalWrite (readline.js:424:12)
    at Socket.ondata (readline.js:141:10)
    at emitOne (events.js:116:13)
    at Socket.emit (events.js:211:7)
    at addChunk (_stream_readable.js:263:12)
    at readableAddChunk (_stream_readable.js:250:11)
    at Socket.Readable.push (_stream_readable.js:208:10)
    at Pipe.onread (net.js:594:20)
[Error  - 23:38:32] 'signatureHelp' request failed with error.
Error processing request. Cannot read property 'kind' of undefined
TypeError: Cannot read property 'kind' of undefined
    at hasContextSensitiveReturnExpression (/opt/visual-studio-code/resources/app/extensions/node_modules/typescript/lib/tsserver.js:40724:25)
    at checkFunctionExpressionOrObjectLiteralMethod (/opt/visual-studio-code/resources/app/extensions/node_modules/typescript/lib/tsserver.js:50595:61)
    at checkObjectLiteralMethod (/opt/visual-studio-code/resources/app/extensions/node_modules/typescript/lib/tsserver.js:51684:38)
    at checkObjectLiteral (/opt/visual-studio-code/resources/app/extensions/node_modules/typescript/lib/tsserver.js:47345:29)
    at checkExpressionWorker (/opt/visual-studio-code/resources/app/extensions/node_modules/typescript/lib/tsserver.js:51813:28)
    at checkExpression (/opt/visual-studio-code/resources/app/extensions/node_modules/typescript/lib/tsserver.js:51758:42)
    at checkExpressionForMutableLocation (/opt/visual-studio-code/resources/app/extensions/node_modules/typescript/lib/tsserver.js:51662:24)
    at checkPropertyAssignment (/opt/visual-studio-code/resources/app/extensions/node_modules/typescript/lib/tsserver.js:51673:20)
    at checkObjectLiteral (/opt/visual-studio-code/resources/app/extensions/node_modules/typescript/lib/tsserver.js:47343:83)
    at checkExpressionWorker (/opt/visual-studio-code/resources/app/extensions/node_modules/typescript/lib/tsserver.js:51813:28)
    at checkExpression (/opt/visual-studio-code/resources/app/extensions/node_modules/typescript/lib/tsserver.js:51758:42)
    at checkExpressionWithContextualType (/opt/visual-studio-code/resources/app/extensions/node_modules/typescript/lib/tsserver.js:51588:26)
    at inferTypeArguments (/opt/visual-studio-code/resources/app/extensions/node_modules/typescript/lib/tsserver.js:48791:35)
    at chooseOverload (/opt/visual-studio-code/resources/app/extensions/node_modules/typescript/lib/tsserver.js:49250:49)
    at resolveCall (/opt/visual-studio-code/resources/app/extensions/node_modules/typescript/lib/tsserver.js:49178:26)
    at resolveNewExpression (/opt/visual-studio-code/resources/app/extensions/node_modules/typescript/lib/tsserver.js:49545:24)
    at resolveSignature (/opt/visual-studio-code/resources/app/extensions/node_modules/typescript/lib/tsserver.js:49775:28)
    at getResolvedSignature (/opt/visual-studio-code/resources/app/extensions/node_modules/typescript/lib/tsserver.js:49805:26)
    at getContextualTypeForArgumentAtIndex (/opt/visual-studio-code/resources/app/extensions/node_modules/typescript/lib/tsserver.js:46618:118)
    at getContextualTypeForArgument (/opt/visual-studio-code/resources/app/extensions/node_modules/typescript/lib/tsserver.js:46613:50)
    at getContextualType (/opt/visual-studio-code/resources/app/extensions/node_modules/typescript/lib/tsserver.js:46906:28)
    at getApparentTypeOfContextualType (/opt/visual-studio-code/resources/app/extensions/node_modules/typescript/lib/tsserver.js:46852:34)
    at getContextualTypeForObjectLiteralElement (/opt/visual-studio-code/resources/app/extensions/node_modules/typescript/lib/tsserver.js:46761:24)
    at getContextualType (/opt/visual-studio-code/resources/app/extensions/node_modules/typescript/lib/tsserver.js:46914:28)
    at getApparentTypeOfContextualType (/opt/visual-studio-code/resources/app/extensions/node_modules/typescript/lib/tsserver.js:46852:34)
    at getContextualTypeForObjectLiteralElement (/opt/visual-studio-code/resources/app/extensions/node_modules/typescript/lib/tsserver.js:46761:24)
    at Object.getContextualTypeForObjectLiteralElement (/opt/visual-studio-code/resources/app/extensions/node_modules/typescript/lib/tsserver.js:30910:31)
    at getContextualSignatureLocationInfo (/opt/visual-studio-code/resources/app/extensions/node_modules/typescript/lib/tsserver.js:103601:83)
    at tryGetParameterInfo (/opt/visual-studio-code/resources/app/extensions/node_modules/typescript/lib/tsserver.js:103578:24)
    at getImmediatelyContainingArgumentOrContextualParameterInfo (/opt/visual-studio-code/resources/app/extensions/node_modules/typescript/lib/tsserver.js:103569:20)
    at _loop_6 (/opt/visual-studio-code/resources/app/extensions/node_modules/typescript/lib/tsserver.js:103740:36)
    at getContainingArgumentInfo (/opt/visual-studio-code/resources/app/extensions/node_modules/typescript/lib/tsserver.js:103746:31)
    at Object.getSignatureHelpItems (/opt/visual-studio-code/resources/app/extensions/node_modules/typescript/lib/tsserver.js:103361:32)
    at Object.getSignatureHelpItems (/opt/visual-studio-code/resources/app/extensions/node_modules/typescript/lib/tsserver.js:117580:37)
    at IOSession.Session.getSignatureHelpItems (/opt/visual-studio-code/resources/app/extensions/node_modules/typescript/lib/tsserver.js:125403:62)
    at Session.handlers.ts.createMapFromTemplate._a.(anonymous function) (/opt/visual-studio-code/resources/app/extensions/node_modules/typescript/lib/tsserver.js:124358:61)
    at /opt/visual-studio-code/resources/app/extensions/node_modules/typescript/lib/tsserver.js:125824:88
    at IOSession.Session.executeWithRequestId (/opt/visual-studio-code/resources/app/extensions/node_modules/typescript/lib/tsserver.js:125815:28)
    at IOSession.Session.executeCommand (/opt/visual-studio-code/resources/app/extensions/node_modules/typescript/lib/tsserver.js:125824:33)
    at IOSession.Session.onMessage (/opt/visual-studio-code/resources/app/extensions/node_modules/typescript/lib/tsserver.js:125846:35)
    at Interface.<anonymous> (/opt/visual-studio-code/resources/app/extensions/node_modules/typescript/lib/tsserver.js:127106:27)
    at emitOne (events.js:116:13)
    at Interface.emit (events.js:211:7)
    at Interface._onLine (readline.js:282:10)
    at Interface._normalWrite (readline.js:424:12)
    at Socket.ondata (readline.js:141:10)
    at emitOne (events.js:116:13)
    at Socket.emit (events.js:211:7)
    at addChunk (_stream_readable.js:263:12)
    at readableAddChunk (_stream_readable.js:250:11)
    at Socket.Readable.push (_stream_readable.js:208:10)
    at Pipe.onread (net.js:594:20)
[Error  - 23:39:54] 'signatureHelp' request failed with error.
Error processing request. Cannot read property 'emitNode' of undefined
TypeError: Cannot read property 'emitNode' of undefined
    at Object.getCommentRange (/opt/visual-studio-code/resources/app/extensions/node_modules/typescript/lib/tsserver.js:61694:29)
    at emitNodeList (/opt/visual-studio-code/resources/app/extensions/node_modules/typescript/lib/tsserver.js:84239:51)
    at emitList (/opt/visual-studio-code/resources/app/extensions/node_modules/typescript/lib/tsserver.js:84121:13)
    at Object.writeList (/opt/visual-studio-code/resources/app/extensions/node_modules/typescript/lib/tsserver.js:81801:13)
    at /opt/visual-studio-code/resources/app/extensions/node_modules/typescript/lib/tsserver.js:103834:29
    at Object.mapToDisplayParts (/opt/visual-studio-code/resources/app/extensions/node_modules/typescript/lib/tsserver.js:93989:13)
    at itemInfoForParameters (/opt/visual-studio-code/resources/app/extensions/node_modules/typescript/lib/tsserver.js:103831:41)
    at getSignatureHelpItem (/opt/visual-studio-code/resources/app/extensions/node_modules/typescript/lib/tsserver.js:103797:95)
    at /opt/visual-studio-code/resources/app/extensions/node_modules/typescript/lib/tsserver.js:103770:79
    at Array.map (<anonymous>)
    at createSignatureHelpItems (/opt/visual-studio-code/resources/app/extensions/node_modules/typescript/lib/tsserver.js:103770:36)
    at /opt/visual-studio-code/resources/app/extensions/node_modules/typescript/lib/tsserver.js:103375:23
    at Object.runWithCancellationToken (/opt/visual-studio-code/resources/app/extensions/node_modules/typescript/lib/tsserver.js:31045:28)
    at Object.getSignatureHelpItems (/opt/visual-studio-code/resources/app/extensions/node_modules/typescript/lib/tsserver.js:103373:32)
    at Object.getSignatureHelpItems (/opt/visual-studio-code/resources/app/extensions/node_modules/typescript/lib/tsserver.js:117580:37)
    at IOSession.Session.getSignatureHelpItems (/opt/visual-studio-code/resources/app/extensions/node_modules/typescript/lib/tsserver.js:125403:62)
    at Session.handlers.ts.createMapFromTemplate._a.(anonymous function) (/opt/visual-studio-code/resources/app/extensions/node_modules/typescript/lib/tsserver.js:124358:61)
    at /opt/visual-studio-code/resources/app/extensions/node_modules/typescript/lib/tsserver.js:125824:88
    at IOSession.Session.executeWithRequestId (/opt/visual-studio-code/resources/app/extensions/node_modules/typescript/lib/tsserver.js:125815:28)
    at IOSession.Session.executeCommand (/opt/visual-studio-code/resources/app/extensions/node_modules/typescript/lib/tsserver.js:125824:33)
    at IOSession.Session.onMessage (/opt/visual-studio-code/resources/app/extensions/node_modules/typescript/lib/tsserver.js:125846:35)
    at Interface.<anonymous> (/opt/visual-studio-code/resources/app/extensions/node_modules/typescript/lib/tsserver.js:127106:27)
    at emitOne (events.js:116:13)
    at Interface.emit (events.js:211:7)
    at Interface._onLine (readline.js:282:10)
    at Interface._normalWrite (readline.js:424:12)
    at Socket.ondata (readline.js:141:10)
    at emitOne (events.js:116:13)
    at Socket.emit (events.js:211:7)
    at addChunk (_stream_readable.js:263:12)
    at readableAddChunk (_stream_readable.js:250:11)
    at Socket.Readable.push (_stream_readable.js:208:10)
    at Pipe.onread (net.js:594:20)
[Error  - 23:40:00] 'signatureHelp' request failed with error.
Error processing request. Cannot read property 'emitNode' of undefined
TypeError: Cannot read property 'emitNode' of undefined
    at Object.getCommentRange (/opt/visual-studio-code/resources/app/extensions/node_modules/typescript/lib/tsserver.js:61694:29)
    at emitNodeList (/opt/visual-studio-code/resources/app/extensions/node_modules/typescript/lib/tsserver.js:84239:51)
    at emitList (/opt/visual-studio-code/resources/app/extensions/node_modules/typescript/lib/tsserver.js:84121:13)
    at Object.writeList (/opt/visual-studio-code/resources/app/extensions/node_modules/typescript/lib/tsserver.js:81801:13)
    at /opt/visual-studio-code/resources/app/extensions/node_modules/typescript/lib/tsserver.js:103834:29
    at Object.mapToDisplayParts (/opt/visual-studio-code/resources/app/extensions/node_modules/typescript/lib/tsserver.js:93989:13)
    at itemInfoForParameters (/opt/visual-studio-code/resources/app/extensions/node_modules/typescript/lib/tsserver.js:103831:41)
    at getSignatureHelpItem (/opt/visual-studio-code/resources/app/extensions/node_modules/typescript/lib/tsserver.js:103797:95)
    at /opt/visual-studio-code/resources/app/extensions/node_modules/typescript/lib/tsserver.js:103770:79
    at Array.map (<anonymous>)
    at createSignatureHelpItems (/opt/visual-studio-code/resources/app/extensions/node_modules/typescript/lib/tsserver.js:103770:36)
    at /opt/visual-studio-code/resources/app/extensions/node_modules/typescript/lib/tsserver.js:103375:23
    at Object.runWithCancellationToken (/opt/visual-studio-code/resources/app/extensions/node_modules/typescript/lib/tsserver.js:31045:28)
    at Object.getSignatureHelpItems (/opt/visual-studio-code/resources/app/extensions/node_modules/typescript/lib/tsserver.js:103373:32)
    at Object.getSignatureHelpItems (/opt/visual-studio-code/resources/app/extensions/node_modules/typescript/lib/tsserver.js:117580:37)
    at IOSession.Session.getSignatureHelpItems (/opt/visual-studio-code/resources/app/extensions/node_modules/typescript/lib/tsserver.js:125403:62)
    at Session.handlers.ts.createMapFromTemplate._a.(anonymous function) (/opt/visual-studio-code/resources/app/extensions/node_modules/typescript/lib/tsserver.js:124358:61)
    at /opt/visual-studio-code/resources/app/extensions/node_modules/typescript/lib/tsserver.js:125824:88
    at IOSession.Session.executeWithRequestId (/opt/visual-studio-code/resources/app/extensions/node_modules/typescript/lib/tsserver.js:125815:28)
    at IOSession.Session.executeCommand (/opt/visual-studio-code/resources/app/extensions/node_modules/typescript/lib/tsserver.js:125824:33)
    at IOSession.Session.onMessage (/opt/visual-studio-code/resources/app/extensions/node_modules/typescript/lib/tsserver.js:125846:35)
    at Interface.<anonymous> (/opt/visual-studio-code/resources/app/extensions/node_modules/typescript/lib/tsserver.js:127106:27)
    at emitOne (events.js:116:13)
    at Interface.emit (events.js:211:7)
    at Interface._onLine (readline.js:282:10)
    at Interface._normalWrite (readline.js:424:12)
    at Socket.ondata (readline.js:141:10)
    at emitOne (events.js:116:13)
    at Socket.emit (events.js:211:7)
    at addChunk (_stream_readable.js:263:12)
    at readableAddChunk (_stream_readable.js:250:11)
    at Socket.Readable.push (_stream_readable.js:208:10)
    at Pipe.onread (net.js:594:20)
[Error  - 1:35:19] 'signatureHelp' request failed with error.
Error processing request. Cannot read property 'emitNode' of undefined
TypeError: Cannot read property 'emitNode' of undefined
    at Object.getCommentRange (/opt/visual-studio-code/resources/app/extensions/node_modules/typescript/lib/tsserver.js:61694:29)
    at emitNodeList (/opt/visual-studio-code/resources/app/extensions/node_modules/typescript/lib/tsserver.js:84239:51)
    at emitList (/opt/visual-studio-code/resources/app/extensions/node_modules/typescript/lib/tsserver.js:84121:13)
    at Object.writeList (/opt/visual-studio-code/resources/app/extensions/node_modules/typescript/lib/tsserver.js:81801:13)
    at /opt/visual-studio-code/resources/app/extensions/node_modules/typescript/lib/tsserver.js:103834:29
    at Object.mapToDisplayParts (/opt/visual-studio-code/resources/app/extensions/node_modules/typescript/lib/tsserver.js:93989:13)
    at itemInfoForParameters (/opt/visual-studio-code/resources/app/extensions/node_modules/typescript/lib/tsserver.js:103831:41)
    at getSignatureHelpItem (/opt/visual-studio-code/resources/app/extensions/node_modules/typescript/lib/tsserver.js:103797:95)
    at /opt/visual-studio-code/resources/app/extensions/node_modules/typescript/lib/tsserver.js:103770:79
    at Array.map (<anonymous>)
    at createSignatureHelpItems (/opt/visual-studio-code/resources/app/extensions/node_modules/typescript/lib/tsserver.js:103770:36)
    at /opt/visual-studio-code/resources/app/extensions/node_modules/typescript/lib/tsserver.js:103442:120
    at Object.runWithCancellationToken (/opt/visual-studio-code/resources/app/extensions/node_modules/typescript/lib/tsserver.js:31045:28)
    at /opt/visual-studio-code/resources/app/extensions/node_modules/typescript/lib/tsserver.js:103442:44
    at Object.firstDefined (/opt/visual-studio-code/resources/app/extensions/node_modules/typescript/lib/tsserver.js:238:26)
    at /opt/visual-studio-code/resources/app/extensions/node_modules/typescript/lib/tsserver.js:103438:27
    at Object.firstDefined (/opt/visual-studio-code/resources/app/extensions/node_modules/typescript/lib/tsserver.js:238:26)
    at createJSSignatureHelpItems (/opt/visual-studio-code/resources/app/extensions/node_modules/typescript/lib/tsserver.js:103437:56)
    at Object.getSignatureHelpItems (/opt/visual-studio-code/resources/app/extensions/node_modules/typescript/lib/tsserver.js:103371:56)
    at Object.getSignatureHelpItems (/opt/visual-studio-code/resources/app/extensions/node_modules/typescript/lib/tsserver.js:117580:37)
    at IOSession.Session.getSignatureHelpItems (/opt/visual-studio-code/resources/app/extensions/node_modules/typescript/lib/tsserver.js:125403:62)
    at Session.handlers.ts.createMapFromTemplate._a.(anonymous function) (/opt/visual-studio-code/resources/app/extensions/node_modules/typescript/lib/tsserver.js:124358:61)
    at /opt/visual-studio-code/resources/app/extensions/node_modules/typescript/lib/tsserver.js:125824:88
    at IOSession.Session.executeWithRequestId (/opt/visual-studio-code/resources/app/extensions/node_modules/typescript/lib/tsserver.js:125815:28)
    at IOSession.Session.executeCommand (/opt/visual-studio-code/resources/app/extensions/node_modules/typescript/lib/tsserver.js:125824:33)
    at IOSession.Session.onMessage (/opt/visual-studio-code/resources/app/extensions/node_modules/typescript/lib/tsserver.js:125846:35)
    at Interface.<anonymous> (/opt/visual-studio-code/resources/app/extensions/node_modules/typescript/lib/tsserver.js:127106:27)
    at emitOne (events.js:116:13)
    at Interface.emit (events.js:211:7)
    at Interface._onLine (readline.js:282:10)
    at Interface._normalWrite (readline.js:424:12)
    at Socket.ondata (readline.js:141:10)
    at emitOne (events.js:116:13)
    at Socket.emit (events.js:211:7)
    at addChunk (_stream_readable.js:263:12)
    at readableAddChunk (_stream_readable.js:250:11)
    at Socket.Readable.push (_stream_readable.js:208:10)
    at Pipe.onread (net.js:594:20)
[Error  - 1:35:31] 'signatureHelp' request failed with error.
Error processing request. Cannot read property 'emitNode' of undefined
TypeError: Cannot read property 'emitNode' of undefined
    at Object.getCommentRange (/opt/visual-studio-code/resources/app/extensions/node_modules/typescript/lib/tsserver.js:61694:29)
    at emitNodeList (/opt/visual-studio-code/resources/app/extensions/node_modules/typescript/lib/tsserver.js:84239:51)
    at emitList (/opt/visual-studio-code/resources/app/extensions/node_modules/typescript/lib/tsserver.js:84121:13)
    at Object.writeList (/opt/visual-studio-code/resources/app/extensions/node_modules/typescript/lib/tsserver.js:81801:13)
    at /opt/visual-studio-code/resources/app/extensions/node_modules/typescript/lib/tsserver.js:103834:29
    at Object.mapToDisplayParts (/opt/visual-studio-code/resources/app/extensions/node_modules/typescript/lib/tsserver.js:93989:13)
    at itemInfoForParameters (/opt/visual-studio-code/resources/app/extensions/node_modules/typescript/lib/tsserver.js:103831:41)
    at getSignatureHelpItem (/opt/visual-studio-code/resources/app/extensions/node_modules/typescript/lib/tsserver.js:103797:95)
    at /opt/visual-studio-code/resources/app/extensions/node_modules/typescript/lib/tsserver.js:103770:79
    at Array.map (<anonymous>)
    at createSignatureHelpItems (/opt/visual-studio-code/resources/app/extensions/node_modules/typescript/lib/tsserver.js:103770:36)
    at /opt/visual-studio-code/resources/app/extensions/node_modules/typescript/lib/tsserver.js:103442:120
    at Object.runWithCancellationToken (/opt/visual-studio-code/resources/app/extensions/node_modules/typescript/lib/tsserver.js:31045:28)
    at /opt/visual-studio-code/resources/app/extensions/node_modules/typescript/lib/tsserver.js:103442:44
    at Object.firstDefined (/opt/visual-studio-code/resources/app/extensions/node_modules/typescript/lib/tsserver.js:238:26)
    at /opt/visual-studio-code/resources/app/extensions/node_modules/typescript/lib/tsserver.js:103438:27
    at Object.firstDefined (/opt/visual-studio-code/resources/app/extensions/node_modules/typescript/lib/tsserver.js:238:26)
    at createJSSignatureHelpItems (/opt/visual-studio-code/resources/app/extensions/node_modules/typescript/lib/tsserver.js:103437:56)
    at Object.getSignatureHelpItems (/opt/visual-studio-code/resources/app/extensions/node_modules/typescript/lib/tsserver.js:103371:56)
    at Object.getSignatureHelpItems (/opt/visual-studio-code/resources/app/extensions/node_modules/typescript/lib/tsserver.js:117580:37)
    at IOSession.Session.getSignatureHelpItems (/opt/visual-studio-code/resources/app/extensions/node_modules/typescript/lib/tsserver.js:125403:62)
    at Session.handlers.ts.createMapFromTemplate._a.(anonymous function) (/opt/visual-studio-code/resources/app/extensions/node_modules/typescript/lib/tsserver.js:124358:61)
    at /opt/visual-studio-code/resources/app/extensions/node_modules/typescript/lib/tsserver.js:125824:88
    at IOSession.Session.executeWithRequestId (/opt/visual-studio-code/resources/app/extensions/node_modules/typescript/lib/tsserver.js:125815:28)
    at IOSession.Session.executeCommand (/opt/visual-studio-code/resources/app/extensions/node_modules/typescript/lib/tsserver.js:125824:33)
    at IOSession.Session.onMessage (/opt/visual-studio-code/resources/app/extensions/node_modules/typescript/lib/tsserver.js:125846:35)
    at Interface.<anonymous> (/opt/visual-studio-code/resources/app/extensions/node_modules/typescript/lib/tsserver.js:127106:27)
    at emitOne (events.js:116:13)
    at Interface.emit (events.js:211:7)
    at Interface._onLine (readline.js:282:10)
    at Interface._normalWrite (readline.js:424:12)
    at Socket.ondata (readline.js:141:10)
    at emitOne (events.js:116:13)
    at Socket.emit (events.js:211:7)
    at addChunk (_stream_readable.js:263:12)
    at readableAddChunk (_stream_readable.js:250:11)
    at Socket.Readable.push (_stream_readable.js:208:10)
    at Pipe.onread (net.js:594:20)
[Error  - 1:36:28] 'signatureHelp' request failed with error.
Error processing request. Cannot read property 'kind' of undefined
TypeError: Cannot read property 'kind' of undefined
    at hasContextSensitiveReturnExpression (/opt/visual-studio-code/resources/app/extensions/node_modules/typescript/lib/tsserver.js:40724:25)
    at checkFunctionExpressionOrObjectLiteralMethod (/opt/visual-studio-code/resources/app/extensions/node_modules/typescript/lib/tsserver.js:50595:61)
    at checkObjectLiteralMethod (/opt/visual-studio-code/resources/app/extensions/node_modules/typescript/lib/tsserver.js:51684:38)
    at checkObjectLiteral (/opt/visual-studio-code/resources/app/extensions/node_modules/typescript/lib/tsserver.js:47345:29)
    at checkExpressionWorker (/opt/visual-studio-code/resources/app/extensions/node_modules/typescript/lib/tsserver.js:51813:28)
    at checkExpression (/opt/visual-studio-code/resources/app/extensions/node_modules/typescript/lib/tsserver.js:51758:42)
    at checkExpressionForMutableLocation (/opt/visual-studio-code/resources/app/extensions/node_modules/typescript/lib/tsserver.js:51662:24)
    at checkPropertyAssignment (/opt/visual-studio-code/resources/app/extensions/node_modules/typescript/lib/tsserver.js:51673:20)
    at checkObjectLiteral (/opt/visual-studio-code/resources/app/extensions/node_modules/typescript/lib/tsserver.js:47343:83)
    at checkExpressionWorker (/opt/visual-studio-code/resources/app/extensions/node_modules/typescript/lib/tsserver.js:51813:28)
    at checkExpression (/opt/visual-studio-code/resources/app/extensions/node_modules/typescript/lib/tsserver.js:51758:42)
    at checkExpressionWithContextualType (/opt/visual-studio-code/resources/app/extensions/node_modules/typescript/lib/tsserver.js:51588:26)
    at inferTypeArguments (/opt/visual-studio-code/resources/app/extensions/node_modules/typescript/lib/tsserver.js:48791:35)
    at chooseOverload (/opt/visual-studio-code/resources/app/extensions/node_modules/typescript/lib/tsserver.js:49250:49)
    at resolveCall (/opt/visual-studio-code/resources/app/extensions/node_modules/typescript/lib/tsserver.js:49178:26)
    at resolveNewExpression (/opt/visual-studio-code/resources/app/extensions/node_modules/typescript/lib/tsserver.js:49545:24)
    at resolveSignature (/opt/visual-studio-code/resources/app/extensions/node_modules/typescript/lib/tsserver.js:49775:28)
    at getResolvedSignature (/opt/visual-studio-code/resources/app/extensions/node_modules/typescript/lib/tsserver.js:49805:26)
    at getContextualTypeForArgumentAtIndex (/opt/visual-studio-code/resources/app/extensions/node_modules/typescript/lib/tsserver.js:46618:118)
    at getContextualTypeForArgument (/opt/visual-studio-code/resources/app/extensions/node_modules/typescript/lib/tsserver.js:46613:50)
    at getContextualType (/opt/visual-studio-code/resources/app/extensions/node_modules/typescript/lib/tsserver.js:46906:28)
    at getApparentTypeOfContextualType (/opt/visual-studio-code/resources/app/extensions/node_modules/typescript/lib/tsserver.js:46852:34)
    at getContextualTypeForObjectLiteralElement (/opt/visual-studio-code/resources/app/extensions/node_modules/typescript/lib/tsserver.js:46761:24)
    at getContextualType (/opt/visual-studio-code/resources/app/extensions/node_modules/typescript/lib/tsserver.js:46914:28)
    at getApparentTypeOfContextualType (/opt/visual-studio-code/resources/app/extensions/node_modules/typescript/lib/tsserver.js:46852:34)
    at getContextualTypeForObjectLiteralElement (/opt/visual-studio-code/resources/app/extensions/node_modules/typescript/lib/tsserver.js:46761:24)
    at Object.getContextualTypeForObjectLiteralElement (/opt/visual-studio-code/resources/app/extensions/node_modules/typescript/lib/tsserver.js:30910:31)
    at getContextualSignatureLocationInfo (/opt/visual-studio-code/resources/app/extensions/node_modules/typescript/lib/tsserver.js:103601:83)
    at tryGetParameterInfo (/opt/visual-studio-code/resources/app/extensions/node_modules/typescript/lib/tsserver.js:103578:24)
    at getImmediatelyContainingArgumentOrContextualParameterInfo (/opt/visual-studio-code/resources/app/extensions/node_modules/typescript/lib/tsserver.js:103569:20)
    at _loop_6 (/opt/visual-studio-code/resources/app/extensions/node_modules/typescript/lib/tsserver.js:103740:36)
    at getContainingArgumentInfo (/opt/visual-studio-code/resources/app/extensions/node_modules/typescript/lib/tsserver.js:103746:31)
    at Object.getSignatureHelpItems (/opt/visual-studio-code/resources/app/extensions/node_modules/typescript/lib/tsserver.js:103361:32)
    at Object.getSignatureHelpItems (/opt/visual-studio-code/resources/app/extensions/node_modules/typescript/lib/tsserver.js:117580:37)
    at IOSession.Session.getSignatureHelpItems (/opt/visual-studio-code/resources/app/extensions/node_modules/typescript/lib/tsserver.js:125403:62)
    at Session.handlers.ts.createMapFromTemplate._a.(anonymous function) (/opt/visual-studio-code/resources/app/extensions/node_modules/typescript/lib/tsserver.js:124358:61)
    at /opt/visual-studio-code/resources/app/extensions/node_modules/typescript/lib/tsserver.js:125824:88
    at IOSession.Session.executeWithRequestId (/opt/visual-studio-code/resources/app/extensions/node_modules/typescript/lib/tsserver.js:125815:28)
    at IOSession.Session.executeCommand (/opt/visual-studio-code/resources/app/extensions/node_modules/typescript/lib/tsserver.js:125824:33)
    at IOSession.Session.onMessage (/opt/visual-studio-code/resources/app/extensions/node_modules/typescript/lib/tsserver.js:125846:35)
    at Interface.<anonymous> (/opt/visual-studio-code/resources/app/extensions/node_modules/typescript/lib/tsserver.js:127106:27)
    at emitOne (events.js:116:13)
    at Interface.emit (events.js:211:7)
    at Interface._onLine (readline.js:282:10)
    at Interface._normalWrite (readline.js:424:12)
    at Socket.ondata (readline.js:141:10)
    at emitOne (events.js:116:13)
    at Socket.emit (events.js:211:7)
    at addChunk (_stream_readable.js:263:12)
    at readableAddChunk (_stream_readable.js:250:11)
    at Socket.Readable.push (_stream_readable.js:208:10)
    at Pipe.onread (net.js:594:20)
[Error  - 1:36:55] 'signatureHelp' request failed with error.
Error processing request. Cannot read property 'emitNode' of undefined
TypeError: Cannot read property 'emitNode' of undefined
    at Object.getCommentRange (/opt/visual-studio-code/resources/app/extensions/node_modules/typescript/lib/tsserver.js:61694:29)
    at emitNodeList (/opt/visual-studio-code/resources/app/extensions/node_modules/typescript/lib/tsserver.js:84239:51)
    at emitList (/opt/visual-studio-code/resources/app/extensions/node_modules/typescript/lib/tsserver.js:84121:13)
    at Object.writeList (/opt/visual-studio-code/resources/app/extensions/node_modules/typescript/lib/tsserver.js:81801:13)
    at /opt/visual-studio-code/resources/app/extensions/node_modules/typescript/lib/tsserver.js:103834:29
    at Object.mapToDisplayParts (/opt/visual-studio-code/resources/app/extensions/node_modules/typescript/lib/tsserver.js:93989:13)
    at itemInfoForParameters (/opt/visual-studio-code/resources/app/extensions/node_modules/typescript/lib/tsserver.js:103831:41)
    at getSignatureHelpItem (/opt/visual-studio-code/resources/app/extensions/node_modules/typescript/lib/tsserver.js:103797:95)
    at /opt/visual-studio-code/resources/app/extensions/node_modules/typescript/lib/tsserver.js:103770:79
    at Array.map (<anonymous>)
    at createSignatureHelpItems (/opt/visual-studio-code/resources/app/extensions/node_modules/typescript/lib/tsserver.js:103770:36)
    at /opt/visual-studio-code/resources/app/extensions/node_modules/typescript/lib/tsserver.js:103375:23
    at Object.runWithCancellationToken (/opt/visual-studio-code/resources/app/extensions/node_modules/typescript/lib/tsserver.js:31045:28)
    at Object.getSignatureHelpItems (/opt/visual-studio-code/resources/app/extensions/node_modules/typescript/lib/tsserver.js:103373:32)
    at Object.getSignatureHelpItems (/opt/visual-studio-code/resources/app/extensions/node_modules/typescript/lib/tsserver.js:117580:37)
    at IOSession.Session.getSignatureHelpItems (/opt/visual-studio-code/resources/app/extensions/node_modules/typescript/lib/tsserver.js:125403:62)
    at Session.handlers.ts.createMapFromTemplate._a.(anonymous function) (/opt/visual-studio-code/resources/app/extensions/node_modules/typescript/lib/tsserver.js:124358:61)
    at /opt/visual-studio-code/resources/app/extensions/node_modules/typescript/lib/tsserver.js:125824:88
    at IOSession.Session.executeWithRequestId (/opt/visual-studio-code/resources/app/extensions/node_modules/typescript/lib/tsserver.js:125815:28)
    at IOSession.Session.executeCommand (/opt/visual-studio-code/resources/app/extensions/node_modules/typescript/lib/tsserver.js:125824:33)
    at IOSession.Session.onMessage (/opt/visual-studio-code/resources/app/extensions/node_modules/typescript/lib/tsserver.js:125846:35)
    at Interface.<anonymous> (/opt/visual-studio-code/resources/app/extensions/node_modules/typescript/lib/tsserver.js:127106:27)
    at emitOne (events.js:116:13)
    at Interface.emit (events.js:211:7)
    at Interface._onLine (readline.js:282:10)
    at Interface._normalWrite (readline.js:424:12)
    at Socket.ondata (readline.js:141:10)
    at emitOne (events.js:116:13)
    at Socket.emit (events.js:211:7)
    at addChunk (_stream_readable.js:263:12)
    at readableAddChunk (_stream_readable.js:250:11)
    at Socket.Readable.push (_stream_readable.js:208:10)
    at Pipe.onread (net.js:594:20)
[Error  - 1:38:56] 'signatureHelp' request failed with error.
Error processing request. Cannot read property 'emitNode' of undefined
TypeError: Cannot read property 'emitNode' of undefined
    at Object.getCommentRange (/opt/visual-studio-code/resources/app/extensions/node_modules/typescript/lib/tsserver.js:61694:29)
    at emitNodeList (/opt/visual-studio-code/resources/app/extensions/node_modules/typescript/lib/tsserver.js:84239:51)
    at emitList (/opt/visual-studio-code/resources/app/extensions/node_modules/typescript/lib/tsserver.js:84121:13)
    at Object.writeList (/opt/visual-studio-code/resources/app/extensions/node_modules/typescript/lib/tsserver.js:81801:13)
    at /opt/visual-studio-code/resources/app/extensions/node_modules/typescript/lib/tsserver.js:103834:29
    at Object.mapToDisplayParts (/opt/visual-studio-code/resources/app/extensions/node_modules/typescript/lib/tsserver.js:93989:13)
    at itemInfoForParameters (/opt/visual-studio-code/resources/app/extensions/node_modules/typescript/lib/tsserver.js:103831:41)
    at getSignatureHelpItem (/opt/visual-studio-code/resources/app/extensions/node_modules/typescript/lib/tsserver.js:103797:95)
    at /opt/visual-studio-code/resources/app/extensions/node_modules/typescript/lib/tsserver.js:103770:79
    at Array.map (<anonymous>)
    at createSignatureHelpItems (/opt/visual-studio-code/resources/app/extensions/node_modules/typescript/lib/tsserver.js:103770:36)
    at /opt/visual-studio-code/resources/app/extensions/node_modules/typescript/lib/tsserver.js:103375:23
    at Object.runWithCancellationToken (/opt/visual-studio-code/resources/app/extensions/node_modules/typescript/lib/tsserver.js:31045:28)
    at Object.getSignatureHelpItems (/opt/visual-studio-code/resources/app/extensions/node_modules/typescript/lib/tsserver.js:103373:32)
    at Object.getSignatureHelpItems (/opt/visual-studio-code/resources/app/extensions/node_modules/typescript/lib/tsserver.js:117580:37)
    at IOSession.Session.getSignatureHelpItems (/opt/visual-studio-code/resources/app/extensions/node_modules/typescript/lib/tsserver.js:125403:62)
    at Session.handlers.ts.createMapFromTemplate._a.(anonymous function) (/opt/visual-studio-code/resources/app/extensions/node_modules/typescript/lib/tsserver.js:124358:61)
    at /opt/visual-studio-code/resources/app/extensions/node_modules/typescript/lib/tsserver.js:125824:88
    at IOSession.Session.executeWithRequestId (/opt/visual-studio-code/resources/app/extensions/node_modules/typescript/lib/tsserver.js:125815:28)
    at IOSession.Session.executeCommand (/opt/visual-studio-code/resources/app/extensions/node_modules/typescript/lib/tsserver.js:125824:33)
    at IOSession.Session.onMessage (/opt/visual-studio-code/resources/app/extensions/node_modules/typescript/lib/tsserver.js:125846:35)
    at Interface.<anonymous> (/opt/visual-studio-code/resources/app/extensions/node_modules/typescript/lib/tsserver.js:127106:27)
    at emitOne (events.js:116:13)
    at Interface.emit (events.js:211:7)
    at Interface._onLine (readline.js:282:10)
    at Interface._normalWrite (readline.js:424:12)
    at Socket.ondata (readline.js:141:10)
    at emitOne (events.js:116:13)
    at Socket.emit (events.js:211:7)
    at addChunk (_stream_readable.js:263:12)
    at readableAddChunk (_stream_readable.js:250:11)
    at Socket.Readable.push (_stream_readable.js:208:10)
    at Pipe.onread (net.js:594:20)
[Error  - 1:39:11] 'signatureHelp' request failed with error.
Error processing request. Cannot read property 'emitNode' of undefined
TypeError: Cannot read property 'emitNode' of undefined
    at Object.getCommentRange (/opt/visual-studio-code/resources/app/extensions/node_modules/typescript/lib/tsserver.js:61694:29)
    at emitNodeList (/opt/visual-studio-code/resources/app/extensions/node_modules/typescript/lib/tsserver.js:84239:51)
    at emitList (/opt/visual-studio-code/resources/app/extensions/node_modules/typescript/lib/tsserver.js:84121:13)
    at Object.writeList (/opt/visual-studio-code/resources/app/extensions/node_modules/typescript/lib/tsserver.js:81801:13)
    at /opt/visual-studio-code/resources/app/extensions/node_modules/typescript/lib/tsserver.js:103834:29
    at Object.mapToDisplayParts (/opt/visual-studio-code/resources/app/extensions/node_modules/typescript/lib/tsserver.js:93989:13)
    at itemInfoForParameters (/opt/visual-studio-code/resources/app/extensions/node_modules/typescript/lib/tsserver.js:103831:41)
    at getSignatureHelpItem (/opt/visual-studio-code/resources/app/extensions/node_modules/typescript/lib/tsserver.js:103797:95)
    at /opt/visual-studio-code/resources/app/extensions/node_modules/typescript/lib/tsserver.js:103770:79
    at Array.map (<anonymous>)
    at createSignatureHelpItems (/opt/visual-studio-code/resources/app/extensions/node_modules/typescript/lib/tsserver.js:103770:36)
    at /opt/visual-studio-code/resources/app/extensions/node_modules/typescript/lib/tsserver.js:103442:120
    at Object.runWithCancellationToken (/opt/visual-studio-code/resources/app/extensions/node_modules/typescript/lib/tsserver.js:31045:28)
    at /opt/visual-studio-code/resources/app/extensions/node_modules/typescript/lib/tsserver.js:103442:44
    at Object.firstDefined (/opt/visual-studio-code/resources/app/extensions/node_modules/typescript/lib/tsserver.js:238:26)
    at /opt/visual-studio-code/resources/app/extensions/node_modules/typescript/lib/tsserver.js:103438:27
    at Object.firstDefined (/opt/visual-studio-code/resources/app/extensions/node_modules/typescript/lib/tsserver.js:238:26)
    at createJSSignatureHelpItems (/opt/visual-studio-code/resources/app/extensions/node_modules/typescript/lib/tsserver.js:103437:56)
    at Object.getSignatureHelpItems (/opt/visual-studio-code/resources/app/extensions/node_modules/typescript/lib/tsserver.js:103371:56)
    at Object.getSignatureHelpItems (/opt/visual-studio-code/resources/app/extensions/node_modules/typescript/lib/tsserver.js:117580:37)
    at IOSession.Session.getSignatureHelpItems (/opt/visual-studio-code/resources/app/extensions/node_modules/typescript/lib/tsserver.js:125403:62)
    at Session.handlers.ts.createMapFromTemplate._a.(anonymous function) (/opt/visual-studio-code/resources/app/extensions/node_modules/typescript/lib/tsserver.js:124358:61)
    at /opt/visual-studio-code/resources/app/extensions/node_modules/typescript/lib/tsserver.js:125824:88
    at IOSession.Session.executeWithRequestId (/opt/visual-studio-code/resources/app/extensions/node_modules/typescript/lib/tsserver.js:125815:28)
    at IOSession.Session.executeCommand (/opt/visual-studio-code/resources/app/extensions/node_modules/typescript/lib/tsserver.js:125824:33)
    at IOSession.Session.onMessage (/opt/visual-studio-code/resources/app/extensions/node_modules/typescript/lib/tsserver.js:125846:35)
    at Interface.<anonymous> (/opt/visual-studio-code/resources/app/extensions/node_modules/typescript/lib/tsserver.js:127106:27)
    at emitOne (events.js:116:13)
    at Interface.emit (events.js:211:7)
    at Interface._onLine (readline.js:282:10)
    at Interface._normalWrite (readline.js:424:12)
    at Socket.ondata (readline.js:141:10)
    at emitOne (events.js:116:13)
    at Socket.emit (events.js:211:7)
    at addChunk (_stream_readable.js:263:12)
    at readableAddChunk (_stream_readable.js:250:11)
    at Socket.Readable.push (_stream_readable.js:208:10)
    at Pipe.onread (net.js:594:20)
[Error  - 1:43:52] 'signatureHelp' request failed with error.
Error processing request. Cannot read property 'kind' of undefined
TypeError: Cannot read property 'kind' of undefined
    at hasContextSensitiveReturnExpression (/opt/visual-studio-code/resources/app/extensions/node_modules/typescript/lib/tsserver.js:40724:25)
    at checkFunctionExpressionOrObjectLiteralMethod (/opt/visual-studio-code/resources/app/extensions/node_modules/typescript/lib/tsserver.js:50595:61)
    at checkObjectLiteralMethod (/opt/visual-studio-code/resources/app/extensions/node_modules/typescript/lib/tsserver.js:51684:38)
    at checkObjectLiteral (/opt/visual-studio-code/resources/app/extensions/node_modules/typescript/lib/tsserver.js:47345:29)
    at checkExpressionWorker (/opt/visual-studio-code/resources/app/extensions/node_modules/typescript/lib/tsserver.js:51813:28)
    at checkExpression (/opt/visual-studio-code/resources/app/extensions/node_modules/typescript/lib/tsserver.js:51758:42)
    at checkExpressionForMutableLocation (/opt/visual-studio-code/resources/app/extensions/node_modules/typescript/lib/tsserver.js:51662:24)
    at checkPropertyAssignment (/opt/visual-studio-code/resources/app/extensions/node_modules/typescript/lib/tsserver.js:51673:20)
    at checkObjectLiteral (/opt/visual-studio-code/resources/app/extensions/node_modules/typescript/lib/tsserver.js:47343:83)
    at checkExpressionWorker (/opt/visual-studio-code/resources/app/extensions/node_modules/typescript/lib/tsserver.js:51813:28)
    at checkExpression (/opt/visual-studio-code/resources/app/extensions/node_modules/typescript/lib/tsserver.js:51758:42)
    at checkExpressionWithContextualType (/opt/visual-studio-code/resources/app/extensions/node_modules/typescript/lib/tsserver.js:51588:26)
    at inferTypeArguments (/opt/visual-studio-code/resources/app/extensions/node_modules/typescript/lib/tsserver.js:48791:35)
    at chooseOverload (/opt/visual-studio-code/resources/app/extensions/node_modules/typescript/lib/tsserver.js:49250:49)
    at resolveCall (/opt/visual-studio-code/resources/app/extensions/node_modules/typescript/lib/tsserver.js:49178:26)
    at resolveNewExpression (/opt/visual-studio-code/resources/app/extensions/node_modules/typescript/lib/tsserver.js:49545:24)
    at resolveSignature (/opt/visual-studio-code/resources/app/extensions/node_modules/typescript/lib/tsserver.js:49775:28)
    at getResolvedSignature (/opt/visual-studio-code/resources/app/extensions/node_modules/typescript/lib/tsserver.js:49805:26)
    at getContextualTypeForArgumentAtIndex (/opt/visual-studio-code/resources/app/extensions/node_modules/typescript/lib/tsserver.js:46618:118)
    at getContextualTypeForArgument (/opt/visual-studio-code/resources/app/extensions/node_modules/typescript/lib/tsserver.js:46613:50)
    at getContextualType (/opt/visual-studio-code/resources/app/extensions/node_modules/typescript/lib/tsserver.js:46906:28)
    at getApparentTypeOfContextualType (/opt/visual-studio-code/resources/app/extensions/node_modules/typescript/lib/tsserver.js:46852:34)
    at getContextualTypeForObjectLiteralElement (/opt/visual-studio-code/resources/app/extensions/node_modules/typescript/lib/tsserver.js:46761:24)
    at getContextualType (/opt/visual-studio-code/resources/app/extensions/node_modules/typescript/lib/tsserver.js:46914:28)
    at getApparentTypeOfContextualType (/opt/visual-studio-code/resources/app/extensions/node_modules/typescript/lib/tsserver.js:46852:34)
    at getContextualTypeForObjectLiteralElement (/opt/visual-studio-code/resources/app/extensions/node_modules/typescript/lib/tsserver.js:46761:24)
    at Object.getContextualTypeForObjectLiteralElement (/opt/visual-studio-code/resources/app/extensions/node_modules/typescript/lib/tsserver.js:30910:31)
    at getContextualSignatureLocationInfo (/opt/visual-studio-code/resources/app/extensions/node_modules/typescript/lib/tsserver.js:103601:83)
    at tryGetParameterInfo (/opt/visual-studio-code/resources/app/extensions/node_modules/typescript/lib/tsserver.js:103578:24)
    at getImmediatelyContainingArgumentOrContextualParameterInfo (/opt/visual-studio-code/resources/app/extensions/node_modules/typescript/lib/tsserver.js:103569:20)
    at _loop_6 (/opt/visual-studio-code/resources/app/extensions/node_modules/typescript/lib/tsserver.js:103740:36)
    at getContainingArgumentInfo (/opt/visual-studio-code/resources/app/extensions/node_modules/typescript/lib/tsserver.js:103746:31)
    at Object.getSignatureHelpItems (/opt/visual-studio-code/resources/app/extensions/node_modules/typescript/lib/tsserver.js:103361:32)
    at Object.getSignatureHelpItems (/opt/visual-studio-code/resources/app/extensions/node_modules/typescript/lib/tsserver.js:117580:37)
    at IOSession.Session.getSignatureHelpItems (/opt/visual-studio-code/resources/app/extensions/node_modules/typescript/lib/tsserver.js:125403:62)
    at Session.handlers.ts.createMapFromTemplate._a.(anonymous function) (/opt/visual-studio-code/resources/app/extensions/node_modules/typescript/lib/tsserver.js:124358:61)
    at /opt/visual-studio-code/resources/app/extensions/node_modules/typescript/lib/tsserver.js:125824:88
    at IOSession.Session.executeWithRequestId (/opt/visual-studio-code/resources/app/extensions/node_modules/typescript/lib/tsserver.js:125815:28)
    at IOSession.Session.executeCommand (/opt/visual-studio-code/resources/app/extensions/node_modules/typescript/lib/tsserver.js:125824:33)
    at IOSession.Session.onMessage (/opt/visual-studio-code/resources/app/extensions/node_modules/typescript/lib/tsserver.js:125846:35)
    at Interface.<anonymous> (/opt/visual-studio-code/resources/app/extensions/node_modules/typescript/lib/tsserver.js:127106:27)
    at emitOne (events.js:116:13)
    at Interface.emit (events.js:211:7)
    at Interface._onLine (readline.js:282:10)
    at Interface._normalWrite (readline.js:424:12)
    at Socket.ondata (readline.js:141:10)
    at emitOne (events.js:116:13)
    at Socket.emit (events.js:211:7)
    at addChunk (_stream_readable.js:263:12)
    at readableAddChunk (_stream_readable.js:250:11)
    at Socket.Readable.push (_stream_readable.js:208:10)
    at Pipe.onread (net.js:594:20)
[Error  - 1:43:58] 'completionInfo' request failed with error.
Error processing request. Cannot read property 'kind' of undefined
TypeError: Cannot read property 'kind' of undefined
    at hasContextSensitiveReturnExpression (/opt/visual-studio-code/resources/app/extensions/node_modules/typescript/lib/tsserver.js:40724:25)
    at checkFunctionExpressionOrObjectLiteralMethod (/opt/visual-studio-code/resources/app/extensions/node_modules/typescript/lib/tsserver.js:50595:61)
    at checkObjectLiteralMethod (/opt/visual-studio-code/resources/app/extensions/node_modules/typescript/lib/tsserver.js:51684:38)
    at checkObjectLiteral (/opt/visual-studio-code/resources/app/extensions/node_modules/typescript/lib/tsserver.js:47345:29)
    at checkExpressionWorker (/opt/visual-studio-code/resources/app/extensions/node_modules/typescript/lib/tsserver.js:51813:28)
    at checkExpression (/opt/visual-studio-code/resources/app/extensions/node_modules/typescript/lib/tsserver.js:51758:42)
    at checkExpressionForMutableLocation (/opt/visual-studio-code/resources/app/extensions/node_modules/typescript/lib/tsserver.js:51662:24)
    at checkPropertyAssignment (/opt/visual-studio-code/resources/app/extensions/node_modules/typescript/lib/tsserver.js:51673:20)
    at checkObjectLiteral (/opt/visual-studio-code/resources/app/extensions/node_modules/typescript/lib/tsserver.js:47343:83)
    at checkExpressionWorker (/opt/visual-studio-code/resources/app/extensions/node_modules/typescript/lib/tsserver.js:51813:28)
    at checkExpression (/opt/visual-studio-code/resources/app/extensions/node_modules/typescript/lib/tsserver.js:51758:42)
    at checkExpressionWithContextualType (/opt/visual-studio-code/resources/app/extensions/node_modules/typescript/lib/tsserver.js:51588:26)
    at inferTypeArguments (/opt/visual-studio-code/resources/app/extensions/node_modules/typescript/lib/tsserver.js:48791:35)
    at chooseOverload (/opt/visual-studio-code/resources/app/extensions/node_modules/typescript/lib/tsserver.js:49250:49)
    at resolveCall (/opt/visual-studio-code/resources/app/extensions/node_modules/typescript/lib/tsserver.js:49178:26)
    at resolveNewExpression (/opt/visual-studio-code/resources/app/extensions/node_modules/typescript/lib/tsserver.js:49545:24)
    at resolveSignature (/opt/visual-studio-code/resources/app/extensions/node_modules/typescript/lib/tsserver.js:49775:28)
    at getResolvedSignature (/opt/visual-studio-code/resources/app/extensions/node_modules/typescript/lib/tsserver.js:49805:26)
    at getContextualTypeForArgumentAtIndex (/opt/visual-studio-code/resources/app/extensions/node_modules/typescript/lib/tsserver.js:46618:118)
    at getContextualTypeForArgument (/opt/visual-studio-code/resources/app/extensions/node_modules/typescript/lib/tsserver.js:46613:50)
    at getContextualType (/opt/visual-studio-code/resources/app/extensions/node_modules/typescript/lib/tsserver.js:46906:28)
    at getApparentTypeOfContextualType (/opt/visual-studio-code/resources/app/extensions/node_modules/typescript/lib/tsserver.js:46852:34)
    at getContextualTypeForObjectLiteralElement (/opt/visual-studio-code/resources/app/extensions/node_modules/typescript/lib/tsserver.js:46761:24)
    at getContextualType (/opt/visual-studio-code/resources/app/extensions/node_modules/typescript/lib/tsserver.js:46914:28)
    at Object.getContextualType (/opt/visual-studio-code/resources/app/extensions/node_modules/typescript/lib/tsserver.js:30906:31)
    at tryGetObjectLikeCompletionSymbols (/opt/visual-studio-code/resources/app/extensions/node_modules/typescript/lib/tsserver.js:96990:106)
    at tryGetGlobalSymbols (/opt/visual-studio-code/resources/app/extensions/node_modules/typescript/lib/tsserver.js:96619:30)
    at getCompletionData (/opt/visual-studio-code/resources/app/extensions/node_modules/typescript/lib/tsserver.js:96503:22)
    at Object.getCompletionsAtPosition (/opt/visual-studio-code/resources/app/extensions/node_modules/typescript/lib/tsserver.js:95898:34)
    at Object.getCompletionsAtPosition (/opt/visual-studio-code/resources/app/extensions/node_modules/typescript/lib/tsserver.js:117432:35)
    at IOSession.Session.getCompletions (/opt/visual-studio-code/resources/app/extensions/node_modules/typescript/lib/tsserver.js:125333:64)
    at Session.handlers.ts.createMapFromTemplate._a.(anonymous function) (/opt/visual-studio-code/resources/app/extensions/node_modules/typescript/lib/tsserver.js:124337:61)
    at /opt/visual-studio-code/resources/app/extensions/node_modules/typescript/lib/tsserver.js:125824:88
    at IOSession.Session.executeWithRequestId (/opt/visual-studio-code/resources/app/extensions/node_modules/typescript/lib/tsserver.js:125815:28)
    at IOSession.Session.executeCommand (/opt/visual-studio-code/resources/app/extensions/node_modules/typescript/lib/tsserver.js:125824:33)
    at IOSession.Session.onMessage (/opt/visual-studio-code/resources/app/extensions/node_modules/typescript/lib/tsserver.js:125846:35)
    at Interface.<anonymous> (/opt/visual-studio-code/resources/app/extensions/node_modules/typescript/lib/tsserver.js:127106:27)
    at emitOne (events.js:116:13)
    at Interface.emit (events.js:211:7)
    at Interface._onLine (readline.js:282:10)
    at Interface._normalWrite (readline.js:424:12)
    at Socket.ondata (readline.js:141:10)
    at emitOne (events.js:116:13)
    at Socket.emit (events.js:211:7)
    at addChunk (_stream_readable.js:263:12)
    at readableAddChunk (_stream_readable.js:250:11)
    at Socket.Readable.push (_stream_readable.js:208:10)
    at Pipe.onread (net.js:594:20)
[Error  - 1:44:11] 'signatureHelp' request failed with error.
Error processing request. Cannot read property 'emitNode' of undefined
TypeError: Cannot read property 'emitNode' of undefined
    at Object.getCommentRange (/opt/visual-studio-code/resources/app/extensions/node_modules/typescript/lib/tsserver.js:61694:29)
    at emitNodeList (/opt/visual-studio-code/resources/app/extensions/node_modules/typescript/lib/tsserver.js:84239:51)
    at emitList (/opt/visual-studio-code/resources/app/extensions/node_modules/typescript/lib/tsserver.js:84121:13)
    at Object.writeList (/opt/visual-studio-code/resources/app/extensions/node_modules/typescript/lib/tsserver.js:81801:13)
    at /opt/visual-studio-code/resources/app/extensions/node_modules/typescript/lib/tsserver.js:103834:29
    at Object.mapToDisplayParts (/opt/visual-studio-code/resources/app/extensions/node_modules/typescript/lib/tsserver.js:93989:13)
    at itemInfoForParameters (/opt/visual-studio-code/resources/app/extensions/node_modules/typescript/lib/tsserver.js:103831:41)
    at getSignatureHelpItem (/opt/visual-studio-code/resources/app/extensions/node_modules/typescript/lib/tsserver.js:103797:95)
    at /opt/visual-studio-code/resources/app/extensions/node_modules/typescript/lib/tsserver.js:103770:79
    at Array.map (<anonymous>)
    at createSignatureHelpItems (/opt/visual-studio-code/resources/app/extensions/node_modules/typescript/lib/tsserver.js:103770:36)
    at /opt/visual-studio-code/resources/app/extensions/node_modules/typescript/lib/tsserver.js:103375:23
    at Object.runWithCancellationToken (/opt/visual-studio-code/resources/app/extensions/node_modules/typescript/lib/tsserver.js:31045:28)
    at Object.getSignatureHelpItems (/opt/visual-studio-code/resources/app/extensions/node_modules/typescript/lib/tsserver.js:103373:32)
    at Object.getSignatureHelpItems (/opt/visual-studio-code/resources/app/extensions/node_modules/typescript/lib/tsserver.js:117580:37)
    at IOSession.Session.getSignatureHelpItems (/opt/visual-studio-code/resources/app/extensions/node_modules/typescript/lib/tsserver.js:125403:62)
    at Session.handlers.ts.createMapFromTemplate._a.(anonymous function) (/opt/visual-studio-code/resources/app/extensions/node_modules/typescript/lib/tsserver.js:124358:61)
    at /opt/visual-studio-code/resources/app/extensions/node_modules/typescript/lib/tsserver.js:125824:88
    at IOSession.Session.executeWithRequestId (/opt/visual-studio-code/resources/app/extensions/node_modules/typescript/lib/tsserver.js:125815:28)
    at IOSession.Session.executeCommand (/opt/visual-studio-code/resources/app/extensions/node_modules/typescript/lib/tsserver.js:125824:33)
    at IOSession.Session.onMessage (/opt/visual-studio-code/resources/app/extensions/node_modules/typescript/lib/tsserver.js:125846:35)
    at Interface.<anonymous> (/opt/visual-studio-code/resources/app/extensions/node_modules/typescript/lib/tsserver.js:127106:27)
    at emitOne (events.js:116:13)
    at Interface.emit (events.js:211:7)
    at Interface._onLine (readline.js:282:10)
    at Interface._normalWrite (readline.js:424:12)
    at Socket.ondata (readline.js:141:10)
    at emitOne (events.js:116:13)
    at Socket.emit (events.js:211:7)
    at addChunk (_stream_readable.js:263:12)
    at readableAddChunk (_stream_readable.js:250:11)
    at Socket.Readable.push (_stream_readable.js:208:10)
    at Pipe.onread (net.js:594:20)
[Error  - 1:44:19] 'signatureHelp' request failed with error.
Error processing request. Cannot read property 'emitNode' of undefined
TypeError: Cannot read property 'emitNode' of undefined
    at Object.getCommentRange (/opt/visual-studio-code/resources/app/extensions/node_modules/typescript/lib/tsserver.js:61694:29)
    at emitNodeList (/opt/visual-studio-code/resources/app/extensions/node_modules/typescript/lib/tsserver.js:84239:51)
    at emitList (/opt/visual-studio-code/resources/app/extensions/node_modules/typescript/lib/tsserver.js:84121:13)
    at Object.writeList (/opt/visual-studio-code/resources/app/extensions/node_modules/typescript/lib/tsserver.js:81801:13)
    at /opt/visual-studio-code/resources/app/extensions/node_modules/typescript/lib/tsserver.js:103834:29
    at Object.mapToDisplayParts (/opt/visual-studio-code/resources/app/extensions/node_modules/typescript/lib/tsserver.js:93989:13)
    at itemInfoForParameters (/opt/visual-studio-code/resources/app/extensions/node_modules/typescript/lib/tsserver.js:103831:41)
    at getSignatureHelpItem (/opt/visual-studio-code/resources/app/extensions/node_modules/typescript/lib/tsserver.js:103797:95)
    at /opt/visual-studio-code/resources/app/extensions/node_modules/typescript/lib/tsserver.js:103770:79
    at Array.map (<anonymous>)
    at createSignatureHelpItems (/opt/visual-studio-code/resources/app/extensions/node_modules/typescript/lib/tsserver.js:103770:36)
    at /opt/visual-studio-code/resources/app/extensions/node_modules/typescript/lib/tsserver.js:103375:23
    at Object.runWithCancellationToken (/opt/visual-studio-code/resources/app/extensions/node_modules/typescript/lib/tsserver.js:31045:28)
    at Object.getSignatureHelpItems (/opt/visual-studio-code/resources/app/extensions/node_modules/typescript/lib/tsserver.js:103373:32)
    at Object.getSignatureHelpItems (/opt/visual-studio-code/resources/app/extensions/node_modules/typescript/lib/tsserver.js:117580:37)
    at IOSession.Session.getSignatureHelpItems (/opt/visual-studio-code/resources/app/extensions/node_modules/typescript/lib/tsserver.js:125403:62)
    at Session.handlers.ts.createMapFromTemplate._a.(anonymous function) (/opt/visual-studio-code/resources/app/extensions/node_modules/typescript/lib/tsserver.js:124358:61)
    at /opt/visual-studio-code/resources/app/extensions/node_modules/typescript/lib/tsserver.js:125824:88
    at IOSession.Session.executeWithRequestId (/opt/visual-studio-code/resources/app/extensions/node_modules/typescript/lib/tsserver.js:125815:28)
    at IOSession.Session.executeCommand (/opt/visual-studio-code/resources/app/extensions/node_modules/typescript/lib/tsserver.js:125824:33)
    at IOSession.Session.onMessage (/opt/visual-studio-code/resources/app/extensions/node_modules/typescript/lib/tsserver.js:125846:35)
    at Interface.<anonymous> (/opt/visual-studio-code/resources/app/extensions/node_modules/typescript/lib/tsserver.js:127106:27)
    at emitOne (events.js:116:13)
    at Interface.emit (events.js:211:7)
    at Interface._onLine (readline.js:282:10)
    at Interface._normalWrite (readline.js:424:12)
    at Socket.ondata (readline.js:141:10)
    at emitOne (events.js:116:13)
    at Socket.emit (events.js:211:7)
    at addChunk (_stream_readable.js:263:12)
    at readableAddChunk (_stream_readable.js:250:11)
    at Socket.Readable.push (_stream_readable.js:208:10)
    at Pipe.onread (net.js:594:20)
