Initializing document watcher...
Rebuilding config map...
plastimar-app/client/src/components/Popup.vue: Using EditorConfig core...
Detected change in configuration: {}
plastimar-app/client/src/components/Popup.vue: {"insertSpaces":true,"tabSize":2}
plastimar-app/client/src/components/Navbar.vue: Using EditorConfig core...
plastimar-app/client/src/components/Navbar.vue: {"insertSpaces":true,"tabSize":2}
client/src/components/Navbar.vue: editor.action.trimTrailingWhitespace
plastimar-app/client/src/components/Popup.vue: Applying configuration map...
plastimar-app/client/src/components/Popup.vue: {"insertSpaces":true,"tabSize":2}
plastimar-app/client/src/views/Dashboard.vue: Using EditorConfig core...
plastimar-app/client/src/views/Dashboard.vue: {"insertSpaces":true,"tabSize":2}
plastimar-app/client/src/components/Navbar.vue: Applying configuration map...
plastimar-app/client/src/components/Navbar.vue: {"insertSpaces":true,"tabSize":2}
plastimar-app/client/src/views/Dashboard.vue: Applying configuration map...
plastimar-app/client/src/views/Dashboard.vue: {"insertSpaces":true,"tabSize":2}
plastimar-app/client/src/components/Navbar.vue: Applying configuration map...
plastimar-app/client/src/components/Navbar.vue: {"insertSpaces":true,"tabSize":2}
plastimar-app/client/src/components/Popup.vue: Applying configuration map...
plastimar-app/client/src/components/Popup.vue: {"insertSpaces":true,"tabSize":2}
plastimar-app/client/src/views/Dashboard.vue: Applying configuration map...
plastimar-app/client/src/views/Dashboard.vue: {"insertSpaces":true,"tabSize":2}
client/src/views/Dashboard.vue: editor.action.trimTrailingWhitespace
client/src/components/Navbar.vue: trimTrailingWhitespace()
plastimar-app/client/src/components/Popup.vue: Applying configuration map...
plastimar-app/client/src/components/Popup.vue: {"insertSpaces":true,"tabSize":2}
plastimar-app/client/src/views/Dashboard.vue: Applying configuration map...
plastimar-app/client/src/views/Dashboard.vue: {"insertSpaces":true,"tabSize":2}
plastimar-app/client/src/components/Navbar.vue: Applying configuration map...
plastimar-app/client/src/components/Navbar.vue: {"insertSpaces":true,"tabSize":2}
plastimar-app/client/src/views/Dashboard.vue: Applying configuration map...
plastimar-app/client/src/views/Dashboard.vue: {"insertSpaces":true,"tabSize":2}
client/src/views/Dashboard.vue: editor.action.trimTrailingWhitespace
client/src/components/Navbar.vue: trimTrailingWhitespace()
plastimar-app/client/src/components/Navbar.vue: Applying configuration map...
plastimar-app/client/src/components/Navbar.vue: {"insertSpaces":true,"tabSize":2}
plastimar-app/client/src/views/Dashboard.vue: Applying configuration map...
plastimar-app/client/src/views/Dashboard.vue: {"insertSpaces":true,"tabSize":2}
client/src/views/Dashboard.vue: editor.action.trimTrailingWhitespace
client/src/views/Dashboard.vue: editor.action.trimTrailingWhitespace
client/src/views/Dashboard.vue: editor.action.trimTrailingWhitespace
plastimar-app/client/src/components/Popup.vue: Applying configuration map...
plastimar-app/client/src/components/Popup.vue: {"insertSpaces":true,"tabSize":2}
plastimar-app/client/src/views/Dashboard.vue: Applying configuration map...
plastimar-app/client/src/views/Dashboard.vue: {"insertSpaces":true,"tabSize":2}
plastimar-app/client/src/components/Popup.vue: Applying configuration map...
plastimar-app/client/src/components/Popup.vue: {"insertSpaces":true,"tabSize":2}
client/src/components/Popup.vue: editor.action.trimTrailingWhitespace
client/src/views/Dashboard.vue: trimTrailingWhitespace()
plastimar-app/client/src/views/Dashboard.vue: Applying configuration map...
plastimar-app/client/src/views/Dashboard.vue: {"insertSpaces":true,"tabSize":2}
plastimar-app/client/src/components/Popup.vue: Applying configuration map...
plastimar-app/client/src/components/Popup.vue: {"insertSpaces":true,"tabSize":2}
client/src/components/Popup.vue: editor.action.trimTrailingWhitespace
client/src/components/Popup.vue: editor.action.trimTrailingWhitespace
client/src/components/Popup.vue: editor.action.trimTrailingWhitespace
plastimar-app/client/src/views/Dashboard.vue: Applying configuration map...
plastimar-app/client/src/views/Dashboard.vue: {"insertSpaces":true,"tabSize":2}
client/src/views/Dashboard.vue: editor.action.trimTrailingWhitespace
client/src/views/Dashboard.vue: editor.action.trimTrailingWhitespace
client/src/views/Dashboard.vue: editor.action.trimTrailingWhitespace
