Initializing document watcher...
Rebuilding config map...
plastimar-app/client/src/store/orders.js: Using EditorConfig core...
plastimar-app/client/src/components/Popup.vue: Using EditorConfig core...
Detected change in configuration: {}
client/src/store/orders.js: No configuration found for pre-save.
plastimar-app/client/src/components/Popup.vue: No configuration.
plastimar-app/client/src/components/Popup.vue: {"insertSpaces":true,"tabSize":2}
plastimar-app/client/src/store/orders.js: Applying configuration map...
plastimar-app/client/src/store/orders.js: {"insertSpaces":true,"tabSize":2}
plastimar-app/client/src/components/Popup.vue: Applying configuration map...
plastimar-app/client/src/components/Popup.vue: {"insertSpaces":true,"tabSize":2}
plastimar-app/client/src/store/orders.js: Applying configuration map...
plastimar-app/client/src/store/orders.js: {"insertSpaces":true,"tabSize":2}
plastimar-app/client/src/components/Popup.vue: Applying configuration map...
plastimar-app/client/src/components/Popup.vue: {"insertSpaces":true,"tabSize":2}
plastimar-app/client/src/store/orders.js: Applying configuration map...
plastimar-app/client/src/store/orders.js: {"insertSpaces":true,"tabSize":2}
client/src/components/Popup.vue: trimTrailingWhitespace()
client/src/store/orders.js: editor.action.trimTrailingWhitespace
client/src/store/orders.js: editor.action.trimTrailingWhitespace
client/src/store/orders.js: editor.action.trimTrailingWhitespace
plastimar-app/client/src/components/Popup.vue: Applying configuration map...
plastimar-app/client/src/components/Popup.vue: {"insertSpaces":true,"tabSize":2}
plastimar-app/client/src/store/orders.js: Applying configuration map...
plastimar-app/client/src/store/orders.js: {"insertSpaces":true,"tabSize":2}
client/src/store/orders.js: editor.action.trimTrailingWhitespace
client/src/components/Popup.vue: trimTrailingWhitespace()
client/src/store/orders.js: editor.action.trimTrailingWhitespace
/home/blackblex/Documentos/node-apps/back/src/store.js: Using EditorConfig core...
/home/blackblex/Documentos/node-apps/back/src/store.js: {"insertSpaces":true,"tabSize":2}
plastimar-app/client/src/store/orders.js: Applying configuration map...
plastimar-app/client/src/store/orders.js: {"insertSpaces":true,"tabSize":2}
/home/blackblex/Documentos/node-apps/back/src/store.js: Applying configuration map...
/home/blackblex/Documentos/node-apps/back/src/store.js: {"insertSpaces":true,"tabSize":2}
plastimar-app/client/src/store/orders.js: Applying configuration map...
plastimar-app/client/src/store/orders.js: {"insertSpaces":true,"tabSize":2}
/home/blackblex/Documentos/node-apps/back/src/store.js: Applying configuration map...
/home/blackblex/Documentos/node-apps/back/src/store.js: {"insertSpaces":true,"tabSize":2}
/home/blackblex/Documentos/node-apps/back/src/components/Popup.vue: Using EditorConfig core...
/home/blackblex/Documentos/node-apps/back/src/components/Popup.vue: {"insertSpaces":true,"tabSize":2}
/home/blackblex/Documentos/node-apps/back/src/store.js: Applying configuration map...
/home/blackblex/Documentos/node-apps/back/src/store.js: {"insertSpaces":true,"tabSize":2}
plastimar-app/client/src/store/orders.js: Applying configuration map...
plastimar-app/client/src/store/orders.js: {"insertSpaces":true,"tabSize":2}
/home/blackblex/Documentos/node-apps/back/src/store.js: Applying configuration map...
/home/blackblex/Documentos/node-apps/back/src/store.js: {"insertSpaces":true,"tabSize":2}
/home/blackblex/Documentos/node-apps/back/src/components/Popup.vue: Applying configuration map...
/home/blackblex/Documentos/node-apps/back/src/components/Popup.vue: {"insertSpaces":true,"tabSize":2}
plastimar-app/client/src/components/Popup.vue: Applying configuration map...
plastimar-app/client/src/components/Popup.vue: {"insertSpaces":true,"tabSize":2}
/home/blackblex/Documentos/node-apps/back/src/store.js: Applying configuration map...
/home/blackblex/Documentos/node-apps/back/src/store.js: {"insertSpaces":true,"tabSize":2}
/home/blackblex/Documentos/node-apps/back/src/components/Popup.vue: Applying configuration map...
/home/blackblex/Documentos/node-apps/back/src/components/Popup.vue: {"insertSpaces":true,"tabSize":2}
plastimar-app/client/src/components/Popup.vue: Applying configuration map...
plastimar-app/client/src/components/Popup.vue: {"insertSpaces":true,"tabSize":2}
plastimar-app/client/src/store/orders.js: Applying configuration map...
plastimar-app/client/src/store/orders.js: {"insertSpaces":true,"tabSize":2}
client/src/store/orders.js: editor.action.trimTrailingWhitespace
client/src/components/Popup.vue: trimTrailingWhitespace()
client/src/store/orders.js: editor.action.trimTrailingWhitespace
client/src/store/orders.js: editor.action.trimTrailingWhitespace
/home/blackblex/Documentos/node-apps/back/src/store.js: Applying configuration map...
/home/blackblex/Documentos/node-apps/back/src/store.js: {"insertSpaces":true,"tabSize":2}
plastimar-app/client/src/components/Popup.vue: Applying configuration map...
plastimar-app/client/src/components/Popup.vue: {"insertSpaces":true,"tabSize":2}
client/src/store/orders.js: trimTrailingWhitespace()
client/src/components/Popup.vue: editor.action.trimTrailingWhitespace
plastimar-app/client/src/store/orders.js: Applying configuration map...
plastimar-app/client/src/store/orders.js: {"insertSpaces":true,"tabSize":2}
/home/blackblex/Documentos/node-apps/back/src/components/Popup.vue: Applying configuration map...
/home/blackblex/Documentos/node-apps/back/src/components/Popup.vue: {"insertSpaces":true,"tabSize":2}
plastimar-app/client/src/components/Popup.vue: Applying configuration map...
plastimar-app/client/src/components/Popup.vue: {"insertSpaces":true,"tabSize":2}
/home/blackblex/Documentos/node-apps/back/src/components/Popup.vue: Applying configuration map...
/home/blackblex/Documentos/node-apps/back/src/components/Popup.vue: {"insertSpaces":true,"tabSize":2}
plastimar-app/client/src/components/Popup.vue: Applying configuration map...
plastimar-app/client/src/components/Popup.vue: {"insertSpaces":true,"tabSize":2}
/home/blackblex/Documentos/node-apps/back/src/components/Popup.vue: Applying configuration map...
/home/blackblex/Documentos/node-apps/back/src/components/Popup.vue: {"insertSpaces":true,"tabSize":2}
/home/blackblex/Documentos/node-apps/back/src/store.js: Applying configuration map...
/home/blackblex/Documentos/node-apps/back/src/store.js: {"insertSpaces":true,"tabSize":2}
plastimar-app/client/src/store/orders.js: Applying configuration map...
plastimar-app/client/src/store/orders.js: {"insertSpaces":true,"tabSize":2}
/home/blackblex/Documentos/node-apps/back/src/store.js: Applying configuration map...
/home/blackblex/Documentos/node-apps/back/src/store.js: {"insertSpaces":true,"tabSize":2}
plastimar-app/client/src/store/orders.js: Applying configuration map...
plastimar-app/client/src/store/orders.js: {"insertSpaces":true,"tabSize":2}
/home/blackblex/Documentos/node-apps/back/src/store.js: Applying configuration map...
/home/blackblex/Documentos/node-apps/back/src/store.js: {"insertSpaces":true,"tabSize":2}
plastimar-app/client/src/store/orders.js: Applying configuration map...
plastimar-app/client/src/store/orders.js: {"insertSpaces":true,"tabSize":2}
/home/blackblex/Documentos/node-apps/back/src/store.js: Applying configuration map...
/home/blackblex/Documentos/node-apps/back/src/store.js: {"insertSpaces":true,"tabSize":2}
plastimar-app/client/src/components/Popup.vue: Applying configuration map...
plastimar-app/client/src/components/Popup.vue: {"insertSpaces":true,"tabSize":2}
plastimar-app/client/src/store/orders.js: Applying configuration map...
plastimar-app/client/src/store/orders.js: {"insertSpaces":true,"tabSize":2}
client/src/store/orders.js: editor.action.trimTrailingWhitespace
client/src/components/Popup.vue: trimTrailingWhitespace()
client/src/store/orders.js: editor.action.trimTrailingWhitespace
client/src/store/orders.js: editor.action.trimTrailingWhitespace
/home/blackblex/Documentos/node-apps/back/src/store.js: Applying configuration map...
/home/blackblex/Documentos/node-apps/back/src/store.js: {"insertSpaces":true,"tabSize":2}
plastimar-app/client/src/components/Popup.vue: Applying configuration map...
plastimar-app/client/src/components/Popup.vue: {"insertSpaces":true,"tabSize":2}
client/src/components/Popup.vue: editor.action.trimTrailingWhitespace
plastimar-app/client/src/store/orders.js: Applying configuration map...
plastimar-app/client/src/store/orders.js: {"insertSpaces":true,"tabSize":2}
client/src/store/orders.js: editor.action.trimTrailingWhitespace
plastimar-app/client/src/components/Popup.vue: Applying configuration map...
plastimar-app/client/src/components/Popup.vue: {"insertSpaces":true,"tabSize":2}
client/src/components/Popup.vue: editor.action.trimTrailingWhitespace
plastimar-app/client/src/store/orders.js: Applying configuration map...
plastimar-app/client/src/store/orders.js: {"insertSpaces":true,"tabSize":2}
plastimar-app/client/src/components/Popup.vue: Applying configuration map...
plastimar-app/client/src/components/Popup.vue: {"insertSpaces":true,"tabSize":2}
client/src/store/orders.js: trimTrailingWhitespace()
plastimar-app/client/src/store/orders.js: Applying configuration map...
plastimar-app/client/src/store/orders.js: {"insertSpaces":true,"tabSize":2}
client/src/store/orders.js: editor.action.trimTrailingWhitespace
plastimar-app/client/src/components/Popup.vue: Applying configuration map...
plastimar-app/client/src/components/Popup.vue: {"insertSpaces":true,"tabSize":2}
client/src/components/Popup.vue: editor.action.trimTrailingWhitespace
plastimar-app/client/src/store/orders.js: Applying configuration map...
plastimar-app/client/src/store/orders.js: {"insertSpaces":true,"tabSize":2}
client/src/store/orders.js: editor.action.trimTrailingWhitespace
client/src/store/orders.js: editor.action.trimTrailingWhitespace
/home/blackblex/Documentos/node-apps/back/src/components/Popup.vue: Applying configuration map...
/home/blackblex/Documentos/node-apps/back/src/components/Popup.vue: {"insertSpaces":true,"tabSize":2}
plastimar-app/client/src/components/Popup.vue: Applying configuration map...
plastimar-app/client/src/components/Popup.vue: {"insertSpaces":true,"tabSize":2}
/home/blackblex/Documentos/node-apps/back/src/components/Popup.vue: Applying configuration map...
/home/blackblex/Documentos/node-apps/back/src/components/Popup.vue: {"insertSpaces":true,"tabSize":2}
plastimar-app/client/src/store/orders.js: Applying configuration map...
plastimar-app/client/src/store/orders.js: {"insertSpaces":true,"tabSize":2}
/home/blackblex/Documentos/node-apps/back/src/store.js: Applying configuration map...
/home/blackblex/Documentos/node-apps/back/src/store.js: {"insertSpaces":true,"tabSize":2}
/home/blackblex/Documentos/node-apps/back/src/components/Popup.vue: Applying configuration map...
/home/blackblex/Documentos/node-apps/back/src/components/Popup.vue: {"insertSpaces":true,"tabSize":2}
plastimar-app/client/src/components/Popup.vue: Applying configuration map...
plastimar-app/client/src/components/Popup.vue: {"insertSpaces":true,"tabSize":2}
plastimar-app/client/src/store/orders.js: Applying configuration map...
plastimar-app/client/src/store/orders.js: {"insertSpaces":true,"tabSize":2}
client/src/store/orders.js: editor.action.trimTrailingWhitespace
client/src/components/Popup.vue: trimTrailingWhitespace()
client/src/store/orders.js: editor.action.trimTrailingWhitespace
/home/blackblex/Documentos/node-apps/back/src/store.js: Applying configuration map...
/home/blackblex/Documentos/node-apps/back/src/store.js: {"insertSpaces":true,"tabSize":2}
/home/blackblex/Documentos/node-apps/back/src/components/Popup.vue: Applying configuration map...
/home/blackblex/Documentos/node-apps/back/src/components/Popup.vue: {"insertSpaces":true,"tabSize":2}
plastimar-app/client/src/components/Popup.vue: Applying configuration map...
plastimar-app/client/src/components/Popup.vue: {"insertSpaces":true,"tabSize":2}
client/src/components/Popup.vue: editor.action.trimTrailingWhitespace
plastimar-app/client/src/store/orders.js: Applying configuration map...
plastimar-app/client/src/store/orders.js: {"insertSpaces":true,"tabSize":2}
client/src/store/orders.js: editor.action.trimTrailingWhitespace
client/src/store/orders.js: editor.action.trimTrailingWhitespace
/home/blackblex/Documentos/node-apps/back/src/store.js: Applying configuration map...
/home/blackblex/Documentos/node-apps/back/src/store.js: {"insertSpaces":true,"tabSize":2}
plastimar-app/client/src/components/Popup.vue: Applying configuration map...
plastimar-app/client/src/components/Popup.vue: {"insertSpaces":true,"tabSize":2}
client/src/components/Popup.vue: editor.action.trimTrailingWhitespace
/home/blackblex/Documentos/node-apps/back/src/store.js: Applying configuration map...
/home/blackblex/Documentos/node-apps/back/src/store.js: {"insertSpaces":true,"tabSize":2}
plastimar-app/client/src/store/orders.js: Applying configuration map...
plastimar-app/client/src/store/orders.js: {"insertSpaces":true,"tabSize":2}
client/src/store/orders.js: editor.action.trimTrailingWhitespace
client/src/components/Popup.vue: trimTrailingWhitespace()
client/src/store/orders.js: editor.action.trimTrailingWhitespace
client/src/store/orders.js: editor.action.trimTrailingWhitespace
client/src/store/orders.js: editor.action.trimTrailingWhitespace
client/src/store/orders.js: editor.action.trimTrailingWhitespace
client/src/store/orders.js: editor.action.trimTrailingWhitespace
/home/blackblex/Documentos/node-apps/back/src/components/Popup.vue: Applying configuration map...
/home/blackblex/Documentos/node-apps/back/src/components/Popup.vue: {"insertSpaces":true,"tabSize":2}
/home/blackblex/Documentos/node-apps/back/src/components/Popup.vue: editor.action.trimTrailingWhitespace
/home/blackblex/Documentos/node-apps/back/src/components/Popup.vue: editor.action.trimTrailingWhitespace
plastimar-app/client/src/components/Popup.vue: Applying configuration map...
plastimar-app/client/src/components/Popup.vue: {"insertSpaces":true,"tabSize":2}
client/src/components/Popup.vue: editor.action.trimTrailingWhitespace
client/src/components/Popup.vue: editor.action.trimTrailingWhitespace
client/src/components/Popup.vue: editor.action.trimTrailingWhitespace
client/src/components/Popup.vue: editor.action.trimTrailingWhitespace
client/src/components/Popup.vue: editor.action.trimTrailingWhitespace
client/src/components/Popup.vue: editor.action.trimTrailingWhitespace
client/src/components/Popup.vue: editor.action.trimTrailingWhitespace
client/src/components/Popup.vue: editor.action.trimTrailingWhitespace
client/src/components/Popup.vue: editor.action.trimTrailingWhitespace
client/src/components/Popup.vue: editor.action.trimTrailingWhitespace
client/src/components/Popup.vue: editor.action.trimTrailingWhitespace
client/src/components/Popup.vue: editor.action.trimTrailingWhitespace
client/src/components/Popup.vue: editor.action.trimTrailingWhitespace
client/src/components/Popup.vue: editor.action.trimTrailingWhitespace
client/src/components/Popup.vue: editor.action.trimTrailingWhitespace
client/src/components/Popup.vue: editor.action.trimTrailingWhitespace
client/src/components/Popup.vue: editor.action.trimTrailingWhitespace
client/src/components/Popup.vue: editor.action.trimTrailingWhitespace
client/src/components/Popup.vue: editor.action.trimTrailingWhitespace
client/src/components/Popup.vue: editor.action.trimTrailingWhitespace
client/src/components/Popup.vue: editor.action.trimTrailingWhitespace
client/src/components/Popup.vue: editor.action.trimTrailingWhitespace
client/src/components/Popup.vue: editor.action.trimTrailingWhitespace
client/src/components/Popup.vue: editor.action.trimTrailingWhitespace
client/src/components/Popup.vue: editor.action.trimTrailingWhitespace
client/src/components/Popup.vue: editor.action.trimTrailingWhitespace
client/src/components/Popup.vue: editor.action.trimTrailingWhitespace
client/src/components/Popup.vue: editor.action.trimTrailingWhitespace
client/src/components/Popup.vue: editor.action.trimTrailingWhitespace
client/src/components/Popup.vue: editor.action.trimTrailingWhitespace
client/src/components/Popup.vue: editor.action.trimTrailingWhitespace
client/src/components/Popup.vue: editor.action.trimTrailingWhitespace
client/src/components/Popup.vue: editor.action.trimTrailingWhitespace
client/src/components/Popup.vue: editor.action.trimTrailingWhitespace
client/src/components/Popup.vue: editor.action.trimTrailingWhitespace
client/src/components/Popup.vue: editor.action.trimTrailingWhitespace
client/src/components/Popup.vue: editor.action.trimTrailingWhitespace
plastimar-app/client/node_modules/date-fns/locale/es/build_format_locale/index.js: Using EditorConfig core...
plastimar-app/client/node_modules/date-fns/locale/es/build_format_locale/index.js: {"insertSpaces":true,"tabSize":2}
plastimar-app/client/node_modules/date-fns/locale/es/package.json: Using EditorConfig core...
plastimar-app/client/node_modules/date-fns/locale/es/index.js: Using EditorConfig core...
plastimar-app/client/node_modules/date-fns/locale/es/index.js: No configuration.
plastimar-app/client/node_modules/date-fns/locale/es/index.js: {"insertSpaces":true,"tabSize":2}
/home/blackblex/Documentos/node-apps/back/src/store.js: Applying configuration map...
/home/blackblex/Documentos/node-apps/back/src/store.js: {"insertSpaces":true,"tabSize":2}
plastimar-app/client/src/store/orders.js: Applying configuration map...
plastimar-app/client/src/store/orders.js: {"insertSpaces":true,"tabSize":2}
/home/blackblex/Documentos/node-apps/back/src/store.js: Applying configuration map...
/home/blackblex/Documentos/node-apps/back/src/store.js: {"insertSpaces":true,"tabSize":2}
plastimar-app/client/src/components/Popup.vue: Applying configuration map...
plastimar-app/client/src/components/Popup.vue: {"insertSpaces":true,"tabSize":2}
client/src/components/Popup.vue: editor.action.trimTrailingWhitespace
client/src/components/Popup.vue: editor.action.trimTrailingWhitespace
plastimar-app/client/node_modules/date-fns/locale/es/index.js: Applying configuration map...
plastimar-app/client/node_modules/date-fns/locale/es/index.js: {"insertSpaces":true,"tabSize":2}
plastimar-app/client/src/components/Popup.vue: Applying configuration map...
plastimar-app/client/src/components/Popup.vue: {"insertSpaces":true,"tabSize":2}
plastimar-app/client/node_modules/date-fns/locale/es/index.js: Applying configuration map...
plastimar-app/client/node_modules/date-fns/locale/es/index.js: {"insertSpaces":true,"tabSize":2}
plastimar-app/client/node_modules/date-fns/locale/es/build_format_locale/index.js: Applying configuration map...
plastimar-app/client/node_modules/date-fns/locale/es/build_format_locale/index.js: {"insertSpaces":true,"tabSize":2}
plastimar-app/client/src/store/orders.js: Applying configuration map...
plastimar-app/client/src/store/orders.js: {"insertSpaces":true,"tabSize":2}
plastimar-app/client/node_modules/date-fns/locale/es/build_format_locale/index.js: Applying configuration map...
plastimar-app/client/node_modules/date-fns/locale/es/build_format_locale/index.js: {"insertSpaces":true,"tabSize":2}
/home/blackblex/Documentos/node-apps/back/src/store.js: Applying configuration map...
/home/blackblex/Documentos/node-apps/back/src/store.js: {"insertSpaces":true,"tabSize":2}
plastimar-app/client/src/components/Popup.vue: Applying configuration map...
plastimar-app/client/src/components/Popup.vue: {"insertSpaces":true,"tabSize":2}
plastimar-app/client/node_modules/date-fns/locale/eo/index.js: Using EditorConfig core...
plastimar-app/client/node_modules/date-fns/locale/eo/index.js: {"insertSpaces":true,"tabSize":2}
plastimar-app/client/src/components/Popup.vue: Applying configuration map...
plastimar-app/client/src/components/Popup.vue: {"insertSpaces":true,"tabSize":2}
client/src/store/orders.js: trimTrailingWhitespace()
client/src/components/Popup.vue: editor.action.trimTrailingWhitespace
client/src/components/Popup.vue: editor.action.trimTrailingWhitespace
client/src/components/Popup.vue: editor.action.trimTrailingWhitespace
client/src/components/Popup.vue: editor.action.trimTrailingWhitespace
client/src/components/Popup.vue: editor.action.trimTrailingWhitespace
client/src/components/Popup.vue: editor.action.trimTrailingWhitespace
client/src/components/Popup.vue: editor.action.trimTrailingWhitespace
plastimar-app/client/node_modules/date-fns/locale/en/index.js: Using EditorConfig core...
plastimar-app/client/node_modules/date-fns/locale/en/index.js: {"insertSpaces":true,"tabSize":2}
plastimar-app/client/src/components/Popup.vue: Applying configuration map...
plastimar-app/client/src/components/Popup.vue: {"insertSpaces":true,"tabSize":2}
plastimar-app/client/node_modules/date-fns/locale/es/package.json: Applying configuration map...
plastimar-app/client/node_modules/date-fns/locale/es/package.json: {}
plastimar-app/client/src/components/Popup.vue: Applying configuration map...
plastimar-app/client/src/components/Popup.vue: {"insertSpaces":true,"tabSize":2}
/home/blackblex/Documentos/node-apps/back/src/store.js: Applying configuration map...
/home/blackblex/Documentos/node-apps/back/src/store.js: {"insertSpaces":true,"tabSize":2}
plastimar-app/client/src/components/Popup.vue: Applying configuration map...
plastimar-app/client/src/components/Popup.vue: {"insertSpaces":true,"tabSize":2}
client/src/components/Popup.vue: editor.action.trimTrailingWhitespace
client/src/components/Popup.vue: editor.action.trimTrailingWhitespace
plastimar-app/client/node_modules/date-fns/format/index.js: Using EditorConfig core...
plastimar-app/client/node_modules/date-fns/format/index.js: {"insertSpaces":true,"tabSize":2}
plastimar-app/client/src/components/Popup.vue: Applying configuration map...
plastimar-app/client/src/components/Popup.vue: {"insertSpaces":true,"tabSize":2}
client/src/components/Popup.vue: editor.action.trimTrailingWhitespace
client/src/components/Popup.vue: editor.action.trimTrailingWhitespace
client/src/components/Popup.vue: editor.action.trimTrailingWhitespace
client/src/components/Popup.vue: editor.action.trimTrailingWhitespace
client/src/components/Popup.vue: editor.action.trimTrailingWhitespace
client/src/components/Popup.vue: editor.action.trimTrailingWhitespace
plastimar-app/client/src/store/orders.js: Applying configuration map...
plastimar-app/client/src/store/orders.js: {"insertSpaces":true,"tabSize":2}
client/src/store/orders.js: editor.action.trimTrailingWhitespace
client/src/store/orders.js: editor.action.trimTrailingWhitespace
/home/blackblex/Documentos/node-apps/back/src/store.js: Applying configuration map...
/home/blackblex/Documentos/node-apps/back/src/store.js: {"insertSpaces":true,"tabSize":2}
plastimar-app/client/src/components/Popup.vue: Applying configuration map...
plastimar-app/client/src/components/Popup.vue: {"insertSpaces":true,"tabSize":2}
client/src/components/Popup.vue: editor.action.trimTrailingWhitespace
client/src/components/Popup.vue: editor.action.trimTrailingWhitespace
client/src/components/Popup.vue: editor.action.trimTrailingWhitespace
client/src/components/Popup.vue: editor.action.trimTrailingWhitespace
client/src/components/Popup.vue: editor.action.trimTrailingWhitespace
client/src/components/Popup.vue: editor.action.trimTrailingWhitespace
client/src/components/Popup.vue: editor.action.trimTrailingWhitespace
plastimar-app/client/src/store/orders.js: Applying configuration map...
plastimar-app/client/src/store/orders.js: {"insertSpaces":true,"tabSize":2}
plastimar-app/client/src/components/Popup.vue: Applying configuration map...
plastimar-app/client/src/components/Popup.vue: {"insertSpaces":true,"tabSize":2}
plastimar-app/client/src/store/orders.js: Applying configuration map...
plastimar-app/client/src/store/orders.js: {"insertSpaces":true,"tabSize":2}
plastimar-app/client/src/components/Popup.vue: Applying configuration map...
plastimar-app/client/src/components/Popup.vue: {"insertSpaces":true,"tabSize":2}
client/src/components/Popup.vue: editor.action.trimTrailingWhitespace
plastimar-app/client/src/store/orders.js: Applying configuration map...
plastimar-app/client/src/store/orders.js: {"insertSpaces":true,"tabSize":2}
client/src/store/orders.js: editor.action.trimTrailingWhitespace
plastimar-app/client/src/store/user.js: Using EditorConfig core...
plastimar-app/client/src/store/user.js: {"insertSpaces":true,"tabSize":2}
plastimar-app/client/src/store/orders.js: Applying configuration map...
plastimar-app/client/src/store/orders.js: {"insertSpaces":true,"tabSize":2}
plastimar-app/client/src/store/user.js: Applying configuration map...
plastimar-app/client/src/store/user.js: {"insertSpaces":true,"tabSize":2}
client/src/store/user.js: editor.action.trimTrailingWhitespace
plastimar-app/client/src/store/orders.js: Applying configuration map...
plastimar-app/client/src/store/orders.js: {"insertSpaces":true,"tabSize":2}
/home/blackblex/Documentos/node-apps/back/src/store.js: Applying configuration map...
/home/blackblex/Documentos/node-apps/back/src/store.js: {"insertSpaces":true,"tabSize":2}
plastimar-app/client/src/store/index.js: Using EditorConfig core...
plastimar-app/client/src/store/index.js: {"insertSpaces":true,"tabSize":2}
client/src/store/index.js: editor.action.trimTrailingWhitespace
plastimar-app/client/src/store/user.js: Applying configuration map...
plastimar-app/client/src/store/user.js: {"insertSpaces":true,"tabSize":2}
plastimar-app/client/src/views/Orders.vue: Using EditorConfig core...
plastimar-app/client/src/views/Orders.vue: {"insertSpaces":true,"tabSize":2}
client/src/views/Orders.vue: editor.action.trimTrailingWhitespace
client/src/views/Orders.vue: editor.action.trimTrailingWhitespace
plastimar-app/client/src/store/orders.js: Applying configuration map...
plastimar-app/client/src/store/orders.js: {"insertSpaces":true,"tabSize":2}
plastimar-app/client/src/store/index.js: Applying configuration map...
plastimar-app/client/src/store/index.js: {"insertSpaces":true,"tabSize":2}
plastimar-app/client/src/views/Orders.vue: Applying configuration map...
plastimar-app/client/src/views/Orders.vue: {"insertSpaces":true,"tabSize":2}
client/src/store/index.js: trimTrailingWhitespace()
client/src/views/Orders.vue: editor.action.trimTrailingWhitespace
plastimar-app/client/src/store/orders.js: Applying configuration map...
plastimar-app/client/src/store/orders.js: {"insertSpaces":true,"tabSize":2}
/home/blackblex/Documentos/node-apps/back/src/store.js: Applying configuration map...
/home/blackblex/Documentos/node-apps/back/src/store.js: {"insertSpaces":true,"tabSize":2}
plastimar-app/client/src/store/users.js: Using EditorConfig core...
plastimar-app/client/src/store/users.js: {"insertSpaces":true,"tabSize":2}
/home/blackblex/Documentos/node-apps/back/src/store.js: Applying configuration map...
/home/blackblex/Documentos/node-apps/back/src/store.js: {"insertSpaces":true,"tabSize":2}
plastimar-app/client/src/store/index.js: Applying configuration map...
plastimar-app/client/src/store/index.js: {"insertSpaces":true,"tabSize":2}
client/src/store/index.js: editor.action.trimTrailingWhitespace
client/src/views/Orders.vue: trimTrailingWhitespace()
/home/blackblex/Documentos/node-apps/back/src/store.js: Applying configuration map...
/home/blackblex/Documentos/node-apps/back/src/store.js: {"insertSpaces":true,"tabSize":2}
plastimar-app/client/src/store/users.js: Applying configuration map...
plastimar-app/client/src/store/users.js: {"insertSpaces":true,"tabSize":2}
client/src/store/users.js: editor.action.trimTrailingWhitespace
client/src/store/users.js: editor.action.trimTrailingWhitespace
plastimar-app/client/src/views/Orders.vue: Applying configuration map...
plastimar-app/client/src/views/Orders.vue: {"insertSpaces":true,"tabSize":2}
plastimar-app/client/src/store/users.js: Applying configuration map...
plastimar-app/client/src/store/users.js: {"insertSpaces":true,"tabSize":2}
client/src/store/users.js: editor.action.trimTrailingWhitespace
plastimar-app/client/src/store/orders.js: Applying configuration map...
plastimar-app/client/src/store/orders.js: {"insertSpaces":true,"tabSize":2}
/home/blackblex/Documentos/node-apps/back/src/store.js: Applying configuration map...
/home/blackblex/Documentos/node-apps/back/src/store.js: {"insertSpaces":true,"tabSize":2}
plastimar-app/client/src/store/users.js: Applying configuration map...
plastimar-app/client/src/store/users.js: {"insertSpaces":true,"tabSize":2}
plastimar-app/client/src/store/index.js: Applying configuration map...
plastimar-app/client/src/store/index.js: {"insertSpaces":true,"tabSize":2}
client/src/store/index.js: editor.action.trimTrailingWhitespace
plastimar-app/client/src/store/users.js: Applying configuration map...
plastimar-app/client/src/store/users.js: {"insertSpaces":true,"tabSize":2}
client/src/store/users.js: editor.action.trimTrailingWhitespace
plastimar-app/client/src/store/orders.js: Applying configuration map...
plastimar-app/client/src/store/orders.js: {"insertSpaces":true,"tabSize":2}
plastimar-app/client/src/views/Orders.vue: Applying configuration map...
plastimar-app/client/src/views/Orders.vue: {"insertSpaces":true,"tabSize":2}
client/src/views/Orders.vue: editor.action.trimTrailingWhitespace
client/src/views/Orders.vue: editor.action.trimTrailingWhitespace
client/src/views/Orders.vue: editor.action.trimTrailingWhitespace
client/src/views/Orders.vue: editor.action.trimTrailingWhitespace
client/src/views/Orders.vue: editor.action.trimTrailingWhitespace
client/src/views/Orders.vue: editor.action.trimTrailingWhitespace
client/src/views/Orders.vue: editor.action.trimTrailingWhitespace
plastimar-app/client/src/store/orders.js: Applying configuration map...
plastimar-app/client/src/store/orders.js: {"insertSpaces":true,"tabSize":2}
plastimar-app/client/src/store/users.js: Applying configuration map...
plastimar-app/client/src/store/users.js: {"insertSpaces":true,"tabSize":2}
plastimar-app/client/src/store/index.js: Applying configuration map...
plastimar-app/client/src/store/index.js: {"insertSpaces":true,"tabSize":2}
plastimar-app/client/src/components/Popup.vue: Applying configuration map...
plastimar-app/client/src/components/Popup.vue: {"insertSpaces":true,"tabSize":2}
plastimar-app/client/src/views/Orders.vue: Applying configuration map...
plastimar-app/client/src/views/Orders.vue: {"insertSpaces":true,"tabSize":2}
client/src/views/Orders.vue: editor.action.trimTrailingWhitespace
client/src/views/Orders.vue: editor.action.trimTrailingWhitespace
plastimar-app/client/src/store/users.js: Applying configuration map...
plastimar-app/client/src/store/users.js: {"insertSpaces":true,"tabSize":2}
client/src/views/Orders.vue: trimTrailingWhitespace()
plastimar-app/client/src/views/Orders.vue: Applying configuration map...
plastimar-app/client/src/views/Orders.vue: {"insertSpaces":true,"tabSize":2}
plastimar-app/client/src/store/users.js: Applying configuration map...
plastimar-app/client/src/store/users.js: {"insertSpaces":true,"tabSize":2}
/home/blackblex/Documentos/node-apps/back/src/components/Popup.vue: Applying configuration map...
/home/blackblex/Documentos/node-apps/back/src/components/Popup.vue: {"insertSpaces":true,"tabSize":2}
plastimar-app/client/src/views/Orders.vue: Applying configuration map...
plastimar-app/client/src/views/Orders.vue: {"insertSpaces":true,"tabSize":2}
client/src/views/Orders.vue: editor.action.trimTrailingWhitespace
client/src/views/Orders.vue: editor.action.trimTrailingWhitespace
plastimar-app/client/src/store/users.js: Applying configuration map...
plastimar-app/client/src/store/users.js: {"insertSpaces":true,"tabSize":2}
plastimar-app/client/src/views/Orders.vue: Applying configuration map...
plastimar-app/client/src/views/Orders.vue: {"insertSpaces":true,"tabSize":2}
plastimar-app/client/src/store/index.js: Applying configuration map...
plastimar-app/client/src/store/index.js: {"insertSpaces":true,"tabSize":2}
client/src/store/index.js: editor.action.trimTrailingWhitespace
plastimar-app/client/src/views/Team.1.vue: Using EditorConfig core...
plastimar-app/client/src/views/Team.1.vue: {"insertSpaces":true,"tabSize":2}
plastimar-app/client/src/views/Clients.vue: Using EditorConfig core...
plastimar-app/client/src/views/Clients.vue: {"insertSpaces":true,"tabSize":2}
plastimar-app/client/src/router.js: Using EditorConfig core...
plastimar-app/client/src/router.js: {"insertSpaces":true,"tabSize":2}
client/src/router.js: editor.action.trimTrailingWhitespace
plastimar-app/client/src/store/orders.js: Applying configuration map...
plastimar-app/client/src/store/orders.js: {"insertSpaces":true,"tabSize":2}
plastimar-app/client/src/router.js: Applying configuration map...
plastimar-app/client/src/router.js: {"insertSpaces":true,"tabSize":2}
plastimar-app/client/src/views/Clients.vue: Applying configuration map...
plastimar-app/client/src/views/Clients.vue: {"insertSpaces":true,"tabSize":2}
plastimar-app/client/src/views/Orders.vue: Applying configuration map...
plastimar-app/client/src/views/Orders.vue: {"insertSpaces":true,"tabSize":2}
/home/blackblex/Documentos/node-apps/back/src/components/Popup.vue: Applying configuration map...
/home/blackblex/Documentos/node-apps/back/src/components/Popup.vue: {"insertSpaces":true,"tabSize":2}
plastimar-app/client/src/views/Orders.vue: Applying configuration map...
plastimar-app/client/src/views/Orders.vue: {"insertSpaces":true,"tabSize":2}
plastimar-app/client/src/components/Popup.vue: Applying configuration map...
plastimar-app/client/src/components/Popup.vue: {"insertSpaces":true,"tabSize":2}
plastimar-app/client/src/components/Navbar.vue: Using EditorConfig core...
plastimar-app/client/src/components/Navbar.vue: {"insertSpaces":true,"tabSize":2}
client/src/components/Navbar.vue: editor.action.trimTrailingWhitespace
plastimar-app/client/src/components/Popup.vue: Applying configuration map...
plastimar-app/client/src/components/Popup.vue: {"insertSpaces":true,"tabSize":2}
plastimar-app/client/src/components/orderPop.vue: Using EditorConfig core...
plastimar-app/client/src/components/orderPop.vue: {"insertSpaces":true,"tabSize":2}
plastimar-app/client/src/views/Orders.vue: Applying configuration map...
plastimar-app/client/src/views/Orders.vue: {"insertSpaces":true,"tabSize":2}
client/src/views/Orders.vue: editor.action.trimTrailingWhitespace
client/src/views/Orders.vue: editor.action.trimTrailingWhitespace
plastimar-app/client/src/components/orderPop.vue: Applying configuration map...
plastimar-app/client/src/components/orderPop.vue: {"insertSpaces":true,"tabSize":2}
plastimar-app/client/src/components/orderPop.1.vue: Using EditorConfig core...
plastimar-app/client/src/components/orderPop.1.vue: {"insertSpaces":true,"tabSize":2}
plastimar-app/client/src/components/clientPop.vue: Using EditorConfig core...
plastimar-app/client/src/components/clientPop.vue: {"insertSpaces":true,"tabSize":2}
client/src/components/clientPop.vue: editor.action.trimTrailingWhitespace
plastimar-app/client/src/components/orderPop.vue: Applying configuration map...
plastimar-app/client/src/components/orderPop.vue: {"insertSpaces":true,"tabSize":2}
plastimar-app/client/src/components/clientPop.vue: Applying configuration map...
plastimar-app/client/src/components/clientPop.vue: {"insertSpaces":true,"tabSize":2}
plastimar-app/client/src/components/Navbar.vue: Applying configuration map...
plastimar-app/client/src/components/Navbar.vue: {"insertSpaces":true,"tabSize":2}
plastimar-app/client/src/components/clientPop.vue: Applying configuration map...
plastimar-app/client/src/components/clientPop.vue: {"insertSpaces":true,"tabSize":2}
plastimar-app/client/src/views/Clients.vue: Applying configuration map...
plastimar-app/client/src/views/Clients.vue: {"insertSpaces":true,"tabSize":2}
plastimar-app/client/src/views/Orders.vue: Applying configuration map...
plastimar-app/client/src/views/Orders.vue: {"insertSpaces":true,"tabSize":2}
plastimar-app/client/src/views/Clients.vue: Applying configuration map...
plastimar-app/client/src/views/Clients.vue: {"insertSpaces":true,"tabSize":2}
plastimar-app/client/src/views/Orders.vue: Applying configuration map...
plastimar-app/client/src/views/Orders.vue: {"insertSpaces":true,"tabSize":2}
plastimar-app/client/src/views/Clients.vue: Applying configuration map...
plastimar-app/client/src/views/Clients.vue: {"insertSpaces":true,"tabSize":2}
plastimar-app/client/src/views/Orders.vue: Applying configuration map...
plastimar-app/client/src/views/Orders.vue: {"insertSpaces":true,"tabSize":2}
plastimar-app/client/src/views/Clients.vue: Applying configuration map...
plastimar-app/client/src/views/Clients.vue: {"insertSpaces":true,"tabSize":2}
client/src/views/Clients.vue: editor.action.trimTrailingWhitespace
client/src/views/Clients.vue: editor.action.trimTrailingWhitespace
plastimar-app/client/src/views/Orders.vue: Applying configuration map...
plastimar-app/client/src/views/Orders.vue: {"insertSpaces":true,"tabSize":2}
plastimar-app/client/src/store/orders.js: Applying configuration map...
plastimar-app/client/src/store/orders.js: {"insertSpaces":true,"tabSize":2}
plastimar-app/client/src/store/clients.js: Using EditorConfig core...
plastimar-app/client/src/store/clients.js: {"insertSpaces":true,"tabSize":2}
plastimar-app/client/src/store/orders.js: Applying configuration map...
plastimar-app/client/src/store/orders.js: {"insertSpaces":true,"tabSize":2}
plastimar-app/client/src/store/clients.js: Applying configuration map...
plastimar-app/client/src/store/clients.js: {"insertSpaces":true,"tabSize":2}
plastimar-app/client/src/store/orders.js: Applying configuration map...
plastimar-app/client/src/store/orders.js: {"insertSpaces":true,"tabSize":2}
plastimar-app/client/src/store/clients.js: Applying configuration map...
plastimar-app/client/src/store/clients.js: {"insertSpaces":true,"tabSize":2}
plastimar-app/client/src/views/Orders.vue: Applying configuration map...
plastimar-app/client/src/views/Orders.vue: {"insertSpaces":true,"tabSize":2}
plastimar-app/client/src/views/Clients.vue: Applying configuration map...
plastimar-app/client/src/views/Clients.vue: {"insertSpaces":true,"tabSize":2}
plastimar-app/client/src/views/Orders.vue: Applying configuration map...
plastimar-app/client/src/views/Orders.vue: {"insertSpaces":true,"tabSize":2}
plastimar-app/client/src/views/Clients.vue: Applying configuration map...
plastimar-app/client/src/views/Clients.vue: {"insertSpaces":true,"tabSize":2}
plastimar-app/client/src/store/index.js: Applying configuration map...
plastimar-app/client/src/store/index.js: {"insertSpaces":true,"tabSize":2}
plastimar-app/client/src/views/Clients.vue: Applying configuration map...
plastimar-app/client/src/views/Clients.vue: {"insertSpaces":true,"tabSize":2}
client/src/store/index.js: trimTrailingWhitespace()
client/src/views/Clients.vue: editor.action.trimTrailingWhitespace
client/src/store/clients.js: trimTrailingWhitespace()
plastimar-app/client/src/store/clients.js: Applying configuration map...
plastimar-app/client/src/store/clients.js: {"insertSpaces":true,"tabSize":2}
client/src/store/clients.js: editor.action.trimTrailingWhitespace
plastimar-app/client/src/views/Clients.vue: Applying configuration map...
plastimar-app/client/src/views/Clients.vue: {"insertSpaces":true,"tabSize":2}
client/src/views/Clients.vue: editor.action.trimTrailingWhitespace
client/src/views/Clients.vue: editor.action.trimTrailingWhitespace
client/src/views/Clients.vue: editor.action.trimTrailingWhitespace
client/src/views/Clients.vue: editor.action.trimTrailingWhitespace
client/src/views/Clients.vue: editor.action.trimTrailingWhitespace
plastimar-app/client/src/views/Team.vue: Using EditorConfig core...
plastimar-app/client/src/views/Team.vue: {"insertSpaces":true,"tabSize":2}
plastimar-app/client/src/store/index.js: Applying configuration map...
plastimar-app/client/src/store/index.js: {"insertSpaces":true,"tabSize":2}
plastimar-app/client/src/views/Clients.vue: Applying configuration map...
plastimar-app/client/src/views/Clients.vue: {"insertSpaces":true,"tabSize":2}
client/src/views/Clients.vue: editor.action.trimTrailingWhitespace
plastimar-app/client/src/components/clientPop.vue: Applying configuration map...
plastimar-app/client/src/components/clientPop.vue: {"insertSpaces":true,"tabSize":2}
client/src/components/clientPop.vue: editor.action.trimTrailingWhitespace
Untitled-1.txt: Using EditorConfig core...
Untitled-1: {}
plastimar-app/client/src/components/clientPop.vue: Applying configuration map...
plastimar-app/client/src/components/clientPop.vue: {"insertSpaces":true,"tabSize":2}
client/src/components/clientPop.vue: editor.action.trimTrailingWhitespace
/home/blackblex/Documentos/node-apps/back/src/views/Register.vue: Using EditorConfig core...
/home/blackblex/Documentos/node-apps/back/src/views/Register.vue: {"insertSpaces":true,"tabSize":2}
plastimar-app/client/src/components/clientPop.vue: Applying configuration map...
plastimar-app/client/src/components/clientPop.vue: {"insertSpaces":true,"tabSize":2}
/home/blackblex/Documentos/node-apps/back/src/views/Register.vue: Applying configuration map...
/home/blackblex/Documentos/node-apps/back/src/views/Register.vue: {"insertSpaces":true,"tabSize":2}
plastimar-app/client/src/components/clientPop.vue: Applying configuration map...
plastimar-app/client/src/components/clientPop.vue: {"insertSpaces":true,"tabSize":2}
client/src/components/clientPop.vue: editor.action.trimTrailingWhitespace
client/src/components/clientPop.vue: editor.action.trimTrailingWhitespace
client/src/components/clientPop.vue: editor.action.trimTrailingWhitespace
client/src/components/clientPop.vue: editor.action.trimTrailingWhitespace
client/src/components/clientPop.vue: editor.action.trimTrailingWhitespace
client/src/components/clientPop.vue: editor.action.trimTrailingWhitespace
client/src/components/clientPop.vue: editor.action.trimTrailingWhitespace
client/src/components/clientPop.vue: editor.action.trimTrailingWhitespace
client/src/components/clientPop.vue: editor.action.trimTrailingWhitespace
client/src/components/clientPop.vue: editor.action.trimTrailingWhitespace
client/src/components/clientPop.vue: editor.action.trimTrailingWhitespace
client/src/components/clientPop.vue: editor.action.trimTrailingWhitespace
client/src/components/clientPop.vue: editor.action.trimTrailingWhitespace
client/src/components/clientPop.vue: editor.action.trimTrailingWhitespace
client/src/components/clientPop.vue: editor.action.trimTrailingWhitespace
client/src/components/clientPop.vue: editor.action.trimTrailingWhitespace
client/src/components/clientPop.vue: editor.action.trimTrailingWhitespace
client/src/components/clientPop.vue: editor.action.trimTrailingWhitespace
plastimar-app/client/src/components/orderPop.vue: Applying configuration map...
plastimar-app/client/src/components/orderPop.vue: {"insertSpaces":true,"tabSize":2}
client/src/components/clientPop.vue: trimTrailingWhitespace()
client/src/components/orderPop.vue: editor.action.trimTrailingWhitespace
plastimar-app/client/src/components/clientPop.vue: Applying configuration map...
plastimar-app/client/src/components/clientPop.vue: {"insertSpaces":true,"tabSize":2}
plastimar-app/client/src/components/orderPop.vue: Applying configuration map...
plastimar-app/client/src/components/orderPop.vue: {"insertSpaces":true,"tabSize":2}
client/src/components/clientPop.vue: trimTrailingWhitespace()
client/src/components/orderPop.vue: editor.action.trimTrailingWhitespace
plastimar-app/client/src/components/clientPop.vue: Applying configuration map...
plastimar-app/client/src/components/clientPop.vue: {"insertSpaces":true,"tabSize":2}
plastimar-app/client/src/store/clients.js: Applying configuration map...
plastimar-app/client/src/store/clients.js: {"insertSpaces":true,"tabSize":2}
plastimar-app/client/src/views/Clients.vue: Applying configuration map...
plastimar-app/client/src/views/Clients.vue: {"insertSpaces":true,"tabSize":2}
plastimar-app/client/src/components/clientPop.vue: Applying configuration map...
plastimar-app/client/src/components/clientPop.vue: {"insertSpaces":true,"tabSize":2}
plastimar-app/client/src/store/clients.js: Applying configuration map...
plastimar-app/client/src/store/clients.js: {"insertSpaces":true,"tabSize":2}
plastimar-app/client/src/components/clientPop.vue: Applying configuration map...
plastimar-app/client/src/components/clientPop.vue: {"insertSpaces":true,"tabSize":2}
client/src/components/clientPop.vue: editor.action.trimTrailingWhitespace
Untitled-1.txt: Applying configuration map...
Untitled-1: {}
plastimar-app/client/src/store/index.js: Applying configuration map...
plastimar-app/client/src/store/index.js: {"insertSpaces":true,"tabSize":2}
/home/blackblex/Documentos/node-apps/back/src/store.js: Applying configuration map...
/home/blackblex/Documentos/node-apps/back/src/store.js: {"insertSpaces":true,"tabSize":2}
plastimar-app/client/src/store/clients.js: Applying configuration map...
plastimar-app/client/src/store/clients.js: {"insertSpaces":true,"tabSize":2}
client/src/store/clients.js: editor.action.trimTrailingWhitespace
client/src/store/clients.js: editor.action.trimTrailingWhitespace
plastimar-app/client/src/components/clientPop.vue: Applying configuration map...
plastimar-app/client/src/components/clientPop.vue: {"insertSpaces":true,"tabSize":2}
client/src/components/clientPop.vue: editor.action.trimTrailingWhitespace
Untitled-1.txt: Applying configuration map...
Untitled-1: {}
plastimar-app/client/src/components/clientPop.vue: Applying configuration map...
plastimar-app/client/src/components/clientPop.vue: {"insertSpaces":true,"tabSize":2}
client/src/components/clientPop.vue: editor.action.trimTrailingWhitespace
plastimar-app/client/src/router.js: Applying configuration map...
plastimar-app/client/src/router.js: {"insertSpaces":true,"tabSize":2}
client/src/router.js: editor.action.trimTrailingWhitespace
plastimar-app/client/src/views/Client.vue: Using EditorConfig core...
plastimar-app/client/src/views/Client.vue: {"insertSpaces":true,"tabSize":2}
client/src/views/Client.vue: editor.action.trimTrailingWhitespace
client/src/views/Client.vue: insertFinalNewline(LF)
/home/blackblex/Documentos/node-apps/back/src/views/Register.vue: Applying configuration map...
/home/blackblex/Documentos/node-apps/back/src/views/Register.vue: {"insertSpaces":true,"tabSize":2}
plastimar-app/client/src/router.js: Applying configuration map...
plastimar-app/client/src/router.js: {"insertSpaces":true,"tabSize":2}
client/src/router.js: editor.action.trimTrailingWhitespace
/home/blackblex/Documentos/node-apps/back/src/views/Register.vue: Applying configuration map...
/home/blackblex/Documentos/node-apps/back/src/views/Register.vue: {"insertSpaces":true,"tabSize":2}
plastimar-app/client/src/views/Clients.vue: Applying configuration map...
plastimar-app/client/src/views/Clients.vue: {"insertSpaces":true,"tabSize":2}
plastimar-app/client/src/views/Client.vue: Applying configuration map...
plastimar-app/client/src/views/Client.vue: {"insertSpaces":true,"tabSize":2}
client/src/views/Client.vue: editor.action.trimTrailingWhitespace
plastimar-app/client/src/components/clientPop.vue: Applying configuration map...
plastimar-app/client/src/components/clientPop.vue: {"insertSpaces":true,"tabSize":2}
plastimar-app/client/src/views/Clients.vue: Applying configuration map...
plastimar-app/client/src/views/Clients.vue: {"insertSpaces":true,"tabSize":2}
client/src/views/Clients.vue: editor.action.trimTrailingWhitespace
client/src/views/Clients.vue: editor.action.trimTrailingWhitespace
plastimar-app/client/src/router.js: Applying configuration map...
plastimar-app/client/src/router.js: {"insertSpaces":true,"tabSize":2}
plastimar-app/client/src/views/Clients.vue: Applying configuration map...
plastimar-app/client/src/views/Clients.vue: {"insertSpaces":true,"tabSize":2}
client/src/views/Clients.vue: editor.action.trimTrailingWhitespace
client/src/router.js: trimTrailingWhitespace()
client/src/views/Clients.vue: editor.action.trimTrailingWhitespace
plastimar-app/client/src/views/Client.vue: Applying configuration map...
plastimar-app/client/src/views/Client.vue: {"insertSpaces":true,"tabSize":2}
client/src/views/Client.vue: editor.action.trimTrailingWhitespace
client/src/views/Client.vue: editor.action.trimTrailingWhitespace
plastimar-app/client/src/router.js: Applying configuration map...
plastimar-app/client/src/router.js: {"insertSpaces":true,"tabSize":2}
plastimar-app/client/src/components/Navbar.vue: Applying configuration map...
plastimar-app/client/src/components/Navbar.vue: {"insertSpaces":true,"tabSize":2}
plastimar-app/client/src/router.js: Applying configuration map...
plastimar-app/client/src/router.js: {"insertSpaces":true,"tabSize":2}
plastimar-app/client/src/views/Clients.vue: Applying configuration map...
plastimar-app/client/src/views/Clients.vue: {"insertSpaces":true,"tabSize":2}
client/src/views/Clients.vue: editor.action.trimTrailingWhitespace
client/src/views/Clients.vue: editor.action.trimTrailingWhitespace
client/src/views/Clients.vue: editor.action.trimTrailingWhitespace
client/src/views/Clients.vue: editor.action.trimTrailingWhitespace
client/src/views/Clients.vue: editor.action.trimTrailingWhitespace
client/src/views/Clients.vue: editor.action.trimTrailingWhitespace
client/src/views/Clients.vue: editor.action.trimTrailingWhitespace
client/src/views/Clients.vue: editor.action.trimTrailingWhitespace
/home/blackblex/Documentos/node-apps/back/src/store.js: Applying configuration map...
/home/blackblex/Documentos/node-apps/back/src/store.js: {"insertSpaces":true,"tabSize":2}
plastimar-app/client/src/store/clients.js: Applying configuration map...
plastimar-app/client/src/store/clients.js: {"insertSpaces":true,"tabSize":2}
plastimar-app/client/src/components/clientPop.vue: Applying configuration map...
plastimar-app/client/src/components/clientPop.vue: {"insertSpaces":true,"tabSize":2}
plastimar-app/client/src/router.js: Applying configuration map...
plastimar-app/client/src/router.js: {"insertSpaces":true,"tabSize":2}
plastimar-app/client/src/components/clientPop.vue: Applying configuration map...
plastimar-app/client/src/components/clientPop.vue: {"insertSpaces":true,"tabSize":2}
plastimar-app/client/src/views/Clients.vue: Applying configuration map...
plastimar-app/client/src/views/Clients.vue: {"insertSpaces":true,"tabSize":2}
client/src/views/Clients.vue: editor.action.trimTrailingWhitespace
client/src/views/Clients.vue: editor.action.trimTrailingWhitespace
client/src/views/Clients.vue: editor.action.trimTrailingWhitespace
client/src/views/Clients.vue: editor.action.trimTrailingWhitespace
client/src/views/Clients.vue: editor.action.trimTrailingWhitespace
client/src/views/Clients.vue: editor.action.trimTrailingWhitespace
client/src/views/Clients.vue: editor.action.trimTrailingWhitespace
client/src/views/Clients.vue: editor.action.trimTrailingWhitespace
plastimar-app/client/src/views/Dashboard.vue: Using EditorConfig core...
plastimar-app/client/src/views/Dashboard.vue: {"insertSpaces":true,"tabSize":2}
plastimar-app/client/src/views/Clients.vue: Applying configuration map...
plastimar-app/client/src/views/Clients.vue: {"insertSpaces":true,"tabSize":2}
plastimar-app/client/src/views/Orders.vue: Applying configuration map...
plastimar-app/client/src/views/Orders.vue: {"insertSpaces":true,"tabSize":2}
plastimar-app/client/src/views/Clients.vue: Applying configuration map...
plastimar-app/client/src/views/Clients.vue: {"insertSpaces":true,"tabSize":2}
client/src/views/Clients.vue: editor.action.trimTrailingWhitespace
client/src/views/Clients.vue: editor.action.trimTrailingWhitespace
client/src/views/Clients.vue: editor.action.trimTrailingWhitespace
client/src/views/Clients.vue: editor.action.trimTrailingWhitespace
client/src/views/Clients.vue: editor.action.trimTrailingWhitespace
plastimar-app/client/src/components/goBack.vue: Using EditorConfig core...
plastimar-app/client/src/components/goBack.vue: {"insertSpaces":true,"tabSize":2}
plastimar-app/client/src/views/Client.vue: Applying configuration map...
plastimar-app/client/src/views/Client.vue: {"insertSpaces":true,"tabSize":2}
plastimar-app/client/src/components/clientPop.vue: Applying configuration map...
plastimar-app/client/src/components/clientPop.vue: {"insertSpaces":true,"tabSize":2}
plastimar-app/client/src/views/Clients.vue: Applying configuration map...
plastimar-app/client/src/views/Clients.vue: {"insertSpaces":true,"tabSize":2}
plastimar-app/client/src/views/Client.vue: Applying configuration map...
plastimar-app/client/src/views/Client.vue: {"insertSpaces":true,"tabSize":2}
plastimar-app/client/src/components/goBack.vue: Applying configuration map...
plastimar-app/client/src/components/goBack.vue: {"insertSpaces":true,"tabSize":2}
plastimar-app/client/src/views/Clients.vue: Applying configuration map...
plastimar-app/client/src/views/Clients.vue: {"insertSpaces":true,"tabSize":2}
plastimar-app/client/src/views/Client.vue: Applying configuration map...
plastimar-app/client/src/views/Client.vue: {"insertSpaces":true,"tabSize":2}
client/src/views/Client.vue: editor.action.trimTrailingWhitespace
client/src/components/goBack.vue: trimTrailingWhitespace()
client/src/views/Client.vue: editor.action.trimTrailingWhitespace
client/src/views/Client.vue: editor.action.trimTrailingWhitespace
client/src/views/Client.vue: editor.action.trimTrailingWhitespace
client/src/views/Client.vue: editor.action.trimTrailingWhitespace
client/src/views/Client.vue: editor.action.trimTrailingWhitespace
client/src/views/Client.vue: editor.action.trimTrailingWhitespace
client/src/views/Client.vue: editor.action.trimTrailingWhitespace
plastimar-app/client/src/components/goBack.vue: Applying configuration map...
plastimar-app/client/src/components/goBack.vue: {"insertSpaces":true,"tabSize":2}
client/src/components/goBack.vue: editor.action.trimTrailingWhitespace
client/src/components/goBack.vue: editor.action.trimTrailingWhitespace
plastimar-app/client/src/plugins/vuetify.js: Using EditorConfig core...
plastimar-app/client/src/plugins/vuetify.js: {"insertSpaces":true,"tabSize":2}
plastimar-app/client/src/components/goBack.vue: Applying configuration map...
plastimar-app/client/src/components/goBack.vue: {"insertSpaces":true,"tabSize":2}
client/src/components/goBack.vue: editor.action.trimTrailingWhitespace
client/src/components/goBack.vue: editor.action.trimTrailingWhitespace
plastimar-app/client/src/components/clientPop.vue: Applying configuration map...
plastimar-app/client/src/components/clientPop.vue: {"insertSpaces":true,"tabSize":2}
plastimar-app/client/src/views/Client.vue: Applying configuration map...
plastimar-app/client/src/views/Client.vue: {"insertSpaces":true,"tabSize":2}
client/src/views/Client.vue: editor.action.trimTrailingWhitespace
plastimar-app/client/src/components/clientPop.vue: Applying configuration map...
plastimar-app/client/src/components/clientPop.vue: {"insertSpaces":true,"tabSize":2}
plastimar-app/client/src/views/Clients.vue: Applying configuration map...
plastimar-app/client/src/views/Clients.vue: {"insertSpaces":true,"tabSize":2}
plastimar-app/client/src/views/Client.vue: Applying configuration map...
plastimar-app/client/src/views/Client.vue: {"insertSpaces":true,"tabSize":2}
plastimar-app/client/src/components/goBack.vue: Applying configuration map...
plastimar-app/client/src/components/goBack.vue: {"insertSpaces":true,"tabSize":2}
client/src/components/goBack.vue: editor.action.trimTrailingWhitespace
client/src/components/goBack.vue: editor.action.trimTrailingWhitespace
client/src/components/goBack.vue: editor.action.trimTrailingWhitespace
client/src/components/goBack.vue: editor.action.trimTrailingWhitespace
client/src/components/goBack.vue: editor.action.trimTrailingWhitespace
plastimar-app/client/src/views/Client.vue: Applying configuration map...
plastimar-app/client/src/views/Client.vue: {"insertSpaces":true,"tabSize":2}
client/src/views/Client.vue: editor.action.trimTrailingWhitespace
plastimar-app/client/src/router.js: Applying configuration map...
plastimar-app/client/src/router.js: {"insertSpaces":true,"tabSize":2}
plastimar-app/client/src/components/clientPop.vue: Applying configuration map...
plastimar-app/client/src/components/clientPop.vue: {"insertSpaces":true,"tabSize":2}
plastimar-app/client/src/views/Clients.vue: Applying configuration map...
plastimar-app/client/src/views/Clients.vue: {"insertSpaces":true,"tabSize":2}
plastimar-app/client/src/components/clientPop.vue: Applying configuration map...
plastimar-app/client/src/components/clientPop.vue: {"insertSpaces":true,"tabSize":2}
plastimar-app/client/src/router.js: Applying configuration map...
plastimar-app/client/src/router.js: {"insertSpaces":true,"tabSize":2}
plastimar-app/client/src/views/Client.vue: Applying configuration map...
plastimar-app/client/src/views/Client.vue: {"insertSpaces":true,"tabSize":2}
client/src/views/Client.vue: editor.action.trimTrailingWhitespace
client/src/views/Client.vue: editor.action.trimTrailingWhitespace
client/src/views/Client.vue: editor.action.trimTrailingWhitespace
client/src/views/Client.vue: editor.action.trimTrailingWhitespace
client/src/views/Client.vue: editor.action.trimTrailingWhitespace
client/src/views/Client.vue: editor.action.trimTrailingWhitespace
plastimar-app/client/src/views/Clients.vue: Applying configuration map...
plastimar-app/client/src/views/Clients.vue: {"insertSpaces":true,"tabSize":2}
plastimar-app/client/src/views/Client.vue: Applying configuration map...
plastimar-app/client/src/views/Client.vue: {"insertSpaces":true,"tabSize":2}
/home/blackblex/Documentos/node-apps/back/src/store.js: Applying configuration map...
/home/blackblex/Documentos/node-apps/back/src/store.js: {"insertSpaces":true,"tabSize":2}
plastimar-app/client/src/store/clients.js: Applying configuration map...
plastimar-app/client/src/store/clients.js: {"insertSpaces":true,"tabSize":2}
plastimar-app/client/src/router.js: Applying configuration map...
plastimar-app/client/src/router.js: {"insertSpaces":true,"tabSize":2}
plastimar-app/client/src/views/Client.vue: Applying configuration map...
plastimar-app/client/src/views/Client.vue: {"insertSpaces":true,"tabSize":2}
client/src/views/Client.vue: editor.action.trimTrailingWhitespace
client/src/views/Client.vue: editor.action.trimTrailingWhitespace
client/src/views/Client.vue: editor.action.trimTrailingWhitespace
plastimar-app/client/src/views/Clients.vue: Applying configuration map...
plastimar-app/client/src/views/Clients.vue: {"insertSpaces":true,"tabSize":2}
plastimar-app/client/src/views/Client.vue: Applying configuration map...
plastimar-app/client/src/views/Client.vue: {"insertSpaces":true,"tabSize":2}
client/src/views/Client.vue: editor.action.trimTrailingWhitespace
plastimar-app/client/src/components/clientPop.vue: Applying configuration map...
plastimar-app/client/src/components/clientPop.vue: {"insertSpaces":true,"tabSize":2}
plastimar-app/client/src/views/Client.vue: Applying configuration map...
plastimar-app/client/src/views/Client.vue: {"insertSpaces":true,"tabSize":2}
plastimar-app/client/src/components/clientPop.vue: Applying configuration map...
plastimar-app/client/src/components/clientPop.vue: {"insertSpaces":true,"tabSize":2}
plastimar-app/client/src/views/Clients.vue: Applying configuration map...
plastimar-app/client/src/views/Clients.vue: {"insertSpaces":true,"tabSize":2}
plastimar-app/client/src/views/Client.vue: Applying configuration map...
plastimar-app/client/src/views/Client.vue: {"insertSpaces":true,"tabSize":2}
client/src/views/Client.vue: editor.action.trimTrailingWhitespace
plastimar-app/client/src/views/Clients.vue: Applying configuration map...
plastimar-app/client/src/views/Clients.vue: {"insertSpaces":true,"tabSize":2}
plastimar-app/client/src/components/clientPop.vue: Applying configuration map...
plastimar-app/client/src/components/clientPop.vue: {"insertSpaces":true,"tabSize":2}
client/src/components/clientPop.vue: editor.action.trimTrailingWhitespace
client/src/components/clientPop.vue: editor.action.trimTrailingWhitespace
client/src/components/clientPop.vue: editor.action.trimTrailingWhitespace
client/src/components/clientPop.vue: editor.action.trimTrailingWhitespace
plastimar-app/client/src/store/clients.js: Applying configuration map...
plastimar-app/client/src/store/clients.js: {"insertSpaces":true,"tabSize":2}
plastimar-app/client/src/views/Clients.vue: Applying configuration map...
plastimar-app/client/src/views/Clients.vue: {"insertSpaces":true,"tabSize":2}
plastimar-app/client/src/components/clientPop.vue: Applying configuration map...
plastimar-app/client/src/components/clientPop.vue: {"insertSpaces":true,"tabSize":2}
client/src/components/clientPop.vue: editor.action.trimTrailingWhitespace
plastimar-app/client/src/views/Client.vue: Applying configuration map...
plastimar-app/client/src/views/Client.vue: {"insertSpaces":true,"tabSize":2}
client/src/views/Client.vue: editor.action.trimTrailingWhitespace
client/src/views/Client.vue: editor.action.trimTrailingWhitespace
client/src/views/Client.vue: editor.action.trimTrailingWhitespace
client/src/views/Client.vue: editor.action.trimTrailingWhitespace
client/src/views/Client.vue: editor.action.trimTrailingWhitespace
plastimar-app/client/src/views/Clients.vue: Applying configuration map...
plastimar-app/client/src/views/Clients.vue: {"insertSpaces":true,"tabSize":2}
plastimar-app/client/src/components/clientPop.vue: Applying configuration map...
plastimar-app/client/src/components/clientPop.vue: {"insertSpaces":true,"tabSize":2}
client/src/components/clientPop.vue: editor.action.trimTrailingWhitespace
client/src/components/clientPop.vue: editor.action.trimTrailingWhitespace
client/src/components/clientPop.vue: editor.action.trimTrailingWhitespace
client/src/components/clientPop.vue: editor.action.trimTrailingWhitespace
client/src/components/clientPop.vue: editor.action.trimTrailingWhitespace
client/src/components/clientPop.vue: editor.action.trimTrailingWhitespace
client/src/components/clientPop.vue: editor.action.trimTrailingWhitespace
client/src/components/clientPop.vue: editor.action.trimTrailingWhitespace
client/src/components/clientPop.vue: editor.action.trimTrailingWhitespace
client/src/components/clientPop.vue: editor.action.trimTrailingWhitespace
client/src/components/clientPop.vue: editor.action.trimTrailingWhitespace
client/src/components/clientPop.vue: editor.action.trimTrailingWhitespace
client/src/components/clientPop.vue: editor.action.trimTrailingWhitespace
client/src/components/clientPop.vue: editor.action.trimTrailingWhitespace
client/src/components/clientPop.vue: editor.action.trimTrailingWhitespace
client/src/components/clientPop.vue: editor.action.trimTrailingWhitespace
client/src/components/clientPop.vue: editor.action.trimTrailingWhitespace
client/src/components/clientPop.vue: editor.action.trimTrailingWhitespace
client/src/components/clientPop.vue: editor.action.trimTrailingWhitespace
client/src/components/clientPop.vue: editor.action.trimTrailingWhitespace
client/src/components/clientPop.vue: editor.action.trimTrailingWhitespace
client/src/components/clientPop.vue: editor.action.trimTrailingWhitespace
client/src/components/clientPop.vue: editor.action.trimTrailingWhitespace
client/src/components/clientPop.vue: editor.action.trimTrailingWhitespace
client/src/components/clientPop.vue: editor.action.trimTrailingWhitespace
client/src/components/clientPop.vue: editor.action.trimTrailingWhitespace
client/src/components/clientPop.vue: editor.action.trimTrailingWhitespace
client/src/components/clientPop.vue: editor.action.trimTrailingWhitespace
client/src/components/clientPop.vue: editor.action.trimTrailingWhitespace
client/src/components/clientPop.vue: editor.action.trimTrailingWhitespace
client/src/components/clientPop.vue: editor.action.trimTrailingWhitespace
client/src/components/clientPop.vue: editor.action.trimTrailingWhitespace
client/src/components/clientPop.vue: editor.action.trimTrailingWhitespace
client/src/components/clientPop.vue: editor.action.trimTrailingWhitespace
client/src/components/clientPop.vue: editor.action.trimTrailingWhitespace
client/src/components/clientPop.vue: editor.action.trimTrailingWhitespace
client/src/components/clientPop.vue: editor.action.trimTrailingWhitespace
client/src/components/clientPop.vue: editor.action.trimTrailingWhitespace
client/src/components/clientPop.vue: editor.action.trimTrailingWhitespace
client/src/components/clientPop.vue: editor.action.trimTrailingWhitespace
client/src/components/clientPop.vue: editor.action.trimTrailingWhitespace
client/src/components/clientPop.vue: editor.action.trimTrailingWhitespace
client/src/components/clientPop.vue: editor.action.trimTrailingWhitespace
client/src/components/clientPop.vue: editor.action.trimTrailingWhitespace
client/src/components/clientPop.vue: editor.action.trimTrailingWhitespace
plastimar-app/client/src/store/clients.js: Applying configuration map...
plastimar-app/client/src/store/clients.js: {"insertSpaces":true,"tabSize":2}
/home/blackblex/Documentos/node-apps/back/src/store.js: Applying configuration map...
/home/blackblex/Documentos/node-apps/back/src/store.js: {"insertSpaces":true,"tabSize":2}
plastimar-app/client/src/store/clients.js: Applying configuration map...
plastimar-app/client/src/store/clients.js: {"insertSpaces":true,"tabSize":2}
client/src/store/clients.js: editor.action.trimTrailingWhitespace
plastimar-app/client/src/components/clientPop.vue: Applying configuration map...
plastimar-app/client/src/components/clientPop.vue: {"insertSpaces":true,"tabSize":2}
client/src/components/clientPop.vue: editor.action.trimTrailingWhitespace
client/src/components/clientPop.vue: editor.action.trimTrailingWhitespace
client/src/components/clientPop.vue: editor.action.trimTrailingWhitespace
client/src/components/clientPop.vue: editor.action.trimTrailingWhitespace
client/src/components/clientPop.vue: editor.action.trimTrailingWhitespace
client/src/components/clientPop.vue: editor.action.trimTrailingWhitespace
client/src/components/clientPop.vue: editor.action.trimTrailingWhitespace
client/src/components/clientPop.vue: editor.action.trimTrailingWhitespace
client/src/components/clientPop.vue: editor.action.trimTrailingWhitespace
client/src/components/clientPop.vue: editor.action.trimTrailingWhitespace
client/src/components/clientPop.vue: editor.action.trimTrailingWhitespace
client/src/components/clientPop.vue: editor.action.trimTrailingWhitespace
client/src/components/clientPop.vue: editor.action.trimTrailingWhitespace
client/src/components/clientPop.vue: editor.action.trimTrailingWhitespace
client/src/components/clientPop.vue: editor.action.trimTrailingWhitespace
plastimar-app/client/src/store/clients.js: Applying configuration map...
plastimar-app/client/src/store/clients.js: {"insertSpaces":true,"tabSize":2}
plastimar-app/client/src/views/Clients.vue: Applying configuration map...
plastimar-app/client/src/views/Clients.vue: {"insertSpaces":true,"tabSize":2}
plastimar-app/client/src/components/clientPop.vue: Applying configuration map...
plastimar-app/client/src/components/clientPop.vue: {"insertSpaces":true,"tabSize":2}
plastimar-app/client/src/store/clients.js: Applying configuration map...
plastimar-app/client/src/store/clients.js: {"insertSpaces":true,"tabSize":2}
plastimar-app/client/src/components/clientPop.vue: Applying configuration map...
plastimar-app/client/src/components/clientPop.vue: {"insertSpaces":true,"tabSize":2}
plastimar-app/client/src/store/clients.js: Applying configuration map...
plastimar-app/client/src/store/clients.js: {"insertSpaces":true,"tabSize":2}
plastimar-app/client/src/components/clientPop.vue: Applying configuration map...
plastimar-app/client/src/components/clientPop.vue: {"insertSpaces":true,"tabSize":2}
plastimar-app/client/src/store/clients.js: Applying configuration map...
plastimar-app/client/src/store/clients.js: {"insertSpaces":true,"tabSize":2}
plastimar-app/client/src/components/clientPop.vue: Applying configuration map...
plastimar-app/client/src/components/clientPop.vue: {"insertSpaces":true,"tabSize":2}
plastimar-app/client/src/store/clients.js: Applying configuration map...
plastimar-app/client/src/store/clients.js: {"insertSpaces":true,"tabSize":2}
client/src/components/clientPop.vue: trimTrailingWhitespace()
client/src/store/clients.js: editor.action.trimTrailingWhitespace
client/src/store/clients.js: editor.action.trimTrailingWhitespace
client/src/store/clients.js: editor.action.trimTrailingWhitespace
client/src/store/clients.js: editor.action.trimTrailingWhitespace
plastimar-app/client/src/components/clientPop.vue: Applying configuration map...
plastimar-app/client/src/components/clientPop.vue: {"insertSpaces":true,"tabSize":2}
client/src/components/clientPop.vue: editor.action.trimTrailingWhitespace
plastimar-app/client/src/store/clients.js: Applying configuration map...
plastimar-app/client/src/store/clients.js: {"insertSpaces":true,"tabSize":2}
client/src/store/clients.js: editor.action.trimTrailingWhitespace
client/src/store/clients.js: editor.action.trimTrailingWhitespace
client/src/store/clients.js: editor.action.trimTrailingWhitespace
client/src/store/clients.js: editor.action.trimTrailingWhitespace
client/src/store/clients.js: editor.action.trimTrailingWhitespace
client/src/store/clients.js: editor.action.trimTrailingWhitespace
client/src/store/clients.js: editor.action.trimTrailingWhitespace
client/src/store/clients.js: editor.action.trimTrailingWhitespace
client/src/store/clients.js: editor.action.trimTrailingWhitespace
plastimar-app/client/src/views/Login.vue: Using EditorConfig core...
plastimar-app/client/src/views/Login.vue: {"insertSpaces":true,"tabSize":2}
client/src/views/Login.vue: editor.action.trimTrailingWhitespace
client/src/views/Login.vue: editor.action.trimTrailingWhitespace
plastimar-app/client/src/components/clientPop.vue: Applying configuration map...
plastimar-app/client/src/components/clientPop.vue: {"insertSpaces":true,"tabSize":2}
plastimar-app/client/src/views/Client.vue: Applying configuration map...
plastimar-app/client/src/views/Client.vue: {"insertSpaces":true,"tabSize":2}
plastimar-app/client/src/router.js: Applying configuration map...
plastimar-app/client/src/router.js: {"insertSpaces":true,"tabSize":2}
plastimar-app/client/src/views/Clients.vue: Applying configuration map...
plastimar-app/client/src/views/Clients.vue: {"insertSpaces":true,"tabSize":2}
plastimar-app/client/src/router.js: Applying configuration map...
plastimar-app/client/src/router.js: {"insertSpaces":true,"tabSize":2}
plastimar-app/client/src/components/clientPop.vue: Applying configuration map...
plastimar-app/client/src/components/clientPop.vue: {"insertSpaces":true,"tabSize":2}
plastimar-app/client/src/router.js: Applying configuration map...
plastimar-app/client/src/router.js: {"insertSpaces":true,"tabSize":2}
plastimar-app/client/src/views/Login.vue: Applying configuration map...
plastimar-app/client/src/views/Login.vue: {"insertSpaces":true,"tabSize":2}
plastimar-app/client/src/router.js: Applying configuration map...
plastimar-app/client/src/router.js: {"insertSpaces":true,"tabSize":2}
/home/blackblex/Documentos/node-apps/back/src/store.js: Applying configuration map...
/home/blackblex/Documentos/node-apps/back/src/store.js: {"insertSpaces":true,"tabSize":2}
plastimar-app/client/src/views/Client.vue: Applying configuration map...
plastimar-app/client/src/views/Client.vue: {"insertSpaces":true,"tabSize":2}
/home/blackblex/Documentos/node-apps/back/src/store.js: Applying configuration map...
/home/blackblex/Documentos/node-apps/back/src/store.js: {"insertSpaces":true,"tabSize":2}
plastimar-app/client/src/views/Orders.vue: Applying configuration map...
plastimar-app/client/src/views/Orders.vue: {"insertSpaces":true,"tabSize":2}
plastimar-app/client/src/components/orderPop.vue: Applying configuration map...
plastimar-app/client/src/components/orderPop.vue: {"insertSpaces":true,"tabSize":2}
client/src/components/orderPop.vue: editor.action.trimTrailingWhitespace
client/src/components/orderPop.vue: editor.action.trimTrailingWhitespace
plastimar-app/client/src/store/clients.js: Applying configuration map...
plastimar-app/client/src/store/clients.js: {"insertSpaces":true,"tabSize":2}
/home/blackblex/Documentos/node-apps/back/src/store.js: Applying configuration map...
/home/blackblex/Documentos/node-apps/back/src/store.js: {"insertSpaces":true,"tabSize":2}
plastimar-app/client/src/components/orderPop.vue: Applying configuration map...
plastimar-app/client/src/components/orderPop.vue: {"insertSpaces":true,"tabSize":2}
plastimar-app/client/src/views/Clients.vue: Applying configuration map...
plastimar-app/client/src/views/Clients.vue: {"insertSpaces":true,"tabSize":2}
plastimar-app/client/src/components/orderPop.vue: Applying configuration map...
plastimar-app/client/src/components/orderPop.vue: {"insertSpaces":true,"tabSize":2}
plastimar-app/client/src/views/Clients.vue: Applying configuration map...
plastimar-app/client/src/views/Clients.vue: {"insertSpaces":true,"tabSize":2}
plastimar-app/client/src/components/orderPop.vue: Applying configuration map...
plastimar-app/client/src/components/orderPop.vue: {"insertSpaces":true,"tabSize":2}
plastimar-app/client/src/views/Clients.vue: Applying configuration map...
plastimar-app/client/src/views/Clients.vue: {"insertSpaces":true,"tabSize":2}
plastimar-app/client/src/components/orderPop.vue: Applying configuration map...
plastimar-app/client/src/components/orderPop.vue: {"insertSpaces":true,"tabSize":2}
plastimar-app/client/src/views/Clients.vue: Applying configuration map...
plastimar-app/client/src/views/Clients.vue: {"insertSpaces":true,"tabSize":2}
plastimar-app/client/src/components/orderPop.vue: Applying configuration map...
plastimar-app/client/src/components/orderPop.vue: {"insertSpaces":true,"tabSize":2}
plastimar-app/client/src/views/Clients.vue: Applying configuration map...
plastimar-app/client/src/views/Clients.vue: {"insertSpaces":true,"tabSize":2}
plastimar-app/client/src/components/orderPop.vue: Applying configuration map...
plastimar-app/client/src/components/orderPop.vue: {"insertSpaces":true,"tabSize":2}
client/src/components/orderPop.vue: editor.action.trimTrailingWhitespace
client/src/components/orderPop.vue: editor.action.trimTrailingWhitespace
/home/blackblex/Documentos/node-apps/back/src/store.js: Applying configuration map...
/home/blackblex/Documentos/node-apps/back/src/store.js: {"insertSpaces":true,"tabSize":2}
plastimar-app/client/src/components/orderPop.vue: Applying configuration map...
plastimar-app/client/src/components/orderPop.vue: {"insertSpaces":true,"tabSize":2}
client/src/components/orderPop.vue: editor.action.trimTrailingWhitespace
client/src/components/orderPop.vue: editor.action.trimTrailingWhitespace
client/src/components/orderPop.vue: editor.action.trimTrailingWhitespace
client/src/components/orderPop.vue: editor.action.trimTrailingWhitespace
plastimar-app/client/src/store/clients.js: Applying configuration map...
plastimar-app/client/src/store/clients.js: {"insertSpaces":true,"tabSize":2}
/home/blackblex/Documentos/node-apps/back/src/store.js: Applying configuration map...
/home/blackblex/Documentos/node-apps/back/src/store.js: {"insertSpaces":true,"tabSize":2}
plastimar-app/client/src/store/clients.js: Applying configuration map...
plastimar-app/client/src/store/clients.js: {"insertSpaces":true,"tabSize":2}
/home/blackblex/Documentos/node-apps/back/src/store.js: Applying configuration map...
/home/blackblex/Documentos/node-apps/back/src/store.js: {"insertSpaces":true,"tabSize":2}
plastimar-app/client/src/views/Clients.vue: Applying configuration map...
plastimar-app/client/src/views/Clients.vue: {"insertSpaces":true,"tabSize":2}
plastimar-app/client/src/components/orderPop.vue: Applying configuration map...
plastimar-app/client/src/components/orderPop.vue: {"insertSpaces":true,"tabSize":2}
plastimar-app/client/src/views/Clients.vue: Applying configuration map...
plastimar-app/client/src/views/Clients.vue: {"insertSpaces":true,"tabSize":2}
plastimar-app/client/src/components/orderPop.vue: Applying configuration map...
plastimar-app/client/src/components/orderPop.vue: {"insertSpaces":true,"tabSize":2}
client/src/components/orderPop.vue: editor.action.trimTrailingWhitespace
client/src/components/orderPop.vue: editor.action.trimTrailingWhitespace
client/src/components/orderPop.vue: editor.action.trimTrailingWhitespace
client/src/components/orderPop.vue: editor.action.trimTrailingWhitespace
plastimar-app/client/src/views/Clients.vue: Applying configuration map...
plastimar-app/client/src/views/Clients.vue: {"insertSpaces":true,"tabSize":2}
plastimar-app/client/src/components/orderPop.vue: Applying configuration map...
plastimar-app/client/src/components/orderPop.vue: {"insertSpaces":true,"tabSize":2}
client/src/components/orderPop.vue: editor.action.trimTrailingWhitespace
client/src/components/orderPop.vue: editor.action.trimTrailingWhitespace
