Initializing document watcher...
Rebuilding config map...
/opt/visual-studio-code/resources/app/out/vs/workbench/parts/welcome/page/electron-browser/vs_code_welcome_page: Using EditorConfig core...
Detected change in configuration: {}
No more open editors.
plastimar-app/client/public/index.html: Using EditorConfig core...
plastimar-app/client/public/index.html: {}
plastimar-app/client/src/views/About.vue: Using EditorConfig core...
plastimar-app/client/src/views/Home.vue: Using EditorConfig core...
plastimar-app/client/src/views/Home.vue: {"insertSpaces":true,"tabSize":2}
plastimar-app/client/src/views/Home.vue: {"insertSpaces":true,"tabSize":2}
plastimar-app/client/src/components/HelloWorld.vue: Using EditorConfig core...
plastimar-app/client/src/components/HelloWorld.vue: {"insertSpaces":true,"tabSize":2}
client/src/components/HelloWorld.vue: editor.action.trimTrailingWhitespace
client/src/components/HelloWorld.vue: editor.action.trimTrailingWhitespace
client/src/components/HelloWorld.vue: editor.action.trimTrailingWhitespace
client/src/components/HelloWorld.vue: editor.action.trimTrailingWhitespace
plastimar-app/client/src/plugins/vuetify.js: Using EditorConfig core...
plastimar-app/client/src/plugins/vuetify.js: {"insertSpaces":true,"tabSize":2}
client/src/plugins/vuetify.js: editor.action.trimTrailingWhitespace
plastimar-app/client/src/components/HelloWorld.vue: Applying configuration map...
plastimar-app/client/src/components/HelloWorld.vue: {"insertSpaces":true,"tabSize":2}
client/src/components/HelloWorld.vue: editor.action.trimTrailingWhitespace
client/src/components/HelloWorld.vue: editor.action.trimTrailingWhitespace
plastimar-app/client/public/index.html: Applying configuration map...
plastimar-app/client/public/index.html: {}
plastimar-app/client/src/components/HelloWorld.vue: Applying configuration map...
plastimar-app/client/src/components/HelloWorld.vue: {"insertSpaces":true,"tabSize":2}
plastimar-app/client/src/views/About.vue: Applying configuration map...
plastimar-app/client/src/views/About.vue: {"insertSpaces":true,"tabSize":2}
plastimar-app/client/src/views/Home.vue: Applying configuration map...
plastimar-app/client/src/views/Home.vue: {"insertSpaces":true,"tabSize":2}
plastimar-app/client/src/App.vue: Using EditorConfig core...
plastimar-app/client/src/App.vue: {"insertSpaces":true,"tabSize":2}
plastimar-app/client/src/views/Home.vue: Applying configuration map...
plastimar-app/client/src/views/Home.vue: {"insertSpaces":true,"tabSize":2}
plastimar-app/client/src/App.vue: Applying configuration map...
plastimar-app/client/src/App.vue: {"insertSpaces":true,"tabSize":2}
plastimar-app/client/src/components/HelloWorld.vue: Applying configuration map...
plastimar-app/client/src/components/HelloWorld.vue: {"insertSpaces":true,"tabSize":2}
plastimar-app/client/src/views/Home.vue: Applying configuration map...
plastimar-app/client/src/views/Home.vue: {"insertSpaces":true,"tabSize":2}
plastimar-app/client/src/components/HelloWorld.vue: Applying configuration map...
plastimar-app/client/src/components/HelloWorld.vue: {"insertSpaces":true,"tabSize":2}
plastimar-app/client/src/App.vue: Applying configuration map...
plastimar-app/client/src/App.vue: {"insertSpaces":true,"tabSize":2}
plastimar-app/client/src/components/Navbar.vue: Using EditorConfig core...
plastimar-app/client/src/components/Navbar.vue: {"insertSpaces":true,"tabSize":2}
plastimar-app/client/src/views/Home.vue: Applying configuration map...
plastimar-app/client/src/views/Home.vue: {"insertSpaces":true,"tabSize":2}
client/src/App.vue: trimTrailingWhitespace()
client/src/views/Home.vue: editor.action.trimTrailingWhitespace
plastimar-app/client/src/components/Navbar.vue: Applying configuration map...
plastimar-app/client/src/components/Navbar.vue: {"insertSpaces":true,"tabSize":2}
plastimar-app/client/src/views/Home.vue: Applying configuration map...
plastimar-app/client/src/views/Home.vue: {"insertSpaces":true,"tabSize":2}
plastimar-app/client/src/App.vue: Applying configuration map...
plastimar-app/client/src/App.vue: {"insertSpaces":true,"tabSize":2}
client/src/App.vue: editor.action.trimTrailingWhitespace
client/src/App.vue: editor.action.trimTrailingWhitespace
client/src/App.vue: editor.action.trimTrailingWhitespace
client/src/App.vue: editor.action.trimTrailingWhitespace
client/src/App.vue: editor.action.trimTrailingWhitespace
plastimar-app/client/src/views/Home.vue: Applying configuration map...
plastimar-app/client/src/views/Home.vue: {"insertSpaces":true,"tabSize":2}
client/src/App.vue: trimTrailingWhitespace()
client/src/views/Home.vue: editor.action.trimTrailingWhitespace
plastimar-app/client/src/components/Navbar.vue: Applying configuration map...
plastimar-app/client/src/components/Navbar.vue: {"insertSpaces":true,"tabSize":2}
plastimar-app/client/src/views/Home.vue: Applying configuration map...
plastimar-app/client/src/views/Home.vue: {"insertSpaces":true,"tabSize":2}
plastimar-app/client/src/components/Navbar.vue: Applying configuration map...
plastimar-app/client/src/components/Navbar.vue: {"insertSpaces":true,"tabSize":2}
client/src/views/Home.vue: trimTrailingWhitespace()
client/src/components/Navbar.vue: editor.action.trimTrailingWhitespace
client/src/components/Navbar.vue: editor.action.trimTrailingWhitespace
client/src/components/Navbar.vue: editor.action.trimTrailingWhitespace
/home/blackblex/Documentos/node-apps/back/src/components/Navbar.vue: Using EditorConfig core...
/home/blackblex/Documentos/node-apps/back/src/components/Navbar.vue: {"insertSpaces":true,"tabSize":2}
plastimar-app/client/src/components/Navbar.vue: Applying configuration map...
plastimar-app/client/src/components/Navbar.vue: {"insertSpaces":true,"tabSize":2}
client/src/components/Navbar.vue: editor.action.trimTrailingWhitespace
/home/blackblex/Documentos/node-apps/back/src/components/Navbar.vue: Applying configuration map...
/home/blackblex/Documentos/node-apps/back/src/components/Navbar.vue: {"insertSpaces":true,"tabSize":2}
Untitled-1.txt: Using EditorConfig core...
Untitled-1: {}
/home/blackblex/Documentos/node-apps/back/src/components/Navbar.vue: Applying configuration map...
/home/blackblex/Documentos/node-apps/back/src/components/Navbar.vue: {"insertSpaces":true,"tabSize":2}
plastimar-app/client/src/components/Navbar.vue: Applying configuration map...
plastimar-app/client/src/components/Navbar.vue: {"insertSpaces":true,"tabSize":2}
/home/blackblex/Documentos/node-apps/back/src/components/Navbar.vue: Applying configuration map...
/home/blackblex/Documentos/node-apps/back/src/components/Navbar.vue: {"insertSpaces":true,"tabSize":2}
plastimar-app/client/src/components/Navbar.vue: Applying configuration map...
plastimar-app/client/src/components/Navbar.vue: {"insertSpaces":true,"tabSize":2}
/home/blackblex/Documentos/node-apps/back/src/components/Navbar.vue: Applying configuration map...
/home/blackblex/Documentos/node-apps/back/src/components/Navbar.vue: {"insertSpaces":true,"tabSize":2}
plastimar-app/client/src/components/Navbar.vue: Applying configuration map...
plastimar-app/client/src/components/Navbar.vue: {"insertSpaces":true,"tabSize":2}
client/src/components/Navbar.vue: editor.action.trimTrailingWhitespace
client/src/components/Navbar.vue: editor.action.trimTrailingWhitespace
client/src/components/Navbar.vue: editor.action.trimTrailingWhitespace
client/src/components/Navbar.vue: editor.action.trimTrailingWhitespace
client/src/components/Navbar.vue: editor.action.trimTrailingWhitespace
/home/blackblex/Documentos/node-apps/back/src/components/Navbar.vue: Applying configuration map...
/home/blackblex/Documentos/node-apps/back/src/components/Navbar.vue: {"insertSpaces":true,"tabSize":2}
plastimar-app/client/src/components/Navbar.vue: Applying configuration map...
plastimar-app/client/src/components/Navbar.vue: {"insertSpaces":true,"tabSize":2}
Untitled-1.txt: Applying configuration map...
Untitled-1: {}
plastimar-app/client/src/components/Navbar.vue: Applying configuration map...
plastimar-app/client/src/components/Navbar.vue: {"insertSpaces":true,"tabSize":2}
client/src/components/Navbar.vue: editor.action.trimTrailingWhitespace
client/src/components/Navbar.vue: editor.action.trimTrailingWhitespace
client/src/components/Navbar.vue: editor.action.trimTrailingWhitespace
client/src/components/Navbar.vue: editor.action.trimTrailingWhitespace
client/src/components/Navbar.vue: editor.action.trimTrailingWhitespace
client/src/components/Navbar.vue: editor.action.trimTrailingWhitespace
client/src/components/Navbar.vue: editor.action.trimTrailingWhitespace
plastimar-app/client/package.json: Using EditorConfig core...
plastimar-app/client/package.json: {}
plastimar-app/client/src/components/Navbar.vue: Applying configuration map...
plastimar-app/client/src/components/Navbar.vue: {"insertSpaces":true,"tabSize":2}
client/src/components/Navbar.vue: editor.action.trimTrailingWhitespace
client/src/components/Navbar.vue: editor.action.trimTrailingWhitespace
client/src/components/Navbar.vue: editor.action.trimTrailingWhitespace
client/src/components/Navbar.vue: editor.action.trimTrailingWhitespace
plastimar-app/client/src/plugins/vuetify.js: Applying configuration map...
plastimar-app/client/src/plugins/vuetify.js: {"insertSpaces":true,"tabSize":2}
client/src/plugins/vuetify.js: editor.action.trimTrailingWhitespace
plastimar-app/client/src/components/Navbar.vue: Applying configuration map...
plastimar-app/client/src/components/Navbar.vue: {"insertSpaces":true,"tabSize":2}
plastimar-app/client/src/plugins/vuetify.js: Applying configuration map...
plastimar-app/client/src/plugins/vuetify.js: {"insertSpaces":true,"tabSize":2}
plastimar-app/client/src/components/Navbar.vue: Applying configuration map...
plastimar-app/client/src/components/Navbar.vue: {"insertSpaces":true,"tabSize":2}
Untitled-1.txt: Applying configuration map...
Untitled-1: {}
plastimar-app/client/src/App.vue: Applying configuration map...
plastimar-app/client/src/App.vue: {"insertSpaces":true,"tabSize":2}
plastimar-app/client/src/views/Home.vue: Applying configuration map...
plastimar-app/client/src/views/Home.vue: {"insertSpaces":true,"tabSize":2}
plastimar-app/client/src/components/Navbar.vue: Applying configuration map...
plastimar-app/client/src/components/Navbar.vue: {"insertSpaces":true,"tabSize":2}
client/src/components/Navbar.vue: editor.action.trimTrailingWhitespace
client/src/components/Navbar.vue: editor.action.trimTrailingWhitespace
client/src/components/Navbar.vue: editor.action.trimTrailingWhitespace
client/src/components/Navbar.vue: editor.action.trimTrailingWhitespace
client/src/components/Navbar.vue: editor.action.trimTrailingWhitespace
client/src/components/Navbar.vue: editor.action.trimTrailingWhitespace
client/src/components/Navbar.vue: editor.action.trimTrailingWhitespace
client/src/components/Navbar.vue: editor.action.trimTrailingWhitespace
client/src/components/Navbar.vue: editor.action.trimTrailingWhitespace
client/src/components/Navbar.vue: editor.action.trimTrailingWhitespace
client/src/components/Navbar.vue: editor.action.trimTrailingWhitespace
client/src/components/Navbar.vue: editor.action.trimTrailingWhitespace
plastimar-app/client/src/router.js: Using EditorConfig core...
plastimar-app/client/src/router.js: {"insertSpaces":true,"tabSize":2}
client/src/router.js: editor.action.trimTrailingWhitespace
client/src/router.js: editor.action.trimTrailingWhitespace
plastimar-app/client/src/components/Navbar.vue: Applying configuration map...
plastimar-app/client/src/components/Navbar.vue: {"insertSpaces":true,"tabSize":2}
plastimar-app/client/src/router.js: Applying configuration map...
plastimar-app/client/src/router.js: {"insertSpaces":true,"tabSize":2}
plastimar-app/client/src/views/Team.1.vue: Using EditorConfig core...
plastimar-app/client/src/views/Team.1.vue: {"insertSpaces":true,"tabSize":2}
plastimar-app/client/src/views/Projects.vue: Using EditorConfig core...
plastimar-app/client/src/views/Projects.vue: {"insertSpaces":true,"tabSize":2}
plastimar-app/client/src/router.js: Applying configuration map...
plastimar-app/client/src/router.js: {"insertSpaces":true,"tabSize":2}
client/src/router.js: editor.action.trimTrailingWhitespace
plastimar-app/client/src/views/Projects.vue: Applying configuration map...
plastimar-app/client/src/views/Projects.vue: {"insertSpaces":true,"tabSize":2}
plastimar-app/client/src/views/Dashboard.vue: Using EditorConfig core...
plastimar-app/client/src/views/Dashboard.vue: {"insertSpaces":true,"tabSize":2}
plastimar-app/client/src/views/Projects.vue: Applying configuration map...
plastimar-app/client/src/views/Projects.vue: {"insertSpaces":true,"tabSize":2}
client/src/views/Projects.vue: editor.action.trimTrailingWhitespace
client/src/views/Projects.vue: editor.action.trimTrailingWhitespace
client/src/views/Projects.vue: editor.action.trimTrailingWhitespace
client/src/views/Projects.vue: editor.action.trimTrailingWhitespace
client/src/views/Projects.vue: editor.action.trimTrailingWhitespace
plastimar-app/client/src/views/Dashboard.vue: Applying configuration map...
plastimar-app/client/src/views/Dashboard.vue: {"insertSpaces":true,"tabSize":2}
plastimar-app/client/src/views/Team.vue: Using EditorConfig core...
plastimar-app/client/src/views/Team.vue: {"insertSpaces":true,"tabSize":2}
client/src/views/Team.vue: editor.action.trimTrailingWhitespace
client/src/views/Team.vue: editor.action.trimTrailingWhitespace
plastimar-app/client/src/views/Dashboard.vue: Applying configuration map...
plastimar-app/client/src/views/Dashboard.vue: {"insertSpaces":true,"tabSize":2}
plastimar-app/client/src/App.vue: Applying configuration map...
plastimar-app/client/src/App.vue: {"insertSpaces":true,"tabSize":2}
plastimar-app/client/src/views/Dashboard.vue: Applying configuration map...
plastimar-app/client/src/views/Dashboard.vue: {"insertSpaces":true,"tabSize":2}
plastimar-app/client/src/App.vue: Applying configuration map...
plastimar-app/client/src/App.vue: {"insertSpaces":true,"tabSize":2}
client/src/App.vue: editor.action.trimTrailingWhitespace
plastimar-app/client/src/views/Team.vue: Applying configuration map...
plastimar-app/client/src/views/Team.vue: {"insertSpaces":true,"tabSize":2}
client/src/views/Team.vue: editor.action.trimTrailingWhitespace
plastimar-app/client/src/App.vue: Applying configuration map...
plastimar-app/client/src/App.vue: {"insertSpaces":true,"tabSize":2}
plastimar-app/client/src/views/Dashboard.vue: Applying configuration map...
plastimar-app/client/src/views/Dashboard.vue: {"insertSpaces":true,"tabSize":2}
plastimar-app/client/src/App.vue: Applying configuration map...
plastimar-app/client/src/App.vue: {"insertSpaces":true,"tabSize":2}
plastimar-app/client/src/views/Projects.vue: Applying configuration map...
plastimar-app/client/src/views/Projects.vue: {"insertSpaces":true,"tabSize":2}
plastimar-app/client/src/views/Dashboard.vue: Applying configuration map...
plastimar-app/client/src/views/Dashboard.vue: {"insertSpaces":true,"tabSize":2}
plastimar-app/client/src/views/Projects.vue: Applying configuration map...
plastimar-app/client/src/views/Projects.vue: {"insertSpaces":true,"tabSize":2}
plastimar-app/client/src/views/Dashboard.vue: Applying configuration map...
plastimar-app/client/src/views/Dashboard.vue: {"insertSpaces":true,"tabSize":2}
client/src/views/Dashboard.vue: editor.action.trimTrailingWhitespace
client/src/views/Dashboard.vue: editor.action.trimTrailingWhitespace
plastimar-app/client/src/views/Projects.vue: Applying configuration map...
plastimar-app/client/src/views/Projects.vue: {"insertSpaces":true,"tabSize":2}
plastimar-app/client/src/components/Navbar.vue: Applying configuration map...
plastimar-app/client/src/components/Navbar.vue: {"insertSpaces":true,"tabSize":2}
Untitled-1.txt: Applying configuration map...
Untitled-1: {}
plastimar-app/client/src/components/Navbar.vue: Applying configuration map...
plastimar-app/client/src/components/Navbar.vue: {"insertSpaces":true,"tabSize":2}
plastimar-app/client/src/views/Login.vue: Using EditorConfig core...
plastimar-app/client/src/views/Login.vue: {"insertSpaces":true,"tabSize":2}
client/src/views/Login.vue: editor.action.trimTrailingWhitespace
plastimar-app/client/src/App.vue: Applying configuration map...
plastimar-app/client/src/App.vue: {"insertSpaces":true,"tabSize":2}
plastimar-app/client/src/views/Login.vue: Applying configuration map...
plastimar-app/client/src/views/Login.vue: {"insertSpaces":true,"tabSize":2}
client/src/views/Login.vue: editor.action.trimTrailingWhitespace
plastimar-app/client/src/router.js: Applying configuration map...
plastimar-app/client/src/router.js: {"insertSpaces":true,"tabSize":2}
client/src/router.js: editor.action.trimTrailingWhitespace
plastimar-app/client/src/views/Login.vue: Applying configuration map...
plastimar-app/client/src/views/Login.vue: {"insertSpaces":true,"tabSize":2}
client/src/views/Login.vue: editor.action.trimTrailingWhitespace
client/src/views/Login.vue: editor.action.trimTrailingWhitespace
client/src/views/Login.vue: editor.action.trimTrailingWhitespace
client/src/views/Login.vue: editor.action.trimTrailingWhitespace
client/src/views/Login.vue: editor.action.trimTrailingWhitespace
client/src/views/Login.vue: editor.action.trimTrailingWhitespace
client/src/views/Login.vue: editor.action.trimTrailingWhitespace
client/src/views/Login.vue: editor.action.trimTrailingWhitespace
client/src/views/Login.vue: editor.action.trimTrailingWhitespace
client/src/views/Login.vue: editor.action.trimTrailingWhitespace
client/src/views/Login.vue: editor.action.trimTrailingWhitespace
client/src/views/Login.vue: editor.action.trimTrailingWhitespace
client/src/views/Login.vue: editor.action.trimTrailingWhitespace
client/src/views/Login.vue: editor.action.trimTrailingWhitespace
client/src/views/Login.vue: editor.action.trimTrailingWhitespace
plastimar-app/client/src/store/store.js: Using EditorConfig core...
plastimar-app/client/src/store/store.js: {"insertSpaces":true,"tabSize":2}
plastimar-app/client/src/main.js: Using EditorConfig core...
plastimar-app/client/src/main.js: {"insertSpaces":true,"tabSize":2}
client/src/main.js: editor.action.trimTrailingWhitespace
plastimar-app/client/src/firebase.js: Using EditorConfig core...
plastimar-app/client/src/firebase.js: {"insertSpaces":true,"tabSize":2}
client/src/firebase.js: editor.action.trimTrailingWhitespace
client/src/firebase.js: editor.action.trimTrailingWhitespace
client/src/firebase.js: editor.action.trimTrailingWhitespace
client/src/firebase.js: editor.action.trimTrailingWhitespace
client/src/firebase.js: editor.action.trimTrailingWhitespace
client/src/firebase.js: editor.action.trimTrailingWhitespace
client/src/firebase.js: editor.action.trimTrailingWhitespace
client/src/firebase.js: editor.action.trimTrailingWhitespace
client/src/firebase.js: insertFinalNewline(LF)
plastimar-app/client/src/main.js: Applying configuration map...
plastimar-app/client/src/main.js: {"insertSpaces":true,"tabSize":2}
client/src/main.js: editor.action.trimTrailingWhitespace
client/src/main.js: editor.action.trimTrailingWhitespace
client/src/main.js: editor.action.trimTrailingWhitespace
plastimar-app/client/src/firebase.js: Applying configuration map...
plastimar-app/client/src/firebase.js: {"insertSpaces":true,"tabSize":2}
client/src/firebase.js: editor.action.trimTrailingWhitespace
plastimar-app/client/src/main.js: Applying configuration map...
plastimar-app/client/src/main.js: {"insertSpaces":true,"tabSize":2}
plastimar-app/client/src/views/Login.vue: Applying configuration map...
plastimar-app/client/src/views/Login.vue: {"insertSpaces":true,"tabSize":2}
plastimar-app/client/src/store/store.js: Applying configuration map...
plastimar-app/client/src/store/store.js: {"insertSpaces":true,"tabSize":2}
client/src/store/store.js: editor.action.trimTrailingWhitespace
plastimar-app/client/src/store/auth.js: Using EditorConfig core...
plastimar-app/client/src/store/auth.js: {"insertSpaces":true,"tabSize":2}
client/src/store/auth.js: editor.action.trimTrailingWhitespace
client/src/store/auth.js: insertFinalNewline(LF)
client/src/store/auth.js: editor.action.trimTrailingWhitespace
client/src/store/auth.js: insertFinalNewline(LF)
client/src/store/auth.js: editor.action.trimTrailingWhitespace
client/src/store/auth.js: editor.action.trimTrailingWhitespace
client/src/store/auth.js: editor.action.trimTrailingWhitespace
client/src/store/auth.js: editor.action.trimTrailingWhitespace
client/src/store/auth.js: editor.action.trimTrailingWhitespace
client/src/store/auth.js: editor.action.trimTrailingWhitespace
client/src/store/auth.js: editor.action.trimTrailingWhitespace
client/src/store/auth.js: editor.action.trimTrailingWhitespace
client/src/store/auth.js: editor.action.trimTrailingWhitespace
client/src/store/auth.js: editor.action.trimTrailingWhitespace
plastimar-app/client/src/store/store.js: Applying configuration map...
plastimar-app/client/src/store/store.js: {"insertSpaces":true,"tabSize":2}
client/src/store/auth.js: trimTrailingWhitespace()
client/src/store/store.js: editor.action.trimTrailingWhitespace
client/src/store/store.js: editor.action.trimTrailingWhitespace
client/src/store/store.js: editor.action.trimTrailingWhitespace
plastimar-app/client/src/store/auth.js: Applying configuration map...
plastimar-app/client/src/store/auth.js: {"insertSpaces":true,"tabSize":2}
plastimar-app/client/src/store/store.js: Applying configuration map...
plastimar-app/client/src/store/store.js: {"insertSpaces":true,"tabSize":2}
plastimar-app/client/src/store/auth.js: Applying configuration map...
plastimar-app/client/src/store/auth.js: {"insertSpaces":true,"tabSize":2}
plastimar-app/client/src/store/store.js: Applying configuration map...
plastimar-app/client/src/store/store.js: {"insertSpaces":true,"tabSize":2}
client/src/store/store.js: editor.action.trimTrailingWhitespace
client/src/store/auth.js: trimTrailingWhitespace()
client/src/store/store.js: editor.action.trimTrailingWhitespace
client/src/store/store.js: editor.action.trimTrailingWhitespace
client/src/store/store.js: editor.action.trimTrailingWhitespace
plastimar-app/client/src/store/auth.js: Applying configuration map...
plastimar-app/client/src/store/auth.js: {"insertSpaces":true,"tabSize":2}
client/src/store/auth.js: editor.action.trimTrailingWhitespace
client/src/store/auth.js: editor.action.trimTrailingWhitespace
client/src/store/auth.js: editor.action.trimTrailingWhitespace
client/src/store/auth.js: editor.action.trimTrailingWhitespace
client/src/store/auth.js: editor.action.trimTrailingWhitespace
client/src/store/auth.js: editor.action.trimTrailingWhitespace
client/src/store/auth.js: editor.action.trimTrailingWhitespace
client/src/store/auth.js: editor.action.trimTrailingWhitespace
client/src/store/auth.js: editor.action.trimTrailingWhitespace
client/src/store/auth.js: editor.action.trimTrailingWhitespace
plastimar-app/client/src/store/store.js: Applying configuration map...
plastimar-app/client/src/store/store.js: {"insertSpaces":true,"tabSize":2}
plastimar-app/client/src/main.js: Applying configuration map...
plastimar-app/client/src/main.js: {"insertSpaces":true,"tabSize":2}
client/src/main.js: editor.action.trimTrailingWhitespace
client/src/main.js: editor.action.trimTrailingWhitespace
