Initializing document watcher...
Rebuilding config map...
/opt/visual-studio-code/resources/app/out/vs/workbench/parts/welcome/page/electron-browser/vs_code_welcome_page: Using EditorConfig core...
Detected change in configuration: {}
No more open editors.
/home/blackblex/Documentos/node-apps/back/src/store.js: Using EditorConfig core...
/home/blackblex/Documentos/node-apps/back/src/store.js: {"insertSpaces":true,"tabSize":2}
plastimar-app/client/src/store/auth.js: Using EditorConfig core...
plastimar-app/client/src/store/auth.js: {"insertSpaces":true,"tabSize":2}
plastimar-app/client/src/store/store.js: Using EditorConfig core...
plastimar-app/client/src/store/store.js: {"insertSpaces":true,"tabSize":2}
/home/blackblex/Documentos/node-apps/back/src/store.js: Applying configuration map...
/home/blackblex/Documentos/node-apps/back/src/store.js: {"insertSpaces":true,"tabSize":2}
plastimar-app/client/src/store/store.js: Applying configuration map...
plastimar-app/client/src/store/store.js: {"insertSpaces":true,"tabSize":2}
plastimar-app/client/src/store/auth.js: Applying configuration map...
plastimar-app/client/src/store/auth.js: {"insertSpaces":true,"tabSize":2}
plastimar-app/client/src/views/Login.vue: Using EditorConfig core...
plastimar-app/client/src/views/Login.vue: {"insertSpaces":true,"tabSize":2}
plastimar-app/client/src/store/auth.js: Applying configuration map...
plastimar-app/client/src/store/auth.js: {"insertSpaces":true,"tabSize":2}
/home/blackblex/Documentos/node-apps/back/src/store.js: Applying configuration map...
/home/blackblex/Documentos/node-apps/back/src/store.js: {"insertSpaces":true,"tabSize":2}
plastimar-app/client/src/views/Login.vue: Applying configuration map...
plastimar-app/client/src/views/Login.vue: {"insertSpaces":true,"tabSize":2}
client/src/views/Login.vue: editor.action.trimTrailingWhitespace
client/src/views/Login.vue: editor.action.trimTrailingWhitespace
client/src/views/Login.vue: editor.action.trimTrailingWhitespace
client/src/views/Login.vue: editor.action.trimTrailingWhitespace
client/src/views/Login.vue: editor.action.trimTrailingWhitespace
client/src/views/Login.vue: editor.action.trimTrailingWhitespace
client/src/views/Login.vue: editor.action.trimTrailingWhitespace
client/src/views/Login.vue: editor.action.trimTrailingWhitespace
client/src/views/Login.vue: editor.action.trimTrailingWhitespace
client/src/views/Login.vue: editor.action.trimTrailingWhitespace
client/src/views/Login.vue: editor.action.trimTrailingWhitespace
/home/blackblex/Documentos/node-apps/back/src/store.js: Applying configuration map...
/home/blackblex/Documentos/node-apps/back/src/store.js: {"insertSpaces":true,"tabSize":2}
plastimar-app/client/src/views/Login.vue: Applying configuration map...
plastimar-app/client/src/views/Login.vue: {"insertSpaces":true,"tabSize":2}
/home/blackblex/Documentos/node-apps/back/src/store.js: Applying configuration map...
/home/blackblex/Documentos/node-apps/back/src/store.js: {"insertSpaces":true,"tabSize":2}
plastimar-app/client/src/views/Login.vue: Applying configuration map...
plastimar-app/client/src/views/Login.vue: {"insertSpaces":true,"tabSize":2}
/home/blackblex/Documentos/node-apps/back/src/store.js: Applying configuration map...
/home/blackblex/Documentos/node-apps/back/src/store.js: {"insertSpaces":true,"tabSize":2}
plastimar-app/client/src/store/store.js: Applying configuration map...
plastimar-app/client/src/store/store.js: {"insertSpaces":true,"tabSize":2}
/home/blackblex/Documentos/node-apps/back/src/store.js: Applying configuration map...
/home/blackblex/Documentos/node-apps/back/src/store.js: {"insertSpaces":true,"tabSize":2}
plastimar-app/client/src/store/auth.js: Applying configuration map...
plastimar-app/client/src/store/auth.js: {"insertSpaces":true,"tabSize":2}
/home/blackblex/Documentos/node-apps/back/src/store.js: Applying configuration map...
/home/blackblex/Documentos/node-apps/back/src/store.js: {"insertSpaces":true,"tabSize":2}
/home/blackblex/Documentos/node-apps/back/src/views/Register.vue: Using EditorConfig core...
/home/blackblex/Documentos/node-apps/back/src/views/Register.vue: {"insertSpaces":true,"tabSize":2}
plastimar-app/client/src/views/Login.vue: Applying configuration map...
plastimar-app/client/src/views/Login.vue: {"insertSpaces":true,"tabSize":2}
/home/blackblex/Documentos/node-apps/back/src/views/Register.vue: Applying configuration map...
/home/blackblex/Documentos/node-apps/back/src/views/Register.vue: {"insertSpaces":true,"tabSize":2}
client/src/views/Login.vue: trimTrailingWhitespace()
plastimar-app/client/src/views/Login.vue: Applying configuration map...
plastimar-app/client/src/views/Login.vue: {"insertSpaces":true,"tabSize":2}
client/src/views/Login.vue: editor.action.trimTrailingWhitespace
/home/blackblex/Documentos/node-apps/back/src/views/Register.vue: Applying configuration map...
/home/blackblex/Documentos/node-apps/back/src/views/Register.vue: {"insertSpaces":true,"tabSize":2}
plastimar-app/client/src/views/Login.vue: Applying configuration map...
plastimar-app/client/src/views/Login.vue: {"insertSpaces":true,"tabSize":2}
plastimar-app/client/src/components/Navbar.vue: Using EditorConfig core...
plastimar-app/client/src/components/Navbar.vue: {"insertSpaces":true,"tabSize":2}
plastimar-app/client/src/views/Login.vue: Applying configuration map...
plastimar-app/client/src/views/Login.vue: {"insertSpaces":true,"tabSize":2}
plastimar-app/client/src/components/Navbar.vue: Applying configuration map...
plastimar-app/client/src/components/Navbar.vue: {"insertSpaces":true,"tabSize":2}
plastimar-app/client/src/views/Login.vue: Applying configuration map...
plastimar-app/client/src/views/Login.vue: {"insertSpaces":true,"tabSize":2}
plastimar-app/client/src/components/Navbar.vue: Applying configuration map...
plastimar-app/client/src/components/Navbar.vue: {"insertSpaces":true,"tabSize":2}
plastimar-app/client/src/views/Login.vue: Applying configuration map...
plastimar-app/client/src/views/Login.vue: {"insertSpaces":true,"tabSize":2}
client/src/views/Login.vue: editor.action.trimTrailingWhitespace
/home/blackblex/Documentos/node-apps/back/src/views/Register.vue: Applying configuration map...
/home/blackblex/Documentos/node-apps/back/src/views/Register.vue: {"insertSpaces":true,"tabSize":2}
plastimar-app/client/src/components/Navbar.vue: Applying configuration map...
plastimar-app/client/src/components/Navbar.vue: {"insertSpaces":true,"tabSize":2}
plastimar-app/client/src/views/Login.vue: Applying configuration map...
plastimar-app/client/src/views/Login.vue: {"insertSpaces":true,"tabSize":2}
client/src/views/Login.vue: editor.action.trimTrailingWhitespace
plastimar-app/client/src/main.js: Using EditorConfig core...
plastimar-app/client/src/main.js: {"insertSpaces":true,"tabSize":2}
plastimar-app/client/src/views/Login.vue: Applying configuration map...
plastimar-app/client/src/views/Login.vue: {"insertSpaces":true,"tabSize":2}
client/src/views/Login.vue: editor.action.trimTrailingWhitespace
client/src/views/Login.vue: editor.action.trimTrailingWhitespace
client/src/views/Login.vue: editor.action.trimTrailingWhitespace
client/src/views/Login.vue: editor.action.trimTrailingWhitespace
client/src/views/Login.vue: editor.action.trimTrailingWhitespace
client/src/views/Login.vue: editor.action.trimTrailingWhitespace
client/src/views/Login.vue: editor.action.trimTrailingWhitespace
/home/blackblex/Documentos/node-apps/back/src/views/Register.vue: Applying configuration map...
/home/blackblex/Documentos/node-apps/back/src/views/Register.vue: {"insertSpaces":true,"tabSize":2}
/home/blackblex/Documentos/node-apps/back/src/views/Register.vue: editor.action.trimTrailingWhitespace
plastimar-app/client/src/views/Login.vue: Applying configuration map...
plastimar-app/client/src/views/Login.vue: {"insertSpaces":true,"tabSize":2}
client/src/views/Login.vue: editor.action.trimTrailingWhitespace
/home/blackblex/Documentos/node-apps/back/src/views/Register.vue: trimTrailingWhitespace()
client/src/views/Login.vue: editor.action.trimTrailingWhitespace
client/src/views/Login.vue: editor.action.trimTrailingWhitespace
client/src/views/Login.vue: editor.action.trimTrailingWhitespace
client/src/views/Login.vue: editor.action.trimTrailingWhitespace
client/src/views/Login.vue: editor.action.trimTrailingWhitespace
client/src/views/Login.vue: editor.action.trimTrailingWhitespace
client/src/views/Login.vue: editor.action.trimTrailingWhitespace
client/src/views/Login.vue: editor.action.trimTrailingWhitespace
client/src/views/Login.vue: editor.action.trimTrailingWhitespace
client/src/views/Login.vue: editor.action.trimTrailingWhitespace
client/src/views/Login.vue: editor.action.trimTrailingWhitespace
/home/blackblex/Documentos/node-apps/back/src/views/Register.vue: Applying configuration map...
/home/blackblex/Documentos/node-apps/back/src/views/Register.vue: {"insertSpaces":true,"tabSize":2}
plastimar-app/client/src/views/Login.vue: Applying configuration map...
plastimar-app/client/src/views/Login.vue: {"insertSpaces":true,"tabSize":2}
/home/blackblex/Documentos/node-apps/back/src/views/Register.vue: Applying configuration map...
/home/blackblex/Documentos/node-apps/back/src/views/Register.vue: {"insertSpaces":true,"tabSize":2}
plastimar-app/client/src/views/Login.vue: Applying configuration map...
plastimar-app/client/src/views/Login.vue: {"insertSpaces":true,"tabSize":2}
/home/blackblex/Documentos/node-apps/back/src/views/Register.vue: Applying configuration map...
/home/blackblex/Documentos/node-apps/back/src/views/Register.vue: {"insertSpaces":true,"tabSize":2}
/home/blackblex/Documentos/node-apps/back/src/store.js: Applying configuration map...
/home/blackblex/Documentos/node-apps/back/src/store.js: {"insertSpaces":true,"tabSize":2}
plastimar-app/client/src/main.js: Applying configuration map...
plastimar-app/client/src/main.js: {"insertSpaces":true,"tabSize":2}
plastimar-app/client/src/store/auth.js: Applying configuration map...
plastimar-app/client/src/store/auth.js: {"insertSpaces":true,"tabSize":2}
client/src/views/Login.vue: trimTrailingWhitespace()
plastimar-app/client/src/views/Login.vue: Applying configuration map...
plastimar-app/client/src/views/Login.vue: {"insertSpaces":true,"tabSize":2}
/home/blackblex/Documentos/node-apps/back/src/views/Register.vue: Applying configuration map...
/home/blackblex/Documentos/node-apps/back/src/views/Register.vue: {"insertSpaces":true,"tabSize":2}
plastimar-app/client/src/views/Login.vue: Applying configuration map...
plastimar-app/client/src/views/Login.vue: {"insertSpaces":true,"tabSize":2}
client/src/views/Login.vue: editor.action.trimTrailingWhitespace
client/src/views/Login.vue: editor.action.trimTrailingWhitespace
client/src/views/Login.vue: editor.action.trimTrailingWhitespace
client/src/views/Login.vue: editor.action.trimTrailingWhitespace
/home/blackblex/Documentos/node-apps/back/src/views/Register.vue: Applying configuration map...
/home/blackblex/Documentos/node-apps/back/src/views/Register.vue: {"insertSpaces":true,"tabSize":2}
plastimar-app/client/src/store/auth.js: Applying configuration map...
plastimar-app/client/src/store/auth.js: {"insertSpaces":true,"tabSize":2}
plastimar-app/client/src/views/Login.vue: Applying configuration map...
plastimar-app/client/src/views/Login.vue: {"insertSpaces":true,"tabSize":2}
plastimar-app/client/src/store/auth.js: Applying configuration map...
plastimar-app/client/src/store/auth.js: {"insertSpaces":true,"tabSize":2}
client/src/views/Login.vue: trimTrailingWhitespace()
client/src/store/auth.js: editor.action.trimTrailingWhitespace
/home/blackblex/Documentos/node-apps/back/src/views/Register.vue: Applying configuration map...
/home/blackblex/Documentos/node-apps/back/src/views/Register.vue: {"insertSpaces":true,"tabSize":2}
/home/blackblex/Documentos/node-apps/back/src/store.js: Applying configuration map...
/home/blackblex/Documentos/node-apps/back/src/store.js: {"insertSpaces":true,"tabSize":2}
plastimar-app/client/src/store/auth.js: Applying configuration map...
plastimar-app/client/src/store/auth.js: {"insertSpaces":true,"tabSize":2}
client/src/store/auth.js: editor.action.trimTrailingWhitespace
plastimar-app/client/src/views/Login.vue: Applying configuration map...
plastimar-app/client/src/views/Login.vue: {"insertSpaces":true,"tabSize":2}
plastimar-app/client/src/views/Dashboard.vue: Using EditorConfig core...
plastimar-app/client/src/views/Dashboard.vue: {"insertSpaces":true,"tabSize":2}
plastimar-app/client/src/views/Login.vue: Applying configuration map...
plastimar-app/client/src/views/Login.vue: {"insertSpaces":true,"tabSize":2}
/home/blackblex/Documentos/node-apps/back/src/App.vue: Using EditorConfig core...
/home/blackblex/Documentos/node-apps/back/src/App.vue: {"insertSpaces":true,"tabSize":2}
plastimar-app/client/src/App.vue: Using EditorConfig core...
plastimar-app/client/src/App.vue: {"insertSpaces":true,"tabSize":2}
/home/blackblex/Documentos/node-apps/back/src/App.vue: Applying configuration map...
/home/blackblex/Documentos/node-apps/back/src/App.vue: {"insertSpaces":true,"tabSize":2}
plastimar-app/client/src/views/Login.vue: Applying configuration map...
plastimar-app/client/src/views/Login.vue: {"insertSpaces":true,"tabSize":2}
/home/blackblex/Documentos/node-apps/back/src/App.vue: Applying configuration map...
/home/blackblex/Documentos/node-apps/back/src/App.vue: {"insertSpaces":true,"tabSize":2}
plastimar-app/client/src/views/Login.vue: Applying configuration map...
plastimar-app/client/src/views/Login.vue: {"insertSpaces":true,"tabSize":2}
plastimar-app/client/src/App.vue: Applying configuration map...
plastimar-app/client/src/App.vue: {"insertSpaces":true,"tabSize":2}
/home/blackblex/Documentos/node-apps/back/src/views/Register.vue: Applying configuration map...
/home/blackblex/Documentos/node-apps/back/src/views/Register.vue: {"insertSpaces":true,"tabSize":2}
plastimar-app/client/src/App.vue: Applying configuration map...
plastimar-app/client/src/App.vue: {"insertSpaces":true,"tabSize":2}
plastimar-app/client/src/views/Login.vue: Applying configuration map...
plastimar-app/client/src/views/Login.vue: {"insertSpaces":true,"tabSize":2}
plastimar-app/client/src/store/auth.js: Applying configuration map...
plastimar-app/client/src/store/auth.js: {"insertSpaces":true,"tabSize":2}
client/src/store/auth.js: editor.action.trimTrailingWhitespace
client/src/store/auth.js: editor.action.trimTrailingWhitespace
client/src/store/auth.js: editor.action.trimTrailingWhitespace
client/src/store/auth.js: editor.action.trimTrailingWhitespace
client/src/store/auth.js: editor.action.trimTrailingWhitespace
client/src/store/auth.js: editor.action.trimTrailingWhitespace
client/src/store/auth.js: editor.action.trimTrailingWhitespace
client/src/store/auth.js: editor.action.trimTrailingWhitespace
client/src/store/auth.js: editor.action.trimTrailingWhitespace
client/src/store/auth.js: editor.action.trimTrailingWhitespace
client/src/store/auth.js: editor.action.trimTrailingWhitespace
client/src/store/auth.js: editor.action.trimTrailingWhitespace
client/src/store/auth.js: editor.action.trimTrailingWhitespace
client/src/store/auth.js: editor.action.trimTrailingWhitespace
client/src/store/auth.js: editor.action.trimTrailingWhitespace
client/src/store/auth.js: editor.action.trimTrailingWhitespace
client/src/store/auth.js: editor.action.trimTrailingWhitespace
plastimar-app/client/src/firebase.js: Using EditorConfig core...
plastimar-app/client/src/firebase.js: {"insertSpaces":true,"tabSize":2}
plastimar-app/client/src/firebase/firebase.js: Using EditorConfig core...
plastimar-app/client/src/firebase/firebase.js: {"insertSpaces":true,"tabSize":2}
plastimar-app/client/src/store/auth.js: Applying configuration map...
plastimar-app/client/src/store/auth.js: {"insertSpaces":true,"tabSize":2}
plastimar-app/client/src/router.js: Using EditorConfig core...
plastimar-app/client/src/router.js: {"insertSpaces":true,"tabSize":2}
plastimar-app/client/src/main.js: Applying configuration map...
plastimar-app/client/src/main.js: {"insertSpaces":true,"tabSize":2}
plastimar-app/client/src/firebase/firebase.js: Applying configuration map...
plastimar-app/client/src/firebase/firebase.js: {"insertSpaces":true,"tabSize":2}
client/src/store/auth.js: trimTrailingWhitespace()
client/src/main.js: trimTrailingWhitespace()
plastimar-app/client/src/main.js: Applying configuration map...
plastimar-app/client/src/main.js: {"insertSpaces":true,"tabSize":2}
plastimar-app/client/src/store/auth.js: Applying configuration map...
plastimar-app/client/src/store/auth.js: {"insertSpaces":true,"tabSize":2}
plastimar-app/client/src/firebase/firebase.js: Applying configuration map...
plastimar-app/client/src/firebase/firebase.js: {"insertSpaces":true,"tabSize":2}
plastimar-app/client/src/firebase/db.js: Using EditorConfig core...
plastimar-app/client/src/firebase/db.js: {"insertSpaces":true,"tabSize":2}
plastimar-app/client/src/firebase/firebase.js: Applying configuration map...
plastimar-app/client/src/firebase/firebase.js: {"insertSpaces":true,"tabSize":2}
client/src/firebase/firebase.js: editor.action.trimTrailingWhitespace
client/src/firebase/firebase.js: editor.action.trimTrailingWhitespace
plastimar-app/client/src/firebase/db.js: Applying configuration map...
plastimar-app/client/src/firebase/db.js: {"insertSpaces":true,"tabSize":2}
plastimar-app/client/src/firebase/firebase.js: Applying configuration map...
plastimar-app/client/src/firebase/firebase.js: {"insertSpaces":true,"tabSize":2}
plastimar-app/client/src/main.js: Applying configuration map...
plastimar-app/client/src/main.js: {"insertSpaces":true,"tabSize":2}
plastimar-app/client/src/store/auth.js: Applying configuration map...
plastimar-app/client/src/store/auth.js: {"insertSpaces":true,"tabSize":2}
plastimar-app/client/src/views/Login.vue: Applying configuration map...
plastimar-app/client/src/views/Login.vue: {"insertSpaces":true,"tabSize":2}
plastimar-app/client/src/store/auth.js: Applying configuration map...
plastimar-app/client/src/store/auth.js: {"insertSpaces":true,"tabSize":2}
plastimar-app/client/src/main.js: Applying configuration map...
plastimar-app/client/src/main.js: {"insertSpaces":true,"tabSize":2}
plastimar-app/client/src/firebase/firebase.js: Applying configuration map...
plastimar-app/client/src/firebase/firebase.js: {"insertSpaces":true,"tabSize":2}
plastimar-app/client/src/views/Login.vue: Applying configuration map...
plastimar-app/client/src/views/Login.vue: {"insertSpaces":true,"tabSize":2}
plastimar-app/client/src/store/auth.js: Applying configuration map...
plastimar-app/client/src/store/auth.js: {"insertSpaces":true,"tabSize":2}
client/src/store/auth.js: editor.action.trimTrailingWhitespace
plastimar-app/client/src/firebase/firebase.js: Applying configuration map...
plastimar-app/client/src/firebase/firebase.js: {"insertSpaces":true,"tabSize":2}
client/src/firebase/firebase.js: editor.action.trimTrailingWhitespace
client/src/firebase/firebase.js: editor.action.trimTrailingWhitespace
client/src/firebase/firebase.js: editor.action.trimTrailingWhitespace
client/src/firebase/firebase.js: editor.action.trimTrailingWhitespace
plastimar-app/client/src/store/auth.js: Applying configuration map...
plastimar-app/client/src/store/auth.js: {"insertSpaces":true,"tabSize":2}
client/src/store/auth.js: editor.action.trimTrailingWhitespace
plastimar-app/client/src/views/Login.vue: Applying configuration map...
plastimar-app/client/src/views/Login.vue: {"insertSpaces":true,"tabSize":2}
plastimar-app/client/src/store/auth.js: Applying configuration map...
plastimar-app/client/src/store/auth.js: {"insertSpaces":true,"tabSize":2}
plastimar-app/client/src/main.js: Applying configuration map...
plastimar-app/client/src/main.js: {"insertSpaces":true,"tabSize":2}
plastimar-app/client/src/firebase/firebase.js: Applying configuration map...
plastimar-app/client/src/firebase/firebase.js: {"insertSpaces":true,"tabSize":2}
plastimar-app/client/src/store/auth.js: Applying configuration map...
plastimar-app/client/src/store/auth.js: {"insertSpaces":true,"tabSize":2}
plastimar-app/client/src/firebase/firebase.js: Applying configuration map...
plastimar-app/client/src/firebase/firebase.js: {"insertSpaces":true,"tabSize":2}
client/src/firebase/firebase.js: editor.action.trimTrailingWhitespace
client/src/firebase/firebase.js: editor.action.trimTrailingWhitespace
plastimar-app/client/src/firebase/db.js: Applying configuration map...
plastimar-app/client/src/firebase/db.js: {"insertSpaces":true,"tabSize":2}
plastimar-app/client/src/firebase/firebase.js: Applying configuration map...
plastimar-app/client/src/firebase/firebase.js: {"insertSpaces":true,"tabSize":2}
client/src/firebase/firebase.js: editor.action.trimTrailingWhitespace
client/src/firebase/db.js: trimTrailingWhitespace()
plastimar-app/client/src/firebase/db.js: Applying configuration map...
plastimar-app/client/src/firebase/db.js: {"insertSpaces":true,"tabSize":2}
client/src/firebase/db.js: editor.action.trimTrailingWhitespace
client/src/firebase/db.js: insertFinalNewline(LF)
plastimar-app/client/src/main.js: Applying configuration map...
plastimar-app/client/src/main.js: {"insertSpaces":true,"tabSize":2}
plastimar-app/client/src/store/auth.js: Applying configuration map...
plastimar-app/client/src/store/auth.js: {"insertSpaces":true,"tabSize":2}
plastimar-app/client/src/firebase/db.js: Applying configuration map...
plastimar-app/client/src/firebase/db.js: {"insertSpaces":true,"tabSize":2}
client/src/firebase/db.js: editor.action.trimTrailingWhitespace
plastimar-app/client/src/store/auth.js: Applying configuration map...
plastimar-app/client/src/store/auth.js: {"insertSpaces":true,"tabSize":2}
plastimar-app/client/src/main.js: Applying configuration map...
plastimar-app/client/src/main.js: {"insertSpaces":true,"tabSize":2}
plastimar-app/client/src/store/auth.js: Applying configuration map...
plastimar-app/client/src/store/auth.js: {"insertSpaces":true,"tabSize":2}
plastimar-app/client/src/firebase/db.js: Applying configuration map...
plastimar-app/client/src/firebase/db.js: {"insertSpaces":true,"tabSize":2}
client/src/firebase/db.js: editor.action.trimTrailingWhitespace
client/src/firebase/db.js: editor.action.trimTrailingWhitespace
client/src/firebase/db.js: editor.action.trimTrailingWhitespace
client/src/firebase/db.js: editor.action.trimTrailingWhitespace
/home/blackblex/Documentos/node-apps/back/src/firebase.js: Using EditorConfig core...
/home/blackblex/Documentos/node-apps/back/src/firebase.js: {"insertSpaces":true,"tabSize":2}
plastimar-app/client/src/firebase/db.js: Applying configuration map...
plastimar-app/client/src/firebase/db.js: {"insertSpaces":true,"tabSize":2}
client/src/firebase/db.js: editor.action.trimTrailingWhitespace
plastimar-app/client/src/store/auth.js: Applying configuration map...
plastimar-app/client/src/store/auth.js: {"insertSpaces":true,"tabSize":2}
plastimar-app/client/src/store/store.js: Applying configuration map...
plastimar-app/client/src/store/store.js: {"insertSpaces":true,"tabSize":2}
plastimar-app/client/src/store/auth.js: Applying configuration map...
plastimar-app/client/src/store/auth.js: {"insertSpaces":true,"tabSize":2}
client/src/store/auth.js: editor.action.trimTrailingWhitespace
/home/blackblex/Documentos/node-apps/back/src/store.js: Applying configuration map...
/home/blackblex/Documentos/node-apps/back/src/store.js: {"insertSpaces":true,"tabSize":2}
/home/blackblex/Documentos/node-apps/back/src/router.js: Using EditorConfig core...
/home/blackblex/Documentos/node-apps/back/src/router.js: {"insertSpaces":true,"tabSize":2}
/home/blackblex/Documentos/node-apps/back/src/store.js: Applying configuration map...
/home/blackblex/Documentos/node-apps/back/src/store.js: {"insertSpaces":true,"tabSize":2}
/home/blackblex/Documentos/node-apps/back/src/router.js: Applying configuration map...
/home/blackblex/Documentos/node-apps/back/src/router.js: {"insertSpaces":true,"tabSize":2}
/home/blackblex/Documentos/node-apps/back/src/store.js: Applying configuration map...
/home/blackblex/Documentos/node-apps/back/src/store.js: {"insertSpaces":true,"tabSize":2}
plastimar-app/client/src/store/auth.js: Applying configuration map...
plastimar-app/client/src/store/auth.js: {"insertSpaces":true,"tabSize":2}
plastimar-app/client/src/views/Login.vue: Applying configuration map...
plastimar-app/client/src/views/Login.vue: {"insertSpaces":true,"tabSize":2}
/home/blackblex/Documentos/node-apps/back/src/router.js: Applying configuration map...
/home/blackblex/Documentos/node-apps/back/src/router.js: {"insertSpaces":true,"tabSize":2}
plastimar-app/client/src/views/Login.vue: Applying configuration map...
plastimar-app/client/src/views/Login.vue: {"insertSpaces":true,"tabSize":2}
client/src/store/auth.js: trimTrailingWhitespace()
/home/blackblex/Documentos/node-apps/back/src/store.js: Applying configuration map...
/home/blackblex/Documentos/node-apps/back/src/store.js: {"insertSpaces":true,"tabSize":2}
plastimar-app/client/src/views/Login.vue: Applying configuration map...
plastimar-app/client/src/views/Login.vue: {"insertSpaces":true,"tabSize":2}
client/src/views/Login.vue: editor.action.trimTrailingWhitespace
/home/blackblex/Documentos/node-apps/back/src/components/Popup.vue: Using EditorConfig core...
/home/blackblex/Documentos/node-apps/back/src/components/Popup.vue: {"insertSpaces":true,"tabSize":2}
plastimar-app/client/src/views/Login.vue: Applying configuration map...
plastimar-app/client/src/views/Login.vue: {"insertSpaces":true,"tabSize":2}
/home/blackblex/Documentos/node-apps/back/src/router.js: Applying configuration map...
/home/blackblex/Documentos/node-apps/back/src/router.js: {"insertSpaces":true,"tabSize":2}
/home/blackblex/Documentos/node-apps/back/src/store.js: Applying configuration map...
/home/blackblex/Documentos/node-apps/back/src/store.js: {"insertSpaces":true,"tabSize":2}
/home/blackblex/Documentos/node-apps/back/src/router.js: Applying configuration map...
/home/blackblex/Documentos/node-apps/back/src/router.js: {"insertSpaces":true,"tabSize":2}
plastimar-app/client/src/store/store.js: Applying configuration map...
plastimar-app/client/src/store/store.js: {"insertSpaces":true,"tabSize":2}
/home/blackblex/Documentos/node-apps/back/src/store.js: Applying configuration map...
/home/blackblex/Documentos/node-apps/back/src/store.js: {"insertSpaces":true,"tabSize":2}
plastimar-app/client/src/store/store.js: Applying configuration map...
plastimar-app/client/src/store/store.js: {"insertSpaces":true,"tabSize":2}
client/src/views/Login.vue: trimTrailingWhitespace()
client/src/store/store.js: editor.action.trimTrailingWhitespace
client/src/store/store.js: editor.action.trimTrailingWhitespace
plastimar-app/client/src/store/auth.js: Applying configuration map...
plastimar-app/client/src/store/auth.js: {"insertSpaces":true,"tabSize":2}
client/src/store/auth.js: editor.action.trimTrailingWhitespace
/home/blackblex/Documentos/node-apps/back/src/components/Popup.vue: Applying configuration map...
/home/blackblex/Documentos/node-apps/back/src/components/Popup.vue: {"insertSpaces":true,"tabSize":2}
/home/blackblex/Documentos/node-apps/back/src/store.js: Applying configuration map...
/home/blackblex/Documentos/node-apps/back/src/store.js: {"insertSpaces":true,"tabSize":2}
plastimar-app/client/src/store/store.js: Applying configuration map...
plastimar-app/client/src/store/store.js: {"insertSpaces":true,"tabSize":2}
plastimar-app/client/src/store/auth.js: Applying configuration map...
plastimar-app/client/src/store/auth.js: {"insertSpaces":true,"tabSize":2}
/home/blackblex/Documentos/node-apps/back/src/store.js: Applying configuration map...
/home/blackblex/Documentos/node-apps/back/src/store.js: {"insertSpaces":true,"tabSize":2}
plastimar-app/client/src/store/store.js: Applying configuration map...
plastimar-app/client/src/store/store.js: {"insertSpaces":true,"tabSize":2}
plastimar-app/client/src/store/auth.js: Applying configuration map...
plastimar-app/client/src/store/auth.js: {"insertSpaces":true,"tabSize":2}
client/src/store/auth.js: editor.action.trimTrailingWhitespace
plastimar-app/client/src/views/Login.vue: Applying configuration map...
plastimar-app/client/src/views/Login.vue: {"insertSpaces":true,"tabSize":2}
plastimar-app/client/src/store/store.js: Applying configuration map...
plastimar-app/client/src/store/store.js: {"insertSpaces":true,"tabSize":2}
plastimar-app/client/src/views/Login.vue: Applying configuration map...
plastimar-app/client/src/views/Login.vue: {"insertSpaces":true,"tabSize":2}
client/src/store/store.js: trimTrailingWhitespace()
plastimar-app/client/src/store/auth.js: Applying configuration map...
plastimar-app/client/src/store/auth.js: {"insertSpaces":true,"tabSize":2}
client/src/store/auth.js: editor.action.trimTrailingWhitespace
/home/blackblex/Documentos/node-apps/back/src/store.js: Applying configuration map...
/home/blackblex/Documentos/node-apps/back/src/store.js: {"insertSpaces":true,"tabSize":2}
plastimar-app/client/src/store/store.js: Applying configuration map...
plastimar-app/client/src/store/store.js: {"insertSpaces":true,"tabSize":2}
plastimar-app/client/src/store/auth.js: Applying configuration map...
plastimar-app/client/src/store/auth.js: {"insertSpaces":true,"tabSize":2}
/home/blackblex/Documentos/node-apps/back/src/components/Popup.vue: Applying configuration map...
/home/blackblex/Documentos/node-apps/back/src/components/Popup.vue: {"insertSpaces":true,"tabSize":2}
plastimar-app/client/src/views/Login.vue: Applying configuration map...
plastimar-app/client/src/views/Login.vue: {"insertSpaces":true,"tabSize":2}
/home/blackblex/Documentos/node-apps/back/src/components/Popup.vue: Applying configuration map...
/home/blackblex/Documentos/node-apps/back/src/components/Popup.vue: {"insertSpaces":true,"tabSize":2}
client/src/views/Login.vue: trimTrailingWhitespace()
client/src/store/auth.js: trimTrailingWhitespace()
plastimar-app/client/src/views/Login.vue: Applying configuration map...
plastimar-app/client/src/views/Login.vue: {"insertSpaces":true,"tabSize":2}
/home/blackblex/Documentos/node-apps/back/src/components/Popup.vue: Applying configuration map...
/home/blackblex/Documentos/node-apps/back/src/components/Popup.vue: {"insertSpaces":true,"tabSize":2}
plastimar-app/client/src/views/Login.vue: Applying configuration map...
plastimar-app/client/src/views/Login.vue: {"insertSpaces":true,"tabSize":2}
client/src/views/Login.vue: editor.action.trimTrailingWhitespace
/home/blackblex/Documentos/node-apps/back/src/components/Popup.vue: Applying configuration map...
/home/blackblex/Documentos/node-apps/back/src/components/Popup.vue: {"insertSpaces":true,"tabSize":2}
plastimar-app/client/src/store/auth.js: Applying configuration map...
plastimar-app/client/src/store/auth.js: {"insertSpaces":true,"tabSize":2}
plastimar-app/client/src/store/store.js: Applying configuration map...
plastimar-app/client/src/store/store.js: {"insertSpaces":true,"tabSize":2}
plastimar-app/client/src/store/auth.js: Applying configuration map...
plastimar-app/client/src/store/auth.js: {"insertSpaces":true,"tabSize":2}
plastimar-app/client/src/views/Login.vue: Applying configuration map...
plastimar-app/client/src/views/Login.vue: {"insertSpaces":true,"tabSize":2}
/home/blackblex/Documentos/node-apps/back/src/components/Popup.vue: Applying configuration map...
/home/blackblex/Documentos/node-apps/back/src/components/Popup.vue: {"insertSpaces":true,"tabSize":2}
plastimar-app/client/src/store/auth.js: Applying configuration map...
plastimar-app/client/src/store/auth.js: {"insertSpaces":true,"tabSize":2}
/home/blackblex/Documentos/node-apps/back/src/components/Popup.vue: Applying configuration map...
/home/blackblex/Documentos/node-apps/back/src/components/Popup.vue: {"insertSpaces":true,"tabSize":2}
plastimar-app/client/src/views/Login.vue: Applying configuration map...
plastimar-app/client/src/views/Login.vue: {"insertSpaces":true,"tabSize":2}
/home/blackblex/Documentos/node-apps/back/src/router.js: Applying configuration map...
/home/blackblex/Documentos/node-apps/back/src/router.js: {"insertSpaces":true,"tabSize":2}
client/src/views/Login.vue: trimTrailingWhitespace()
client/src/store/auth.js: trimTrailingWhitespace()
plastimar-app/client/src/views/Login.vue: Applying configuration map...
plastimar-app/client/src/views/Login.vue: {"insertSpaces":true,"tabSize":2}
plastimar-app/client/src/store/auth.js: Applying configuration map...
plastimar-app/client/src/store/auth.js: {"insertSpaces":true,"tabSize":2}
client/src/store/auth.js: editor.action.trimTrailingWhitespace
client/src/store/auth.js: editor.action.trimTrailingWhitespace
client/src/store/auth.js: editor.action.trimTrailingWhitespace
plastimar-app/client/src/store/store.js: Applying configuration map...
plastimar-app/client/src/store/store.js: {"insertSpaces":true,"tabSize":2}
plastimar-app/client/src/store/auth.js: Applying configuration map...
plastimar-app/client/src/store/auth.js: {"insertSpaces":true,"tabSize":2}
/home/blackblex/Documentos/node-apps/back/src/components/Popup.vue: Applying configuration map...
/home/blackblex/Documentos/node-apps/back/src/components/Popup.vue: {"insertSpaces":true,"tabSize":2}
plastimar-app/client/src/views/Login.vue: Applying configuration map...
plastimar-app/client/src/views/Login.vue: {"insertSpaces":true,"tabSize":2}
/home/blackblex/Documentos/node-apps/back/src/components/Popup.vue: Applying configuration map...
/home/blackblex/Documentos/node-apps/back/src/components/Popup.vue: {"insertSpaces":true,"tabSize":2}
plastimar-app/client/src/views/Login.vue: Applying configuration map...
plastimar-app/client/src/views/Login.vue: {"insertSpaces":true,"tabSize":2}
/home/blackblex/Documentos/node-apps/back/src/components/Popup.vue: Applying configuration map...
/home/blackblex/Documentos/node-apps/back/src/components/Popup.vue: {"insertSpaces":true,"tabSize":2}
client/src/store/auth.js: trimTrailingWhitespace()
/home/blackblex/Documentos/node-apps/back/src/components/Popup.vue: editor.action.trimTrailingWhitespace
plastimar-app/client/src/views/Login.vue: Applying configuration map...
plastimar-app/client/src/views/Login.vue: {"insertSpaces":true,"tabSize":2}
/home/blackblex/Documentos/node-apps/back/src/router.js: Applying configuration map...
/home/blackblex/Documentos/node-apps/back/src/router.js: {"insertSpaces":true,"tabSize":2}
/home/blackblex/Documentos/node-apps/back/src/store.js: Applying configuration map...
/home/blackblex/Documentos/node-apps/back/src/store.js: {"insertSpaces":true,"tabSize":2}
plastimar-app/client/src/store/store.js: Applying configuration map...
plastimar-app/client/src/store/store.js: {"insertSpaces":true,"tabSize":2}
plastimar-app/client/src/store/auth.js: Applying configuration map...
plastimar-app/client/src/store/auth.js: {"insertSpaces":true,"tabSize":2}
client/src/store/auth.js: editor.action.trimTrailingWhitespace
client/src/store/auth.js: editor.action.trimTrailingWhitespace
client/src/store/auth.js: editor.action.trimTrailingWhitespace
/home/blackblex/Documentos/node-apps/back/src/store.js: Applying configuration map...
/home/blackblex/Documentos/node-apps/back/src/store.js: {"insertSpaces":true,"tabSize":2}
plastimar-app/client/src/views/Login.vue: Applying configuration map...
plastimar-app/client/src/views/Login.vue: {"insertSpaces":true,"tabSize":2}
plastimar-app/client/src/store/auth.js: Applying configuration map...
plastimar-app/client/src/store/auth.js: {"insertSpaces":true,"tabSize":2}
plastimar-app/client/src/views/Login.vue: Applying configuration map...
plastimar-app/client/src/views/Login.vue: {"insertSpaces":true,"tabSize":2}
/home/blackblex/Documentos/node-apps/back/src/store.js: Applying configuration map...
/home/blackblex/Documentos/node-apps/back/src/store.js: {"insertSpaces":true,"tabSize":2}
plastimar-app/client/src/views/Login.vue: Applying configuration map...
plastimar-app/client/src/views/Login.vue: {"insertSpaces":true,"tabSize":2}
/home/blackblex/Documentos/node-apps/back/src/router.js: Applying configuration map...
/home/blackblex/Documentos/node-apps/back/src/router.js: {"insertSpaces":true,"tabSize":2}
plastimar-app/client/src/views/Login.vue: Applying configuration map...
plastimar-app/client/src/views/Login.vue: {"insertSpaces":true,"tabSize":2}
/home/blackblex/Documentos/node-apps/back/src/router.js: Applying configuration map...
/home/blackblex/Documentos/node-apps/back/src/router.js: {"insertSpaces":true,"tabSize":2}
plastimar-app/client/src/store/auth.js: Applying configuration map...
plastimar-app/client/src/store/auth.js: {"insertSpaces":true,"tabSize":2}
plastimar-app/client/src/store/store.js: Applying configuration map...
plastimar-app/client/src/store/store.js: {"insertSpaces":true,"tabSize":2}
plastimar-app/client/src/components/Navbar.vue: Applying configuration map...
plastimar-app/client/src/components/Navbar.vue: {"insertSpaces":true,"tabSize":2}
plastimar-app/client/src/views/Login.vue: Applying configuration map...
plastimar-app/client/src/views/Login.vue: {"insertSpaces":true,"tabSize":2}
plastimar-app/client/src/components/Navbar.vue: Applying configuration map...
plastimar-app/client/src/components/Navbar.vue: {"insertSpaces":true,"tabSize":2}
plastimar-app/client/src/views/Login.vue: Applying configuration map...
plastimar-app/client/src/views/Login.vue: {"insertSpaces":true,"tabSize":2}
plastimar-app/client/src/components/Navbar.vue: Applying configuration map...
plastimar-app/client/src/components/Navbar.vue: {"insertSpaces":true,"tabSize":2}
plastimar-app/client/src/views/Login.vue: Applying configuration map...
plastimar-app/client/src/views/Login.vue: {"insertSpaces":true,"tabSize":2}
plastimar-app/client/src/components/Navbar.vue: Applying configuration map...
plastimar-app/client/src/components/Navbar.vue: {"insertSpaces":true,"tabSize":2}
plastimar-app/client/src/views/Login.vue: Applying configuration map...
plastimar-app/client/src/views/Login.vue: {"insertSpaces":true,"tabSize":2}
plastimar-app/client/src/components/Navbar.vue: Applying configuration map...
plastimar-app/client/src/components/Navbar.vue: {"insertSpaces":true,"tabSize":2}
plastimar-app/client/src/store/auth.js: Applying configuration map...
plastimar-app/client/src/store/auth.js: {"insertSpaces":true,"tabSize":2}
plastimar-app/client/src/components/Navbar.vue: Applying configuration map...
plastimar-app/client/src/components/Navbar.vue: {"insertSpaces":true,"tabSize":2}
client/src/views/Login.vue: trimTrailingWhitespace()
client/src/store/auth.js: trimTrailingWhitespace()
client/src/components/Navbar.vue: editor.action.trimTrailingWhitespace
client/src/components/Navbar.vue: editor.action.trimTrailingWhitespace
plastimar-app/client/src/views/Login.vue: Applying configuration map...
plastimar-app/client/src/views/Login.vue: {"insertSpaces":true,"tabSize":2}
client/src/views/Login.vue: editor.action.trimTrailingWhitespace
plastimar-app/client/src/store/auth.js: Applying configuration map...
plastimar-app/client/src/store/auth.js: {"insertSpaces":true,"tabSize":2}
client/src/store/auth.js: editor.action.trimTrailingWhitespace
plastimar-app/client/src/auth.js: Using EditorConfig core...
plastimar-app/client/src/auth.js: {"insertSpaces":true,"tabSize":2}
client/src/auth.js: editor.action.trimTrailingWhitespace
client/src/auth.js: insertFinalNewline(LF)
client/src/auth.js: editor.action.trimTrailingWhitespace
client/src/auth.js: editor.action.trimTrailingWhitespace
client/src/auth.js: editor.action.trimTrailingWhitespace
client/src/auth.js: editor.action.trimTrailingWhitespace
client/src/auth.js: editor.action.trimTrailingWhitespace
client/src/auth.js: editor.action.trimTrailingWhitespace
client/src/auth.js: editor.action.trimTrailingWhitespace
client/src/auth.js: editor.action.trimTrailingWhitespace
client/src/auth.js: editor.action.trimTrailingWhitespace
client/src/auth.js: editor.action.trimTrailingWhitespace
client/src/auth.js: editor.action.trimTrailingWhitespace
client/src/auth.js: editor.action.trimTrailingWhitespace
client/src/auth.js: editor.action.trimTrailingWhitespace
client/src/auth.js: editor.action.trimTrailingWhitespace
client/src/auth.js: editor.action.trimTrailingWhitespace
client/src/auth.js: editor.action.trimTrailingWhitespace
client/src/auth.js: editor.action.trimTrailingWhitespace
plastimar-app/client/src/store/auth.js: Applying configuration map...
plastimar-app/client/src/store/auth.js: {"insertSpaces":true,"tabSize":2}
client/src/store/auth.js: editor.action.trimTrailingWhitespace
client/src/store/auth.js: editor.action.trimTrailingWhitespace
client/src/store/auth.js: editor.action.trimTrailingWhitespace
plastimar-app/client/src/auth.js: Applying configuration map...
plastimar-app/client/src/auth.js: {"insertSpaces":true,"tabSize":2}
client/src/auth.js: editor.action.trimTrailingWhitespace
client/src/auth.js: editor.action.trimTrailingWhitespace
plastimar-app/client/src/store/auth.js: Applying configuration map...
plastimar-app/client/src/store/auth.js: {"insertSpaces":true,"tabSize":2}
plastimar-app/client/src/auth.js: Applying configuration map...
plastimar-app/client/src/auth.js: {"insertSpaces":true,"tabSize":2}
plastimar-app/client/src/store/auth.js: Applying configuration map...
plastimar-app/client/src/store/auth.js: {"insertSpaces":true,"tabSize":2}
client/src/store/auth.js: editor.action.trimTrailingWhitespace
client/src/store/auth.js: editor.action.trimTrailingWhitespace
client/src/store/auth.js: editor.action.trimTrailingWhitespace
client/src/store/auth.js: editor.action.trimTrailingWhitespace
plastimar-app/client/src/components/Navbar.vue: Applying configuration map...
plastimar-app/client/src/components/Navbar.vue: {"insertSpaces":true,"tabSize":2}
plastimar-app/client/src/App.vue: Applying configuration map...
plastimar-app/client/src/App.vue: {"insertSpaces":true,"tabSize":2}
plastimar-app/client/src/components/Navbar.vue: Applying configuration map...
plastimar-app/client/src/components/Navbar.vue: {"insertSpaces":true,"tabSize":2}
plastimar-app/client/src/App.vue: Applying configuration map...
plastimar-app/client/src/App.vue: {"insertSpaces":true,"tabSize":2}
client/src/App.vue: editor.action.trimTrailingWhitespace
client/src/App.vue: editor.action.trimTrailingWhitespace
client/src/App.vue: editor.action.trimTrailingWhitespace
plastimar-app/client/src/components/Navbar.vue: Applying configuration map...
plastimar-app/client/src/components/Navbar.vue: {"insertSpaces":true,"tabSize":2}
plastimar-app/client/src/App.vue: Applying configuration map...
plastimar-app/client/src/App.vue: {"insertSpaces":true,"tabSize":2}
client/src/App.vue: editor.action.trimTrailingWhitespace
plastimar-app/client/src/store/auth.js: Applying configuration map...
plastimar-app/client/src/store/auth.js: {"insertSpaces":true,"tabSize":2}
client/src/App.vue: trimTrailingWhitespace()
plastimar-app/client/src/App.vue: Applying configuration map...
plastimar-app/client/src/App.vue: {"insertSpaces":true,"tabSize":2}
client/src/App.vue: editor.action.trimTrailingWhitespace
plastimar-app/client/src/components/Navbar.vue: Applying configuration map...
plastimar-app/client/src/components/Navbar.vue: {"insertSpaces":true,"tabSize":2}
plastimar-app/client/src/store/auth.js: Applying configuration map...
plastimar-app/client/src/store/auth.js: {"insertSpaces":true,"tabSize":2}
plastimar-app/client/src/App.vue: Applying configuration map...
plastimar-app/client/src/App.vue: {"insertSpaces":true,"tabSize":2}
plastimar-app/client/src/components/Navbar.vue: Applying configuration map...
plastimar-app/client/src/components/Navbar.vue: {"insertSpaces":true,"tabSize":2}
/home/blackblex/Documentos/node-apps/back/src/components/Navbar.vue: Using EditorConfig core...
/home/blackblex/Documentos/node-apps/back/src/components/Navbar.vue: {"insertSpaces":true,"tabSize":2}
plastimar-app/client/src/components/Navbar.vue: Applying configuration map...
plastimar-app/client/src/components/Navbar.vue: {"insertSpaces":true,"tabSize":2}
client/src/components/Navbar.vue: editor.action.trimTrailingWhitespace
plastimar-app/client/src/store/store.js: Applying configuration map...
plastimar-app/client/src/store/store.js: {"insertSpaces":true,"tabSize":2}
plastimar-app/client/src/components/Navbar.vue: Applying configuration map...
plastimar-app/client/src/components/Navbar.vue: {"insertSpaces":true,"tabSize":2}
plastimar-app/client/src/views/Login.vue: Applying configuration map...
plastimar-app/client/src/views/Login.vue: {"insertSpaces":true,"tabSize":2}
/home/blackblex/Documentos/node-apps/back/src/router.js: Applying configuration map...
/home/blackblex/Documentos/node-apps/back/src/router.js: {"insertSpaces":true,"tabSize":2}
plastimar-app/client/src/store/auth.js: Applying configuration map...
plastimar-app/client/src/store/auth.js: {"insertSpaces":true,"tabSize":2}
client/src/store/auth.js: editor.action.trimTrailingWhitespace
plastimar-app/client/src/App.vue: Applying configuration map...
plastimar-app/client/src/App.vue: {"insertSpaces":true,"tabSize":2}
plastimar-app/client/src/store/auth.js: Applying configuration map...
plastimar-app/client/src/store/auth.js: {"insertSpaces":true,"tabSize":2}
plastimar-app/client/src/store/store.js: Applying configuration map...
plastimar-app/client/src/store/store.js: {"insertSpaces":true,"tabSize":2}
plastimar-app/client/src/store/auth.js: Applying configuration map...
plastimar-app/client/src/store/auth.js: {"insertSpaces":true,"tabSize":2}
/home/blackblex/Documentos/node-apps/back/src/router.js: Applying configuration map...
/home/blackblex/Documentos/node-apps/back/src/router.js: {"insertSpaces":true,"tabSize":2}
/home/blackblex/Documentos/node-apps/back/src/store.js: Applying configuration map...
/home/blackblex/Documentos/node-apps/back/src/store.js: {"insertSpaces":true,"tabSize":2}
/home/blackblex/Documentos/node-apps/back/src/router.js: Applying configuration map...
/home/blackblex/Documentos/node-apps/back/src/router.js: {"insertSpaces":true,"tabSize":2}
plastimar-app/client/src/main.js: Applying configuration map...
plastimar-app/client/src/main.js: {"insertSpaces":true,"tabSize":2}
client/src/main.js: editor.action.trimTrailingWhitespace
client/src/main.js: editor.action.trimTrailingWhitespace
client/src/main.js: editor.action.trimTrailingWhitespace
client/src/main.js: editor.action.trimTrailingWhitespace
client/src/main.js: editor.action.trimTrailingWhitespace
client/src/main.js: editor.action.trimTrailingWhitespace
client/src/main.js: editor.action.trimTrailingWhitespace
client/src/main.js: editor.action.trimTrailingWhitespace
client/src/main.js: editor.action.trimTrailingWhitespace
/home/blackblex/Documentos/node-apps/back/src/store.js: Applying configuration map...
/home/blackblex/Documentos/node-apps/back/src/store.js: {"insertSpaces":true,"tabSize":2}
plastimar-app/client/src/store/auth.js: Applying configuration map...
plastimar-app/client/src/store/auth.js: {"insertSpaces":true,"tabSize":2}
plastimar-app/client/src/main.js: Applying configuration map...
plastimar-app/client/src/main.js: {"insertSpaces":true,"tabSize":2}
client/src/main.js: editor.action.trimTrailingWhitespace
client/src/main.js: editor.action.trimTrailingWhitespace
client/src/main.js: editor.action.trimTrailingWhitespace
client/src/main.js: editor.action.trimTrailingWhitespace
client/src/main.js: editor.action.trimTrailingWhitespace
client/src/main.js: editor.action.trimTrailingWhitespace
client/src/main.js: editor.action.trimTrailingWhitespace
client/src/main.js: editor.action.trimTrailingWhitespace
client/src/main.js: editor.action.trimTrailingWhitespace
client/src/main.js: editor.action.trimTrailingWhitespace
client/src/main.js: editor.action.trimTrailingWhitespace
client/src/main.js: editor.action.trimTrailingWhitespace
client/src/main.js: editor.action.trimTrailingWhitespace
client/src/main.js: editor.action.trimTrailingWhitespace
client/src/main.js: editor.action.trimTrailingWhitespace
/home/blackblex/Documentos/node-apps/back/src/router.js: Applying configuration map...
/home/blackblex/Documentos/node-apps/back/src/router.js: {"insertSpaces":true,"tabSize":2}
plastimar-app/client/src/router.js: Applying configuration map...
plastimar-app/client/src/router.js: {"insertSpaces":true,"tabSize":2}
/home/blackblex/Documentos/node-apps/back/src/router.js: Applying configuration map...
/home/blackblex/Documentos/node-apps/back/src/router.js: {"insertSpaces":true,"tabSize":2}
plastimar-app/client/src/router.js: Applying configuration map...
plastimar-app/client/src/router.js: {"insertSpaces":true,"tabSize":2}
/home/blackblex/Documentos/node-apps/back/src/router.js: Applying configuration map...
/home/blackblex/Documentos/node-apps/back/src/router.js: {"insertSpaces":true,"tabSize":2}
plastimar-app/client/src/router.js: Applying configuration map...
plastimar-app/client/src/router.js: {"insertSpaces":true,"tabSize":2}
client/src/router.js: editor.action.trimTrailingWhitespace
/home/blackblex/Documentos/node-apps/back/src/router.js: Applying configuration map...
/home/blackblex/Documentos/node-apps/back/src/router.js: {"insertSpaces":true,"tabSize":2}
plastimar-app/client/src/router.js: Applying configuration map...
plastimar-app/client/src/router.js: {"insertSpaces":true,"tabSize":2}
/home/blackblex/Documentos/node-apps/back/src/router.js: Applying configuration map...
/home/blackblex/Documentos/node-apps/back/src/router.js: {"insertSpaces":true,"tabSize":2}
plastimar-app/client/src/router.js: Applying configuration map...
plastimar-app/client/src/router.js: {"insertSpaces":true,"tabSize":2}
client/src/router.js: editor.action.trimTrailingWhitespace
client/src/router.js: editor.action.trimTrailingWhitespace
/home/blackblex/Documentos/node-apps/back/src/router.js: Applying configuration map...
/home/blackblex/Documentos/node-apps/back/src/router.js: {"insertSpaces":true,"tabSize":2}
plastimar-app/client/src/router.js: Applying configuration map...
plastimar-app/client/src/router.js: {"insertSpaces":true,"tabSize":2}
client/src/router.js: editor.action.trimTrailingWhitespace
client/src/router.js: editor.action.trimTrailingWhitespace
plastimar-app/client/src/main.js: Applying configuration map...
plastimar-app/client/src/main.js: {"insertSpaces":true,"tabSize":2}
plastimar-app/client/src/router.js: Applying configuration map...
plastimar-app/client/src/router.js: {"insertSpaces":true,"tabSize":2}
plastimar-app/client/src/main.js: Applying configuration map...
plastimar-app/client/src/main.js: {"insertSpaces":true,"tabSize":2}
plastimar-app/client/src/router.js: Applying configuration map...
plastimar-app/client/src/router.js: {"insertSpaces":true,"tabSize":2}
plastimar-app/client/src/main.js: Applying configuration map...
plastimar-app/client/src/main.js: {"insertSpaces":true,"tabSize":2}
plastimar-app/client/src/router.js: Applying configuration map...
plastimar-app/client/src/router.js: {"insertSpaces":true,"tabSize":2}
client/src/router.js: editor.action.trimTrailingWhitespace
client/src/router.js: editor.action.trimTrailingWhitespace
client/src/router.js: editor.action.trimTrailingWhitespace
client/src/router.js: editor.action.trimTrailingWhitespace
client/src/router.js: editor.action.trimTrailingWhitespace
client/src/router.js: editor.action.trimTrailingWhitespace
client/src/router.js: editor.action.trimTrailingWhitespace
client/src/router.js: editor.action.trimTrailingWhitespace
client/src/router.js: editor.action.trimTrailingWhitespace
client/src/router.js: editor.action.trimTrailingWhitespace
client/src/router.js: editor.action.trimTrailingWhitespace
client/src/router.js: editor.action.trimTrailingWhitespace
client/src/router.js: editor.action.trimTrailingWhitespace
client/src/router.js: editor.action.trimTrailingWhitespace
client/src/router.js: editor.action.trimTrailingWhitespace
/home/blackblex/Documentos/node-apps/back/src/router.js: Applying configuration map...
/home/blackblex/Documentos/node-apps/back/src/router.js: {"insertSpaces":true,"tabSize":2}
/home/blackblex/Documentos/node-apps/back/src/router.js: editor.action.trimTrailingWhitespace
/home/blackblex/Documentos/node-apps/back/src/router.js: editor.action.trimTrailingWhitespace
/home/blackblex/Documentos/node-apps/back/src/router.js: editor.action.trimTrailingWhitespace
/home/blackblex/Documentos/node-apps/back/src/router.js: editor.action.trimTrailingWhitespace
/home/blackblex/Documentos/node-apps/back/src/router.js: editor.action.trimTrailingWhitespace
/home/blackblex/Documentos/node-apps/back/src/router.js: editor.action.trimTrailingWhitespace
plastimar-app/client/src/router.js: Applying configuration map...
plastimar-app/client/src/router.js: {"insertSpaces":true,"tabSize":2}
/home/blackblex/Documentos/node-apps/back/src/router.js: Applying configuration map...
/home/blackblex/Documentos/node-apps/back/src/router.js: {"insertSpaces":true,"tabSize":2}
plastimar-app/client/src/router.js: Applying configuration map...
plastimar-app/client/src/router.js: {"insertSpaces":true,"tabSize":2}
/home/blackblex/Documentos/node-apps/back/src/router.js: Applying configuration map...
/home/blackblex/Documentos/node-apps/back/src/router.js: {"insertSpaces":true,"tabSize":2}
plastimar-app/client/src/router.js: Applying configuration map...
plastimar-app/client/src/router.js: {"insertSpaces":true,"tabSize":2}
plastimar-app/client/src/main.js: Applying configuration map...
plastimar-app/client/src/main.js: {"insertSpaces":true,"tabSize":2}
plastimar-app/client/src/router.js: Applying configuration map...
plastimar-app/client/src/router.js: {"insertSpaces":true,"tabSize":2}
/home/blackblex/Documentos/node-apps/back/src/router.js: Applying configuration map...
/home/blackblex/Documentos/node-apps/back/src/router.js: {"insertSpaces":true,"tabSize":2}
plastimar-app/client/src/router.js: Applying configuration map...
plastimar-app/client/src/router.js: {"insertSpaces":true,"tabSize":2}
client/src/router.js: editor.action.trimTrailingWhitespace
client/src/router.js: editor.action.trimTrailingWhitespace
client/src/router.js: editor.action.trimTrailingWhitespace
client/src/router.js: editor.action.trimTrailingWhitespace
client/src/router.js: editor.action.trimTrailingWhitespace
client/src/router.js: editor.action.trimTrailingWhitespace
client/src/router.js: editor.action.trimTrailingWhitespace
client/src/router.js: editor.action.trimTrailingWhitespace
client/src/router.js: editor.action.trimTrailingWhitespace
client/src/router.js: editor.action.trimTrailingWhitespace
client/src/router.js: editor.action.trimTrailingWhitespace
client/src/router.js: editor.action.trimTrailingWhitespace
client/src/router.js: editor.action.trimTrailingWhitespace
client/src/router.js: editor.action.trimTrailingWhitespace
client/src/router.js: editor.action.trimTrailingWhitespace
plastimar-app/client/src/main.js: Applying configuration map...
plastimar-app/client/src/main.js: {"insertSpaces":true,"tabSize":2}
plastimar-app/client/src/router.js: Applying configuration map...
plastimar-app/client/src/router.js: {"insertSpaces":true,"tabSize":2}
plastimar-app/client/src/main.js: Applying configuration map...
plastimar-app/client/src/main.js: {"insertSpaces":true,"tabSize":2}
plastimar-app/client/src/router.js: Applying configuration map...
plastimar-app/client/src/router.js: {"insertSpaces":true,"tabSize":2}
plastimar-app/client/src/main.js: Applying configuration map...
plastimar-app/client/src/main.js: {"insertSpaces":true,"tabSize":2}
plastimar-app/client/src/router.js: Applying configuration map...
plastimar-app/client/src/router.js: {"insertSpaces":true,"tabSize":2}
client/src/router.js: editor.action.trimTrailingWhitespace
plastimar-app/client/src/main.js: Applying configuration map...
plastimar-app/client/src/main.js: {"insertSpaces":true,"tabSize":2}
plastimar-app/client/src/router.js: Applying configuration map...
plastimar-app/client/src/router.js: {"insertSpaces":true,"tabSize":2}
plastimar-app/client/src/main.js: Applying configuration map...
plastimar-app/client/src/main.js: {"insertSpaces":true,"tabSize":2}
plastimar-app/client/src/router.js: Applying configuration map...
plastimar-app/client/src/router.js: {"insertSpaces":true,"tabSize":2}
client/src/router.js: editor.action.trimTrailingWhitespace
client/src/router.js: editor.action.trimTrailingWhitespace
client/src/router.js: editor.action.trimTrailingWhitespace
plastimar-app/client/src/views/Login.vue: Applying configuration map...
plastimar-app/client/src/views/Login.vue: {"insertSpaces":true,"tabSize":2}
plastimar-app/client/src/router.js: Applying configuration map...
plastimar-app/client/src/router.js: {"insertSpaces":true,"tabSize":2}
plastimar-app/client/src/App.vue: Applying configuration map...
plastimar-app/client/src/App.vue: {"insertSpaces":true,"tabSize":2}
plastimar-app/client/src/router.js: Applying configuration map...
plastimar-app/client/src/router.js: {"insertSpaces":true,"tabSize":2}
plastimar-app/client/src/store/auth.js: Applying configuration map...
plastimar-app/client/src/store/auth.js: {"insertSpaces":true,"tabSize":2}
plastimar-app/client/src/router.js: Applying configuration map...
plastimar-app/client/src/router.js: {"insertSpaces":true,"tabSize":2}
plastimar-app/client/src/App.vue: Applying configuration map...
plastimar-app/client/src/App.vue: {"insertSpaces":true,"tabSize":2}
plastimar-app/client/src/router.js: Applying configuration map...
plastimar-app/client/src/router.js: {"insertSpaces":true,"tabSize":2}
client/src/router.js: editor.action.trimTrailingWhitespace
client/src/router.js: editor.action.trimTrailingWhitespace
client/src/router.js: editor.action.trimTrailingWhitespace
