[2018-12-28 11:23:51.077] [exthost] [info] extension host started
[2018-12-28 11:23:51.101] [exthost] [info] ExtensionService#_doActivateExtension vscode.debug-auto-launch {"startup":true,"activationEvent":"*"}
[2018-12-28 11:23:51.101] [exthost] [info] ExtensionService#loadCommonJSModule /opt/visual-studio-code/resources/app/extensions/debug-auto-launch/dist/extension
[2018-12-28 11:23:51.132] [exthost] [info] ExtensionService#_doActivateExtension vscode.emmet {"startup":true,"activationEvent":"*"}
[2018-12-28 11:23:51.132] [exthost] [info] ExtensionService#loadCommonJSModule /opt/visual-studio-code/resources/app/extensions/emmet/dist/extension
[2018-12-28 11:23:51.172] [exthost] [info] ExtensionService#_doActivateExtension vscode.git {"startup":true,"activationEvent":"*"}
[2018-12-28 11:23:51.172] [exthost] [info] ExtensionService#loadCommonJSModule /opt/visual-studio-code/resources/app/extensions/git/dist/main
[2018-12-28 11:23:51.379] [exthost] [info] ExtensionService#_doActivateExtension vscode.merge-conflict {"startup":true,"activationEvent":"*"}
[2018-12-28 11:23:51.379] [exthost] [info] ExtensionService#loadCommonJSModule /opt/visual-studio-code/resources/app/extensions/merge-conflict/dist/extension
[2018-12-28 11:23:51.418] [exthost] [info] ExtensionService#_doActivateExtension christian-kohler.path-intellisense {"startup":true,"activationEvent":"*"}
[2018-12-28 11:23:51.418] [exthost] [info] ExtensionService#loadCommonJSModule /home/blackblex/.vscode/extensions/christian-kohler.path-intellisense-1.4.2/out/src/extension
[2018-12-28 11:23:51.799] [exthost] [info] ExtensionService#_doActivateExtension eamodio.gitlens {"startup":true,"activationEvent":"*"}
[2018-12-28 11:23:51.799] [exthost] [info] ExtensionService#loadCommonJSModule /home/blackblex/.vscode/extensions/eamodio.gitlens-9.2.3/dist/extension
[2018-12-28 11:23:52.122] [exthost] [info] ExtensionService#_doActivateExtension EditorConfig.EditorConfig {"startup":true,"activationEvent":"*"}
[2018-12-28 11:23:52.122] [exthost] [info] ExtensionService#loadCommonJSModule /home/blackblex/.vscode/extensions/editorconfig.editorconfig-0.12.6/out/src/editorConfigMain
[2018-12-28 11:23:52.999] [exthost] [info] ExtensionService#_doActivateExtension formulahendry.auto-rename-tag {"startup":true,"activationEvent":"*"}
[2018-12-28 11:23:52.999] [exthost] [info] ExtensionService#loadCommonJSModule /home/blackblex/.vscode/extensions/formulahendry.auto-rename-tag-0.0.15/out/src/extension
[2018-12-28 11:23:53.004] [exthost] [info] ExtensionService#_doActivateExtension PKief.material-icon-theme {"startup":true,"activationEvent":"*"}
[2018-12-28 11:23:53.004] [exthost] [info] ExtensionService#loadCommonJSModule /home/blackblex/.vscode/extensions/pkief.material-icon-theme-3.6.2/out/src/extension
[2018-12-28 11:23:53.823] [exthost] [info] ExtensionService#_doActivateExtension Zignd.html-css-class-completion {"startup":true,"activationEvent":"*"}
[2018-12-28 11:23:53.823] [exthost] [info] ExtensionService#loadCommonJSModule /home/blackblex/.vscode/extensions/zignd.html-css-class-completion-1.17.1/out/src/extension
[2018-12-28 11:24:00.079] [exthost] [info] eager extensions activated
[2018-12-28 11:27:13.168] [exthost] [info] extension host started
[2018-12-28 11:27:13.210] [exthost] [info] ExtensionService#_doActivateExtension vscode.debug-auto-launch {"startup":true,"activationEvent":"*"}
[2018-12-28 11:27:13.211] [exthost] [info] ExtensionService#loadCommonJSModule /opt/visual-studio-code/resources/app/extensions/debug-auto-launch/dist/extension
[2018-12-28 11:27:13.214] [exthost] [info] ExtensionService#_doActivateExtension vscode.emmet {"startup":true,"activationEvent":"*"}
[2018-12-28 11:27:13.215] [exthost] [info] ExtensionService#loadCommonJSModule /opt/visual-studio-code/resources/app/extensions/emmet/dist/extension
[2018-12-28 11:27:13.223] [exthost] [info] ExtensionService#_doActivateExtension vscode.git {"startup":true,"activationEvent":"*"}
[2018-12-28 11:27:13.223] [exthost] [info] ExtensionService#loadCommonJSModule /opt/visual-studio-code/resources/app/extensions/git/dist/main
[2018-12-28 11:27:13.258] [exthost] [info] ExtensionService#_doActivateExtension vscode.merge-conflict {"startup":true,"activationEvent":"*"}
[2018-12-28 11:27:13.259] [exthost] [info] ExtensionService#loadCommonJSModule /opt/visual-studio-code/resources/app/extensions/merge-conflict/dist/extension
[2018-12-28 11:27:13.267] [exthost] [info] ExtensionService#_doActivateExtension christian-kohler.path-intellisense {"startup":true,"activationEvent":"*"}
[2018-12-28 11:27:13.267] [exthost] [info] ExtensionService#loadCommonJSModule /home/blackblex/.vscode/extensions/christian-kohler.path-intellisense-1.4.2/out/src/extension
[2018-12-28 11:27:13.280] [exthost] [info] ExtensionService#_doActivateExtension eamodio.gitlens {"startup":true,"activationEvent":"*"}
[2018-12-28 11:27:13.280] [exthost] [info] ExtensionService#loadCommonJSModule /home/blackblex/.vscode/extensions/eamodio.gitlens-9.2.4/dist/extension
[2018-12-28 11:27:13.496] [exthost] [info] ExtensionService#_doActivateExtension EditorConfig.EditorConfig {"startup":true,"activationEvent":"*"}
[2018-12-28 11:27:13.496] [exthost] [info] ExtensionService#loadCommonJSModule /home/blackblex/.vscode/extensions/editorconfig.editorconfig-0.12.6/out/src/editorConfigMain
[2018-12-28 11:27:13.523] [exthost] [info] ExtensionService#_doActivateExtension formulahendry.auto-rename-tag {"startup":true,"activationEvent":"*"}
[2018-12-28 11:27:13.523] [exthost] [info] ExtensionService#loadCommonJSModule /home/blackblex/.vscode/extensions/formulahendry.auto-rename-tag-0.0.15/out/src/extension
[2018-12-28 11:27:13.525] [exthost] [info] ExtensionService#_doActivateExtension PKief.material-icon-theme {"startup":true,"activationEvent":"*"}
[2018-12-28 11:27:13.525] [exthost] [info] ExtensionService#loadCommonJSModule /home/blackblex/.vscode/extensions/pkief.material-icon-theme-3.6.2/out/src/extension
[2018-12-28 11:27:13.558] [exthost] [info] ExtensionService#_doActivateExtension Zignd.html-css-class-completion {"startup":true,"activationEvent":"*"}
[2018-12-28 11:27:13.559] [exthost] [info] ExtensionService#loadCommonJSModule /home/blackblex/.vscode/extensions/zignd.html-css-class-completion-1.17.1/out/src/extension
[2018-12-28 11:27:13.921] [exthost] [info] eager extensions activated
[2018-12-28 11:28:04.170] [exthost] [info] extension host started
[2018-12-28 11:28:04.191] [exthost] [info] ExtensionService#_doActivateExtension vscode.debug-auto-launch {"startup":true,"activationEvent":"*"}
[2018-12-28 11:28:04.192] [exthost] [info] ExtensionService#loadCommonJSModule /opt/visual-studio-code/resources/app/extensions/debug-auto-launch/dist/extension
[2018-12-28 11:28:04.194] [exthost] [info] ExtensionService#_doActivateExtension vscode.emmet {"startup":true,"activationEvent":"*"}
[2018-12-28 11:28:04.194] [exthost] [info] ExtensionService#loadCommonJSModule /opt/visual-studio-code/resources/app/extensions/emmet/dist/extension
[2018-12-28 11:28:04.198] [exthost] [info] ExtensionService#_doActivateExtension vscode.git {"startup":true,"activationEvent":"*"}
[2018-12-28 11:28:04.198] [exthost] [info] ExtensionService#loadCommonJSModule /opt/visual-studio-code/resources/app/extensions/git/dist/main
[2018-12-28 11:28:04.226] [exthost] [info] ExtensionService#_doActivateExtension vscode.merge-conflict {"startup":true,"activationEvent":"*"}
[2018-12-28 11:28:04.226] [exthost] [info] ExtensionService#loadCommonJSModule /opt/visual-studio-code/resources/app/extensions/merge-conflict/dist/extension
[2018-12-28 11:28:04.233] [exthost] [info] ExtensionService#_doActivateExtension christian-kohler.path-intellisense {"startup":true,"activationEvent":"*"}
[2018-12-28 11:28:04.233] [exthost] [info] ExtensionService#loadCommonJSModule /home/blackblex/.vscode/extensions/christian-kohler.path-intellisense-1.4.2/out/src/extension
[2018-12-28 11:28:04.240] [exthost] [info] ExtensionService#_doActivateExtension eamodio.gitlens {"startup":true,"activationEvent":"*"}
[2018-12-28 11:28:04.240] [exthost] [info] ExtensionService#loadCommonJSModule /home/blackblex/.vscode/extensions/eamodio.gitlens-9.2.4/dist/extension
[2018-12-28 11:28:04.271] [exthost] [info] ExtensionService#_doActivateExtension EditorConfig.EditorConfig {"startup":true,"activationEvent":"*"}
[2018-12-28 11:28:04.271] [exthost] [info] ExtensionService#loadCommonJSModule /home/blackblex/.vscode/extensions/editorconfig.editorconfig-0.12.6/out/src/editorConfigMain
[2018-12-28 11:28:04.292] [exthost] [info] ExtensionService#_doActivateExtension formulahendry.auto-rename-tag {"startup":true,"activationEvent":"*"}
[2018-12-28 11:28:04.292] [exthost] [info] ExtensionService#loadCommonJSModule /home/blackblex/.vscode/extensions/formulahendry.auto-rename-tag-0.0.15/out/src/extension
[2018-12-28 11:28:04.293] [exthost] [info] ExtensionService#_doActivateExtension PKief.material-icon-theme {"startup":true,"activationEvent":"*"}
[2018-12-28 11:28:04.293] [exthost] [info] ExtensionService#loadCommonJSModule /home/blackblex/.vscode/extensions/pkief.material-icon-theme-3.6.2/out/src/extension
[2018-12-28 11:28:04.318] [exthost] [info] ExtensionService#_doActivateExtension Zignd.html-css-class-completion {"startup":true,"activationEvent":"*"}
[2018-12-28 11:28:04.318] [exthost] [info] ExtensionService#loadCommonJSModule /home/blackblex/.vscode/extensions/zignd.html-css-class-completion-1.17.1/out/src/extension
[2018-12-28 11:28:04.600] [exthost] [info] eager extensions activated
[2018-12-28 11:28:04.693] [exthost] [info] ExtensionService#_doActivateExtension octref.vetur {"startup":false,"activationEvent":"onLanguage:vue"}
[2018-12-28 11:28:04.693] [exthost] [info] ExtensionService#loadCommonJSModule /home/blackblex/.vscode/extensions/octref.vetur-0.14.4/dist/client/vueMain
