[2018-12-31 13:48:27.328] [exthost] [info] extension host started
[2018-12-31 13:48:27.366] [exthost] [info] ExtensionService#_doActivateExtension vscode.debug-auto-launch {"startup":true,"activationEvent":"*"}
[2018-12-31 13:48:27.366] [exthost] [info] ExtensionService#loadCommonJSModule /opt/visual-studio-code/resources/app/extensions/debug-auto-launch/dist/extension
[2018-12-31 13:48:27.780] [exthost] [info] ExtensionService#_doActivateExtension vscode.emmet {"startup":true,"activationEvent":"*"}
[2018-12-31 13:48:27.780] [exthost] [info] ExtensionService#loadCommonJSModule /opt/visual-studio-code/resources/app/extensions/emmet/dist/extension
[2018-12-31 13:48:27.818] [exthost] [info] ExtensionService#_doActivateExtension vscode.git {"startup":true,"activationEvent":"*"}
[2018-12-31 13:48:27.818] [exthost] [info] ExtensionService#loadCommonJSModule /opt/visual-studio-code/resources/app/extensions/git/dist/main
[2018-12-31 13:48:28.610] [exthost] [info] ExtensionService#_doActivateExtension vscode.merge-conflict {"startup":true,"activationEvent":"*"}
[2018-12-31 13:48:28.610] [exthost] [info] ExtensionService#loadCommonJSModule /opt/visual-studio-code/resources/app/extensions/merge-conflict/dist/extension
[2018-12-31 13:48:28.766] [exthost] [info] ExtensionService#_doActivateExtension christian-kohler.path-intellisense {"startup":true,"activationEvent":"*"}
[2018-12-31 13:48:28.766] [exthost] [info] ExtensionService#loadCommonJSModule /home/blackblex/.vscode/extensions/christian-kohler.path-intellisense-1.4.2/out/src/extension
[2018-12-31 13:48:30.656] [exthost] [info] ExtensionService#_doActivateExtension eamodio.gitlens {"startup":true,"activationEvent":"*"}
[2018-12-31 13:48:30.656] [exthost] [info] ExtensionService#loadCommonJSModule /home/blackblex/.vscode/extensions/eamodio.gitlens-9.2.4/dist/extension
[2018-12-31 13:48:30.777] [exthost] [info] ExtensionService#_doActivateExtension EditorConfig.EditorConfig {"startup":true,"activationEvent":"*"}
[2018-12-31 13:48:30.777] [exthost] [info] ExtensionService#loadCommonJSModule /home/blackblex/.vscode/extensions/editorconfig.editorconfig-0.12.6/out/src/editorConfigMain
[2018-12-31 13:48:31.769] [exthost] [info] ExtensionService#_doActivateExtension formulahendry.auto-rename-tag {"startup":true,"activationEvent":"*"}
[2018-12-31 13:48:31.769] [exthost] [info] ExtensionService#loadCommonJSModule /home/blackblex/.vscode/extensions/formulahendry.auto-rename-tag-0.0.15/out/src/extension
[2018-12-31 13:48:31.786] [exthost] [info] ExtensionService#_doActivateExtension PKief.material-icon-theme {"startup":true,"activationEvent":"*"}
[2018-12-31 13:48:31.786] [exthost] [info] ExtensionService#loadCommonJSModule /home/blackblex/.vscode/extensions/pkief.material-icon-theme-3.6.2/out/src/extension
[2018-12-31 13:48:32.460] [exthost] [info] ExtensionService#_doActivateExtension Zignd.html-css-class-completion {"startup":true,"activationEvent":"*"}
[2018-12-31 13:48:32.460] [exthost] [info] ExtensionService#loadCommonJSModule /home/blackblex/.vscode/extensions/zignd.html-css-class-completion-1.17.1/out/src/extension
[2018-12-31 13:48:39.439] [exthost] [info] eager extensions activated
[2018-12-31 14:03:19.165] [exthost] [info] extension host started
[2018-12-31 14:03:19.300] [exthost] [info] ExtensionService#_doActivateExtension vscode.debug-auto-launch {"startup":true,"activationEvent":"*"}
[2018-12-31 14:03:19.300] [exthost] [info] ExtensionService#loadCommonJSModule /opt/visual-studio-code/resources/app/extensions/debug-auto-launch/dist/extension
[2018-12-31 14:03:19.303] [exthost] [info] ExtensionService#_doActivateExtension vscode.emmet {"startup":true,"activationEvent":"*"}
[2018-12-31 14:03:19.303] [exthost] [info] ExtensionService#loadCommonJSModule /opt/visual-studio-code/resources/app/extensions/emmet/dist/extension
[2018-12-31 14:03:19.309] [exthost] [info] ExtensionService#_doActivateExtension vscode.git {"startup":true,"activationEvent":"*"}
[2018-12-31 14:03:19.309] [exthost] [info] ExtensionService#loadCommonJSModule /opt/visual-studio-code/resources/app/extensions/git/dist/main
[2018-12-31 14:03:19.348] [exthost] [info] ExtensionService#_doActivateExtension vscode.merge-conflict {"startup":true,"activationEvent":"*"}
[2018-12-31 14:03:19.348] [exthost] [info] ExtensionService#loadCommonJSModule /opt/visual-studio-code/resources/app/extensions/merge-conflict/dist/extension
[2018-12-31 14:03:19.361] [exthost] [info] ExtensionService#_doActivateExtension christian-kohler.path-intellisense {"startup":true,"activationEvent":"*"}
[2018-12-31 14:03:19.361] [exthost] [info] ExtensionService#loadCommonJSModule /home/blackblex/.vscode/extensions/christian-kohler.path-intellisense-1.4.2/out/src/extension
[2018-12-31 14:03:19.372] [exthost] [info] ExtensionService#_doActivateExtension eamodio.gitlens {"startup":true,"activationEvent":"*"}
[2018-12-31 14:03:19.372] [exthost] [info] ExtensionService#loadCommonJSModule /home/blackblex/.vscode/extensions/eamodio.gitlens-9.2.4/dist/extension
[2018-12-31 14:03:19.411] [exthost] [info] ExtensionService#_doActivateExtension EditorConfig.EditorConfig {"startup":true,"activationEvent":"*"}
[2018-12-31 14:03:19.411] [exthost] [info] ExtensionService#loadCommonJSModule /home/blackblex/.vscode/extensions/editorconfig.editorconfig-0.12.6/out/src/editorConfigMain
[2018-12-31 14:03:19.437] [exthost] [info] ExtensionService#_doActivateExtension formulahendry.auto-rename-tag {"startup":true,"activationEvent":"*"}
[2018-12-31 14:03:19.437] [exthost] [info] ExtensionService#loadCommonJSModule /home/blackblex/.vscode/extensions/formulahendry.auto-rename-tag-0.0.15/out/src/extension
[2018-12-31 14:03:19.441] [exthost] [info] ExtensionService#_doActivateExtension PKief.material-icon-theme {"startup":true,"activationEvent":"*"}
[2018-12-31 14:03:19.441] [exthost] [info] ExtensionService#loadCommonJSModule /home/blackblex/.vscode/extensions/pkief.material-icon-theme-3.6.2/out/src/extension
[2018-12-31 14:03:19.476] [exthost] [info] ExtensionService#_doActivateExtension Zignd.html-css-class-completion {"startup":true,"activationEvent":"*"}
[2018-12-31 14:03:19.476] [exthost] [info] ExtensionService#loadCommonJSModule /home/blackblex/.vscode/extensions/zignd.html-css-class-completion-1.17.1/out/src/extension
[2018-12-31 14:03:19.893] [exthost] [info] ExtensionService#_doActivateExtension octref.vetur {"startup":false,"activationEvent":"onLanguage:vue"}
[2018-12-31 14:03:19.893] [exthost] [info] ExtensionService#loadCommonJSModule /home/blackblex/.vscode/extensions/octref.vetur-0.14.4/dist/client/vueMain
[2018-12-31 14:03:20.765] [exthost] [info] eager extensions activated
[2018-12-31 14:06:32.607] [exthost] [info] ExtensionService#_doActivateExtension vscode.typescript-language-features {"startup":false,"activationEvent":"onLanguage:javascript"}
[2018-12-31 14:06:32.607] [exthost] [info] ExtensionService#loadCommonJSModule /opt/visual-studio-code/resources/app/extensions/typescript-language-features/dist/extension
[2018-12-31 14:06:32.712] [exthost] [info] ExtensionService#_doActivateExtension christian-kohler.npm-intellisense {"startup":false,"activationEvent":"onLanguage:javascript"}
[2018-12-31 14:06:32.712] [exthost] [info] ExtensionService#loadCommonJSModule /home/blackblex/.vscode/extensions/christian-kohler.npm-intellisense-1.3.0/out/src/extension
[2018-12-31 15:00:10.368] [exthost] [info] ExtensionService#_doActivateExtension vscode.extension-editing {"startup":false,"activationEvent":"onLanguage:typescript"}
[2018-12-31 15:00:10.369] [exthost] [info] ExtensionService#loadCommonJSModule /opt/visual-studio-code/resources/app/extensions/extension-editing/dist/extension
[2018-12-31 15:00:46.007] [exthost] [error] [vscode.typescript-language-features] provider FAILED
[2018-12-31 15:00:46.007] [exthost] [error] {"seq":0,"type":"response","command":"getCodeFixes","request_seq":203,"success":false,"message":"Error processing request. Cannot read property 'parent' of undefined\nTypeError: Cannot read property 'parent' of undefined\n    at Object.deleteDeclaration (/opt/visual-studio-code/resources/app/extensions/node_modules/typescript/lib/tsserver.js:108462:56)\n    at _loop_8 (/opt/visual-studio-code/resources/app/extensions/node_modules/typescript/lib/tsserver.js:108081:47)\n    at ChangeTracker.finishDeleteDeclarations (/opt/visual-studio-code/resources/app/extensions/node_modules/typescript/lib/tsserver.js:108088:21)\n    at ChangeTracker.getChanges (/opt/visual-studio-code/resources/app/extensions/node_modules/typescript/lib/tsserver.js:108108:22)\n    at Function.ChangeTracker.with (/opt/visual-studio-code/resources/app/extensions/node_modules/typescript/lib/tsserver.js:107653:32)\n    at Object.getCodeActions (/opt/visual-studio-code/resources/app/extensions/node_modules/typescript/lib/tsserver.js:112257:68)\n    at /opt/visual-studio-code/resources/app/extensions/node_modules/typescript/lib/tsserver.js:108638:121\n    at Object.flatMap (/opt/visual-studio-code/resources/app/extensions/node_modules/typescript/lib/tsserver.js:504:25)\n    at Object.getFixes (/opt/visual-studio-code/resources/app/extensions/node_modules/typescript/lib/tsserver.js:108638:23)\n    at /opt/visual-studio-code/resources/app/extensions/node_modules/typescript/lib/tsserver.js:117737:35\n    at Object.flatMap (/opt/visual-studio-code/resources/app/extensions/node_modules/typescript/lib/tsserver.js:504:25)\n    at Object.getCodeFixesAtPosition (/opt/visual-studio-code/resources/app/extensions/node_modules/typescript/lib/tsserver.js:117735:23)\n    at IOSession.Session.getCodeFixes (/opt/visual-studio-code/resources/app/extensions/node_modules/typescript/lib/tsserver.js:125655:64)\n    at Session.handlers.ts.createMapFromTemplate._a.(anonymous function) (/opt/visual-studio-code/resources/app/extensions/node_modules/typescript/lib/tsserver.js:124461:61)\n    at /opt/visual-studio-code/resources/app/extensions/node_modules/typescript/lib/tsserver.js:125824:88\n    at IOSession.Session.executeWithRequestId (/opt/visual-studio-code/resources/app/extensions/node_modules/typescript/lib/tsserver.js:125815:28)\n    at IOSession.Session.executeCommand (/opt/visual-studio-code/resources/app/extensions/node_modules/typescript/lib/tsserver.js:125824:33)\n    at IOSession.Session.onMessage (/opt/visual-studio-code/resources/app/extensions/node_modules/typescript/lib/tsserver.js:125846:35)\n    at Interface.<anonymous> (/opt/visual-studio-code/resources/app/extensions/node_modules/typescript/lib/tsserver.js:127106:27)\n    at emitOne (events.js:116:13)\n    at Interface.emit (events.js:211:7)\n    at Interface._onLine (readline.js:282:10)\n    at Interface._normalWrite (readline.js:424:12)\n    at Socket.ondata (readline.js:141:10)\n    at emitOne (events.js:116:13)\n    at Socket.emit (events.js:211:7)\n    at addChunk (_stream_readable.js:263:12)\n    at readableAddChunk (_stream_readable.js:250:11)\n    at Socket.Readable.push (_stream_readable.js:208:10)\n    at Pipe.onread (net.js:594:20)"}
[2018-12-31 15:02:44.604] [exthost] [error] [vscode.typescript-language-features] provider FAILED
[2018-12-31 15:02:44.664] [exthost] [error] TypeError: Cannot read property 'displayParts' of undefined
    at w.resolveCompletionItem (/opt/visual-studio-code/resources/app/extensions/typescript-language-features/dist/extension.js:1:99110)
    at <anonymous>
