[2019-01-03 07:24:33.257] [exthost] [info] extension host started
[2019-01-03 07:24:33.282] [exthost] [info] ExtensionService#_doActivateExtension vscode.debug-auto-launch {"startup":true,"activationEvent":"*"}
[2019-01-03 07:24:33.282] [exthost] [info] ExtensionService#loadCommonJSModule /opt/visual-studio-code/resources/app/extensions/debug-auto-launch/dist/extension
[2019-01-03 07:24:33.320] [exthost] [info] ExtensionService#_doActivateExtension vscode.emmet {"startup":true,"activationEvent":"*"}
[2019-01-03 07:24:33.320] [exthost] [info] ExtensionService#loadCommonJSModule /opt/visual-studio-code/resources/app/extensions/emmet/dist/extension
[2019-01-03 07:24:33.357] [exthost] [info] ExtensionService#_doActivateExtension vscode.git {"startup":true,"activationEvent":"*"}
[2019-01-03 07:24:33.357] [exthost] [info] ExtensionService#loadCommonJSModule /opt/visual-studio-code/resources/app/extensions/git/dist/main
[2019-01-03 07:24:33.693] [exthost] [info] ExtensionService#_doActivateExtension vscode.merge-conflict {"startup":true,"activationEvent":"*"}
[2019-01-03 07:24:33.693] [exthost] [info] ExtensionService#loadCommonJSModule /opt/visual-studio-code/resources/app/extensions/merge-conflict/dist/extension
[2019-01-03 07:24:33.762] [exthost] [info] ExtensionService#_doActivateExtension christian-kohler.path-intellisense {"startup":true,"activationEvent":"*"}
[2019-01-03 07:24:33.763] [exthost] [info] ExtensionService#loadCommonJSModule /home/blackblex/.vscode/extensions/christian-kohler.path-intellisense-1.4.2/out/src/extension
[2019-01-03 07:24:34.108] [exthost] [info] ExtensionService#_doActivateExtension eamodio.gitlens {"startup":true,"activationEvent":"*"}
[2019-01-03 07:24:34.108] [exthost] [info] ExtensionService#loadCommonJSModule /home/blackblex/.vscode/extensions/eamodio.gitlens-9.3.0/dist/extension
[2019-01-03 07:24:34.462] [exthost] [info] ExtensionService#_doActivateExtension EditorConfig.EditorConfig {"startup":true,"activationEvent":"*"}
[2019-01-03 07:24:34.462] [exthost] [info] ExtensionService#loadCommonJSModule /home/blackblex/.vscode/extensions/editorconfig.editorconfig-0.12.6/out/src/editorConfigMain
[2019-01-03 07:24:36.189] [exthost] [info] ExtensionService#_doActivateExtension formulahendry.auto-rename-tag {"startup":true,"activationEvent":"*"}
[2019-01-03 07:24:36.190] [exthost] [info] ExtensionService#loadCommonJSModule /home/blackblex/.vscode/extensions/formulahendry.auto-rename-tag-0.0.15/out/src/extension
[2019-01-03 07:24:36.206] [exthost] [info] ExtensionService#_doActivateExtension PKief.material-icon-theme {"startup":true,"activationEvent":"*"}
[2019-01-03 07:24:36.206] [exthost] [info] ExtensionService#loadCommonJSModule /home/blackblex/.vscode/extensions/pkief.material-icon-theme-3.6.2/out/src/extension
[2019-01-03 07:24:37.035] [exthost] [info] ExtensionService#_doActivateExtension Zignd.html-css-class-completion {"startup":true,"activationEvent":"*"}
[2019-01-03 07:24:37.035] [exthost] [info] ExtensionService#loadCommonJSModule /home/blackblex/.vscode/extensions/zignd.html-css-class-completion-1.17.1/out/src/extension
[2019-01-03 07:24:49.958] [exthost] [info] eager extensions activated
[2019-01-03 07:24:49.966] [exthost] [info] ExtensionService#_doActivateExtension vscode.typescript-language-features {"startup":false,"activationEvent":"onLanguage:javascript"}
[2019-01-03 07:24:49.966] [exthost] [info] ExtensionService#loadCommonJSModule /opt/visual-studio-code/resources/app/extensions/typescript-language-features/dist/extension
[2019-01-03 07:24:50.057] [exthost] [info] ExtensionService#_doActivateExtension christian-kohler.npm-intellisense {"startup":false,"activationEvent":"onLanguage:javascript"}
[2019-01-03 07:24:50.057] [exthost] [info] ExtensionService#loadCommonJSModule /home/blackblex/.vscode/extensions/christian-kohler.npm-intellisense-1.3.0/out/src/extension
[2019-01-03 07:24:50.142] [exthost] [info] ExtensionService#_doActivateExtension octref.vetur {"startup":false,"activationEvent":"onLanguage:vue"}
[2019-01-03 07:24:50.142] [exthost] [info] ExtensionService#loadCommonJSModule /home/blackblex/.vscode/extensions/octref.vetur-0.14.5/dist/client/vueMain
[2019-01-03 07:25:52.583] [exthost] [info] ExtensionService#_doActivateExtension vscode.extension-editing {"startup":false,"activationEvent":"onLanguage:typescript"}
[2019-01-03 07:25:52.583] [exthost] [info] ExtensionService#loadCommonJSModule /opt/visual-studio-code/resources/app/extensions/extension-editing/dist/extension
[2019-01-03 07:29:27.642] [exthost] [error] [vscode.typescript-language-features] provider FAILED
[2019-01-03 07:29:27.648] [exthost] [error] TypeError: Cannot read property 'displayParts' of undefined
    at w.resolveCompletionItem (/opt/visual-studio-code/resources/app/extensions/typescript-language-features/dist/extension.js:1:99110)
    at <anonymous>
[2019-01-03 07:46:17.474] [exthost] [error] [vscode.typescript-language-features] provider FAILED
[2019-01-03 07:46:17.474] [exthost] [error] TypeError: Cannot read property 'displayParts' of undefined
    at w.resolveCompletionItem (/opt/visual-studio-code/resources/app/extensions/typescript-language-features/dist/extension.js:1:99110)
    at <anonymous>
[2019-01-03 07:46:17.775] [exthost] [error] [vscode.typescript-language-features] provider FAILED
[2019-01-03 07:46:17.776] [exthost] [error] TypeError: Cannot read property 'displayParts' of undefined
    at w.resolveCompletionItem (/opt/visual-studio-code/resources/app/extensions/typescript-language-features/dist/extension.js:1:99110)
    at <anonymous>
[2019-01-03 07:46:17.904] [exthost] [error] [vscode.typescript-language-features] provider FAILED
[2019-01-03 07:46:17.904] [exthost] [error] TypeError: Cannot read property 'displayParts' of undefined
    at w.resolveCompletionItem (/opt/visual-studio-code/resources/app/extensions/typescript-language-features/dist/extension.js:1:99110)
    at <anonymous>
[2019-01-03 07:49:24.213] [exthost] [error] [vscode.typescript-language-features] provider FAILED
[2019-01-03 07:49:24.214] [exthost] [error] TypeError: Cannot read property 'displayParts' of undefined
    at w.resolveCompletionItem (/opt/visual-studio-code/resources/app/extensions/typescript-language-features/dist/extension.js:1:99110)
    at <anonymous>
[2019-01-03 07:52:44.870] [exthost] [error] [vscode.typescript-language-features] provider FAILED
[2019-01-03 07:52:44.871] [exthost] [error] TypeError: Cannot read property 'displayParts' of undefined
    at w.resolveCompletionItem (/opt/visual-studio-code/resources/app/extensions/typescript-language-features/dist/extension.js:1:99110)
    at <anonymous>
[2019-01-03 08:21:03.497] [exthost] [info] ExtensionService#_doActivateExtension vscode.configuration-editing {"startup":false,"activationEvent":"onLanguage:json"}
[2019-01-03 08:21:03.497] [exthost] [info] ExtensionService#loadCommonJSModule /opt/visual-studio-code/resources/app/extensions/configuration-editing/dist/extension
[2019-01-03 08:21:03.765] [exthost] [info] ExtensionService#_doActivateExtension vscode.json-language-features {"startup":false,"activationEvent":"onLanguage:json"}
[2019-01-03 08:21:03.765] [exthost] [info] ExtensionService#loadCommonJSModule /opt/visual-studio-code/resources/app/extensions/json-language-features/client/dist/jsonMain
[2019-01-03 08:21:03.828] [exthost] [info] ExtensionService#_doActivateExtension vscode.npm {"startup":false,"activationEvent":"onLanguage:json"}
[2019-01-03 08:21:03.828] [exthost] [info] ExtensionService#loadCommonJSModule /opt/visual-studio-code/resources/app/extensions/npm/dist/main
[2019-01-03 08:21:03.918] [exthost] [info] ExtensionService#_doActivateExtension eg2.vscode-npm-script {"startup":false,"activationEvent":"onLanguage:json"}
[2019-01-03 08:21:03.918] [exthost] [info] ExtensionService#loadCommonJSModule /home/blackblex/.vscode/extensions/eg2.vscode-npm-script-0.3.5/out/src/main
[2019-01-03 08:43:13.978] [exthost] [error] [vscode.typescript-language-features] provider FAILED
[2019-01-03 08:43:13.979] [exthost] [error] TypeError: Cannot read property 'displayParts' of undefined
    at w.resolveCompletionItem (/opt/visual-studio-code/resources/app/extensions/typescript-language-features/dist/extension.js:1:99110)
    at <anonymous>
[2019-01-03 08:43:14.411] [exthost] [error] [vscode.typescript-language-features] provider FAILED
[2019-01-03 08:43:14.411] [exthost] [error] TypeError: Cannot read property 'displayParts' of undefined
    at w.resolveCompletionItem (/opt/visual-studio-code/resources/app/extensions/typescript-language-features/dist/extension.js:1:99110)
    at <anonymous>
[2019-01-03 08:43:14.703] [exthost] [error] [vscode.typescript-language-features] provider FAILED
[2019-01-03 08:43:14.704] [exthost] [error] TypeError: Cannot read property 'displayParts' of undefined
    at w.resolveCompletionItem (/opt/visual-studio-code/resources/app/extensions/typescript-language-features/dist/extension.js:1:99110)
    at <anonymous>
[2019-01-03 09:10:26.772] [exthost] [error] [vscode.typescript-language-features] provider FAILED
[2019-01-03 09:10:26.773] [exthost] [error] TypeError: Cannot read property 'displayParts' of undefined
    at w.resolveCompletionItem (/opt/visual-studio-code/resources/app/extensions/typescript-language-features/dist/extension.js:1:99110)
    at <anonymous>
[2019-01-03 09:10:27.073] [exthost] [error] [vscode.typescript-language-features] provider FAILED
[2019-01-03 09:10:27.073] [exthost] [error] TypeError: Cannot read property 'displayParts' of undefined
    at w.resolveCompletionItem (/opt/visual-studio-code/resources/app/extensions/typescript-language-features/dist/extension.js:1:99110)
    at <anonymous>
[2019-01-03 09:42:37.911] [exthost] [error] [vscode.typescript-language-features] provider FAILED
[2019-01-03 09:42:37.912] [exthost] [error] TypeError: Cannot read property 'displayParts' of undefined
    at w.resolveCompletionItem (/opt/visual-studio-code/resources/app/extensions/typescript-language-features/dist/extension.js:1:99110)
    at <anonymous>
[2019-01-03 10:11:22.779] [exthost] [error] [vscode.typescript-language-features] provider FAILED
[2019-01-03 10:11:22.780] [exthost] [error] TypeError: Cannot read property 'displayParts' of undefined
    at w.resolveCompletionItem (/opt/visual-studio-code/resources/app/extensions/typescript-language-features/dist/extension.js:1:99110)
    at <anonymous>
[2019-01-03 10:11:22.934] [exthost] [error] [vscode.typescript-language-features] provider FAILED
[2019-01-03 10:11:22.935] [exthost] [error] TypeError: Cannot read property 'displayParts' of undefined
    at w.resolveCompletionItem (/opt/visual-studio-code/resources/app/extensions/typescript-language-features/dist/extension.js:1:99110)
    at <anonymous>
[2019-01-03 10:11:23.195] [exthost] [error] [vscode.typescript-language-features] provider FAILED
[2019-01-03 10:11:23.196] [exthost] [error] TypeError: Cannot read property 'displayParts' of undefined
    at w.resolveCompletionItem (/opt/visual-studio-code/resources/app/extensions/typescript-language-features/dist/extension.js:1:99110)
    at <anonymous>
[2019-01-03 12:10:51.282] [exthost] [error] [vscode.typescript-language-features] provider FAILED
[2019-01-03 12:10:51.283] [exthost] [error] TypeError: Cannot read property 'displayParts' of undefined
    at w.resolveCompletionItem (/opt/visual-studio-code/resources/app/extensions/typescript-language-features/dist/extension.js:1:99110)
    at <anonymous>
[2019-01-03 12:10:52.300] [exthost] [error] [vscode.typescript-language-features] provider FAILED
[2019-01-03 12:10:52.301] [exthost] [error] TypeError: Cannot read property 'displayParts' of undefined
    at w.resolveCompletionItem (/opt/visual-studio-code/resources/app/extensions/typescript-language-features/dist/extension.js:1:99110)
    at <anonymous>
[2019-01-03 12:10:52.765] [exthost] [error] [vscode.typescript-language-features] provider FAILED
[2019-01-03 12:10:52.765] [exthost] [error] TypeError: Cannot read property 'displayParts' of undefined
    at w.resolveCompletionItem (/opt/visual-studio-code/resources/app/extensions/typescript-language-features/dist/extension.js:1:99110)
    at <anonymous>
[2019-01-03 12:10:54.189] [exthost] [error] [vscode.typescript-language-features] provider FAILED
[2019-01-03 12:10:54.190] [exthost] [error] TypeError: Cannot read property 'displayParts' of undefined
    at w.resolveCompletionItem (/opt/visual-studio-code/resources/app/extensions/typescript-language-features/dist/extension.js:1:99110)
    at <anonymous>
[2019-01-03 12:10:54.273] [exthost] [error] [vscode.typescript-language-features] provider FAILED
[2019-01-03 12:10:54.274] [exthost] [error] TypeError: Cannot read property 'displayParts' of undefined
    at w.resolveCompletionItem (/opt/visual-studio-code/resources/app/extensions/typescript-language-features/dist/extension.js:1:99110)
    at <anonymous>
[2019-01-03 12:11:33.015] [exthost] [error] [vscode.typescript-language-features] provider FAILED
[2019-01-03 12:11:33.016] [exthost] [error] TypeError: Cannot read property 'displayParts' of undefined
    at w.resolveCompletionItem (/opt/visual-studio-code/resources/app/extensions/typescript-language-features/dist/extension.js:1:99110)
    at <anonymous>
