[2019-01-02 22:18:52.562] [sharedprocess] [info] main {"machineId":"2874dcb24bd3f95072508b49f859125c01294f3f743fdd1b4cb5fd767f080b33"}
[2019-01-02 22:18:53.652] [sharedprocess] [info] Scanned user extensions: 10
[2019-01-02 22:18:53.660] [sharedprocess] [info] Scanned user extensions: 10
[2019-01-02 22:18:53.663] [sharedprocess] [info] Scanned user extensions: 10
[2019-01-02 22:18:53.707] [sharedprocess] [info] Scanned user extensions: 10
[2019-01-02 22:19:22.329] [sharedprocess] [info] Deleted from disk eamodio.gitlens-9.2.4
[2019-01-02 22:19:29.290] [sharedprocess] [info] Scanned system extensions: 71
[2019-01-02 22:19:29.544] [sharedprocess] [info] Scanned system extensions: 71
[2019-01-02 22:19:29.551] [sharedprocess] [info] Scanned system extensions: 71
[2019-01-02 22:19:29.760] [sharedprocess] [info] Deleted from disk octref.vetur-0.14.4
[2019-01-02 22:19:32.571] [sharedprocess] [info] Starting to clean up unused language packs.
[2019-01-02 22:23:54.003] [sharedprocess] [info] Scanned user extensions: 10
[2019-01-02 22:27:23.899] [sharedprocess] [info] Scanned user extensions: 10
[2019-01-02 22:27:23.910] [sharedprocess] [info] Scanned system extensions: 71
[2019-01-02 22:28:54.327] [sharedprocess] [info] Scanned user extensions: 10
[2019-01-02 22:33:54.686] [sharedprocess] [info] Scanned user extensions: 10
[2019-01-02 22:38:55.038] [sharedprocess] [info] Scanned user extensions: 10
[2019-01-02 22:43:55.236] [sharedprocess] [info] Scanned user extensions: 10
[2019-01-02 22:48:55.454] [sharedprocess] [info] Scanned user extensions: 10
[2019-01-02 22:53:55.650] [sharedprocess] [info] Scanned user extensions: 10
[2019-01-02 22:58:55.914] [sharedprocess] [info] Scanned user extensions: 10
[2019-01-02 23:03:56.254] [sharedprocess] [info] Scanned user extensions: 10
[2019-01-02 23:08:56.550] [sharedprocess] [info] Scanned user extensions: 10
[2019-01-02 23:13:56.826] [sharedprocess] [info] Scanned user extensions: 10
[2019-01-02 23:18:57.902] [sharedprocess] [info] Scanned user extensions: 10
[2019-01-02 23:23:58.563] [sharedprocess] [info] Scanned user extensions: 10
[2019-01-02 23:28:59.784] [sharedprocess] [info] Scanned user extensions: 10
[2019-01-02 23:34:00.987] [sharedprocess] [info] Scanned user extensions: 10
